
Analysis Description
--------------------
aBSREL (Adaptive branch-site random effects likelihood) uses an adaptive
random effects branch-site model framework to test whether each branch
has evolved under positive selection, using a procedure which infers an
optimal number of rate categories per branch. v2.2 adds support for
multiple-hit models. v2.3 adds support for SRV. v2.5 adds support for
ancestral state reconstruction, identification of sites contributing to
selection signal, and some diagnostics. 

- __Requirements__: in-frame codon alignment and a phylogenetic tree

- __Citation__:  Less Is More: An Adaptive Branch-Site Random Effects Model for
Efficient Detection of Episodic Diversifying Selection (2015). Mol Biol
Evol 32 (5): 1342-1353. 

- __Written by__: Sergei L Kosakovsky Pond, Ben Murrell, Steven Weaver and Temple iGEM /
UCSD viral evolution group

- __Contact Information__: spond@temple.edu

- __Analysis Version__: 2.5

[Advanced option] Bag of little bootstrap alignment resampling rate (permissible range = [0.01,1], default value = 1): blb: 1

>code => Universal
/home/malaevleo/mitimpair_trees_noen/NP_001339859.1_bat_only_aligned_nucleotide_codon_aligned.fasta_pruned.nwk
mitimpair_trees_noen/NP_001339859.1_bat_only_aligned_nucleotide_codon_aligned.fasta_pruned.nwk

>Loaded a multiple sequence alignment with **17** sequences, **794** codons, and **1** partitions from `/home/malaevleo/mitimpair_pal2nal_noen/NP_001339859.1_bat_only_aligned_nucleotide_codon_aligned.fasta`

>branches => All

>multiple-hits => None

>srv => No


### * Selected 31 branches for testing: `rfXP_032980135_1, paXP_006910323_1, pgXP_039743717_1, pvXP_023384270_1, Pteropusgv, Pteropus, raXP_036081090_1, Pteropodidae, sbXP_066093982_1, ajXP_037007708_2, phXP_045700335_1, pdXP_028372056_1, Phyllostomus, AjPh, drXP_024408260_1, Phyllostomidae, moXP_036118789_1, mbXP_005875002_1, mlXP_006091776_1, Myobl, mdXP_059516457_1, mmXP_036191149_1, Myodm, Myotis, pkXP_036290563_1, pnCAK6434888_1, Pipistrellus, Vespertilionidae, MolossusPhyllostomus, YangochiropteraAfterSaccopteryx, Yangochiroptera`


### Obtaining branch lengths and nucleotide substitution biases under the nucleotide GTR model

>kill-zero-lengths => Yes

### Deleted 1 zero-length internal branches: `Myobl`
* Log(L) = -6662.07, AIC-c = 13402.21 (39 estimated parameters)
* 1 partition. Total tree length by partition (subs/site)  0.243

### Fitting the baseline model with a single dN/dS class per branch, and no site-to-site variation. 
* Log(L) = -6075.99, AIC-c = 12300.81 (74 estimated parameters)
* Branch-level non-synonymous/synonymous rate ratio distribution has median  0.06, and 95% of the weight in  0.00 - 10000000000.00

### Determining the optimal number of rate classes per branch using a step up procedure

|              Branch               |  Length  |  Rates   |     Max. dN/dS     |    Log(L)     |     AIC-c     |Best AIC-c so far|
|-----------------------------------|----------|----------|--------------------|---------------|---------------|-----------------|
|         sbXP_066093982_1          |   0.05   |    2     |    0.35 ( 0.00%)   |   -6075.99    |   12304.85    |    12300.81     |
|         rfXP_032980135_1          |   0.03   |    2     |   33.15 ( 0.43%)   |   -6075.27    |   12303.40    |    12300.81     |
|         ajXP_037007708_2          |   0.02   |    2     |    0.02 (66.31%)   |   -6075.99    |   12304.86    |    12300.81     |
|         moXP_036118789_1          |   0.02   |    2     |    0.08 (32.17%)   |   -6075.99    |   12304.86    |    12300.81     |
|           Pteropodidae            |   0.02   |    2     |    0.51 ( 4.74%)   |   -6075.98    |   12304.84    |    12300.81     |
|         Vespertilionidae          |   0.01   |    2     |    0.80 ( 5.32%)   |   -6076.01    |   12304.89    |    12300.81     |
|         drXP_024408260_1          |   0.01   |    2     |    0.00 ( 5.00%)   |   -6075.99    |   12304.85    |    12300.81     |
|           Pipistrellus            |   0.01   |    2     |    0.00 ( 5.00%)   |   -6075.99    |   12304.85    |    12300.81     |
|          Phyllostomidae           |   0.01   |    2     |    0.25 (23.62%)   |   -6076.00    |   12304.87    |    12300.81     |
|         raXP_036081090_1          |   0.01   |    2     |    0.09 ( 7.16%)   |   -6075.99    |   12304.85    |    12300.81     |
|               AjPh                |   0.01   |    2     |    0.00 ( 5.00%)   |   -6075.99    |   12304.85    |    12300.81     |
|           Phyllostomus            |   0.01   |    2     |    0.27 ( 9.88%)   |   -6076.00    |   12304.87    |    12300.81     |
|         phXP_045700335_1          |   0.01   |    2     |    0.00 ( 1.67%)   |   -6075.99    |   12304.85    |    12300.81     |
|          Yangochiroptera          |   0.01   |    2     |    0.25 (24.13%)   |   -6076.00    |   12304.87    |    12300.81     |
|         pkXP_036290563_1          |   0.01   |    2     |    0.36 ( 9.24%)   |   -6076.00    |   12304.87    |    12300.81     |
|              Myotis               |   0.01   |    2     |  191.22 ( 0.14%)   |   -6075.44    |   12303.75    |    12300.81     |
|         pdXP_028372056_1          |   0.00   |    2     |    0.86 ( 4.64%)   |   -6076.00    |   12304.87    |    12300.81     |
|             Pteropus              |   0.00   |    2     |    0.00 ( 5.00%)   |   -6075.99    |   12304.85    |    12300.81     |
|         mdXP_059516457_1          |   0.00   |    2     |    0.73 ( 9.99%)   |   -6076.00    |   12304.87    |    12300.81     |
|         mbXP_005875002_1          |   0.00   |    2     |    0.17 (50.62%)   |   -6075.99    |   12304.86    |    12300.81     |
|          pnCAK6434888_1           |   0.00   |    2     |    0.50 (23.51%)   |   -6075.99    |   12304.86    |    12300.81     |
|         mmXP_036191149_1          |   0.00   |    2     |    0.75 (10.00%)   |   -6075.99    |   12304.85    |    12300.81     |
|         paXP_006910323_1          |   0.00   |    2     |    0.00 ( 5.00%)   |   -6075.99    |   12304.85    |    12300.81     |
|  YangochiropteraAfterSaccopteryx  |   0.00   |    2     |    0.00 ( 5.00%)   |   -6075.99    |   12304.85    |    12300.81     |
|               Myodm               |   0.00   |    2     |    0.00 ( 5.00%)   |   -6075.99    |   12304.85    |    12300.81     |
|         pvXP_023384270_1          |   0.00   |    2     |    0.76 ( 9.31%)   |   -6075.99    |   12304.85    |    12300.81     |
|       MolossusPhyllostomus        |   0.00   |    2     |    0.00 ( 5.00%)   |   -6075.99    |   12304.85    |    12300.81     |
|            Pteropusgv             |   0.00   |    2     |   1.00 (100.00%)   |   -6076.35    |   12305.58    |    12300.81     |
|         mlXP_006091776_1          |   0.00   |    2     |    1.35 ( 0.00%)   |   -6076.35    |   12305.57    |    12300.81     |
|         pgXP_039743717_1          |   0.00   |    2     |    0.26 ( 3.72%)   |   -6075.99    |   12304.85    |    12300.81     |

### Rate class analyses summary
*  30 branches with **1** rate classes

### Improving parameter estimates of the adaptive rate class model
* Log(L) = -6056.56, AIC-c = 12261.94 (74 estimated parameters)

### Testing selected branches for selection

|              Branch               |  Rates   |     Max. dN/dS     | Sites @ EBF>=100 |      Test LRT      |Uncorrected p-value |
|-----------------------------------|----------|--------------------|------------------|--------------------|--------------------|
|         sbXP_066093982_1          |     1    |   0.03 (100.00%)   |       N/A        |        0.00        |       1.00000      |
|         rfXP_032980135_1          |     1    |   0.02 (100.00%)   |       N/A        |        0.00        |       1.00000      |
|         ajXP_037007708_2          |     1    |   0.01 (100.00%)   |       N/A        |        0.00        |       1.00000      |
|         moXP_036118789_1          |     1    |   0.05 (100.00%)   |       N/A        |        0.00        |       1.00000      |
|           Pteropodidae            |     1    |   0.02 (100.00%)   |       N/A        |        0.00        |       1.00000      |
|         Vespertilionidae          |     1    |   0.04 (100.00%)   |       N/A        |        0.00        |       1.00000      |
|         drXP_024408260_1          |     1    |   0.00 (100.00%)   |       N/A        |        0.00        |       1.00000      |
|           Pipistrellus            |     1    |   0.00 (100.00%)   |       N/A        |        0.00        |       1.00000      |
|          Phyllostomidae           |     1    |   0.05 (100.00%)   |       N/A        |        0.00        |       1.00000      |
|         raXP_036081090_1          |     1    |   0.07 (100.00%)   |       N/A        |        0.00        |       1.00000      |
|               AjPh                |     1    |   0.00 (100.00%)   |       N/A        |        0.00        |       1.00000      |
|           Phyllostomus            |     1    |   0.02 (100.00%)   |       N/A        |        0.00        |       1.00000      |
|         phXP_045700335_1          |     1    |   0.00 (100.00%)   |       N/A        |        0.00        |       1.00000      |
|          Yangochiroptera          |     1    |   0.05 (100.00%)   |       N/A        |        0.00        |       1.00000      |
|         pkXP_036290563_1          |     1    |   0.03 (100.00%)   |       N/A        |        0.00        |       1.00000      |
|              Myotis               |     1    |   0.03 (100.00%)   |       N/A        |        0.00        |       1.00000      |
|         pdXP_028372056_1          |     1    |   0.04 (100.00%)   |       N/A        |        0.00        |       1.00000      |
|             Pteropus              |     1    |   0.00 (100.00%)   |       N/A        |        0.00        |       1.00000      |
|         mdXP_059516457_1          |     1    |   0.07 (100.00%)   |       N/A        |        0.00        |       1.00000      |
|         mbXP_005875002_1          |     1    |   0.07 (100.00%)   |       N/A        |        0.00        |       1.00000      |
|          pnCAK6434888_1           |     1    |   0.23 (100.00%)   |       N/A        |        0.00        |       1.00000      |
|         mmXP_036191149_1          |     1    |   0.37 (100.00%)   |       N/A        |        0.00        |       1.00000      |
|         paXP_006910323_1          |     1    |   0.00 (100.00%)   |       N/A        |        0.00        |       1.00000      |
|  YangochiropteraAfterSaccopteryx  |     1    |   0.00 (100.00%)   |       N/A        |        0.00        |       1.00000      |
|               Myodm               |     1    |   0.00 (100.00%)   |       N/A        |        0.00        |       1.00000      |
|         pvXP_023384270_1          |     1    |   0.38 (100.00%)   |       N/A        |        0.00        |       1.00000      |
|       MolossusPhyllostomus        |     1    |   0.00 (100.00%)   |       N/A        |        0.00        |       1.00000      |
|            Pteropusgv             |     1    |  >1000 (100.00%)   |       N/A        |        0.64        |       0.30312      |
|         mlXP_006091776_1          |     1    |  >1000 (100.00%)   |       N/A        |        0.63        |       0.30494      |
|         pgXP_039743717_1          |     1    |   1.00 (100.00%)   |       N/A        |        0.00        |       1.00000      |
----
### Adaptive branch site random effects likelihood test 
Likelihood ratio test for episodic diversifying positive selection at Holm-Bonferroni corrected _p =   0.0500_ found **0** branches under selection among **30** tested.

