
Analysis Description
--------------------
aBSREL (Adaptive branch-site random effects likelihood) uses an adaptive
random effects branch-site model framework to test whether each branch
has evolved under positive selection, using a procedure which infers an
optimal number of rate categories per branch. v2.2 adds support for
multiple-hit models. v2.3 adds support for SRV. v2.5 adds support for
ancestral state reconstruction, identification of sites contributing to
selection signal, and some diagnostics. 

- __Requirements__: in-frame codon alignment and a phylogenetic tree

- __Citation__:  Less Is More: An Adaptive Branch-Site Random Effects Model for
Efficient Detection of Episodic Diversifying Selection (2015). Mol Biol
Evol 32 (5): 1342-1353. 

- __Written by__: Sergei L Kosakovsky Pond, Ben Murrell, Steven Weaver and Temple iGEM /
UCSD viral evolution group

- __Contact Information__: spond@temple.edu

- __Analysis Version__: 2.5

[Advanced option] Bag of little bootstrap alignment resampling rate (permissible range = [0.01,1], default value = 1): blb: 1

>code => Universal

-------
>[WARNING]
'/home/malaevleo/mitimpair_pal2nal_noen/NP_001363732.1_bat_only_aligned_nucleotide_codon_aligned.fasta'
contains 1 duplicate sequence. Identical sequences do not contribute any
information to the analysis and only slow down computation. Please
consider removing duplicate or 'nearly' duplicate sequences, e.g. using
https://github.com/veg/hyphy-analyses/tree/master/remove-duplicates
prior to running selection analyses
-------
/home/malaevleo/mitimpair_trees_noen/NP_001363732.1_bat_only_aligned_nucleotide_codon_aligned.fasta_pruned.nwk
mitimpair_trees_noen/NP_001363732.1_bat_only_aligned_nucleotide_codon_aligned.fasta_pruned.nwk

>Loaded a multiple sequence alignment with **17** sequences, **202** codons, and **1** partitions from `/home/malaevleo/mitimpair_pal2nal_noen/NP_001363732.1_bat_only_aligned_nucleotide_codon_aligned.fasta`

>branches => All

>multiple-hits => None

>srv => No


### * Selected 31 branches for testing: `rfXP_032971820_1, paXP_015442796_1, pgXP_039713737_1, pvXP_011361182_1, Pteropusgv, Pteropus, raXP_036092913_1, Pteropodidae, sbXP_066124457_1, ajXP_037003844_2, phXP_045703152_1, pdXP_035882384_1, Phyllostomus, AjPh, drXP_045055492_2, Phyllostomidae, moXP_036113020_1, mbXP_005878476_1, mlXP_014313890_1, Myobl, mdXP_059544645_1, mmXP_036206789_1, Myodm, Myotis, pkXP_045440242_1, pnCAK6441403_1, Pipistrellus, Vespertilionidae, MolossusPhyllostomus, YangochiropteraAfterSaccopteryx, Yangochiroptera`


### Obtaining branch lengths and nucleotide substitution biases under the nucleotide GTR model

>kill-zero-lengths => Yes

### Deleted 2 zero-length internal branches: `AjPh, Pteropusgv`
* Log(L) = -2333.54, AIC-c =  4745.38 (39 estimated parameters)
* 1 partition. Total tree length by partition (subs/site)  0.460

### Fitting the baseline model with a single dN/dS class per branch, and no site-to-site variation. 
* Log(L) = -2240.96, AIC-c =  4629.05 (72 estimated parameters)
* Branch-level non-synonymous/synonymous rate ratio distribution has median  0.29, and 95% of the weight in  0.00 -  1.38

### Determining the optimal number of rate classes per branch using a step up procedure

|              Branch               |  Length  |  Rates   |     Max. dN/dS     |    Log(L)     |     AIC-c     |Best AIC-c so far|
|-----------------------------------|----------|----------|--------------------|---------------|---------------|-----------------|
|         sbXP_066124457_1          |   0.07   |    2     |    0.28 (20.39%)   |   -2240.96    |    4633.23    |     4629.05     |
|         rfXP_032971820_1          |   0.04   |    2     |    2.09 (17.96%)   |   -2240.77    |    4632.85    |     4629.05     |
|           Pipistrellus            |   0.03   |    2     |    0.43 (24.05%)   |   -2240.96    |    4633.23    |     4629.05     |
|           Pteropodidae            |   0.03   |    2     |   57.45 ( 0.74%)   |   -2237.33    |    4625.96    |     4625.96     |
|           Pteropodidae            |   0.03   |    3     |   56.97 ( 0.74%)   |   -2237.33    |    4630.15    |     4625.96     |
|          Phyllostomidae           |   0.03   |    2     |    0.18 (51.85%)   |   -2237.33    |    4630.15    |     4625.96     |
|         Vespertilionidae          |   0.03   |    2     |    0.33 (55.56%)   |   -2237.33    |    4630.14    |     4625.96     |
|          Yangochiroptera          |   0.03   |    2     |    0.37 (24.42%)   |   -2237.33    |    4630.14    |     4625.96     |
|         moXP_036113020_1          |   0.03   |    2     |    0.21 (53.44%)   |   -2237.32    |    4630.14    |     4625.96     |
|         drXP_045055492_2          |   0.02   |    2     |    0.23 (50.96%)   |   -2237.33    |    4630.14    |     4625.96     |
|         raXP_036092913_1          |   0.02   |    2     |    0.55 (47.54%)   |   -2237.33    |    4630.14    |     4625.96     |
|         pkXP_045440242_1          |   0.02   |    2     |    0.40 (75.53%)   |   -2237.33    |    4630.14    |     4625.96     |
|              Myotis               |   0.02   |    2     |    0.70 ( 5.34%)   |   -2237.33    |    4630.14    |     4625.96     |
|         ajXP_037003844_2          |   0.01   |    2     |   30.98 ( 1.26%)   |   -2237.19    |    4629.86    |     4625.96     |
|           Phyllostomus            |   0.01   |    2     |    0.19 (79.34%)   |   -2237.33    |    4630.14    |     4625.96     |
|             Pteropus              |   0.01   |    2     |    0.61 (51.69%)   |   -2237.33    |    4630.14    |     4625.96     |
|         mlXP_014313890_1          |   0.01   |    2     |    0.21 (53.26%)   |   -2237.33    |    4630.14    |     4625.96     |
|               Myodm               |   0.01   |    2     |    0.00 ( 1.67%)   |   -2237.33    |    4630.14    |     4625.96     |
|         phXP_045703152_1          |   0.01   |    2     |   33.84 ( 0.78%)   |   -2237.26    |    4630.02    |     4625.96     |
|               Myobl               |   0.01   |    2     |    1.99 (49.27%)   |   -2237.33    |    4630.14    |     4625.96     |
|       MolossusPhyllostomus        |   0.01   |    2     |    1.94 (24.21%)   |   -2237.33    |    4630.14    |     4625.96     |
|          pnCAK6441403_1           |   0.01   |    2     |    0.80 (75.70%)   |   -2237.33    |    4630.14    |     4625.96     |
|         mmXP_036206789_1          |   0.01   |    2     |    0.24 (48.16%)   |   -2237.33    |    4630.14    |     4625.96     |
|         mdXP_059544645_1          |   0.01   |    2     |    0.53 ( 4.27%)   |   -2237.33    |    4630.14    |     4625.96     |
|         paXP_015442796_1          |   0.00   |    2     |    1.03 ( 3.32%)   |   -2237.33    |    4630.14    |     4625.96     |
|         pdXP_035882384_1          |   0.00   |    2     |    0.25 (50.00%)   |   -2237.33    |    4630.14    |     4625.96     |
|  YangochiropteraAfterSaccopteryx  |   0.00   |    2     |    0.00 ( 5.00%)   |   -2237.33    |    4630.14    |     4625.96     |
|         mbXP_005878476_1          |   0.00   |    2     |    0.30 ( 6.51%)   |   -2237.33    |    4630.14    |     4625.96     |
|         pgXP_039713737_1          |   0.00   |    2     |    0.27 ( 3.72%)   |   -2237.33    |    4630.14    |     4625.96     |
|         pvXP_011361182_1          |   0.00   |    2     |    0.27 ( 2.00%)   |   -2237.33    |    4630.14    |     4625.96     |

### Rate class analyses summary
*  28 branches with **1** rate classes
*  1 branches with **2** rate classes

### Improving parameter estimates of the adaptive rate class model
* Log(L) = -2234.42, AIC-c =  4620.14 (74 estimated parameters)

### Testing selected branches for selection

|              Branch               |  Rates   |     Max. dN/dS     | Sites @ EBF>=100 |      Test LRT      |Uncorrected p-value |
|-----------------------------------|----------|--------------------|------------------|--------------------|--------------------|
|         sbXP_066124457_1          |     1    |   0.26 (100.00%)   |       N/A        |        0.00        |       1.00000      |
|         rfXP_032971820_1          |     1    |   0.30 (100.00%)   |       N/A        |        0.00        |       1.00000      |
|           Pipistrellus            |     1    |   0.40 (100.00%)   |       N/A        |        0.00        |       1.00000      |
|           Pteropodidae            |     2    |   47.70 ( 0.72%)   |          1       |        3.45        |       0.06608      |
|          Phyllostomidae           |     1    |   0.09 (100.00%)   |       N/A        |        0.00        |       1.00000      |
|         Vespertilionidae          |     1    |   0.31 (100.00%)   |       N/A        |        0.00        |       1.00000      |
|          Yangochiroptera          |     1    |   0.33 (100.00%)   |       N/A        |        0.00        |       1.00000      |
|         moXP_036113020_1          |     1    |   0.10 (100.00%)   |       N/A        |        0.00        |       1.00000      |
|         drXP_045055492_2          |     1    |   0.21 (100.00%)   |       N/A        |        0.00        |       1.00000      |
|         raXP_036092913_1          |     1    |   0.49 (100.00%)   |       N/A        |        0.00        |       1.00000      |
|         pkXP_045440242_1          |     1    |   0.28 (100.00%)   |       N/A        |        0.00        |       1.00000      |
|              Myotis               |     1    |   0.56 (100.00%)   |       N/A        |        0.00        |       1.00000      |
|         ajXP_037003844_2          |     1    |   0.13 (100.00%)   |       N/A        |        0.00        |       1.00000      |
|           Phyllostomus            |     1    |   0.14 (100.00%)   |       N/A        |        0.00        |       1.00000      |
|             Pteropus              |     1    |   0.52 (100.00%)   |       N/A        |        0.00        |       1.00000      |
|         mlXP_014313890_1          |     1    |   0.10 (100.00%)   |       N/A        |        0.00        |       1.00000      |
|               Myodm               |     1    |   0.00 (100.00%)   |       N/A        |        0.00        |       1.00000      |
|         phXP_045703152_1          |     1    |   0.14 (100.00%)   |       N/A        |        0.00        |       1.00000      |
|               Myobl               |     1    |   1.27 (100.00%)   |       N/A        |        0.04        |       0.46227      |
|       MolossusPhyllostomus        |     1    |   0.94 (100.00%)   |       N/A        |        0.00        |       1.00000      |
|          pnCAK6441403_1           |     1    |   0.68 (100.00%)   |       N/A        |        0.00        |       1.00000      |
|         mmXP_036206789_1          |     1    |   0.20 (100.00%)   |       N/A        |        0.00        |       1.00000      |
|         mdXP_059544645_1          |     1    |   0.20 (100.00%)   |       N/A        |        0.00        |       1.00000      |
|         paXP_015442796_1          |     1    |   0.82 (100.00%)   |       N/A        |        0.00        |       1.00000      |
|         pdXP_035882384_1          |     1    |   0.21 (100.00%)   |       N/A        |        0.00        |       1.00000      |
|  YangochiropteraAfterSaccopteryx  |     1    |   0.00 (100.00%)   |       N/A        |        0.00        |       1.00000      |
|         mbXP_005878476_1          |     1    |   1.00 (100.00%)   |       N/A        |        0.00        |       1.00000      |
|         pgXP_039713737_1          |     1    |   1.00 (100.00%)   |       N/A        |        0.00        |       1.00000      |
|         pvXP_011361182_1          |     1    |   1.00 (100.00%)   |       N/A        |        0.00        |       1.00000      |
----
### Adaptive branch site random effects likelihood test 
Likelihood ratio test for episodic diversifying positive selection at Holm-Bonferroni corrected _p =   0.0500_ found **0** branches under selection among **29** tested.

