
Analysis Description
--------------------
aBSREL (Adaptive branch-site random effects likelihood) uses an adaptive
random effects branch-site model framework to test whether each branch
has evolved under positive selection, using a procedure which infers an
optimal number of rate categories per branch. v2.2 adds support for
multiple-hit models. v2.3 adds support for SRV. v2.5 adds support for
ancestral state reconstruction, identification of sites contributing to
selection signal, and some diagnostics. 

- __Requirements__: in-frame codon alignment and a phylogenetic tree

- __Citation__:  Less Is More: An Adaptive Branch-Site Random Effects Model for
Efficient Detection of Episodic Diversifying Selection (2015). Mol Biol
Evol 32 (5): 1342-1353. 

- __Written by__: Sergei L Kosakovsky Pond, Ben Murrell, Steven Weaver and Temple iGEM /
UCSD viral evolution group

- __Contact Information__: spond@temple.edu

- __Analysis Version__: 2.5

[Advanced option] Bag of little bootstrap alignment resampling rate (permissible range = [0.01,1], default value = 1): blb: 1

>code => Universal
/home/malaevleo/mitimpair_trees_noen/NP_004620.1_bat_only_aligned_nucleotide_codon_aligned.fasta_pruned.nwk
mitimpair_trees_noen/NP_004620.1_bat_only_aligned_nucleotide_codon_aligned.fasta_pruned.nwk

>Loaded a multiple sequence alignment with **17** sequences, **485** codons, and **1** partitions from `/home/malaevleo/mitimpair_pal2nal_noen/NP_004620.1_bat_only_aligned_nucleotide_codon_aligned.fasta`

>branches => All

>multiple-hits => None

>srv => No


### * Selected 31 branches for testing: `rfXP_032978290_1, paXP_006916088_1, pgXP_039731412_1, pvXP_011379756_1, Pteropusgv, Pteropus, raXP_036094958_1, Pteropodidae, sbXP_066112948_1, ajXP_053512245_1, phXP_045696430_1, pdXP_035877766_1, Phyllostomus, AjPh, drXP_045051104_2, Phyllostomidae, moXP_036116902_1, mbXP_014386950_1, mlXP_023618217_1, Myobl, mdXP_059513224_1, mmXP_036186381_1, Myodm, Myotis, pkXP_036289364_1, pnCAK6433857_1, Pipistrellus, Vespertilionidae, MolossusPhyllostomus, YangochiropteraAfterSaccopteryx, Yangochiroptera`


### Obtaining branch lengths and nucleotide substitution biases under the nucleotide GTR model

>kill-zero-lengths => Yes

### Deleted 2 zero-length internal branches: `Myodm, YangochiropteraAfterSaccopteryx`
* Log(L) = -5998.26, AIC-c = 12074.65 (39 estimated parameters)
* 1 partition. Total tree length by partition (subs/site)  0.542

### Fitting the baseline model with a single dN/dS class per branch, and no site-to-site variation. 
* Log(L) = -5838.35, AIC-c = 11821.98 (72 estimated parameters)
* Branch-level non-synonymous/synonymous rate ratio distribution has median  0.40, and 95% of the weight in  0.00 - 10000000000.00

### Determining the optimal number of rate classes per branch using a step up procedure

|              Branch               |  Length  |  Rates   |     Max. dN/dS     |    Log(L)     |     AIC-c     |Best AIC-c so far|
|-----------------------------------|----------|----------|--------------------|---------------|---------------|-----------------|
|         moXP_036116902_1          |   0.07   |    2     |   >1000 ( 0.93%)   |   -5832.39    |   11814.13    |    11814.13     |
|         moXP_036116902_1          |   0.07   |    3     |   >1000 ( 0.94%)   |   -5832.39    |   11818.20    |    11814.13     |
|         sbXP_066112948_1          |   0.06   |    2     |    2.02 (22.64%)   |   -5829.47    |   11812.38    |    11812.38     |
|         sbXP_066112948_1          |   0.06   |    3     |    2.50 (13.86%)   |   -5829.50    |   11816.51    |    11812.38     |
|         raXP_036094958_1          |   0.06   |    2     |  324.50 ( 3.60%)   |   -5786.37    |   11730.25    |    11730.25     |
|         raXP_036094958_1          |   0.06   |    3     |  313.23 ( 3.61%)   |   -5786.38    |   11734.34    |    11730.25     |
|           Pteropodidae            |   0.05   |    2     |    1.79 (22.69%)   |   -5784.68    |   11730.95    |    11730.25     |
|         rfXP_032978290_1          |   0.04   |    2     |    4.81 (10.99%)   |   -5782.30    |   11726.19    |    11726.19     |
|         rfXP_032978290_1          |   0.04   |    3     |    4.74 (11.06%)   |   -5782.30    |   11730.27    |    11726.19     |
|         Vespertilionidae          |   0.04   |    2     |   26.02 ( 0.63%)   |   -5780.71    |   11727.09    |    11726.19     |
|           Pipistrellus            |   0.03   |    2     |    0.45 (45.85%)   |   -5782.30    |   11730.27    |    11726.19     |
|          Phyllostomidae           |   0.03   |    2     |    0.40 (94.28%)   |   -5782.30    |   11730.26    |    11726.19     |
|          Yangochiroptera          |   0.03   |    2     |    5.26 (18.31%)   |   -5781.05    |   11727.76    |    11726.19     |
|         ajXP_053512245_1          |   0.03   |    2     |    2.67 (16.21%)   |   -5781.25    |   11728.16    |    11726.19     |
|           Phyllostomus            |   0.02   |    2     |    0.23 (48.28%)   |   -5782.30    |   11730.27    |    11726.19     |
|         drXP_045051104_2          |   0.02   |    2     |    0.51 (85.93%)   |   -5782.30    |   11730.27    |    11726.19     |
|         pkXP_036289364_1          |   0.01   |    2     |   18.09 ( 1.97%)   |   -5780.46    |   11726.59    |    11726.19     |
|             Pteropus              |   0.01   |    2     |    0.45 (10.29%)   |   -5782.27    |   11730.21    |    11726.19     |
|         phXP_045696430_1          |   0.01   |    2     |    0.26 (25.59%)   |   -5782.30    |   11730.27    |    11726.19     |
|         mlXP_023618217_1          |   0.01   |    2     |    0.42 ( 3.23%)   |   -5782.30    |   11730.27    |    11726.19     |
|               AjPh                |   0.01   |    2     |    0.40 (94.83%)   |   -5782.30    |   11730.27    |    11726.19     |
|          pnCAK6433857_1           |   0.01   |    2     |    0.35 (46.66%)   |   -5782.30    |   11730.27    |    11726.19     |
|         pdXP_035877766_1          |   0.01   |    2     |   1.91 (100.00%)   |   -5782.30    |   11730.27    |    11726.19     |
|       MolossusPhyllostomus        |   0.01   |    2     |   53.62 ( 1.87%)   |   -5780.27    |   11726.22    |    11726.19     |
|         mbXP_014386950_1          |   0.00   |    2     |    0.20 (99.18%)   |   -5782.30    |   11730.27    |    11726.19     |
|              Myotis               |   0.00   |    2     |    0.53 (24.37%)   |   -5782.30    |   11730.27    |    11726.19     |
|         mmXP_036186381_1          |   0.00   |    2     |    0.73 (24.38%)   |   -5782.30    |   11730.27    |    11726.19     |
|               Myobl               |   0.00   |    2     |  312.57 ( 0.66%)   |   -5777.84    |   11721.35    |    11721.35     |
|               Myobl               |   0.00   |    3     |  335.08 ( 0.64%)   |   -5777.86    |   11725.48    |    11721.35     |
|         mdXP_059513224_1          |   0.00   |    2     |    0.18 (90.26%)   |   -5777.84    |   11725.43    |    11721.35     |
|         paXP_006916088_1          |   0.00   |    2     |    0.00 ( 5.00%)   |   -5777.84    |   11725.43    |    11721.35     |
|            Pteropusgv             |   0.00   |    2     |   1.00 (100.00%)   |   -5778.29    |   11726.33    |    11721.35     |
|         pgXP_039731412_1          |   0.00   |    2     |    0.74 (25.32%)   |   -5777.84    |   11725.43    |    11721.35     |
|         pvXP_011379756_1          |   0.00   |    2     |    0.27 ( 2.00%)   |   -5777.84    |   11725.43    |    11721.35     |

### Rate class analyses summary
*  5 branches with **2** rate classes
*  24 branches with **1** rate classes

### Improving parameter estimates of the adaptive rate class model
* Log(L) = -5777.64, AIC-c = 11720.94 (82 estimated parameters)

### Testing selected branches for selection

|              Branch               |  Rates   |     Max. dN/dS     | Sites @ EBF>=100 |      Test LRT      |Uncorrected p-value |
|-----------------------------------|----------|--------------------|------------------|--------------------|--------------------|
|         moXP_036116902_1          |     2    |   >1000 ( 0.93%)   |          2       |        7.89        |       0.00680      |
|         sbXP_066112948_1          |     2    |    2.12 (21.88%)   |         33       |        1.55        |       0.18044      |
|         raXP_036094958_1          |     2    |  332.23 ( 3.59%)   |         13       |       72.41        |       0.00000      |
|           Pteropodidae            |     1    |   0.37 (100.00%)   |       N/A        |        0.00        |       1.00000      |
|         rfXP_032978290_1          |     2    |    4.83 (10.99%)   |         22       |        4.03        |       0.04898      |
|         Vespertilionidae          |     1    |   0.34 (100.00%)   |       N/A        |        0.00        |       1.00000      |
|           Pipistrellus            |     1    |   0.44 (100.00%)   |       N/A        |        0.00        |       1.00000      |
|          Phyllostomidae           |     1    |   0.37 (100.00%)   |       N/A        |        0.00        |       1.00000      |
|          Yangochiroptera          |     1    |   0.83 (100.00%)   |       N/A        |        0.00        |       1.00000      |
|         ajXP_053512245_1          |     1    |   0.41 (100.00%)   |       N/A        |        0.00        |       1.00000      |
|           Phyllostomus            |     1    |   0.22 (100.00%)   |       N/A        |        0.00        |       1.00000      |
|         drXP_045051104_2          |     1    |   0.50 (100.00%)   |       N/A        |        0.00        |       1.00000      |
|         pkXP_036289364_1          |     1    |   0.21 (100.00%)   |       N/A        |        0.00        |       1.00000      |
|             Pteropus              |     1    |   0.37 (100.00%)   |       N/A        |        0.00        |       1.00000      |
|         phXP_045696430_1          |     1    |   0.22 (100.00%)   |       N/A        |        0.00        |       1.00000      |
|         mlXP_023618217_1          |     1    |   0.41 (100.00%)   |       N/A        |        0.00        |       1.00000      |
|               AjPh                |     1    |   0.39 (100.00%)   |       N/A        |        0.00        |       1.00000      |
|          pnCAK6433857_1           |     1    |   0.33 (100.00%)   |       N/A        |        0.00        |       1.00000      |
|         pdXP_035877766_1          |     1    |   1.94 (100.00%)   |       N/A        |        0.41        |       0.34937      |
|       MolossusPhyllostomus        |     1    |   0.58 (100.00%)   |       N/A        |        0.00        |       1.00000      |
|         mbXP_014386950_1          |     1    |   0.20 (100.00%)   |       N/A        |        0.00        |       1.00000      |
|              Myotis               |     1    |   0.13 (100.00%)   |       N/A        |        0.00        |       1.00000      |
|         mmXP_036186381_1          |     1    |   0.49 (100.00%)   |       N/A        |        0.00        |       1.00000      |
|               Myobl               |     2    |  318.83 ( 0.65%)   |          2       |        9.08        |       0.00371      |
|         mdXP_059513224_1          |     1    |   0.17 (100.00%)   |       N/A        |        0.00        |       1.00000      |
|         paXP_006916088_1          |     1    |   0.00 (100.00%)   |       N/A        |        0.00        |       1.00000      |
|            Pteropusgv             |     1    |  >1000 (100.00%)   |       N/A        |        0.87        |       0.26436      |
|         pgXP_039731412_1          |     1    |   0.49 (100.00%)   |       N/A        |        0.00        |       1.00000      |
|         pvXP_011379756_1          |     1    |   1.00 (100.00%)   |       N/A        |        0.00        |       1.00000      |
----
### Adaptive branch site random effects likelihood test 
Likelihood ratio test for episodic diversifying positive selection at Holm-Bonferroni corrected _p =   0.0500_ found **1** branches under selection among **29** tested.

* raXP_036094958_1, p-value =  0.00000
