
Analysis Description
--------------------
aBSREL (Adaptive branch-site random effects likelihood) uses an adaptive
random effects branch-site model framework to test whether each branch
has evolved under positive selection, using a procedure which infers an
optimal number of rate categories per branch. v2.2 adds support for
multiple-hit models. v2.3 adds support for SRV. v2.5 adds support for
ancestral state reconstruction, identification of sites contributing to
selection signal, and some diagnostics. 

- __Requirements__: in-frame codon alignment and a phylogenetic tree

- __Citation__:  Less Is More: An Adaptive Branch-Site Random Effects Model for
Efficient Detection of Episodic Diversifying Selection (2015). Mol Biol
Evol 32 (5): 1342-1353. 

- __Written by__: Sergei L Kosakovsky Pond, Ben Murrell, Steven Weaver and Temple iGEM /
UCSD viral evolution group

- __Contact Information__: spond@temple.edu

- __Analysis Version__: 2.5

[Advanced option] Bag of little bootstrap alignment resampling rate (permissible range = [0.01,1], default value = 1): blb: 1

>code => Universal
/home/malaevleo/mitimpair_trees_noen/NP_001397864.1_bat_only_aligned_nucleotide_codon_aligned.fasta_pruned.nwk
mitimpair_trees_noen/NP_001397864.1_bat_only_aligned_nucleotide_codon_aligned.fasta_pruned.nwk

>Loaded a multiple sequence alignment with **17** sequences, **135** codons, and **1** partitions from `/home/malaevleo/mitimpair_pal2nal_noen/NP_001397864.1_bat_only_aligned_nucleotide_codon_aligned.fasta`

>branches => All

>multiple-hits => None

>srv => No


### * Selected 31 branches for testing: `rfXP_032986715_1, paXP_006915581_1, pgXP_039728041_1, pvXP_011353529_1, Pteropusgv, Pteropus, raXP_016012424_1, Pteropodidae, sbXP_066098750_1, ajXP_036986420_1, phXP_045697809_1, pdXP_035882699_1, Phyllostomus, AjPh, drXP_024416795_1, Phyllostomidae, moXP_036121254_1, mbXP_014393896_1, mlXP_014312624_1, Myobl, mdXP_059518380_1, mmXP_036192970_1, Myodm, Myotis, pkXP_036293711_1, pnCAK6436409_1, Pipistrellus, Vespertilionidae, MolossusPhyllostomus, YangochiropteraAfterSaccopteryx, Yangochiroptera`


### Obtaining branch lengths and nucleotide substitution biases under the nucleotide GTR model

>kill-zero-lengths => Yes

### Deleted 2 zero-length internal branches: `AjPh, YangochiropteraAfterSaccopteryx`
* Log(L) = -1770.39, AIC-c =  3619.24 (39 estimated parameters)
* 1 partition. Total tree length by partition (subs/site)  0.581

### Fitting the baseline model with a single dN/dS class per branch, and no site-to-site variation. 
* Log(L) = -1689.05, AIC-c =  3526.83 (72 estimated parameters)
* Branch-level non-synonymous/synonymous rate ratio distribution has median  0.23, and 95% of the weight in  0.00 - 10000000000.00

### Determining the optimal number of rate classes per branch using a step up procedure

|              Branch               |  Length  |  Rates   |     Max. dN/dS     |    Log(L)     |     AIC-c     |Best AIC-c so far|
|-----------------------------------|----------|----------|--------------------|---------------|---------------|-----------------|
|         Vespertilionidae          |   0.07   |    2     |    0.15 (24.79%)   |   -1689.05    |    3531.10    |     3526.83     |
|         sbXP_066098750_1          |   0.06   |    2     |    0.64 (32.66%)   |   -1689.00    |    3531.00    |     3526.83     |
|         drXP_024416795_1          |   0.05   |    2     |    0.46 (50.15%)   |   -1689.05    |    3531.10    |     3526.83     |
|           Pteropodidae            |   0.05   |    2     |    0.26 (23.19%)   |   -1689.05    |    3531.10    |     3526.83     |
|           Pipistrellus            |   0.04   |    2     |    0.19 (92.72%)   |   -1689.05    |    3531.10    |     3526.83     |
|         rfXP_032986715_1          |   0.04   |    2     |   0.19 (100.00%)   |   -1689.05    |    3531.10    |     3526.83     |
|          Phyllostomidae           |   0.03   |    2     |   0.19 (100.00%)   |   -1689.05    |    3531.10    |     3526.83     |
|         moXP_036121254_1          |   0.03   |    2     |    3.04 (10.88%)   |   -1688.98    |    3530.95    |     3526.83     |
|         mbXP_014393896_1          |   0.02   |    2     |   >1000 ( 1.63%)   |   -1679.43    |    3511.86    |     3511.86     |
|         mbXP_014393896_1          |   0.02   |    3     |   >1000 ( 1.63%)   |   -1679.41    |    3516.10    |     3511.86     |
|         raXP_016012424_1          |   0.02   |    2     |    0.21 ( 0.00%)   |   -1679.43    |    3516.14    |     3511.86     |
|         pkXP_036293711_1          |   0.02   |    2     |    0.25 (20.00%)   |   -1679.43    |    3516.14    |     3511.86     |
|              Myotis               |   0.02   |    2     |    0.63 ( 5.82%)   |   -1679.36    |    3516.00    |     3511.86     |
|         ajXP_036986420_1          |   0.02   |    2     |   30.64 ( 1.11%)   |   -1677.34    |    3511.96    |     3511.86     |
|         mmXP_036192970_1          |   0.02   |    2     |    0.24 (23.14%)   |   -1679.43    |    3516.14    |     3511.86     |
|          pnCAK6436409_1           |   0.01   |    2     |    0.30 ( 4.50%)   |   -1679.43    |    3516.14    |     3511.86     |
|               Myodm               |   0.01   |    2     |   48.63 ( 2.22%)   |   -1677.47    |    3512.22    |     3511.86     |
|         mdXP_059518380_1          |   0.01   |    2     |    0.11 (58.51%)   |   -1679.43    |    3516.14    |     3511.86     |
|       MolossusPhyllostomus        |   0.01   |    2     |   26.29 ( 1.57%)   |   -1677.93    |    3513.13    |     3511.86     |
|           Phyllostomus            |   0.01   |    2     |    0.26 (49.40%)   |   -1679.43    |    3516.14    |     3511.86     |
|         mlXP_014312624_1          |   0.01   |    2     |    0.45 (49.17%)   |   -1679.08    |    3515.44    |     3511.86     |
|               Myobl               |   0.01   |    2     |    0.80 (90.89%)   |   -1679.39    |    3516.06    |     3511.86     |
|         pdXP_035882699_1          |   0.01   |    2     |    0.52 ( 9.93%)   |   -1679.43    |    3516.14    |     3511.86     |
|         phXP_045697809_1          |   0.01   |    2     |    1.58 ( 7.86%)   |   -1679.43    |    3516.14    |     3511.86     |
|          Yangochiroptera          |   0.01   |    2     |    0.60 (88.87%)   |   -1679.43    |    3516.14    |     3511.86     |
|             Pteropus              |   0.00   |    2     |    0.78 (75.33%)   |   -1679.43    |    3516.14    |     3511.86     |
|         pgXP_039728041_1          |   0.00   |    2     |   1.00 (100.00%)   |   -1679.81    |    3516.89    |     3511.86     |
|         paXP_006915581_1          |   0.00   |    2     |    0.00 ( 5.00%)   |   -1679.43    |    3516.14    |     3511.86     |
|            Pteropusgv             |   0.00   |    2     |    0.00 ( 0.00%)   |   -1679.43    |    3516.14    |     3511.86     |
|         pvXP_011353529_1          |   0.00   |    2     |    0.30 ( 6.51%)   |   -1679.43    |    3516.14    |     3511.86     |

### Rate class analyses summary
*  28 branches with **1** rate classes
*  1 branches with **2** rate classes

### Improving parameter estimates of the adaptive rate class model
* Log(L) = -1674.68, AIC-c =  3502.36 (74 estimated parameters)

### Testing selected branches for selection

|              Branch               |  Rates   |     Max. dN/dS     | Sites @ EBF>=100 |      Test LRT      |Uncorrected p-value |
|-----------------------------------|----------|--------------------|------------------|--------------------|--------------------|
|         Vespertilionidae          |     1    |   0.13 (100.00%)   |       N/A        |        0.00        |       1.00000      |
|         sbXP_066098750_1          |     1    |   0.17 (100.00%)   |       N/A        |        0.00        |       1.00000      |
|         drXP_024416795_1          |     1    |   0.41 (100.00%)   |       N/A        |        0.00        |       1.00000      |
|           Pteropodidae            |     1    |   0.24 (100.00%)   |       N/A        |        0.00        |       1.00000      |
|           Pipistrellus            |     1    |   0.17 (100.00%)   |       N/A        |        0.00        |       1.00000      |
|         rfXP_032986715_1          |     1    |   0.17 (100.00%)   |       N/A        |        0.00        |       1.00000      |
|          Phyllostomidae           |     1    |   0.17 (100.00%)   |       N/A        |        0.00        |       1.00000      |
|         moXP_036121254_1          |     1    |   0.23 (100.00%)   |       N/A        |        0.00        |       1.00000      |
|         mbXP_014393896_1          |     2    |   >1000 ( 1.57%)   |          2       |       17.02        |       0.00007      |
|         raXP_016012424_1          |     1    |   0.18 (100.00%)   |       N/A        |        0.00        |       1.00000      |
|         pkXP_036293711_1          |     1    |   0.20 (100.00%)   |       N/A        |        0.00        |       1.00000      |
|              Myotis               |     1    |   0.28 (100.00%)   |       N/A        |        0.00        |       1.00000      |
|         ajXP_036986420_1          |     1    |   0.12 (100.00%)   |       N/A        |        0.00        |       1.00000      |
|         mmXP_036192970_1          |     1    |   0.19 (100.00%)   |       N/A        |        0.00        |       1.00000      |
|          pnCAK6436409_1           |     1    |   0.00 (100.00%)   |       N/A        |        0.00        |       1.00000      |
|               Myodm               |     1    |   0.35 (100.00%)   |       N/A        |        0.00        |       1.00000      |
|         mdXP_059518380_1          |     1    |   0.09 (100.00%)   |       N/A        |        0.00        |       1.00000      |
|       MolossusPhyllostomus        |     1    |   0.25 (100.00%)   |       N/A        |        0.00        |       1.00000      |
|           Phyllostomus            |     1    |   0.22 (100.00%)   |       N/A        |        0.00        |       1.00000      |
|         mlXP_014312624_1          |     1    |   0.44 (100.00%)   |       N/A        |        0.00        |       1.00000      |
|               Myobl               |     1    |   0.49 (100.00%)   |       N/A        |        0.00        |       1.00000      |
|         pdXP_035882699_1          |     1    |   0.21 (100.00%)   |       N/A        |        0.00        |       1.00000      |
|         phXP_045697809_1          |     1    |   0.81 (100.00%)   |       N/A        |        0.00        |       1.00000      |
|          Yangochiroptera          |     1    |   0.48 (100.00%)   |       N/A        |        0.00        |       1.00000      |
|             Pteropus              |     1    |   0.74 (100.00%)   |       N/A        |        0.00        |       1.00000      |
|         pgXP_039728041_1          |     1    |  >1000 (100.00%)   |       N/A        |        0.68        |       0.29587      |
|         paXP_006915581_1          |     1    |   0.00 (100.00%)   |       N/A        |        0.00        |       1.00000      |
|            Pteropusgv             |     1    |   0.00 (100.00%)   |       N/A        |        0.00        |       1.00000      |
|         pvXP_011353529_1          |     1    |   1.00 (100.00%)   |       N/A        |        0.00        |       1.00000      |
----
### Adaptive branch site random effects likelihood test 
Likelihood ratio test for episodic diversifying positive selection at Holm-Bonferroni corrected _p =   0.0500_ found **1** branches under selection among **29** tested.

* mbXP_014393896_1, p-value =  0.00196
