
Analysis Description
--------------------
aBSREL (Adaptive branch-site random effects likelihood) uses an adaptive
random effects branch-site model framework to test whether each branch
has evolved under positive selection, using a procedure which infers an
optimal number of rate categories per branch. v2.2 adds support for
multiple-hit models. v2.3 adds support for SRV. v2.5 adds support for
ancestral state reconstruction, identification of sites contributing to
selection signal, and some diagnostics. 

- __Requirements__: in-frame codon alignment and a phylogenetic tree

- __Citation__:  Less Is More: An Adaptive Branch-Site Random Effects Model for
Efficient Detection of Episodic Diversifying Selection (2015). Mol Biol
Evol 32 (5): 1342-1353. 

- __Written by__: Sergei L Kosakovsky Pond, Ben Murrell, Steven Weaver and Temple iGEM /
UCSD viral evolution group

- __Contact Information__: spond@temple.edu

- __Analysis Version__: 2.5

[Advanced option] Bag of little bootstrap alignment resampling rate (permissible range = [0.01,1], default value = 1): blb: 1

>code => Universal
/home/malaevleo/mitimpair_trees_noen/NP_001341754.1_bat_only_aligned_nucleotide_codon_aligned.fasta_pruned.nwk
mitimpair_trees_noen/NP_001341754.1_bat_only_aligned_nucleotide_codon_aligned.fasta_pruned.nwk

>Loaded a multiple sequence alignment with **17** sequences, **784** codons, and **1** partitions from `/home/malaevleo/mitimpair_pal2nal_noen/NP_001341754.1_bat_only_aligned_nucleotide_codon_aligned.fasta`

>branches => All

>multiple-hits => None

>srv => No


### * Selected 31 branches for testing: `rfXP_032962155_1, paXP_006919019_1, pgXP_039694009_1, pvXP_011363519_1, Pteropusgv, Pteropus, raXP_036083449_1, Pteropodidae, sbXP_066134951_1, ajXP_053528294_1, phXP_045689997_1, pdXP_028361428_1, Phyllostomus, AjPh, drXP_024429715_1, Phyllostomidae, moXP_036137128_1, mbXP_005877725_1, mlXP_006093335_1, Myobl, mdXP_059530320_1, mmXP_036186069_1, Myodm, Myotis, pkXP_036275327_1, pnCAK6433262_1, Pipistrellus, Vespertilionidae, MolossusPhyllostomus, YangochiropteraAfterSaccopteryx, Yangochiroptera`


### Obtaining branch lengths and nucleotide substitution biases under the nucleotide GTR model

>kill-zero-lengths => Yes

### Deleted 2 zero-length internal branches: `Myodm, Pteropusgv`
* Log(L) = -6233.11, AIC-c = 12544.29 (39 estimated parameters)
* 1 partition. Total tree length by partition (subs/site)  0.210

### Fitting the baseline model with a single dN/dS class per branch, and no site-to-site variation. 
* Log(L) = -5969.07, AIC-c = 12082.94 (72 estimated parameters)
* Branch-level non-synonymous/synonymous rate ratio distribution has median  0.20, and 95% of the weight in  0.00 - 10000000000.00

### Determining the optimal number of rate classes per branch using a step up procedure

|              Branch               |  Length  |  Rates   |     Max. dN/dS     |    Log(L)     |     AIC-c     |Best AIC-c so far|
|-----------------------------------|----------|----------|--------------------|---------------|---------------|-----------------|
|         moXP_036137128_1          |   0.04   |    2     |   18.34 ( 0.95%)   |   -5966.08    |   12080.99    |    12080.99     |
|         moXP_036137128_1          |   0.04   |    3     |   18.36 ( 0.95%)   |   -5966.07    |   12085.03    |    12080.99     |
|         sbXP_066134951_1          |   0.03   |    2     |   17.74 ( 0.72%)   |   -5963.34    |   12079.56    |    12079.56     |
|         sbXP_066134951_1          |   0.03   |    3     |   18.56 ( 0.70%)   |   -5963.34    |   12083.60    |    12079.56     |
|         rfXP_032962155_1          |   0.02   |    2     |    0.16 (14.92%)   |   -5963.34    |   12083.60    |    12079.56     |
|          Phyllostomidae           |   0.01   |    2     |    0.24 (46.63%)   |   -5963.34    |   12083.61    |    12079.56     |
|         Vespertilionidae          |   0.01   |    2     |    0.18 (50.63%)   |   -5963.34    |   12083.60    |    12079.56     |
|         ajXP_053528294_1          |   0.01   |    2     |   30.33 ( 0.74%)   |   -5959.81    |   12076.55    |    12076.55     |
|         ajXP_053528294_1          |   0.01   |    3     |  717.16 ( 0.18%)   |   -5957.71    |   12076.39    |    12076.39     |
|         ajXP_053528294_1          |   0.01   |    4     |  732.08 ( 0.18%)   |   -5957.71    |   12080.44    |    12076.39     |
|           Pteropodidae            |   0.01   |    2     |    0.31 (72.41%)   |   -5957.70    |   12080.44    |    12076.39     |
|          Yangochiroptera          |   0.01   |    2     |   60.20 ( 0.24%)   |   -5956.86    |   12078.75    |    12076.39     |
|         raXP_036083449_1          |   0.01   |    2     |    0.20 (98.35%)   |   -5957.71    |   12080.44    |    12076.39     |
|           Pipistrellus            |   0.01   |    2     |    0.25 ( 4.17%)   |   -5957.71    |   12080.44    |    12076.39     |
|          pnCAK6433262_1           |   0.01   |    2     |    0.17 (50.51%)   |   -5957.71    |   12080.44    |    12076.39     |
|         drXP_024429715_1          |   0.01   |    2     |    0.17 (47.10%)   |   -5957.71    |   12080.44    |    12076.39     |
|         pkXP_036275327_1          |   0.01   |    2     |    0.19 (77.51%)   |   -5957.71    |   12080.44    |    12076.39     |
|           Phyllostomus            |   0.01   |    2     |    0.09 (10.19%)   |   -5957.71    |   12080.44    |    12076.39     |
|         phXP_045689997_1          |   0.00   |    2     |    0.50 (25.13%)   |   -5957.71    |   12080.44    |    12076.39     |
|             Pteropus              |   0.00   |    2     |   >1000 ( 0.36%)   |   -5950.45    |   12065.92    |    12065.92     |
|             Pteropus              |   0.00   |    3     |   >1000 ( 0.36%)   |   -5950.46    |   12069.99    |    12065.92     |
|         pdXP_028361428_1          |   0.00   |    2     |    0.59 ( 9.06%)   |   -5950.44    |   12069.96    |    12065.92     |
|       MolossusPhyllostomus        |   0.00   |    2     |    2.00 ( 0.00%)   |   -5950.45    |   12069.97    |    12065.92     |
|              Myotis               |   0.00   |    2     |    0.25 ( 5.00%)   |   -5950.45    |   12069.97    |    12065.92     |
|         mdXP_059530320_1          |   0.00   |    2     |    0.00 ( 5.00%)   |   -5950.45    |   12069.97    |    12065.92     |
|         mbXP_005877725_1          |   0.00   |    2     |    0.00 ( 5.00%)   |   -5950.45    |   12069.97    |    12065.92     |
|         pgXP_039694009_1          |   0.00   |    2     |   >1000 ( 0.51%)   |   -5934.05    |   12037.19    |    12037.19     |
|         pgXP_039694009_1          |   0.00   |    3     |   >1000 ( 0.49%)   |   -5933.95    |   12041.03    |    12037.19     |
|         mmXP_036186069_1          |   0.00   |    2     |    0.55 (10.31%)   |   -5934.05    |   12041.24    |    12037.19     |
|               AjPh                |   0.00   |    2     |    0.51 (24.33%)   |   -5934.05    |   12041.24    |    12037.19     |
|         paXP_006919019_1          |   0.00   |    2     |    0.60 (95.00%)   |   -5934.05    |   12041.24    |    12037.19     |
|         pvXP_011363519_1          |   0.00   |    2     |    0.60 (95.58%)   |   -5934.05    |   12041.24    |    12037.19     |
|         mlXP_006093335_1          |   0.00   |    2     |    0.00 ( 1.67%)   |   -5934.05    |   12041.24    |    12037.19     |
|               Myobl               |   0.00   |    2     |   1.00 (100.00%)   |   -5934.44    |   12042.02    |    12037.19     |
|  YangochiropteraAfterSaccopteryx  |   0.00   |    2     |    0.00 ( 3.69%)   |   -5934.05    |   12041.24    |    12037.19     |

### Rate class analyses summary
*  4 branches with **2** rate classes
*  24 branches with **1** rate classes
*  1 branches with **3** rate classes

### Improving parameter estimates of the adaptive rate class model
* Log(L) = -5923.77, AIC-c = 12016.63 (84 estimated parameters)

### Testing selected branches for selection

|              Branch               |  Rates   |     Max. dN/dS     | Sites @ EBF>=100 |      Test LRT      |Uncorrected p-value |
|-----------------------------------|----------|--------------------|------------------|--------------------|--------------------|
|         moXP_036137128_1          |     2    |    3.71 ( 5.48%)   |          2       |        0.92        |       0.25662      |
|         sbXP_066134951_1          |     2    |    8.82 ( 1.15%)   |          2       |        0.64        |       0.30312      |
|         rfXP_032962155_1          |     1    |   0.13 (100.00%)   |       N/A        |        0.00        |       1.00000      |
|          Phyllostomidae           |     1    |   0.12 (100.00%)   |       N/A        |        0.00        |       1.00000      |
|         Vespertilionidae          |     1    |   0.08 (100.00%)   |       N/A        |        0.00        |       1.00000      |
|         ajXP_053528294_1          |     3    |  608.57 ( 0.17%)   |          2       |        8.83        |       0.00423      |
|           Pteropodidae            |     1    |   0.28 (100.00%)   |       N/A        |        0.00        |       1.00000      |
|          Yangochiroptera          |     1    |   0.02 (100.00%)   |       N/A        |        0.00        |       1.00000      |
|         raXP_036083449_1          |     1    |   0.14 (100.00%)   |       N/A        |        0.00        |       1.00000      |
|           Pipistrellus            |     1    |   0.18 (100.00%)   |       N/A        |        0.00        |       1.00000      |
|          pnCAK6433262_1           |     1    |   0.08 (100.00%)   |       N/A        |        0.00        |       1.00000      |
|         drXP_024429715_1          |     1    |   0.11 (100.00%)   |       N/A        |        0.00        |       1.00000      |
|         pkXP_036275327_1          |     1    |   0.13 (100.00%)   |       N/A        |        0.00        |       1.00000      |
|           Phyllostomus            |     1    |   0.04 (100.00%)   |       N/A        |        0.00        |       1.00000      |
|         phXP_045689997_1          |     1    |   0.25 (100.00%)   |       N/A        |        0.00        |       1.00000      |
|             Pteropus              |     2    |   >1000 ( 0.35%)   |          3       |       12.60        |       0.00063      |
|         pdXP_028361428_1          |     1    |   0.05 (100.00%)   |       N/A        |        0.00        |       1.00000      |
|       MolossusPhyllostomus        |     1    |   0.74 (100.00%)   |       N/A        |        0.00        |       1.00000      |
|              Myotis               |     1    |   0.18 (100.00%)   |       N/A        |        0.00        |       1.00000      |
|         mdXP_059530320_1          |     1    |   0.00 (100.00%)   |       N/A        |        0.00        |       1.00000      |
|         mbXP_005877725_1          |     1    |   0.00 (100.00%)   |       N/A        |        0.00        |       1.00000      |
|         pgXP_039694009_1          |     2    |   >1000 ( 0.31%)   |          2       |       31.72        |       0.00000      |
|         mmXP_036186069_1          |     1    |   0.21 (100.00%)   |       N/A        |        0.00        |       1.00000      |
|               AjPh                |     1    |   0.25 (100.00%)   |       N/A        |        0.00        |       1.00000      |
|         paXP_006919019_1          |     1    |   0.48 (100.00%)   |       N/A        |        0.00        |       1.00000      |
|         pvXP_011363519_1          |     1    |   0.48 (100.00%)   |       N/A        |        0.00        |       1.00000      |
|         mlXP_006093335_1          |     1    |   0.00 (100.00%)   |       N/A        |        0.00        |       1.00000      |
|               Myobl               |     1    |  >1000 (100.00%)   |       N/A        |        0.70        |       0.29123      |
|  YangochiropteraAfterSaccopteryx  |     1    |   0.00 (100.00%)   |       N/A        |        0.00        |       1.00000      |
----
### Adaptive branch site random effects likelihood test 
Likelihood ratio test for episodic diversifying positive selection at Holm-Bonferroni corrected _p =   0.0500_ found **2** branches under selection among **29** tested.

* pgXP_039694009_1, p-value =  0.00000
* Pteropus, p-value =  0.01758
