
Analysis Description
--------------------
aBSREL (Adaptive branch-site random effects likelihood) uses an adaptive
random effects branch-site model framework to test whether each branch
has evolved under positive selection, using a procedure which infers an
optimal number of rate categories per branch. v2.2 adds support for
multiple-hit models. v2.3 adds support for SRV. v2.5 adds support for
ancestral state reconstruction, identification of sites contributing to
selection signal, and some diagnostics. 

- __Requirements__: in-frame codon alignment and a phylogenetic tree

- __Citation__:  Less Is More: An Adaptive Branch-Site Random Effects Model for
Efficient Detection of Episodic Diversifying Selection (2015). Mol Biol
Evol 32 (5): 1342-1353. 

- __Written by__: Sergei L Kosakovsky Pond, Ben Murrell, Steven Weaver and Temple iGEM /
UCSD viral evolution group

- __Contact Information__: spond@temple.edu

- __Analysis Version__: 2.5

[Advanced option] Bag of little bootstrap alignment resampling rate (permissible range = [0.01,1], default value = 1): blb: 1

>code => Universal
/home/malaevleo/mitimpair_trees_noen/NP_001177793.1_bat_only_aligned_nucleotide_codon_aligned.fasta_pruned.nwk
mitimpair_trees_noen/NP_001177793.1_bat_only_aligned_nucleotide_codon_aligned.fasta_pruned.nwk

>Loaded a multiple sequence alignment with **17** sequences, **204** codons, and **1** partitions from `/home/malaevleo/mitimpair_pal2nal_noen/NP_001177793.1_bat_only_aligned_nucleotide_codon_aligned.fasta`

>branches => All

>multiple-hits => None

>srv => No


### * Selected 31 branches for testing: `rfXP_032974452_1, paXP_006912773_1, pgXP_039738368_1, pvXP_011361410_1, Pteropusgv, Pteropus, raXP_015989577_2, Pteropodidae, sbXP_066114118_1, ajXP_053517602_1, phXP_045685660_1, pdXP_035875118_1, Phyllostomus, AjPh, drXP_045039974_1, Phyllostomidae, moXP_036107883_1, mbXP_014399725_1, mlXP_023608084_1, Myobl, mdXP_059538446_1, mmXP_036155245_1, Myodm, Myotis, pkXP_036310884_1, pnCAK6443584_1, Pipistrellus, Vespertilionidae, MolossusPhyllostomus, YangochiropteraAfterSaccopteryx, Yangochiroptera`


### Obtaining branch lengths and nucleotide substitution biases under the nucleotide GTR model

>kill-zero-lengths => Yes
* Log(L) = -2151.47, AIC-c =  4381.24 (39 estimated parameters)
* 1 partition. Total tree length by partition (subs/site)  0.391

### Fitting the baseline model with a single dN/dS class per branch, and no site-to-site variation. 
* Log(L) = -1999.14, AIC-c =  4153.73 (76 estimated parameters)
* Branch-level non-synonymous/synonymous rate ratio distribution has median  0.18, and 95% of the weight in  0.00 - 10000000000.00

### Determining the optimal number of rate classes per branch using a step up procedure

|              Branch               |  Length  |  Rates   |     Max. dN/dS     |    Log(L)     |     AIC-c     |Best AIC-c so far|
|-----------------------------------|----------|----------|--------------------|---------------|---------------|-----------------|
|         ajXP_053517602_1          |   0.05   |    2     |    1.01 ( 7.33%)   |   -1998.98    |    4157.59    |     4153.73     |
|         sbXP_066114118_1          |   0.04   |    2     |    0.69 (61.67%)   |   -1999.12    |    4157.88    |     4153.73     |
|         moXP_036107883_1          |   0.04   |    2     |    0.16 (21.27%)   |   -1999.14    |    4157.92    |     4153.73     |
|          Phyllostomidae           |   0.04   |    2     |    0.11 (96.44%)   |   -1999.14    |    4157.92    |     4153.73     |
|         rfXP_032974452_1          |   0.04   |    2     |    6.16 ( 4.10%)   |   -1997.60    |    4154.83    |     4153.73     |
|           Pteropodidae            |   0.03   |    2     |    0.08 (46.31%)   |   -1999.14    |    4157.92    |     4153.73     |
|         drXP_045039974_1          |   0.02   |    2     |    0.21 (50.95%)   |   -1999.14    |    4157.91    |     4153.73     |
|         Vespertilionidae          |   0.02   |    2     |    0.34 (53.35%)   |   -1999.14    |    4157.91    |     4153.73     |
|           Phyllostomus            |   0.02   |    2     |    0.04 ( 8.22%)   |   -1999.14    |    4157.91    |     4153.73     |
|          Yangochiroptera          |   0.02   |    2     |    0.10 (48.41%)   |   -1999.14    |    4157.92    |     4153.73     |
|         raXP_015989577_2          |   0.02   |    2     |   20.94 ( 1.39%)   |   -1995.28    |    4150.20    |     4150.20     |
|         raXP_015989577_2          |   0.02   |    3     |   22.43 ( 1.26%)   |   -1995.34    |    4154.50    |     4150.20     |
|          pnCAK6443584_1           |   0.01   |    2     |    0.78 ( 0.00%)   |   -1995.28    |    4154.39    |     4150.20     |
|           Pipistrellus            |   0.01   |    2     |  239.27 ( 1.13%)   |   -1989.64    |    4143.12    |     4143.12     |
|           Pipistrellus            |   0.01   |    3     |  248.42 ( 1.10%)   |   -1989.66    |    4147.35    |     4143.12     |
|       MolossusPhyllostomus        |   0.01   |    2     |    0.39 (75.55%)   |   -1989.64    |    4147.31    |     4143.12     |
|         phXP_045685660_1          |   0.01   |    2     |    0.25 (50.47%)   |   -1989.65    |    4147.32    |     4143.12     |
|         pdXP_035875118_1          |   0.01   |    2     |    0.00 ( 5.00%)   |   -1989.64    |    4147.31    |     4143.12     |
|               Myodm               |   0.01   |    2     |    0.00 ( 0.00%)   |   -1989.64    |    4147.31    |     4143.12     |
|         pkXP_036310884_1          |   0.01   |    2     |  148.32 ( 0.56%)   |   -1988.60    |    4145.22    |     4143.12     |
|             Pteropus              |   0.00   |    2     |    0.25 ( 5.00%)   |   -1989.64    |    4147.31    |     4143.12     |
|         mmXP_036155245_1          |   0.00   |    2     |    0.00 ( 5.00%)   |   -1989.64    |    4147.31    |     4143.12     |
|         mlXP_023608084_1          |   0.00   |    2     |    0.00 ( 5.00%)   |   -1989.64    |    4147.31    |     4143.12     |
|            Pteropusgv             |   0.00   |    2     |    0.00 ( 5.00%)   |   -1989.64    |    4147.31    |     4143.12     |
|              Myotis               |   0.00   |    2     |    0.75 (24.82%)   |   -1989.62    |    4147.25    |     4143.12     |
|         pgXP_039738368_1          |   0.00   |    2     |    0.00 ( 0.00%)   |   -1989.64    |    4147.31    |     4143.12     |
|         paXP_006912773_1          |   0.00   |    2     |   1.00 (100.00%)   |   -1989.97    |    4147.95    |     4143.12     |
|               Myobl               |   0.00   |    2     |   1.00 (100.00%)   |   -1989.96    |    4147.94    |     4143.12     |
|         mbXP_014399725_1          |   0.00   |    2     |   1.00 (100.00%)   |   -1989.96    |    4147.94    |     4143.12     |
|  YangochiropteraAfterSaccopteryx  |   0.00   |    2     |    0.00 ( 5.00%)   |   -1989.64    |    4147.31    |     4143.12     |
|               AjPh                |   0.00   |    2     |    0.00 ( 3.33%)   |   -1989.64    |    4147.31    |     4143.12     |
|         mdXP_059538446_1          |   0.00   |    2     |    0.27 ( 2.00%)   |   -1989.64    |    4147.31    |     4143.12     |
|         pvXP_011361410_1          |   0.00   |    2     |    0.26 ( 3.72%)   |   -1989.64    |    4147.31    |     4143.12     |

### Rate class analyses summary
*  29 branches with **1** rate classes
*  2 branches with **2** rate classes

### Improving parameter estimates of the adaptive rate class model
* Log(L) = -1983.67, AIC-c =  4131.17 (80 estimated parameters)

### Testing selected branches for selection

|              Branch               |  Rates   |     Max. dN/dS     | Sites @ EBF>=100 |      Test LRT      |Uncorrected p-value |
|-----------------------------------|----------|--------------------|------------------|--------------------|--------------------|
|         ajXP_053517602_1          |     1    |   0.05 (100.00%)   |       N/A        |        0.00        |       1.00000      |
|         sbXP_066114118_1          |     1    |   0.36 (100.00%)   |       N/A        |        0.00        |       1.00000      |
|         moXP_036107883_1          |     1    |   0.14 (100.00%)   |       N/A        |        0.00        |       1.00000      |
|          Phyllostomidae           |     1    |   0.10 (100.00%)   |       N/A        |        0.00        |       1.00000      |
|         rfXP_032974452_1          |     1    |   0.26 (100.00%)   |       N/A        |        0.00        |       1.00000      |
|           Pteropodidae            |     1    |   0.07 (100.00%)   |       N/A        |        0.00        |       1.00000      |
|         drXP_045039974_1          |     1    |   0.09 (100.00%)   |       N/A        |        0.00        |       1.00000      |
|         Vespertilionidae          |     1    |   0.27 (100.00%)   |       N/A        |        0.00        |       1.00000      |
|           Phyllostomus            |     1    |   0.03 (100.00%)   |       N/A        |        0.00        |       1.00000      |
|          Yangochiroptera          |     1    |   0.08 (100.00%)   |       N/A        |        0.00        |       1.00000      |
|         raXP_015989577_2          |     2    |   19.64 ( 1.35%)   |          2       |        3.90        |       0.05222      |
|          pnCAK6443584_1           |     1    |   0.06 (100.00%)   |       N/A        |        0.00        |       1.00000      |
|           Pipistrellus            |     2    |  136.65 ( 1.14%)   |          2       |        7.83        |       0.00699      |
|       MolossusPhyllostomus        |     1    |   0.32 (100.00%)   |       N/A        |        0.00        |       1.00000      |
|         phXP_045685660_1          |     1    |   0.12 (100.00%)   |       N/A        |        0.00        |       1.00000      |
|         pdXP_035875118_1          |     1    |   0.00 (100.00%)   |       N/A        |        0.00        |       1.00000      |
|               Myodm               |     1    |   0.00 (100.00%)   |       N/A        |        0.00        |       1.00000      |
|         pkXP_036310884_1          |     1    |   0.16 (100.00%)   |       N/A        |        0.00        |       1.00000      |
|             Pteropus              |     1    |   0.17 (100.00%)   |       N/A        |        0.00        |       1.00000      |
|         mmXP_036155245_1          |     1    |   0.00 (100.00%)   |       N/A        |        0.00        |       1.00000      |
|         mlXP_023608084_1          |     1    |   0.00 (100.00%)   |       N/A        |        0.00        |       1.00000      |
|            Pteropusgv             |     1    |   0.00 (100.00%)   |       N/A        |        0.00        |       1.00000      |
|              Myotis               |     1    |   0.29 (100.00%)   |       N/A        |        0.00        |       1.00000      |
|         pgXP_039738368_1          |     1    |   0.00 (100.00%)   |       N/A        |        0.00        |       1.00000      |
|         paXP_006912773_1          |     1    |  >1000 (100.00%)   |       N/A        |        0.57        |       0.31471      |
|               Myobl               |     1    |  >1000 (100.00%)   |       N/A        |        0.55        |       0.31878      |
|         mbXP_014399725_1          |     1    |  >1000 (100.00%)   |       N/A        |        0.55        |       0.31879      |
|  YangochiropteraAfterSaccopteryx  |     1    |   0.00 (100.00%)   |       N/A        |        0.00        |       1.00000      |
|               AjPh                |     1    |   0.00 (100.00%)   |       N/A        |        0.00        |       1.00000      |
|         mdXP_059538446_1          |     1    |   1.00 (100.00%)   |       N/A        |        0.00        |       1.00000      |
|         pvXP_011361410_1          |     1    |   1.00 (100.00%)   |       N/A        |        0.00        |       1.00000      |
----
### Adaptive branch site random effects likelihood test 
Likelihood ratio test for episodic diversifying positive selection at Holm-Bonferroni corrected _p =   0.0500_ found **0** branches under selection among **31** tested.

