
Analysis Description
--------------------
aBSREL (Adaptive branch-site random effects likelihood) uses an adaptive
random effects branch-site model framework to test whether each branch
has evolved under positive selection, using a procedure which infers an
optimal number of rate categories per branch. v2.2 adds support for
multiple-hit models. v2.3 adds support for SRV. v2.5 adds support for
ancestral state reconstruction, identification of sites contributing to
selection signal, and some diagnostics. 

- __Requirements__: in-frame codon alignment and a phylogenetic tree

- __Citation__:  Less Is More: An Adaptive Branch-Site Random Effects Model for
Efficient Detection of Episodic Diversifying Selection (2015). Mol Biol
Evol 32 (5): 1342-1353. 

- __Written by__: Sergei L Kosakovsky Pond, Ben Murrell, Steven Weaver and Temple iGEM /
UCSD viral evolution group

- __Contact Information__: spond@temple.edu

- __Analysis Version__: 2.5

[Advanced option] Bag of little bootstrap alignment resampling rate (permissible range = [0.01,1], default value = 1): blb: 1

>code => Universal
/home/malaevleo/mitimpair_trees_noen/NP_054765.1_bat_only_aligned_nucleotide_codon_aligned.fasta_pruned.nwk
mitimpair_trees_noen/NP_054765.1_bat_only_aligned_nucleotide_codon_aligned.fasta_pruned.nwk

>Loaded a multiple sequence alignment with **17** sequences, **230** codons, and **1** partitions from `/home/malaevleo/mitimpair_pal2nal_noen/NP_054765.1_bat_only_aligned_nucleotide_codon_aligned.fasta`

>branches => All

>multiple-hits => None

>srv => No


### * Selected 31 branches for testing: `rfXP_032958499_1, paXP_006913717_1, pgXP_039707099_1, pvXP_011382280_1, Pteropusgv, Pteropus, raXP_015976146_2, Pteropodidae, sbXP_066109938_1, ajXP_036997231_2, phXP_045681876_1, pdXP_028365394_1, Phyllostomus, AjPh, drXP_024413783_2, Phyllostomidae, moXP_036103627_1, mbXP_005863314_1, mlXP_023600952_1, Myobl, mdXP_059558158_1, mmXP_036212179_1, Myodm, Myotis, pkXP_045434298_1, pnCAK6447205_1, Pipistrellus, Vespertilionidae, MolossusPhyllostomus, YangochiropteraAfterSaccopteryx, Yangochiroptera`


### Obtaining branch lengths and nucleotide substitution biases under the nucleotide GTR model

>kill-zero-lengths => Yes

### Deleted 1 zero-length internal branches: `Pteropusgv`
* Log(L) = -3958.12, AIC-c =  7994.50 (39 estimated parameters)
* 1 partition. Total tree length by partition (subs/site) 88.305

### Fitting the baseline model with a single dN/dS class per branch, and no site-to-site variation. 
* Log(L) = -3227.23, AIC-c =  6605.36 (74 estimated parameters)
* Branch-level non-synonymous/synonymous rate ratio distribution has median  0.34, and 95% of the weight in  0.00 - 10000000000.00

### Determining the optimal number of rate classes per branch using a step up procedure

|              Branch               |  Length  |  Rates   |     Max. dN/dS     |    Log(L)     |     AIC-c     |Best AIC-c so far|
|-----------------------------------|----------|----------|--------------------|---------------|---------------|-----------------|
|         sbXP_066109938_1          |   0.16   |    2     |  679.74 ( 8.23%)   |   -3202.83    |    6560.71    |     6560.71     |
|         sbXP_066109938_1          |   0.16   |    3     |  119.50 ( 7.90%)   |   -3202.78    |    6564.78    |     6560.71     |
|         mdXP_059558158_1          |   0.07   |    2     |  565.60 ( 6.36%)   |   -3157.26    |    6473.74    |     6473.74     |
|         mdXP_059558158_1          |   0.07   |    3     |  569.55 ( 6.37%)   |   -3157.26    |    6477.91    |     6473.74     |
|         mlXP_023600952_1          |   0.06   |    2     |   >1000 ( 5.89%)   |   -3100.91    |    6365.21    |     6365.21     |
|         mlXP_023600952_1          |   0.06   |    3     |   >1000 ( 5.55%)   |   -3101.71    |    6370.99    |     6365.21     |
|         moXP_036103627_1          |   0.05   |    2     |   22.24 ( 2.28%)   |   -3097.61    |    6362.77    |     6362.77     |
|         moXP_036103627_1          |   0.05   |    3     |   80.58 ( 1.98%)   |   -3097.56    |    6366.86    |     6362.77     |
|           Pteropodidae            |   0.05   |    2     |    0.22 (55.21%)   |   -3097.60    |    6366.93    |     6362.77     |
|           Pipistrellus            |   0.05   |    2     |    0.05 (65.39%)   |   -3097.61    |    6366.94    |     6362.77     |
|         rfXP_032958499_1          |   0.04   |    2     |   0.40 (100.00%)   |   -3097.60    |    6366.94    |     6362.77     |
|         ajXP_036997231_2          |   0.03   |    2     |    3.08 (22.12%)   |   -3096.99    |    6365.71    |     6362.77     |
|          Phyllostomidae           |   0.03   |    2     |    0.29 ( 3.47%)   |   -3097.60    |    6366.94    |     6362.77     |
|         drXP_024413783_2          |   0.03   |    2     |    3.10 (11.08%)   |   -3097.10    |    6365.93    |     6362.77     |
|         Vespertilionidae          |   0.03   |    2     |    0.26 ( 1.93%)   |   -3097.61    |    6366.95    |     6362.77     |
|         raXP_015976146_2          |   0.03   |    2     |    9.82 (12.07%)   |   -3094.77    |    6361.27    |     6361.27     |
|         raXP_015976146_2          |   0.03   |    3     |   11.34 ( 9.57%)   |   -3094.79    |    6365.48    |     6361.27     |
|          pnCAK6447205_1           |   0.02   |    2     |   12.67 ( 2.20%)   |   -3093.34    |    6362.59    |     6361.27     |
|           Phyllostomus            |   0.02   |    2     |    0.32 ( 3.48%)   |   -3094.77    |    6365.45    |     6361.27     |
|         phXP_045681876_1          |   0.01   |    2     |    0.47 ( 8.89%)   |   -3094.77    |    6365.45    |     6361.27     |
|               Myodm               |   0.01   |    2     |   11.91 ( 2.29%)   |   -3094.65    |    6365.21    |     6361.27     |
|         pkXP_045434298_1          |   0.01   |    2     |    0.23 (49.06%)   |   -3094.77    |    6365.45    |     6361.27     |
|       MolossusPhyllostomus        |   0.01   |    2     |    0.15 (82.01%)   |   -3094.76    |    6365.44    |     6361.27     |
|         mmXP_036212179_1          |   0.01   |    2     |   68.34 ( 1.35%)   |   -3090.80    |    6357.51    |     6357.51     |
|         mmXP_036212179_1          |   0.01   |    3     |   70.23 ( 1.29%)   |   -3090.81    |    6361.71    |     6357.51     |
|              Myotis               |   0.01   |    2     |    0.27 (51.08%)   |   -3090.80    |    6361.69    |     6357.51     |
|               Myobl               |   0.01   |    2     |    0.00 ( 0.00%)   |   -3090.79    |    6361.68    |     6357.51     |
|               AjPh                |   0.00   |    2     |  256.00 ( 1.19%)   |   -3088.07    |    6356.24    |     6356.24     |
|               AjPh                |   0.00   |    3     |  252.76 ( 1.19%)   |   -3088.07    |    6360.42    |     6356.24     |
|         pdXP_028365394_1          |   0.00   |    2     |    0.00 ( 0.00%)   |   -3088.07    |    6360.43    |     6356.24     |
|         mbXP_005863314_1          |   0.00   |    2     |    0.76 (51.23%)   |   -3088.06    |    6360.41    |     6356.24     |
|         pvXP_011382280_1          |   0.00   |    2     |    0.52 (24.03%)   |   -3088.07    |    6360.43    |     6356.24     |
|          Yangochiroptera          |   0.00   |    2     |    1.96 (49.71%)   |   -3087.82    |    6359.94    |     6356.24     |
|             Pteropus              |   0.00   |    2     |  307.38 ( 0.39%)   |   -3088.04    |    6360.37    |     6356.24     |
|         pgXP_039707099_1          |   0.00   |    2     |   1.00 (100.00%)   |   -3088.43    |    6361.15    |     6356.24     |
|         paXP_006913717_1          |   0.00   |    2     |    0.27 ( 3.72%)   |   -3088.07    |    6360.43    |     6356.24     |
|  YangochiropteraAfterSaccopteryx  |   0.00   |    2     |    0.26 (13.82%)   |   -3088.07    |    6360.43    |     6356.24     |

### Rate class analyses summary
*  7 branches with **2** rate classes
*  23 branches with **1** rate classes

### Improving parameter estimates of the adaptive rate class model
* Log(L) = -3085.36, AIC-c =  6350.82 (88 estimated parameters)

### Testing selected branches for selection

|              Branch               |  Rates   |     Max. dN/dS     | Sites @ EBF>=100 |      Test LRT      |Uncorrected p-value |
|-----------------------------------|----------|--------------------|------------------|--------------------|--------------------|
|         sbXP_066109938_1          |     2    |   94.34 ( 8.12%)   |          9       |       20.37        |       0.00001      |
|         mdXP_059558158_1          |     2    |  497.10 ( 6.35%)   |         13       |       70.63        |       0.00000      |
|         mlXP_023600952_1          |     2    |   >1000 ( 5.89%)   |         13       |       87.82        |       0.00000      |
|         moXP_036103627_1          |     2    |   22.05 ( 2.29%)   |          2       |        2.69        |       0.09818      |
|           Pteropodidae            |     1    |   0.21 (100.00%)   |       N/A        |        0.00        |       1.00000      |
|           Pipistrellus            |     1    |   0.04 (100.00%)   |       N/A        |        0.00        |       1.00000      |
|         rfXP_032958499_1          |     1    |   0.38 (100.00%)   |       N/A        |        0.00        |       1.00000      |
|         ajXP_036997231_2          |     1    |   0.67 (100.00%)   |       N/A        |        0.00        |       1.00000      |
|          Phyllostomidae           |     1    |   0.23 (100.00%)   |       N/A        |        0.00        |       1.00000      |
|         drXP_024413783_2          |     1    |   0.25 (100.00%)   |       N/A        |        0.00        |       1.00000      |
|         Vespertilionidae          |     1    |   0.23 (100.00%)   |       N/A        |        0.00        |       1.00000      |
|         raXP_015976146_2          |     2    |    9.48 (11.89%)   |         11       |        5.68        |       0.02093      |
|          pnCAK6447205_1           |     1    |   0.14 (100.00%)   |       N/A        |        0.00        |       1.00000      |
|           Phyllostomus            |     1    |   0.20 (100.00%)   |       N/A        |        0.00        |       1.00000      |
|         phXP_045681876_1          |     1    |   0.39 (100.00%)   |       N/A        |        0.00        |       1.00000      |
|               Myodm               |     1    |   0.17 (100.00%)   |       N/A        |        0.00        |       1.00000      |
|         pkXP_045434298_1          |     1    |   0.11 (100.00%)   |       N/A        |        0.00        |       1.00000      |
|       MolossusPhyllostomus        |     1    |   0.07 (100.00%)   |       N/A        |        0.00        |       1.00000      |
|         mmXP_036212179_1          |     2    |   53.38 ( 1.44%)   |          2       |        5.55        |       0.02243      |
|              Myotis               |     1    |   0.13 (100.00%)   |       N/A        |        0.00        |       1.00000      |
|               Myobl               |     1    |   0.00 (100.00%)   |       N/A        |        0.00        |       1.00000      |
|               AjPh                |     2    |  211.08 ( 1.23%)   |          2       |        5.29        |       0.02558      |
|         pdXP_028365394_1          |     1    |   0.00 (100.00%)   |       N/A        |        0.00        |       1.00000      |
|         mbXP_005863314_1          |     1    |   0.67 (100.00%)   |       N/A        |        0.00        |       1.00000      |
|         pvXP_011382280_1          |     1    |   0.40 (100.00%)   |       N/A        |        0.00        |       1.00000      |
|          Yangochiroptera          |     1    |   1.70 (100.00%)   |       N/A        |       -0.10        |       0.50000      |
|             Pteropus              |     1    |   0.73 (100.00%)   |       N/A        |        0.00        |       1.00000      |
|         pgXP_039707099_1          |     1    |  >1000 (100.00%)   |       N/A        |        0.69        |       0.29415      |
|         paXP_006913717_1          |     1    |   1.00 (100.00%)   |       N/A        |        0.00        |       1.00000      |
|  YangochiropteraAfterSaccopteryx  |     1    |   1.00 (100.00%)   |       N/A        |        0.00        |       1.00000      |
----
### Adaptive branch site random effects likelihood test 
Likelihood ratio test for episodic diversifying positive selection at Holm-Bonferroni corrected _p =   0.0500_ found **3** branches under selection among **30** tested.

* mlXP_023600952_1, p-value =  0.00000
* mdXP_059558158_1, p-value =  0.00000
* sbXP_066109938_1, p-value =  0.00035
