
Analysis Description
--------------------
aBSREL (Adaptive branch-site random effects likelihood) uses an adaptive
random effects branch-site model framework to test whether each branch
has evolved under positive selection, using a procedure which infers an
optimal number of rate categories per branch. v2.2 adds support for
multiple-hit models. v2.3 adds support for SRV. v2.5 adds support for
ancestral state reconstruction, identification of sites contributing to
selection signal, and some diagnostics. 

- __Requirements__: in-frame codon alignment and a phylogenetic tree

- __Citation__:  Less Is More: An Adaptive Branch-Site Random Effects Model for
Efficient Detection of Episodic Diversifying Selection (2015). Mol Biol
Evol 32 (5): 1342-1353. 

- __Written by__: Sergei L Kosakovsky Pond, Ben Murrell, Steven Weaver and Temple iGEM /
UCSD viral evolution group

- __Contact Information__: spond@temple.edu

- __Analysis Version__: 2.5

[Advanced option] Bag of little bootstrap alignment resampling rate (permissible range = [0.01,1], default value = 1): blb: 1

>code => Universal
/home/malaevleo/mitimpair_trees_noen/NP_061764.2_bat_only_aligned_nucleotide_codon_aligned.fasta_pruned.nwk
mitimpair_trees_noen/NP_061764.2_bat_only_aligned_nucleotide_codon_aligned.fasta_pruned.nwk

>Loaded a multiple sequence alignment with **16** sequences, **278** codons, and **1** partitions from `/home/malaevleo/mitimpair_pal2nal_noen/NP_061764.2_bat_only_aligned_nucleotide_codon_aligned.fasta`

>branches => All

>multiple-hits => None

>srv => No


### * Selected 30 branches for testing: `rfXP_032960682_1, paXP_006915033_1, pgXP_039733234_1, pvXP_011376726_1, Pteropusgv, Pteropus, raXP_015999291_2, Pteropodidae, sbXP_066091389_1, ajXP_036985435_2, phXP_045677232_1, pdXP_028382439_1, Phyllostomus, AjPh, drXP_024434481_1, Phyllostomidae, moXP_036106132_1, mbXP_005880724_1, Myobl, mdXP_059541808_1, mmXP_036155055_1, Myodm, Myotis, pkXP_045437617_1, pnCAK6442531_1, Pipistrellus, Vespertilionidae, MolossusPhyllostomus, YangochiropteraAfterSaccopteryx, Yangochiroptera`


### Obtaining branch lengths and nucleotide substitution biases under the nucleotide GTR model

>kill-zero-lengths => Yes
* Log(L) = -4256.60, AIC-c =  8589.43 (38 estimated parameters)
* 1 partition. Total tree length by partition (subs/site)  0.800

### Fitting the baseline model with a single dN/dS class per branch, and no site-to-site variation. 
* Log(L) = -3980.56, AIC-c =  8111.66 (74 estimated parameters)
* Branch-level non-synonymous/synonymous rate ratio distribution has median  0.21, and 95% of the weight in  0.00 -  3.85

### Determining the optimal number of rate classes per branch using a step up procedure

|              Branch               |  Length  |  Rates   |     Max. dN/dS     |    Log(L)     |     AIC-c     |Best AIC-c so far|
|-----------------------------------|----------|----------|--------------------|---------------|---------------|-----------------|
|         sbXP_066091389_1          |   0.10   |    2     |    5.38 ( 2.27%)   |   -3977.13    |    8108.94    |     8108.94     |
|         sbXP_066091389_1          |   0.10   |    3     |    5.39 ( 2.24%)   |   -3977.13    |    8113.09    |     8108.94     |
|         rfXP_032960682_1          |   0.09   |    2     |    0.72 (25.21%)   |   -3976.09    |    8111.00    |     8108.94     |
|         Vespertilionidae          |   0.08   |    2     |    2.24 ( 9.41%)   |   -3972.81    |    8104.45    |     8104.45     |
|         Vespertilionidae          |   0.08   |    3     |    4.97 ( 3.99%)   |   -3972.66    |    8108.29    |     8104.45     |
|         moXP_036106132_1          |   0.07   |    2     |    3.60 (15.36%)   |   -3966.78    |    8096.52    |     8096.52     |
|         moXP_036106132_1          |   0.07   |    3     |    4.41 (10.92%)   |   -3966.78    |    8100.67    |     8096.52     |
|           Pteropodidae            |   0.06   |    2     |    1.02 (12.85%)   |   -3965.88    |    8098.88    |     8096.52     |
|           Pipistrellus            |   0.06   |    2     |    0.32 (50.29%)   |   -3966.77    |    8100.66    |     8096.52     |
|          Phyllostomidae           |   0.06   |    2     |    1.60 (20.50%)   |   -3965.20    |    8097.52    |     8096.52     |
|          Yangochiroptera          |   0.05   |    2     |    6.56 ( 5.28%)   |   -3959.44    |    8086.00    |     8086.00     |
|          Yangochiroptera          |   0.05   |    3     |    6.47 ( 5.30%)   |   -3959.44    |    8090.15    |     8086.00     |
|         raXP_015999291_2          |   0.04   |    2     |    0.22 (44.95%)   |   -3959.44    |    8090.15    |     8086.00     |
|           Phyllostomus            |   0.03   |    2     |   13.04 ( 1.19%)   |   -3955.35    |    8081.96    |     8081.96     |
|           Phyllostomus            |   0.03   |    3     |   13.28 ( 1.16%)   |   -3955.36    |    8086.16    |     8081.96     |
|       MolossusPhyllostomus        |   0.03   |    2     |   >1000 ( 0.56%)   |   -3954.05    |    8083.52    |     8081.96     |
|         ajXP_036985435_2          |   0.03   |    2     |    0.12 (44.07%)   |   -3955.16    |    8085.76    |     8081.96     |
|               AjPh                |   0.03   |    2     |    0.26 ( 0.00%)   |   -3955.34    |    8086.12    |     8081.96     |
|         paXP_006915033_1          |   0.02   |    2     |   1.24 (100.00%)   |   -3955.34    |    8086.11    |     8081.96     |
|         drXP_024434481_1          |   0.02   |    2     |    0.27 (22.71%)   |   -3955.10    |    8085.62    |     8081.96     |
|  YangochiropteraAfterSaccopteryx  |   0.02   |    2     |   11.70 ( 1.23%)   |   -3955.26    |    8085.94    |     8081.96     |
|             Pteropus              |   0.02   |    2     |    0.10 (61.63%)   |   -3955.34    |    8086.11    |     8081.96     |
|         pdXP_028382439_1          |   0.01   |    2     |    0.24 (51.22%)   |   -3955.35    |    8086.12    |     8081.96     |
|         phXP_045677232_1          |   0.01   |    2     |    0.54 (46.72%)   |   -3955.34    |    8086.12    |     8081.96     |
|               Myobl               |   0.01   |    2     |    0.24 (10.88%)   |   -3955.35    |    8086.12    |     8081.96     |
|            Pteropusgv             |   0.01   |    2     |    0.29 ( 2.91%)   |   -3955.33    |    8086.09    |     8081.96     |
|         mdXP_059541808_1          |   0.01   |    2     |    0.31 ( 0.00%)   |   -3955.35    |    8086.12    |     8081.96     |
|              Myotis               |   0.01   |    2     |    0.30 (13.57%)   |   -3963.34    |    8102.12    |     8081.96     |
|         pkXP_045437617_1          |   0.01   |    2     |    0.36 (53.19%)   |   -3955.35    |    8086.12    |     8081.96     |
|          pnCAK6442531_1           |   0.01   |    2     |   3.85 (100.00%)   |   -3955.35    |    8086.12    |     8081.96     |
|         mmXP_036155055_1          |   0.01   |    2     |    0.39 ( 2.15%)   |   -3955.35    |    8086.12    |     8081.96     |
|               Myodm               |   0.00   |    2     |    0.38 (74.91%)   |   -3955.35    |    8086.13    |     8081.96     |
|         pvXP_011376726_1          |   0.00   |    2     |    0.00 ( 5.00%)   |   -3955.35    |    8086.12    |     8081.96     |
|         pgXP_039733234_1          |   0.00   |    2     |   1.00 (100.00%)   |   -3955.61    |    8086.66    |     8081.96     |
|         mbXP_005880724_1          |   0.00   |    2     |    0.00 ( 4.27%)   |   -3955.35    |    8086.12    |     8081.96     |

### Rate class analyses summary
*  5 branches with **2** rate classes
*  25 branches with **1** rate classes

### Improving parameter estimates of the adaptive rate class model
* Log(L) = -3900.56, AIC-c =  7972.39 (84 estimated parameters)

### Testing selected branches for selection

|              Branch               |  Rates   |     Max. dN/dS     | Sites @ EBF>=100 |      Test LRT      |Uncorrected p-value |
|-----------------------------------|----------|--------------------|------------------|--------------------|--------------------|
|         sbXP_066091389_1          |     2    |    3.75 ( 3.35%)   |          3       |        1.57        |       0.17843      |
|         rfXP_032960682_1          |     1    |   0.13 (100.00%)   |       N/A        |        0.00        |       1.00000      |
|         Vespertilionidae          |     2    |    1.67 ( 7.45%)   |          3       |        0.12        |       0.42766      |
|         moXP_036106132_1          |     2    |    2.68 (15.78%)   |         21       |        2.39        |       0.11540      |
|           Pteropodidae            |     1    |   0.09 (100.00%)   |       N/A        |        0.00        |       1.00000      |
|           Pipistrellus            |     1    |   0.20 (100.00%)   |       N/A        |        0.00        |       1.00000      |
|          Phyllostomidae           |     1    |   0.18 (100.00%)   |       N/A        |        0.00        |       1.00000      |
|          Yangochiroptera          |     2    |    6.37 ( 5.04%)   |          9       |        5.76        |       0.02016      |
|         raXP_015999291_2          |     1    |   0.17 (100.00%)   |       N/A        |        0.00        |       1.00000      |
|           Phyllostomus            |     2    |    6.63 ( 1.66%)   |          4       |        4.01        |       0.04957      |
|       MolossusPhyllostomus        |     1    |   0.02 (100.00%)   |       N/A        |        0.00        |       1.00000      |
|         ajXP_036985435_2          |     1    |   0.08 (100.00%)   |       N/A        |        0.00        |       1.00000      |
|               AjPh                |     1    |   0.02 (100.00%)   |       N/A        |        0.00        |       1.00000      |
|         paXP_006915033_1          |     1    |   0.91 (100.00%)   |       N/A        |        0.00        |       1.00000      |
|         drXP_024434481_1          |     1    |   0.27 (100.00%)   |       N/A        |        0.00        |       1.00000      |
|  YangochiropteraAfterSaccopteryx  |     1    |   0.19 (100.00%)   |       N/A        |        0.00        |       1.00000      |
|             Pteropus              |     1    |   0.07 (100.00%)   |       N/A        |        0.00        |       1.00000      |
|         pdXP_028382439_1          |     1    |   0.11 (100.00%)   |       N/A        |        0.00        |       1.00000      |
|         phXP_045677232_1          |     1    |   1.18 (100.00%)   |       N/A        |        0.00        |       0.48902      |
|               Myobl               |     1    |   0.18 (100.00%)   |       N/A        |        0.00        |       1.00000      |
|            Pteropusgv             |     1    |   0.19 (100.00%)   |       N/A        |        0.00        |       1.00000      |
|         mdXP_059541808_1          |     1    |   0.03 (100.00%)   |       N/A        |        0.00        |       1.00000      |
|              Myotis               |     1    |  >1000 (100.00%)   |       N/A        |        1.12        |       0.22945      |
|         pkXP_045437617_1          |     1    |   0.19 (100.00%)   |       N/A        |        0.00        |       1.00000      |
|          pnCAK6442531_1           |     1    |  >1000 (100.00%)   |       N/A        |        0.75        |       0.28372      |
|         mmXP_036155055_1          |     1    |   0.06 (100.00%)   |       N/A        |        0.00        |       1.00000      |
|               Myodm               |     1    |   0.15 (100.00%)   |       N/A        |        0.00        |       1.00000      |
|         pvXP_011376726_1          |     1    |   0.00 (100.00%)   |       N/A        |        0.00        |       1.00000      |
|         pgXP_039733234_1          |     1    |  >1000 (100.00%)   |       N/A        |        0.43        |       0.34352      |
|         mbXP_005880724_1          |     1    |   0.22 (100.00%)   |       N/A        |        0.00        |       1.00000      |
----
### Adaptive branch site random effects likelihood test 
Likelihood ratio test for episodic diversifying positive selection at Holm-Bonferroni corrected _p =   0.0500_ found **0** branches under selection among **30** tested.

