
Analysis Description
--------------------
aBSREL (Adaptive branch-site random effects likelihood) uses an adaptive
random effects branch-site model framework to test whether each branch
has evolved under positive selection, using a procedure which infers an
optimal number of rate categories per branch. v2.2 adds support for
multiple-hit models. v2.3 adds support for SRV. v2.5 adds support for
ancestral state reconstruction, identification of sites contributing to
selection signal, and some diagnostics. 

- __Requirements__: in-frame codon alignment and a phylogenetic tree

- __Citation__:  Less Is More: An Adaptive Branch-Site Random Effects Model for
Efficient Detection of Episodic Diversifying Selection (2015). Mol Biol
Evol 32 (5): 1342-1353. 

- __Written by__: Sergei L Kosakovsky Pond, Ben Murrell, Steven Weaver and Temple iGEM /
UCSD viral evolution group

- __Contact Information__: spond@temple.edu

- __Analysis Version__: 2.5

[Advanced option] Bag of little bootstrap alignment resampling rate (permissible range = [0.01,1], default value = 1): blb: 1

>code => Universal

-------
>[WARNING]
'/home/malaevleo/mitimpair_pal2nal_noen/NP_001274364.1_bat_only_aligned_nucleotide_codon_aligned.fasta'
contains 4 duplicate sequences. Identical sequences do not contribute
any information to the analysis and only slow down computation. Please
consider removing duplicate or 'nearly' duplicate sequences, e.g. using
https://github.com/veg/hyphy-analyses/tree/master/remove-duplicates
prior to running selection analyses
-------
/home/malaevleo/mitimpair_trees_noen/NP_001274364.1_bat_only_aligned_nucleotide_codon_aligned.fasta_pruned.nwk
mitimpair_trees_noen/NP_001274364.1_bat_only_aligned_nucleotide_codon_aligned.fasta_pruned.nwk

>Loaded a multiple sequence alignment with **17** sequences, **88** codons, and **1** partitions from `/home/malaevleo/mitimpair_pal2nal_noen/NP_001274364.1_bat_only_aligned_nucleotide_codon_aligned.fasta`

>branches => All

>multiple-hits => None

>srv => No


### * Selected 31 branches for testing: `rfXP_032984480_1, paXP_006926847_1, pgXP_039744525_1, pvXP_011370152_1, Pteropusgv, Pteropus, raXP_015988754_2, Pteropodidae, sbXP_066098987_1, ajXP_036995039_2, phXP_045702893_1, pdXP_028386128_1, Phyllostomus, AjPh, drXP_024433325_2, Phyllostomidae, moXP_036130948_1, mbXP_014395140_1, mlXP_014317455_1, Myobl, mdXP_059522974_1, mmXP_036201828_1, Myodm, Myotis, pkXP_036296391_1, pnCAK6436908_1, Pipistrellus, Vespertilionidae, MolossusPhyllostomus, YangochiropteraAfterSaccopteryx, Yangochiroptera`


### Obtaining branch lengths and nucleotide substitution biases under the nucleotide GTR model

>kill-zero-lengths => Yes

### Deleted 6 zero-length internal branches: `AjPh, Myodm, Pipistrellus, Pteropusgv, Yangochiroptera, YangochiropteraAfterSaccopteryx`
* Log(L) = -1138.25, AIC-c =  2355.20 (39 estimated parameters)
* 1 partition. Total tree length by partition (subs/site)  1.403

### Fitting the baseline model with a single dN/dS class per branch, and no site-to-site variation. 
* Log(L) = -1041.53, AIC-c =  2216.87 (64 estimated parameters)
* Branch-level non-synonymous/synonymous rate ratio distribution has median  0.16, and 95% of the weight in  0.00 -  0.00

### Determining the optimal number of rate classes per branch using a step up procedure

|              Branch               |  Length  |  Rates   |     Max. dN/dS     |    Log(L)     |     AIC-c     |Best AIC-c so far|
|-----------------------------------|----------|----------|--------------------|---------------|---------------|-----------------|
|         mlXP_014317455_1          |1060.95...|    2     |    0.05 (57.11%)   |   -1035.88    |    2209.95    |     2209.95     |
|         mlXP_014317455_1          |1060.95...|    3     |    0.34 (39.89%)   |   -1035.30    |    2213.17    |     2209.95     |
|               Myobl               |   0.38   |    2     |    1.02 (19.67%)   |   -1031.18    |    2204.94    |     2204.94     |
|               Myobl               |   0.38   |    3     |    1.13 ( 4.29%)   |   -1031.18    |    2209.34    |     2204.94     |
|         mbXP_014395140_1          |   0.08   |    2     |  >1000 (100.00%)   |   -1030.80    |    2208.58    |     2204.94     |
|          Phyllostomidae           |   0.03   |    2     |    0.07 (72.33%)   |   -1031.18    |    2209.34    |     2204.94     |
|         drXP_024433325_2          |   0.01   |    2     |    0.09 (54.76%)   |   -1031.18    |    2209.34    |     2204.94     |
|         ajXP_036995039_2          |   0.01   |    2     |    0.00 ( 5.00%)   |   -1031.18    |    2209.34    |     2204.94     |
|       MolossusPhyllostomus        |   0.01   |    2     |    0.00 ( 5.00%)   |   -1031.18    |    2209.34    |     2204.94     |
|         sbXP_066098987_1          |   0.01   |    2     |    0.00 ( 5.00%)   |   -1031.18    |    2209.34    |     2204.94     |
|           Pteropodidae            |   0.01   |    2     |    0.00 ( 5.00%)   |   -1031.18    |    2209.34    |     2204.94     |
|         moXP_036130948_1          |   0.01   |    2     |    0.00 ( 5.00%)   |   -1031.18    |    2209.34    |     2204.94     |
|         pkXP_036296391_1          |   0.01   |    2     |    0.26 ( 7.31%)   |   -1031.18    |    2209.34    |     2204.94     |
|              Myotis               |   0.01   |    2     |    0.00 ( 5.00%)   |   -1031.18    |    2209.34    |     2204.94     |
|           Phyllostomus            |   0.01   |    2     |    0.00 ( 5.00%)   |   -1031.18    |    2209.34    |     2204.94     |
|             Pteropus              |   0.00   |    2     |   1.00 (100.00%)   |   -1031.41    |    2209.79    |     2204.94     |
|         Vespertilionidae          |   0.00   |    2     |    0.00 ( 0.00%)   |   -1031.18    |    2209.34    |     2204.94     |
|         rfXP_032984480_1          |   0.00   |    2     |    0.00 ( 5.00%)   |   -1031.18    |    2209.34    |     2204.94     |
|         raXP_015988754_2          |   0.00   |    2     |    0.00 ( 5.00%)   |   -1031.18    |    2209.34    |     2204.94     |
|         mdXP_059522974_1          |   0.00   |    2     |    0.30 (13.82%)   |   -1031.18    |    2209.34    |     2204.94     |
|         pdXP_028386128_1          |   0.00   |    2     |    0.30 ( 6.51%)   |   -1031.18    |    2209.34    |     2204.94     |
|         pvXP_011370152_1          |   0.00   |    2     |    0.27 ( 3.72%)   |   -1031.18    |    2209.34    |     2204.94     |
|         pgXP_039744525_1          |   0.00   |    2     |    0.27 ( 3.72%)   |   -1031.18    |    2209.34    |     2204.94     |
|         mmXP_036201828_1          |   0.00   |    2     |    0.26 (13.82%)   |   -1031.18    |    2209.34    |     2204.94     |
|          pnCAK6436908_1           |   0.00   |    2     |    0.30 (13.82%)   |   -1031.18    |    2209.34    |     2204.94     |
|         paXP_006926847_1          |   0.00   |    2     |    0.26 ( 3.72%)   |   -1031.18    |    2209.34    |     2204.94     |
|         phXP_045702893_1          |   0.00   |    2     |    0.27 ( 2.00%)   |   -1031.18    |    2209.34    |     2204.94     |

### Rate class analyses summary
*  2 branches with **2** rate classes
*  23 branches with **1** rate classes

### Improving parameter estimates of the adaptive rate class model
* Log(L) = -1022.60, AIC-c =  2187.77 (68 estimated parameters)

### Testing selected branches for selection

|              Branch               |  Rates   |     Max. dN/dS     | Sites @ EBF>=100 |      Test LRT      |Uncorrected p-value |
|-----------------------------------|----------|--------------------|------------------|--------------------|--------------------|
|         mlXP_014317455_1          |     2    |    0.28 (43.44%)   |       N/A        |        0.00        |       1.00000      |
|               Myobl               |     2    |    1.14 (21.33%)   |          7       |        0.01        |       0.48318      |
|         mbXP_014395140_1          |     1    |  >1000 (100.00%)   |       N/A        |        0.10        |       0.43525      |
|          Phyllostomidae           |     1    |   0.05 (100.00%)   |       N/A        |        0.00        |       1.00000      |
|         drXP_024433325_2          |     1    |   0.06 (100.00%)   |       N/A        |        0.00        |       1.00000      |
|         ajXP_036995039_2          |     1    |   0.00 (100.00%)   |       N/A        |        0.00        |       1.00000      |
|       MolossusPhyllostomus        |     1    |   0.00 (100.00%)   |       N/A        |        0.00        |       1.00000      |
|         sbXP_066098987_1          |     1    |   0.00 (100.00%)   |       N/A        |        0.00        |       1.00000      |
|           Pteropodidae            |     1    |   0.00 (100.00%)   |       N/A        |        0.00        |       1.00000      |
|         moXP_036130948_1          |     1    |   0.00 (100.00%)   |       N/A        |        0.00        |       1.00000      |
|         pkXP_036296391_1          |     1    |   0.14 (100.00%)   |       N/A        |        0.00        |       1.00000      |
|              Myotis               |     1    |   0.00 (100.00%)   |       N/A        |        0.00        |       1.00000      |
|           Phyllostomus            |     1    |   0.00 (100.00%)   |       N/A        |        0.00        |       1.00000      |
|             Pteropus              |     1    |  >1000 (100.00%)   |       N/A        |        0.30        |       0.37425      |
|         Vespertilionidae          |     1    |   0.00 (100.00%)   |       N/A        |        0.00        |       1.00000      |
|         rfXP_032984480_1          |     1    |   0.00 (100.00%)   |       N/A        |        0.00        |       1.00000      |
|         raXP_015988754_2          |     1    |   0.00 (100.00%)   |       N/A        |        0.00        |       1.00000      |
|         mdXP_059522974_1          |     1    |   1.00 (100.00%)   |       N/A        |        0.00        |       1.00000      |
|         pdXP_028386128_1          |     1    |   1.00 (100.00%)   |       N/A        |        0.00        |       1.00000      |
|         pvXP_011370152_1          |     1    |   1.00 (100.00%)   |       N/A        |        0.00        |       1.00000      |
|         pgXP_039744525_1          |     1    |   1.00 (100.00%)   |       N/A        |        0.00        |       1.00000      |
|         mmXP_036201828_1          |     1    |   1.00 (100.00%)   |       N/A        |        0.00        |       1.00000      |
|          pnCAK6436908_1           |     1    |   1.00 (100.00%)   |       N/A        |        0.00        |       1.00000      |
|         paXP_006926847_1          |     1    |   1.00 (100.00%)   |       N/A        |        0.00        |       1.00000      |
|         phXP_045702893_1          |     1    |   1.00 (100.00%)   |       N/A        |        0.00        |       1.00000      |
----
### Adaptive branch site random effects likelihood test 
Likelihood ratio test for episodic diversifying positive selection at Holm-Bonferroni corrected _p =   0.0500_ found **0** branches under selection among **25** tested.

