
Analysis Description
--------------------
aBSREL (Adaptive branch-site random effects likelihood) uses an adaptive
random effects branch-site model framework to test whether each branch
has evolved under positive selection, using a procedure which infers an
optimal number of rate categories per branch. v2.2 adds support for
multiple-hit models. v2.3 adds support for SRV. v2.5 adds support for
ancestral state reconstruction, identification of sites contributing to
selection signal, and some diagnostics. 

- __Requirements__: in-frame codon alignment and a phylogenetic tree

- __Citation__:  Less Is More: An Adaptive Branch-Site Random Effects Model for
Efficient Detection of Episodic Diversifying Selection (2015). Mol Biol
Evol 32 (5): 1342-1353. 

- __Written by__: Sergei L Kosakovsky Pond, Ben Murrell, Steven Weaver and Temple iGEM /
UCSD viral evolution group

- __Contact Information__: spond@temple.edu

- __Analysis Version__: 2.5

[Advanced option] Bag of little bootstrap alignment resampling rate (permissible range = [0.01,1], default value = 1): blb: 1

>code => Universal
/home/malaevleo/mitimpair_trees_noen/NP_001310513.1_bat_only_aligned_nucleotide_codon_aligned.fasta_pruned.nwk
mitimpair_trees_noen/NP_001310513.1_bat_only_aligned_nucleotide_codon_aligned.fasta_pruned.nwk

>Loaded a multiple sequence alignment with **17** sequences, **502** codons, and **1** partitions from `/home/malaevleo/mitimpair_pal2nal_noen/NP_001310513.1_bat_only_aligned_nucleotide_codon_aligned.fasta`

>branches => All

>multiple-hits => None

>srv => No


### * Selected 31 branches for testing: `rfXP_032987089_1, paXP_006915624_1, pgXP_039727915_1, pvXP_011370455_1, Pteropusgv, Pteropus, raXP_015988574_2, Pteropodidae, sbXP_066098163_1, ajXP_036986516_2, phXP_045697994_1, pdXP_028368991_1, Phyllostomus, AjPh, drXP_024417051_2, Phyllostomidae, moXP_036121653_1, mbXP_005876884_1, mlXP_014304756_1, Myobl, mdXP_059518493_1, mmXP_036192831_1, Myodm, Myotis, pkXP_045437754_1, pnCAK6436362_1, Pipistrellus, Vespertilionidae, MolossusPhyllostomus, YangochiropteraAfterSaccopteryx, Yangochiroptera`


### Obtaining branch lengths and nucleotide substitution biases under the nucleotide GTR model

>kill-zero-lengths => Yes
* Log(L) = -5299.77, AIC-c = 10677.67 (39 estimated parameters)
* 1 partition. Total tree length by partition (subs/site)  0.380

### Fitting the baseline model with a single dN/dS class per branch, and no site-to-site variation. 
* Log(L) = -5019.76, AIC-c = 10192.90 (76 estimated parameters)
* Branch-level non-synonymous/synonymous rate ratio distribution has median  0.21, and 95% of the weight in  0.00 - 10000000000.00

### Determining the optimal number of rate classes per branch using a step up procedure

|              Branch               |  Length  |  Rates   |     Max. dN/dS     |    Log(L)     |     AIC-c     |Best AIC-c so far|
|-----------------------------------|----------|----------|--------------------|---------------|---------------|-----------------|
|         sbXP_066098163_1          |   0.04   |    2     |    0.11 (66.30%)   |   -5019.76    |   10196.98    |    10192.90     |
|          Phyllostomidae           |   0.04   |    2     |    1.44 (16.28%)   |   -5018.64    |   10194.73    |    10192.90     |
|         rfXP_032987089_1          |   0.04   |    2     |    3.32 ( 7.21%)   |   -5017.19    |   10191.84    |    10191.84     |
|         rfXP_032987089_1          |   0.04   |    3     |    3.34 ( 7.16%)   |   -5017.19    |   10195.91    |    10191.84     |
|         ajXP_036986516_2          |   0.03   |    2     |    0.08 (69.07%)   |   -5017.19    |   10195.91    |    10191.84     |
|         moXP_036121653_1          |   0.03   |    2     |    0.17 (93.50%)   |   -5017.19    |   10195.91    |    10191.84     |
|           Pipistrellus            |   0.03   |    2     |    0.26 (79.37%)   |   -5017.19    |   10195.91    |    10191.84     |
|         drXP_024417051_2          |   0.03   |    2     |    1.96 ( 5.83%)   |   -5016.30    |   10194.13    |    10191.84     |
|           Pteropodidae            |   0.02   |    2     |  147.69 ( 0.26%)   |   -5014.39    |   10190.31    |    10190.31     |
|           Pteropodidae            |   0.02   |    3     |  149.48 ( 0.26%)   |   -5014.39    |   10194.39    |    10190.31     |
|         Vespertilionidae          |   0.02   |    2     |   36.07 ( 0.57%)   |   -5012.71    |   10191.04    |    10190.31     |
|          Yangochiroptera          |   0.02   |    2     |    0.16 (71.09%)   |   -5014.39    |   10194.39    |    10190.31     |
|         raXP_015988574_2          |   0.01   |    2     |    0.28 (10.59%)   |   -5014.40    |   10194.40    |    10190.31     |
|         pkXP_045437754_1          |   0.01   |    2     |    0.06 (18.10%)   |   -5014.39    |   10194.39    |    10190.31     |
|         mdXP_059518493_1          |   0.01   |    2     |   14.10 ( 2.48%)   |   -5012.85    |   10191.32    |    10190.31     |
|         paXP_006915624_1          |   0.01   |    2     |  388.20 ( 1.48%)   |   -5001.44    |   10168.48    |    10168.48     |
|         paXP_006915624_1          |   0.01   |    3     |  398.93 ( 1.43%)   |   -5001.39    |   10172.46    |    10168.48     |
|          pnCAK6436362_1           |   0.01   |    2     |    0.15 (33.33%)   |   -5001.44    |   10172.56    |    10168.48     |
|           Phyllostomus            |   0.01   |    2     |    0.20 (98.00%)   |   -5001.44    |   10172.56    |    10168.48     |
|              Myotis               |   0.01   |    2     |    0.00 ( 5.00%)   |   -5001.44    |   10172.56    |    10168.48     |
|               AjPh                |   0.01   |    2     |    0.57 ( 6.99%)   |   -5001.44    |   10172.56    |    10168.48     |
|         mmXP_036192831_1          |   0.01   |    2     |    0.53 ( 0.00%)   |   -5001.44    |   10172.56    |    10168.48     |
|         phXP_045697994_1          |   0.01   |    2     |   75.71 ( 0.26%)   |   -4998.44    |   10166.57    |    10166.57     |
|         phXP_045697994_1          |   0.01   |    3     |   71.72 ( 0.26%)   |   -4998.46    |   10170.68    |    10166.57     |
|       MolossusPhyllostomus        |   0.00   |    2     |    0.73 (48.84%)   |   -4998.44    |   10170.65    |    10166.57     |
|  YangochiropteraAfterSaccopteryx  |   0.00   |    2     |    0.00 ( 2.62%)   |   -4998.44    |   10170.65    |    10166.57     |
|             Pteropus              |   0.00   |    2     |    0.42 (47.29%)   |   -4998.44    |   10170.65    |    10166.57     |
|         pdXP_028368991_1          |   0.00   |    2     |    0.22 (51.62%)   |   -4998.44    |   10170.64    |    10166.57     |
|         mlXP_014304756_1          |   0.00   |    2     |    0.50 (25.00%)   |   -4998.44    |   10170.65    |    10166.57     |
|               Myodm               |   0.00   |    2     |    0.25 (20.00%)   |   -4998.44    |   10170.65    |    10166.57     |
|         mbXP_005876884_1          |   0.00   |    2     |    0.00 ( 5.00%)   |   -4998.44    |   10170.65    |    10166.57     |
|            Pteropusgv             |   0.00   |    2     |    2.02 ( 9.83%)   |   -4998.06    |   10169.90    |    10166.57     |
|         pgXP_039727915_1          |   0.00   |    2     |    0.00 ( 3.33%)   |   -4998.44    |   10170.65    |    10166.57     |
|               Myobl               |   0.00   |    2     |    0.25 ( 2.00%)   |   -5002.74    |   10179.26    |    10166.57     |
|         pvXP_011370455_1          |   0.00   |    2     |    0.00 ( 3.33%)   |   -4998.44    |   10170.65    |    10166.57     |

### Rate class analyses summary
*  27 branches with **1** rate classes
*  4 branches with **2** rate classes

### Improving parameter estimates of the adaptive rate class model
* Log(L) = -4988.66, AIC-c = 10147.00 (84 estimated parameters)

### Testing selected branches for selection

|              Branch               |  Rates   |     Max. dN/dS     | Sites @ EBF>=100 |      Test LRT      |Uncorrected p-value |
|-----------------------------------|----------|--------------------|------------------|--------------------|--------------------|
|         sbXP_066098163_1          |     1    |   0.10 (100.00%)   |       N/A        |        0.00        |       1.00000      |
|          Phyllostomidae           |     1    |   0.19 (100.00%)   |       N/A        |        0.00        |       1.00000      |
|         rfXP_032987089_1          |     2    |    2.40 ( 8.35%)   |         15       |        0.78        |       0.27932      |
|         ajXP_036986516_2          |     1    |   0.07 (100.00%)   |       N/A        |        0.00        |       1.00000      |
|         moXP_036121653_1          |     1    |   0.15 (100.00%)   |       N/A        |        0.00        |       1.00000      |
|           Pipistrellus            |     1    |   0.24 (100.00%)   |       N/A        |        0.00        |       1.00000      |
|         drXP_024417051_2          |     1    |   0.09 (100.00%)   |       N/A        |        0.00        |       1.00000      |
|           Pteropodidae            |     2    |  117.62 ( 0.28%)   |          1       |        2.77        |       0.09407      |
|         Vespertilionidae          |     1    |   0.39 (100.00%)   |       N/A        |        0.00        |       1.00000      |
|          Yangochiroptera          |     1    |   0.16 (100.00%)   |       N/A        |        0.00        |       1.00000      |
|         raXP_015988574_2          |     1    |   0.02 (100.00%)   |       N/A        |        0.00        |       1.00000      |
|         pkXP_045437754_1          |     1    |   0.03 (100.00%)   |       N/A        |        0.00        |       1.00000      |
|         mdXP_059518493_1          |     1    |   0.22 (100.00%)   |       N/A        |        0.00        |       1.00000      |
|         paXP_006915624_1          |     2    |  328.90 ( 1.41%)   |          7       |       21.45        |       0.00001      |
|          pnCAK6436362_1           |     1    |   0.11 (100.00%)   |       N/A        |        0.00        |       1.00000      |
|           Phyllostomus            |     1    |   0.18 (100.00%)   |       N/A        |        0.00        |       1.00000      |
|              Myotis               |     1    |   0.00 (100.00%)   |       N/A        |        0.00        |       1.00000      |
|               AjPh                |     1    |   0.45 (100.00%)   |       N/A        |        0.00        |       1.00000      |
|         mmXP_036192831_1          |     1    |   0.23 (100.00%)   |       N/A        |        0.00        |       1.00000      |
|         phXP_045697994_1          |     2    |   68.48 ( 0.28%)   |          1       |        4.79        |       0.03314      |
|       MolossusPhyllostomus        |     1    |   0.66 (100.00%)   |       N/A        |        0.00        |       1.00000      |
|  YangochiropteraAfterSaccopteryx  |     1    |   0.00 (100.00%)   |       N/A        |        0.00        |       1.00000      |
|             Pteropus              |     1    |   0.30 (100.00%)   |       N/A        |        0.00        |       1.00000      |
|         pdXP_028368991_1          |     1    |   0.10 (100.00%)   |       N/A        |        0.00        |       1.00000      |
|         mlXP_014304756_1          |     1    |   0.39 (100.00%)   |       N/A        |        0.00        |       1.00000      |
|               Myodm               |     1    |   0.19 (100.00%)   |       N/A        |        0.00        |       1.00000      |
|         mbXP_005876884_1          |     1    |   0.00 (100.00%)   |       N/A        |        0.00        |       1.00000      |
|            Pteropusgv             |     1    |  >1000 (100.00%)   |       N/A        |        0.44        |       0.34140      |
|         pgXP_039727915_1          |     1    |   0.00 (100.00%)   |       N/A        |        0.00        |       1.00000      |
|               Myobl               |     1    |  >1000 (100.00%)   |       N/A        |        0.35        |       0.36377      |
|         pvXP_011370455_1          |     1    |   0.00 (100.00%)   |       N/A        |        0.00        |       1.00000      |
----
### Adaptive branch site random effects likelihood test 
Likelihood ratio test for episodic diversifying positive selection at Holm-Bonferroni corrected _p =   0.0500_ found **1** branches under selection among **31** tested.

* paXP_006915624_1, p-value =  0.00023
