
Analysis Description
--------------------
aBSREL (Adaptive branch-site random effects likelihood) uses an adaptive
random effects branch-site model framework to test whether each branch
has evolved under positive selection, using a procedure which infers an
optimal number of rate categories per branch. v2.2 adds support for
multiple-hit models. v2.3 adds support for SRV. v2.5 adds support for
ancestral state reconstruction, identification of sites contributing to
selection signal, and some diagnostics. 

- __Requirements__: in-frame codon alignment and a phylogenetic tree

- __Citation__:  Less Is More: An Adaptive Branch-Site Random Effects Model for
Efficient Detection of Episodic Diversifying Selection (2015). Mol Biol
Evol 32 (5): 1342-1353. 

- __Written by__: Sergei L Kosakovsky Pond, Ben Murrell, Steven Weaver and Temple iGEM /
UCSD viral evolution group

- __Contact Information__: spond@temple.edu

- __Analysis Version__: 2.5

[Advanced option] Bag of little bootstrap alignment resampling rate (permissible range = [0.01,1], default value = 1): blb: 1

>code => Universal
/home/malaevleo/mitimpair_trees_noen/NP_001309749.1_bat_only_aligned_nucleotide_codon_aligned.fasta_pruned.nwk
mitimpair_trees_noen/NP_001309749.1_bat_only_aligned_nucleotide_codon_aligned.fasta_pruned.nwk

>Loaded a multiple sequence alignment with **17** sequences, **52** codons, and **1** partitions from `/home/malaevleo/mitimpair_pal2nal_noen/NP_001309749.1_bat_only_aligned_nucleotide_codon_aligned.fasta`

>branches => All

>multiple-hits => None

>srv => No


### * Selected 31 branches for testing: `rfXP_032958685_1, paXP_006915094_1, pgXP_039729854_1, pvXP_011378660_1, Pteropusgv, Pteropus, raXP_016008203_1, Pteropodidae, sbXP_066103796_1, ajXP_036982039_2, phXP_045699399_1, pdXP_028365393_1, Phyllostomus, AjPh, drXP_053770007_1, Phyllostomidae, moXP_036104303_1, mbXP_005852824_1, mlXP_014301611_2, Myobl, mdXP_059555893_1, mmXP_036172316_1, Myodm, Myotis, pkXP_036270912_1, pnCAK6446478_1, Pipistrellus, Vespertilionidae, MolossusPhyllostomus, YangochiropteraAfterSaccopteryx, Yangochiroptera`


### Obtaining branch lengths and nucleotide substitution biases under the nucleotide GTR model

>kill-zero-lengths => Yes

### Deleted 2 zero-length internal branches: `Myobl, Myodm`
* Log(L) =  -707.83, AIC-c =  1494.86 (39 estimated parameters)
* 1 partition. Total tree length by partition (subs/site)  0.638

### Fitting the baseline model with a single dN/dS class per branch, and no site-to-site variation. 
* Log(L) =  -634.84, AIC-c =  1426.64 (72 estimated parameters)
* Branch-level non-synonymous/synonymous rate ratio distribution has median  0.31, and 95% of the weight in  0.00 -  3.00

### Determining the optimal number of rate classes per branch using a step up procedure

|              Branch               |  Length  |  Rates   |     Max. dN/dS     |    Log(L)     |     AIC-c     |Best AIC-c so far|
|-----------------------------------|----------|----------|--------------------|---------------|---------------|-----------------|
|          Phyllostomidae           |   0.09   |    2     |    0.35 (21.10%)   |    -634.84    |    1431.40    |     1426.64     |
|           Pipistrellus            |   0.07   |    2     |    0.04 (16.46%)   |    -634.84    |    1431.40    |     1426.64     |
|         sbXP_066103796_1          |   0.06   |    2     |   10.95 (32.54%)   |    -634.24    |    1430.20    |     1426.64     |
|           Phyllostomus            |   0.05   |    2     |    0.00 ( 5.00%)   |    -634.84    |    1431.40    |     1426.64     |
|         rfXP_032958685_1          |   0.04   |    2     |   28.38 ( 4.38%)   |    -631.25    |    1424.23    |     1424.23     |
|         rfXP_032958685_1          |   0.04   |    3     |   28.12 ( 4.37%)   |    -631.25    |    1429.01    |     1424.23     |
|           Pteropodidae            |   0.04   |    2     |   26.85 ( 9.33%)   |    -629.93    |    1426.37    |     1424.23     |
|             Pteropus              |   0.03   |    2     |  >1000 (100.00%)   |    -631.25    |    1429.01    |     1424.23     |
|         drXP_053770007_1          |   0.03   |    2     |    0.29 (72.75%)   |    -631.25    |    1429.01    |     1424.23     |
|         raXP_016008203_1          |   0.03   |    2     |    0.18 (51.26%)   |    -631.26    |    1429.02    |     1424.23     |
|              Myotis               |   0.03   |    2     |    0.00 ( 5.00%)   |    -631.25    |    1429.01    |     1424.23     |
|       MolossusPhyllostomus        |   0.02   |    2     |    0.19 ( 4.22%)   |    -631.25    |    1429.01    |     1424.23     |
|         ajXP_036982039_2          |   0.02   |    2     |    0.00 ( 5.00%)   |    -631.25    |    1429.01    |     1424.23     |
|         moXP_036104303_1          |   0.02   |    2     |    0.19 (96.46%)   |    -631.25    |    1429.01    |     1424.23     |
|         Vespertilionidae          |   0.02   |    2     |   >1000 ( 4.27%)   |    -627.04    |    1420.58    |     1420.58     |
|         Vespertilionidae          |   0.02   |    3     |   >1000 ( 4.04%)   |    -627.03    |    1425.38    |     1420.58     |
|          Yangochiroptera          |   0.02   |    2     |    0.00 ( 0.00%)   |    -627.04    |    1425.38    |     1420.58     |
|         mbXP_005852824_1          |   0.02   |    2     |    0.25 (25.00%)   |    -627.04    |    1425.38    |     1420.58     |
|            Pteropusgv             |   0.02   |    2     |    0.00 ( 5.00%)   |    -627.04    |    1425.38    |     1420.58     |
|         phXP_045699399_1          |   0.02   |    2     |    0.00 ( 0.00%)   |    -627.04    |    1425.38    |     1420.58     |
|         pkXP_036270912_1          |   0.01   |    2     |    0.00 ( 5.00%)   |    -627.04    |    1425.38    |     1420.58     |
|         mdXP_059555893_1          |   0.01   |    2     |    0.00 ( 5.00%)   |    -627.04    |    1425.38    |     1420.58     |
|         pvXP_011378660_1          |   0.01   |    2     |   1.00 (100.00%)   |    -627.42    |    1426.15    |     1420.58     |
|         paXP_006915094_1          |   0.01   |    2     |   1.00 (100.00%)   |    -627.40    |    1426.11    |     1420.58     |
|         mlXP_014301611_2          |   0.01   |    2     |    0.00 ( 0.00%)   |    -627.04    |    1425.38    |     1420.58     |
|  YangochiropteraAfterSaccopteryx  |   0.00   |    2     |    0.00 ( 3.26%)   |    -627.03    |    1425.38    |     1420.58     |
|               AjPh                |   0.00   |    2     |    0.26 ( 3.72%)   |    -627.04    |    1425.38    |     1420.58     |
|         mmXP_036172316_1          |   0.00   |    2     |    0.27 ( 2.00%)   |    -627.04    |    1425.38    |     1420.58     |
|         pgXP_039729854_1          |   0.00   |    2     |    0.26 ( 3.72%)   |    -627.04    |    1425.38    |     1420.58     |
|         pdXP_028365393_1          |   0.00   |    2     |    0.27 ( 2.00%)   |    -627.04    |    1425.38    |     1420.58     |
|          pnCAK6446478_1           |   0.00   |    2     |    0.30 (13.82%)   |    -627.04    |    1425.38    |     1420.58     |

### Rate class analyses summary
*  27 branches with **1** rate classes
*  2 branches with **2** rate classes

### Improving parameter estimates of the adaptive rate class model
* Log(L) =  -621.47, AIC-c =  1409.44 (76 estimated parameters)

### Testing selected branches for selection

|              Branch               |  Rates   |     Max. dN/dS     | Sites @ EBF>=100 |      Test LRT      |Uncorrected p-value |
|-----------------------------------|----------|--------------------|------------------|--------------------|--------------------|
|          Phyllostomidae           |     1    |   0.27 (100.00%)   |       N/A        |        0.00        |       1.00000      |
|           Pipistrellus            |     1    |   0.03 (100.00%)   |       N/A        |        0.00        |       1.00000      |
|         sbXP_066103796_1          |     1    |   2.36 (100.00%)   |       N/A        |        0.71        |       0.29019      |
|           Phyllostomus            |     1    |   0.00 (100.00%)   |       N/A        |        0.00        |       1.00000      |
|         rfXP_032958685_1          |     2    |   19.03 ( 4.42%)   |          2       |        4.15        |       0.04609      |
|           Pteropodidae            |     1    |   0.88 (100.00%)   |       N/A        |        0.00        |       1.00000      |
|             Pteropus              |     1    |  >1000 (100.00%)   |       N/A        |        1.26        |       0.21238      |
|         drXP_053770007_1          |     1    |   0.21 (100.00%)   |       N/A        |        0.00        |       1.00000      |
|         raXP_016008203_1          |     1    |   0.00 (100.00%)   |       N/A        |        0.00        |       1.00000      |
|              Myotis               |     1    |   0.00 (100.00%)   |       N/A        |        0.00        |       1.00000      |
|       MolossusPhyllostomus        |     1    |   0.10 (100.00%)   |       N/A        |        0.00        |       1.00000      |
|         ajXP_036982039_2          |     1    |   0.00 (100.00%)   |       N/A        |        0.00        |       1.00000      |
|         moXP_036104303_1          |     1    |   0.20 (100.00%)   |       N/A        |        0.00        |       1.00000      |
|         Vespertilionidae          |     2    |   >1000 ( 4.07%)   |          2       |        6.62        |       0.01297      |
|          Yangochiroptera          |     1    |   0.00 (100.00%)   |       N/A        |        0.00        |       1.00000      |
|         mbXP_005852824_1          |     1    |   0.16 (100.00%)   |       N/A        |        0.00        |       1.00000      |
|            Pteropusgv             |     1    |   0.00 (100.00%)   |       N/A        |        0.00        |       1.00000      |
|         phXP_045699399_1          |     1    |   0.00 (100.00%)   |       N/A        |        0.00        |       1.00000      |
|         pkXP_036270912_1          |     1    |   0.00 (100.00%)   |       N/A        |        0.00        |       1.00000      |
|         mdXP_059555893_1          |     1    |   0.00 (100.00%)   |       N/A        |        0.00        |       1.00000      |
|         pvXP_011378660_1          |     1    |  >1000 (100.00%)   |       N/A        |        0.59        |       0.31194      |
|         paXP_006915094_1          |     1    |  >1000 (100.00%)   |       N/A        |        0.55        |       0.31988      |
|         mlXP_014301611_2          |     1    |   0.00 (100.00%)   |       N/A        |        0.00        |       1.00000      |
|  YangochiropteraAfterSaccopteryx  |     1    |   0.00 (100.00%)   |       N/A        |        0.00        |       1.00000      |
|               AjPh                |     1    |   0.00 (100.00%)   |       N/A        |        0.00        |       1.00000      |
|         mmXP_036172316_1          |     1    |   1.00 (100.00%)   |       N/A        |        0.00        |       1.00000      |
|         pgXP_039729854_1          |     1    |   1.00 (100.00%)   |       N/A        |        0.00        |       1.00000      |
|         pdXP_028365393_1          |     1    |   1.00 (100.00%)   |       N/A        |        0.00        |       1.00000      |
|          pnCAK6446478_1           |     1    |   1.00 (100.00%)   |       N/A        |        0.00        |       1.00000      |
----
### Adaptive branch site random effects likelihood test 
Likelihood ratio test for episodic diversifying positive selection at Holm-Bonferroni corrected _p =   0.0500_ found **0** branches under selection among **29** tested.

