
Analysis Description
--------------------
aBSREL (Adaptive branch-site random effects likelihood) uses an adaptive
random effects branch-site model framework to test whether each branch
has evolved under positive selection, using a procedure which infers an
optimal number of rate categories per branch. v2.2 adds support for
multiple-hit models. v2.3 adds support for SRV. v2.5 adds support for
ancestral state reconstruction, identification of sites contributing to
selection signal, and some diagnostics. 

- __Requirements__: in-frame codon alignment and a phylogenetic tree

- __Citation__:  Less Is More: An Adaptive Branch-Site Random Effects Model for
Efficient Detection of Episodic Diversifying Selection (2015). Mol Biol
Evol 32 (5): 1342-1353. 

- __Written by__: Sergei L Kosakovsky Pond, Ben Murrell, Steven Weaver and Temple iGEM /
UCSD viral evolution group

- __Contact Information__: spond@temple.edu

- __Analysis Version__: 2.5

[Advanced option] Bag of little bootstrap alignment resampling rate (permissible range = [0.01,1], default value = 1): blb: 1

>code => Universal

-------
>[WARNING]
'/home/malaevleo/mitimpair_pal2nal_noen/NP_001372664.1_bat_only_aligned_nucleotide_codon_aligned.fasta'
contains 2 duplicate sequences. Identical sequences do not contribute
any information to the analysis and only slow down computation. Please
consider removing duplicate or 'nearly' duplicate sequences, e.g. using
https://github.com/veg/hyphy-analyses/tree/master/remove-duplicates
prior to running selection analyses
-------
/home/malaevleo/mitimpair_trees_noen/NP_001372664.1_bat_only_aligned_nucleotide_codon_aligned.fasta_pruned.nwk
mitimpair_trees_noen/NP_001372664.1_bat_only_aligned_nucleotide_codon_aligned.fasta_pruned.nwk

>Loaded a multiple sequence alignment with **17** sequences, **38** codons, and **1** partitions from `/home/malaevleo/mitimpair_pal2nal_noen/NP_001372664.1_bat_only_aligned_nucleotide_codon_aligned.fasta`

>branches => All

>multiple-hits => None

>srv => No


### * Selected 31 branches for testing: `rfXP_032953043_1, paXP_006908671_1, pgXP_039724247_1, pvXP_011354168_1, Pteropusgv, Pteropus, raXP_015982727_1, Pteropodidae, sbXP_066111151_1, ajXP_037012159_2, phXP_045699511_1, pdXP_028384273_1, Phyllostomus, AjPh, drXP_024422916_3, Phyllostomidae, moXP_036132595_1, mbXP_005852962_2, mlXP_023616180_1, Myobl, mdXP_059531872_1, mmXP_036210376_1, Myodm, Myotis, pkXP_036305478_1, pnCAK6440419_1, Pipistrellus, Vespertilionidae, MolossusPhyllostomus, YangochiropteraAfterSaccopteryx, Yangochiroptera`


### Obtaining branch lengths and nucleotide substitution biases under the nucleotide GTR model

>kill-zero-lengths => Yes

### Deleted 5 zero-length internal branches: `MolossusPhyllostomus, Myobl, Myodm, Pteropus, Pteropusgv`
* Log(L) =  -649.61, AIC-c =  1378.86 (39 estimated parameters)
* 1 partition. Total tree length by partition (subs/site)  1.208

### Fitting the baseline model with a single dN/dS class per branch, and no site-to-site variation. 
* Log(L) =  -613.64, AIC-c =  1374.55 (66 estimated parameters)
* Branch-level non-synonymous/synonymous rate ratio distribution has median  0.36, and 95% of the weight in  0.00 - 10000000000.00

### Determining the optimal number of rate classes per branch using a step up procedure

|              Branch               |  Length  |  Rates   |     Max. dN/dS     |    Log(L)     |     AIC-c     |Best AIC-c so far|
|-----------------------------------|----------|----------|--------------------|---------------|---------------|-----------------|
|         mbXP_005852962_2          |   0.47   |    2     |  308.37 (31.46%)   |    -599.92    |    1352.11    |     1352.11     |
|         mbXP_005852962_2          |   0.47   |    3     |  528.45 (31.38%)   |    -599.92    |    1357.13    |     1352.11     |
|         mlXP_023616180_1          |   0.30   |    2     |   28.08 (18.45%)   |    -592.87    |    1343.03    |     1343.03     |
|         mlXP_023616180_1          |   0.30   |    3     |   28.23 (18.30%)   |    -592.87    |    1348.09    |     1343.03     |
|          Phyllostomidae           |   0.07   |    2     |    0.46 ( 0.00%)   |    -592.87    |    1348.09    |     1343.03     |
|         rfXP_032953043_1          |   0.07   |    2     |    0.47 (42.27%)   |    -592.87    |    1348.09    |     1343.03     |
|           Pipistrellus            |   0.06   |    2     |    0.00 ( 5.00%)   |    -592.87    |    1348.09    |     1343.03     |
|         Vespertilionidae          |   0.05   |    2     |   0.19 (100.00%)   |    -592.87    |    1348.09    |     1343.03     |
|           Phyllostomus            |   0.04   |    2     |    0.80 ( 0.00%)   |    -592.87    |    1348.09    |     1343.03     |
|           Pteropodidae            |   0.04   |    2     |    0.72 (20.10%)   |    -592.87    |    1348.09    |     1343.03     |
|          Yangochiroptera          |   0.04   |    2     |   0.09 (100.00%)   |    -592.87    |    1348.09    |     1343.03     |
|         sbXP_066111151_1          |   0.04   |    2     |    0.33 (47.24%)   |    -592.87    |    1348.09    |     1343.03     |
|         drXP_024422916_3          |   0.03   |    2     |    0.17 (97.92%)   |    -592.87    |    1348.09    |     1343.03     |
|              Myotis               |   0.02   |    2     |    2.63 (45.51%)   |    -592.87    |    1348.09    |     1343.03     |
|         phXP_045699511_1          |   0.02   |    2     |   12.23 ( 5.20%)   |    -592.81    |    1347.97    |     1343.03     |
|         raXP_015982727_1          |   0.02   |    2     |    0.40 (91.36%)   |    -592.87    |    1348.09    |     1343.03     |
|               AjPh                |   0.02   |    2     |    0.00 ( 0.64%)   |    -592.87    |    1348.09    |     1343.03     |
|         ajXP_037012159_2          |   0.01   |    2     |    0.00 ( 5.00%)   |    -592.87    |    1348.09    |     1343.03     |
|         moXP_036132595_1          |   0.01   |    2     |    0.00 ( 1.67%)   |    -592.87    |    1348.09    |     1343.03     |
|         pkXP_036305478_1          |   0.01   |    2     |    0.00 ( 5.00%)   |    -592.87    |    1348.09    |     1343.03     |
|  YangochiropteraAfterSaccopteryx  |   0.01   |    2     |    0.00 ( 0.00%)   |    -592.87    |    1348.09    |     1343.03     |
|         mmXP_036210376_1          |   0.01   |    2     |    0.00 ( 0.00%)   |    -592.87    |    1348.09    |     1343.03     |
|          pnCAK6440419_1           |   0.01   |    2     |   1.00 (100.00%)   |    -593.10    |    1348.55    |     1343.03     |
|         mdXP_059531872_1          |   0.00   |    2     |    0.26 ( 3.72%)   |    -592.87    |    1348.09    |     1343.03     |
|         pdXP_028384273_1          |   0.00   |    2     |    0.27 ( 3.72%)   |    -592.87    |    1348.09    |     1343.03     |
|         pgXP_039724247_1          |   0.00   |    2     |    0.27 ( 3.72%)   |    -592.87    |    1348.09    |     1343.03     |
|         paXP_006908671_1          |   0.00   |    2     |    0.27 ( 3.72%)   |    -592.87    |    1348.09    |     1343.03     |
|         pvXP_011354168_1          |   0.00   |    2     |    0.26 (13.82%)   |    -592.87    |    1348.09    |     1343.03     |

### Rate class analyses summary
*  2 branches with **2** rate classes
*  24 branches with **1** rate classes

### Improving parameter estimates of the adaptive rate class model
* Log(L) =  -589.41, AIC-c =  1336.11 (70 estimated parameters)

### Testing selected branches for selection

|              Branch               |  Rates   |     Max. dN/dS     | Sites @ EBF>=100 |      Test LRT      |Uncorrected p-value |
|-----------------------------------|----------|--------------------|------------------|--------------------|--------------------|
|         mbXP_005852962_2          |     2    |   >1000 (31.21%)   |         11       |       13.53        |       0.00039      |
|         mlXP_023616180_1          |     2    |   46.24 (21.17%)   |          4       |        9.33        |       0.00328      |
|          Phyllostomidae           |     1    |   0.25 (100.00%)   |       N/A        |        0.00        |       1.00000      |
|         rfXP_032953043_1          |     1    |   0.47 (100.00%)   |       N/A        |        0.00        |       1.00000      |
|           Pipistrellus            |     1    |   0.00 (100.00%)   |       N/A        |        0.00        |       1.00000      |
|         Vespertilionidae          |     1    |   0.19 (100.00%)   |       N/A        |        0.00        |       1.00000      |
|           Phyllostomus            |     1    |   0.56 (100.00%)   |       N/A        |        0.00        |       1.00000      |
|           Pteropodidae            |     1    |   0.69 (100.00%)   |       N/A        |        0.00        |       1.00000      |
|          Yangochiroptera          |     1    |   0.09 (100.00%)   |       N/A        |        0.00        |       1.00000      |
|         sbXP_066111151_1          |     1    |   0.32 (100.00%)   |       N/A        |        0.00        |       1.00000      |
|         drXP_024422916_3          |     1    |   0.17 (100.00%)   |       N/A        |        0.00        |       1.00000      |
|              Myotis               |     1    |   1.76 (100.00%)   |       N/A        |        0.01        |       0.48342      |
|         phXP_045699511_1          |     1    |   0.39 (100.00%)   |       N/A        |        0.00        |       1.00000      |
|         raXP_015982727_1          |     1    |   0.38 (100.00%)   |       N/A        |        0.00        |       1.00000      |
|               AjPh                |     1    |   0.00 (100.00%)   |       N/A        |        0.00        |       1.00000      |
|         ajXP_037012159_2          |     1    |   0.00 (100.00%)   |       N/A        |        0.00        |       1.00000      |
|         moXP_036132595_1          |     1    |   0.00 (100.00%)   |       N/A        |        0.00        |       1.00000      |
|         pkXP_036305478_1          |     1    |   0.00 (100.00%)   |       N/A        |        0.00        |       1.00000      |
|  YangochiropteraAfterSaccopteryx  |     1    |   0.00 (100.00%)   |       N/A        |        0.00        |       1.00000      |
|         mmXP_036210376_1          |     1    |   0.00 (100.00%)   |       N/A        |        0.00        |       1.00000      |
|          pnCAK6440419_1           |     1    |  >1000 (100.00%)   |       N/A        |        0.40        |       0.35066      |
|         mdXP_059531872_1          |     1    |   1.00 (100.00%)   |       N/A        |        0.00        |       1.00000      |
|         pdXP_028384273_1          |     1    |   1.00 (100.00%)   |       N/A        |        0.00        |       1.00000      |
|         pgXP_039724247_1          |     1    |   1.00 (100.00%)   |       N/A        |        0.00        |       1.00000      |
|         paXP_006908671_1          |     1    |   1.00 (100.00%)   |       N/A        |        0.00        |       1.00000      |
|         pvXP_011354168_1          |     1    |   1.00 (100.00%)   |       N/A        |        0.00        |       1.00000      |
----
### Adaptive branch site random effects likelihood test 
Likelihood ratio test for episodic diversifying positive selection at Holm-Bonferroni corrected _p =   0.0500_ found **1** branches under selection among **26** tested.

* mbXP_005852962_2, p-value =  0.01023
