
Analysis Description
--------------------
aBSREL (Adaptive branch-site random effects likelihood) uses an adaptive
random effects branch-site model framework to test whether each branch
has evolved under positive selection, using a procedure which infers an
optimal number of rate categories per branch. v2.2 adds support for
multiple-hit models. v2.3 adds support for SRV. v2.5 adds support for
ancestral state reconstruction, identification of sites contributing to
selection signal, and some diagnostics. 

- __Requirements__: in-frame codon alignment and a phylogenetic tree

- __Citation__:  Less Is More: An Adaptive Branch-Site Random Effects Model for
Efficient Detection of Episodic Diversifying Selection (2015). Mol Biol
Evol 32 (5): 1342-1353. 

- __Written by__: Sergei L Kosakovsky Pond, Ben Murrell, Steven Weaver and Temple iGEM /
UCSD viral evolution group

- __Contact Information__: spond@temple.edu

- __Analysis Version__: 2.5

[Advanced option] Bag of little bootstrap alignment resampling rate (permissible range = [0.01,1], default value = 1): blb: 1

>code => Universal
/home/malaevleo/mitimpair_trees_noen/NP_115682.1_bat_only_aligned_nucleotide_codon_aligned.fasta_pruned.nwk
mitimpair_trees_noen/NP_115682.1_bat_only_aligned_nucleotide_codon_aligned.fasta_pruned.nwk

>Loaded a multiple sequence alignment with **17** sequences, **159** codons, and **1** partitions from `/home/malaevleo/mitimpair_pal2nal_noen/NP_115682.1_bat_only_aligned_nucleotide_codon_aligned.fasta`

>branches => All

>multiple-hits => None

>srv => No


### * Selected 31 branches for testing: `rfXP_032990344_1, paXP_006904201_1, pgXP_039734433_1, pvXP_011371894_1, Pteropusgv, Pteropus, raXP_016000723_2, Pteropodidae, sbXP_066130575_1, ajXP_037021275_2, phXP_045687313_1, pdXP_028376331_1, Phyllostomus, AjPh, drXP_024424814_2, Phyllostomidae, moXP_036096315_1, mbXP_014387355_1, mlXP_014321934_1, Myobl, mdXP_059552933_1, mmXP_036169183_1, Myodm, Myotis, pkXP_036315974_1, pnCAK6445580_1, Pipistrellus, Vespertilionidae, MolossusPhyllostomus, YangochiropteraAfterSaccopteryx, Yangochiroptera`


### Obtaining branch lengths and nucleotide substitution biases under the nucleotide GTR model

>kill-zero-lengths => Yes

### Deleted 2 zero-length internal branches: `Pteropusgv, YangochiropteraAfterSaccopteryx`
* Log(L) = -1936.02, AIC-c =  3950.42 (39 estimated parameters)
* 1 partition. Total tree length by partition (subs/site)  0.517

### Fitting the baseline model with a single dN/dS class per branch, and no site-to-site variation. 
* Log(L) = -1824.67, AIC-c =  3797.34 (72 estimated parameters)
* Branch-level non-synonymous/synonymous rate ratio distribution has median  0.21, and 95% of the weight in  0.00 -  1.00

### Determining the optimal number of rate classes per branch using a step up procedure

|              Branch               |  Length  |  Rates   |     Max. dN/dS     |    Log(L)     |     AIC-c     |Best AIC-c so far|
|-----------------------------------|----------|----------|--------------------|---------------|---------------|-----------------|
|           Pteropodidae            |   0.06   |    2     |    8.00 ( 2.51%)   |   -1821.02    |    3794.26    |     3794.26     |
|           Pteropodidae            |   0.06   |    3     |  243.12 ( 1.26%)   |   -1820.77    |    3797.99    |     3794.26     |
|         sbXP_066130575_1          |   0.06   |    2     |  121.21 ( 0.83%)   |   -1820.81    |    3798.07    |     3794.26     |
|         rfXP_032990344_1          |   0.05   |    2     |   0.17 (100.00%)   |   -1821.02    |    3798.50    |     3794.26     |
|         raXP_016000723_2          |   0.04   |    2     |    0.17 (97.11%)   |   -1821.02    |    3798.49    |     3794.26     |
|         moXP_036096315_1          |   0.04   |    2     |   0.11 (100.00%)   |   -1821.02    |    3798.50    |     3794.26     |
|         drXP_024424814_2          |   0.03   |    2     |    8.23 ( 1.97%)   |   -1819.87    |    3796.20    |     3794.26     |
|         ajXP_037021275_2          |   0.03   |    2     |    0.17 ( 9.25%)   |   -1821.02    |    3798.50    |     3794.26     |
|          Phyllostomidae           |   0.03   |    2     |   0.15 (100.00%)   |   -1821.02    |    3798.50    |     3794.26     |
|         Vespertilionidae          |   0.03   |    2     |    8.66 ( 2.06%)   |   -1819.78    |    3796.01    |     3794.26     |
|           Phyllostomus            |   0.03   |    2     |    0.18 (96.44%)   |   -1821.02    |    3798.50    |     3794.26     |
|               Myobl               |   0.02   |    2     |   >1000 ( 2.32%)   |   -1803.70    |    3763.86    |     3763.86     |
|               Myobl               |   0.02   |    3     |   >1000 ( 2.35%)   |   -1803.74    |    3768.18    |     3763.86     |
|          Yangochiroptera          |   0.02   |    2     |    0.00 ( 0.00%)   |   -1803.70    |    3768.10    |     3763.86     |
|       MolossusPhyllostomus        |   0.01   |    2     |    0.40 (47.16%)   |   -1803.70    |    3768.10    |     3763.86     |
|           Pipistrellus            |   0.01   |    2     |    0.84 (10.98%)   |   -1803.71    |    3768.11    |     3763.86     |
|             Pteropus              |   0.01   |    2     |    0.32 (90.17%)   |   -1803.70    |    3768.10    |     3763.86     |
|          pnCAK6445580_1           |   0.01   |    2     |    0.39 (10.59%)   |   -1803.70    |    3768.10    |     3763.86     |
|         mbXP_014387355_1          |   0.01   |    2     |  444.41 ( 1.27%)   |   -1800.53    |    3761.76    |     3761.76     |
|         mbXP_014387355_1          |   0.01   |    3     |  449.90 ( 1.29%)   |   -1800.50    |    3765.95    |     3761.76     |
|         pdXP_028376331_1          |   0.01   |    2     |    0.40 (95.00%)   |   -1800.53    |    3766.01    |     3761.76     |
|         mmXP_036169183_1          |   0.01   |    2     |    0.50 (25.00%)   |   -1800.53    |    3766.01    |     3761.76     |
|              Myotis               |   0.01   |    2     |    0.96 (32.57%)   |   -1800.19    |    3765.33    |     3761.76     |
|         pkXP_036315974_1          |   0.01   |    2     |    0.53 ( 4.06%)   |   -1800.53    |    3766.01    |     3761.76     |
|         mlXP_014321934_1          |   0.01   |    2     |    0.46 (16.72%)   |   -1800.34    |    3765.62    |     3761.76     |
|         pvXP_011371894_1          |   0.00   |    2     |    0.00 ( 5.00%)   |   -1800.53    |    3766.01    |     3761.76     |
|         paXP_006904201_1          |   0.00   |    2     |    0.00 ( 5.00%)   |   -1800.53    |    3766.01    |     3761.76     |
|               Myodm               |   0.00   |    2     |    0.23 (70.62%)   |   -1800.10    |    3765.14    |     3761.76     |
|               AjPh                |   0.00   |    2     |    0.00 ( 0.64%)   |   -1800.53    |    3766.01    |     3761.76     |
|         pgXP_039734433_1          |   0.00   |    2     |    0.00 ( 5.00%)   |   -1800.53    |    3766.01    |     3761.76     |
|         phXP_045687313_1          |   0.00   |    2     |    0.00 ( 0.64%)   |   -1800.53    |    3766.01    |     3761.76     |
|         mdXP_059552933_1          |   0.00   |    2     |    0.30 (13.82%)   |   -1800.53    |    3766.01    |     3761.76     |

### Rate class analyses summary
*  3 branches with **2** rate classes
*  26 branches with **1** rate classes

### Improving parameter estimates of the adaptive rate class model
* Log(L) = -1797.47, AIC-c =  3755.64 (78 estimated parameters)

### Testing selected branches for selection

|              Branch               |  Rates   |     Max. dN/dS     | Sites @ EBF>=100 |      Test LRT      |Uncorrected p-value |
|-----------------------------------|----------|--------------------|------------------|--------------------|--------------------|
|           Pteropodidae            |     2    |    8.20 ( 2.56%)   |          3       |        2.47        |       0.11069      |
|         sbXP_066130575_1          |     1    |   0.25 (100.00%)   |       N/A        |        0.00        |       1.00000      |
|         rfXP_032990344_1          |     1    |   0.16 (100.00%)   |       N/A        |        0.00        |       1.00000      |
|         raXP_016000723_2          |     1    |   0.16 (100.00%)   |       N/A        |        0.00        |       1.00000      |
|         moXP_036096315_1          |     1    |   0.11 (100.00%)   |       N/A        |        0.00        |       1.00000      |
|         drXP_024424814_2          |     1    |   0.07 (100.00%)   |       N/A        |        0.00        |       1.00000      |
|         ajXP_037021275_2          |     1    |   0.16 (100.00%)   |       N/A        |        0.00        |       1.00000      |
|          Phyllostomidae           |     1    |   0.16 (100.00%)   |       N/A        |        0.00        |       1.00000      |
|         Vespertilionidae          |     1    |   0.08 (100.00%)   |       N/A        |        0.00        |       1.00000      |
|           Phyllostomus            |     1    |   0.18 (100.00%)   |       N/A        |        0.00        |       1.00000      |
|               Myobl               |     2    |   >1000 ( 2.49%)   |          4       |       32.71        |       0.00000      |
|          Yangochiroptera          |     1    |   0.00 (100.00%)   |       N/A        |        0.00        |       1.00000      |
|       MolossusPhyllostomus        |     1    |   0.30 (100.00%)   |       N/A        |        0.00        |       1.00000      |
|           Pipistrellus            |     1    |   0.08 (100.00%)   |       N/A        |        0.00        |       1.00000      |
|             Pteropus              |     1    |   0.27 (100.00%)   |       N/A        |        0.00        |       1.00000      |
|          pnCAK6445580_1           |     1    |   0.26 (100.00%)   |       N/A        |        0.00        |       1.00000      |
|         mbXP_014387355_1          |     2    |  500.02 ( 1.33%)   |          2       |        8.36        |       0.00535      |
|         pdXP_028376331_1          |     1    |   0.38 (100.00%)   |       N/A        |        0.00        |       1.00000      |
|         mmXP_036169183_1          |     1    |   0.41 (100.00%)   |       N/A        |        0.00        |       1.00000      |
|              Myotis               |     1    |  >1000 (100.00%)   |       N/A        |        0.04        |       0.45999      |
|         pkXP_036315974_1          |     1    |   0.20 (100.00%)   |       N/A        |        0.00        |       1.00000      |
|         mlXP_014321934_1          |     1    |   0.41 (100.00%)   |       N/A        |        0.00        |       1.00000      |
|         pvXP_011371894_1          |     1    |   0.00 (100.00%)   |       N/A        |        0.00        |       1.00000      |
|         paXP_006904201_1          |     1    |   0.00 (100.00%)   |       N/A        |        0.00        |       1.00000      |
|               Myodm               |     1    |   0.20 (100.00%)   |       N/A        |        0.00        |       1.00000      |
|               AjPh                |     1    |   0.00 (100.00%)   |       N/A        |        0.00        |       1.00000      |
|         pgXP_039734433_1          |     1    |   0.00 (100.00%)   |       N/A        |        0.00        |       1.00000      |
|         phXP_045687313_1          |     1    |   0.00 (100.00%)   |       N/A        |        0.00        |       1.00000      |
|         mdXP_059552933_1          |     1    |   1.00 (100.00%)   |       N/A        |        0.00        |       1.00000      |
----
### Adaptive branch site random effects likelihood test 
Likelihood ratio test for episodic diversifying positive selection at Holm-Bonferroni corrected _p =   0.0500_ found **1** branches under selection among **29** tested.

* Myobl, p-value =  0.00000
