
Analysis Description
--------------------
aBSREL (Adaptive branch-site random effects likelihood) uses an adaptive
random effects branch-site model framework to test whether each branch
has evolved under positive selection, using a procedure which infers an
optimal number of rate categories per branch. v2.2 adds support for
multiple-hit models. v2.3 adds support for SRV. v2.5 adds support for
ancestral state reconstruction, identification of sites contributing to
selection signal, and some diagnostics. 

- __Requirements__: in-frame codon alignment and a phylogenetic tree

- __Citation__:  Less Is More: An Adaptive Branch-Site Random Effects Model for
Efficient Detection of Episodic Diversifying Selection (2015). Mol Biol
Evol 32 (5): 1342-1353. 

- __Written by__: Sergei L Kosakovsky Pond, Ben Murrell, Steven Weaver and Temple iGEM /
UCSD viral evolution group

- __Contact Information__: spond@temple.edu

- __Analysis Version__: 2.5

[Advanced option] Bag of little bootstrap alignment resampling rate (permissible range = [0.01,1], default value = 1): blb: 1

>code => Universal
/home/malaevleo/mitimpair_trees_noen/NP_852090.1_bat_only_aligned_nucleotide_codon_aligned.fasta_pruned.nwk
mitimpair_trees_noen/NP_852090.1_bat_only_aligned_nucleotide_codon_aligned.fasta_pruned.nwk

>Loaded a multiple sequence alignment with **16** sequences, **80** codons, and **1** partitions from `/home/malaevleo/mitimpair_pal2nal_noen/NP_852090.1_bat_only_aligned_nucleotide_codon_aligned.fasta`

>branches => All

>multiple-hits => None

>srv => No


### * Selected 30 branches for testing: `rfXP_032979832_1, paXP_024907179_1, pvXP_023380357_1, Pteropusgv, Pteropus, raXP_036073732_1, Pteropodidae, sbXP_066113231_1, ajXP_037013494_1, phXP_045696434_1, pdXP_028374321_1, Phyllostomus, AjPh, drXP_053779923_1, Phyllostomidae, moXP_036117861_1, mbXP_014396790_1, mlXP_006101126_1, Myobl, mdXP_059512837_1, mmXP_036186807_1, Myodm, Myotis, pkXP_036289765_1, pnCAK6433975_1, Pipistrellus, Vespertilionidae, MolossusPhyllostomus, YangochiropteraAfterSaccopteryx, Yangochiroptera`


### Obtaining branch lengths and nucleotide substitution biases under the nucleotide GTR model

>kill-zero-lengths => Yes

### Deleted 4 zero-length internal branches: `Myobl, Myodm, Phyllostomus, Pteropusgv`
* Log(L) = -1023.81, AIC-c =  2124.39 (38 estimated parameters)
* 1 partition. Total tree length by partition (subs/site)  0.586

### Fitting the baseline model with a single dN/dS class per branch, and no site-to-site variation. 
* Log(L) =  -936.33, AIC-c =  2011.96 (66 estimated parameters)
* Branch-level non-synonymous/synonymous rate ratio distribution has median  0.39, and 95% of the weight in  0.00 - 10000000000.00

### Determining the optimal number of rate classes per branch using a step up procedure

|              Branch               |  Length  |  Rates   |     Max. dN/dS     |    Log(L)     |     AIC-c     |Best AIC-c so far|
|-----------------------------------|----------|----------|--------------------|---------------|---------------|-----------------|
|         sbXP_066113231_1          |   0.08   |    2     |    0.08 (54.43%)   |    -936.33    |    2016.41    |     2011.96     |
|         moXP_036117861_1          |   0.08   |    2     |  279.01 ( 4.36%)   |    -928.66    |    2001.07    |     2001.07     |
|         moXP_036117861_1          |   0.08   |    3     |  278.72 ( 4.36%)   |    -928.66    |    2005.55    |     2001.07     |
|         raXP_036073732_1          |   0.08   |    2     |  854.13 ( 4.35%)   |    -915.92    |    1980.06    |     1980.06     |
|         raXP_036073732_1          |   0.08   |    3     |   >1000 ( 5.44%)   |    -915.83    |    1984.37    |     1980.06     |
|           Pipistrellus            |   0.04   |    2     |    0.24 (44.01%)   |    -915.91    |    1984.54    |     1980.06     |
|           Pteropodidae            |   0.04   |    2     |    0.25 (27.33%)   |    -915.87    |    1984.45    |     1980.06     |
|         ajXP_037013494_1          |   0.04   |    2     |    0.00 ( 0.64%)   |    -915.92    |    1984.55    |     1980.06     |
|          Phyllostomidae           |   0.03   |    2     |    0.14 (52.62%)   |    -915.92    |    1984.54    |     1980.06     |
|             Pteropus              |   0.03   |    2     |   >1000 (16.55%)   |    -915.22    |    1983.14    |     1980.06     |
|              Myotis               |   0.02   |    2     |    0.00 ( 0.00%)   |    -915.92    |    1984.54    |     1980.06     |
|         Vespertilionidae          |   0.02   |    2     |    0.00 ( 3.09%)   |    -915.92    |    1984.54    |     1980.06     |
|         rfXP_032979832_1          |   0.02   |    2     |    0.37 (74.33%)   |    -915.92    |    1984.54    |     1980.06     |
|         drXP_053779923_1          |   0.01   |    2     |    0.97 (10.47%)   |    -915.92    |    1984.55    |     1980.06     |
|         phXP_045696434_1          |   0.01   |    2     |    0.00 ( 0.00%)   |    -915.92    |    1984.55    |     1980.06     |
|         mlXP_006101126_1          |   0.01   |    2     |    0.00 ( 5.00%)   |    -915.92    |    1984.55    |     1980.06     |
|         pdXP_028374321_1          |   0.01   |    2     |    0.00 ( 0.00%)   |    -915.92    |    1984.55    |     1980.06     |
|  YangochiropteraAfterSaccopteryx  |   0.01   |    2     |    0.00 ( 0.00%)   |    -915.91    |    1984.54    |     1980.06     |
|               AjPh                |   0.01   |    2     |    0.39 (91.45%)   |    -915.92    |    1984.55    |     1980.06     |
|         mdXP_059512837_1          |   0.01   |    2     |   54.32 ( 1.79%)   |    -915.76    |    1984.24    |     1980.06     |
|         mmXP_036186807_1          |   0.01   |    2     |    0.00 ( 0.00%)   |    -915.92    |    1984.55    |     1980.06     |
|         pkXP_036289765_1          |   0.01   |    2     |    0.00 ( 0.00%)   |    -915.92    |    1984.55    |     1980.06     |
|       MolossusPhyllostomus        |   0.00   |    2     |  >1000 (100.00%)   |    -915.92    |    1984.55    |     1980.06     |
|         paXP_024907179_1          |   0.00   |    2     |   1.00 (100.00%)   |    -916.31    |    1985.32    |     1980.06     |
|         mbXP_014396790_1          |   0.00   |    2     |   1.00 (100.00%)   |    -916.30    |    1985.30    |     1980.06     |
|          Yangochiroptera          |   0.00   |    2     |    0.00 ( 4.25%)   |    -915.92    |    1984.55    |     1980.06     |
|          pnCAK6433975_1           |   0.00   |    2     |    0.30 ( 6.52%)   |    -915.92    |    1984.55    |     1980.06     |
|         pvXP_023380357_1          |   0.00   |    2     |    0.27 ( 3.72%)   |    -915.92    |    1984.55    |     1980.06     |

### Rate class analyses summary
*  24 branches with **1** rate classes
*  2 branches with **2** rate classes

### Improving parameter estimates of the adaptive rate class model
* Log(L) =  -911.68, AIC-c =  1971.58 (70 estimated parameters)

### Testing selected branches for selection

|              Branch               |  Rates   |     Max. dN/dS     | Sites @ EBF>=100 |      Test LRT      |Uncorrected p-value |
|-----------------------------------|----------|--------------------|------------------|--------------------|--------------------|
|         sbXP_066113231_1          |     1    |   0.07 (100.00%)   |       N/A        |        0.00        |       1.00000      |
|         moXP_036117861_1          |     2    |   >1000 ( 4.26%)   |          2       |       11.44        |       0.00112      |
|         raXP_036073732_1          |     2    |   >1000 ( 5.63%)   |          4       |       22.32        |       0.00000      |
|           Pipistrellus            |     1    |   0.09 (100.00%)   |       N/A        |        0.00        |       1.00000      |
|           Pteropodidae            |     1    |   0.19 (100.00%)   |       N/A        |        0.00        |       1.00000      |
|         ajXP_037013494_1          |     1    |   0.00 (100.00%)   |       N/A        |        0.00        |       1.00000      |
|          Phyllostomidae           |     1    |   0.07 (100.00%)   |       N/A        |        0.00        |       1.00000      |
|             Pteropus              |     1    |  >1000 (100.00%)   |       N/A        |        0.61        |       0.30860      |
|              Myotis               |     1    |   0.00 (100.00%)   |       N/A        |        0.00        |       1.00000      |
|         Vespertilionidae          |     1    |   0.00 (100.00%)   |       N/A        |        0.00        |       1.00000      |
|         rfXP_032979832_1          |     1    |   0.32 (100.00%)   |       N/A        |        0.00        |       1.00000      |
|         drXP_053779923_1          |     1    |   0.85 (100.00%)   |       N/A        |        0.00        |       1.00000      |
|         phXP_045696434_1          |     1    |   0.00 (100.00%)   |       N/A        |        0.00        |       1.00000      |
|         mlXP_006101126_1          |     1    |   0.00 (100.00%)   |       N/A        |        0.00        |       1.00000      |
|         pdXP_028374321_1          |     1    |   0.00 (100.00%)   |       N/A        |        0.00        |       1.00000      |
|  YangochiropteraAfterSaccopteryx  |     1    |   0.00 (100.00%)   |       N/A        |        0.00        |       1.00000      |
|               AjPh                |     1    |   0.35 (100.00%)   |       N/A        |        0.00        |       1.00000      |
|         mdXP_059512837_1          |     1    |   0.40 (100.00%)   |       N/A        |        0.00        |       1.00000      |
|         mmXP_036186807_1          |     1    |   0.00 (100.00%)   |       N/A        |        0.00        |       1.00000      |
|         pkXP_036289765_1          |     1    |   0.00 (100.00%)   |       N/A        |        0.00        |       1.00000      |
|       MolossusPhyllostomus        |     1    |  >1000 (100.00%)   |       N/A        |        0.44        |       0.34174      |
|         paXP_024907179_1          |     1    |  >1000 (100.00%)   |       N/A        |        0.71        |       0.28994      |
|         mbXP_014396790_1          |     1    |  >1000 (100.00%)   |       N/A        |        0.68        |       0.29533      |
|          Yangochiroptera          |     1    |   0.00 (100.00%)   |       N/A        |        0.00        |       1.00000      |
|          pnCAK6433975_1           |     1    |   1.00 (100.00%)   |       N/A        |        0.00        |       1.00000      |
|         pvXP_023380357_1          |     1    |   1.00 (100.00%)   |       N/A        |        0.00        |       1.00000      |
----
### Adaptive branch site random effects likelihood test 
Likelihood ratio test for episodic diversifying positive selection at Holm-Bonferroni corrected _p =   0.0500_ found **2** branches under selection among **26** tested.

* raXP_036073732_1, p-value =  0.00012
* moXP_036117861_1, p-value =  0.02812
