
Analysis Description
--------------------
aBSREL (Adaptive branch-site random effects likelihood) uses an adaptive
random effects branch-site model framework to test whether each branch
has evolved under positive selection, using a procedure which infers an
optimal number of rate categories per branch. v2.2 adds support for
multiple-hit models. v2.3 adds support for SRV. v2.5 adds support for
ancestral state reconstruction, identification of sites contributing to
selection signal, and some diagnostics. 

- __Requirements__: in-frame codon alignment and a phylogenetic tree

- __Citation__:  Less Is More: An Adaptive Branch-Site Random Effects Model for
Efficient Detection of Episodic Diversifying Selection (2015). Mol Biol
Evol 32 (5): 1342-1353. 

- __Written by__: Sergei L Kosakovsky Pond, Ben Murrell, Steven Weaver and Temple iGEM /
UCSD viral evolution group

- __Contact Information__: spond@temple.edu

- __Analysis Version__: 2.5

[Advanced option] Bag of little bootstrap alignment resampling rate (permissible range = [0.01,1], default value = 1): blb: 1

>code => Universal

-------
>[WARNING]
'/home/malaevleo/mitimpair_pal2nal_noen/P14406.1_bat_only_aligned_nucleotide_codon_aligned.fasta'
contains 2 duplicate sequences. Identical sequences do not contribute
any information to the analysis and only slow down computation. Please
consider removing duplicate or 'nearly' duplicate sequences, e.g. using
https://github.com/veg/hyphy-analyses/tree/master/remove-duplicates
prior to running selection analyses
-------
/home/malaevleo/mitimpair_trees_noen/P14406.1_bat_only_aligned_nucleotide_codon_aligned.fasta_pruned.nwk
mitimpair_trees_noen/P14406.1_bat_only_aligned_nucleotide_codon_aligned.fasta_pruned.nwk

>Loaded a multiple sequence alignment with **17** sequences, **55** codons, and **1** partitions from `/home/malaevleo/mitimpair_pal2nal_noen/P14406.1_bat_only_aligned_nucleotide_codon_aligned.fasta`

>branches => All

>multiple-hits => None

>srv => No


### * Selected 31 branches for testing: `rfXP_032959283_1, paXP_006926438_1, pgXP_039709096_1, pvXP_011381860_1, Pteropusgv, Pteropus, raXP_015997171_2, Pteropodidae, sbXP_066109090_1, ajXP_037003325_1, phXP_045699851_1, pdXP_028364468_1, Phyllostomus, AjPh, drXP_024432385_1, Phyllostomidae, moXP_036104371_1, mbXP_014391268_1, mlXP_023610053_1, Myobl, mdXP_059557148_1, mmXP_036173133_1, Myodm, Myotis, pkXP_036269556_1, pnCAK6446828_1, Pipistrellus, Vespertilionidae, MolossusPhyllostomus, YangochiropteraAfterSaccopteryx, Yangochiroptera`


### Obtaining branch lengths and nucleotide substitution biases under the nucleotide GTR model

>kill-zero-lengths => Yes

### Deleted 7 zero-length internal branches: `MolossusPhyllostomus, Myobl, Myodm, Pteropodidae, Pteropusgv, Yangochiroptera, YangochiropteraAfterSaccopteryx`
* Log(L) =  -574.91, AIC-c =  1228.96 (39 estimated parameters)
* 1 partition. Total tree length by partition (subs/site)  0.402

### Fitting the baseline model with a single dN/dS class per branch, and no site-to-site variation. 
* Log(L) =  -542.80, AIC-c =  1218.56 (62 estimated parameters)
* Branch-level non-synonymous/synonymous rate ratio distribution has median  0.37, and 95% of the weight in  0.00 - 10000000000.00

### Determining the optimal number of rate classes per branch using a step up procedure

|              Branch               |  Length  |  Rates   |     Max. dN/dS     |    Log(L)     |     AIC-c     |Best AIC-c so far|
|-----------------------------------|----------|----------|--------------------|---------------|---------------|-----------------|
|         mlXP_023610053_1          |   0.09   |    2     |   >1000 ( 9.50%)   |    -522.18    |    1181.93    |     1181.93     |
|         mlXP_023610053_1          |   0.09   |    3     |   >1000 ( 8.74%)   |    -522.67    |    1187.52    |     1181.93     |
|         moXP_036104371_1          |   0.06   |    2     |    0.17 (85.15%)   |    -522.18    |    1186.55    |     1181.93     |
|           Pipistrellus            |   0.04   |    2     |   0.15 (100.00%)   |    -522.18    |    1186.55    |     1181.93     |
|         sbXP_066109090_1          |   0.03   |    2     |    0.27 ( 7.01%)   |    -522.18    |    1186.55    |     1181.93     |
|         rfXP_032959283_1          |   0.02   |    2     |    0.38 (76.60%)   |    -522.18    |    1186.55    |     1181.93     |
|          Phyllostomidae           |   0.02   |    2     |    0.13 (47.47%)   |    -522.18    |    1186.55    |     1181.93     |
|         raXP_015997171_2          |   0.02   |    2     |    0.78 (76.35%)   |    -522.18    |    1186.55    |     1181.93     |
|          pnCAK6446828_1           |   0.02   |    2     |    0.00 ( 0.00%)   |    -522.18    |    1186.55    |     1181.93     |
|         Vespertilionidae          |   0.01   |    2     |  >1000 (100.00%)   |    -522.18    |    1186.55    |     1181.93     |
|         drXP_024432385_1          |   0.01   |    2     |   1.00 (100.00%)   |    -522.85    |    1187.88    |     1181.93     |
|              Myotis               |   0.01   |    2     |    0.40 (80.00%)   |    -522.18    |    1186.55    |     1181.93     |
|           Phyllostomus            |   0.01   |    2     |    0.00 ( 5.00%)   |    -522.18    |    1186.55    |     1181.93     |
|         pkXP_036269556_1          |   0.01   |    2     |    0.00 ( 5.00%)   |    -522.18    |    1186.55    |     1181.93     |
|         phXP_045699851_1          |   0.01   |    2     |   1.00 (100.00%)   |    -522.52    |    1187.22    |     1181.93     |
|         paXP_006926438_1          |   0.01   |    2     |   1.00 (100.00%)   |    -522.50    |    1187.19    |     1181.93     |
|               AjPh                |   0.01   |    2     |    0.25 (13.57%)   |    -525.09    |    1192.36    |     1181.93     |
|             Pteropus              |   0.01   |    2     |    0.00 ( 0.00%)   |    -522.18    |    1186.55    |     1181.93     |
|         mmXP_036173133_1          |   0.01   |    2     |    0.00 ( 5.00%)   |    -522.18    |    1186.55    |     1181.93     |
|         ajXP_037003325_1          |   0.01   |    2     |    0.00 ( 0.00%)   |    -522.18    |    1186.55    |     1181.93     |
|         mbXP_014391268_1          |   0.00   |    2     |    0.27 ( 2.00%)   |    -522.18    |    1186.55    |     1181.93     |
|         pgXP_039709096_1          |   0.00   |    2     |    0.26 ( 3.72%)   |    -522.18    |    1186.55    |     1181.93     |
|         pvXP_011381860_1          |   0.00   |    2     |    0.27 ( 2.00%)   |    -522.18    |    1186.55    |     1181.93     |
|         pdXP_028364468_1          |   0.00   |    2     |    0.30 (13.82%)   |    -522.18    |    1186.55    |     1181.93     |
|         mdXP_059557148_1          |   0.00   |    2     |    0.30 (13.82%)   |    -522.18    |    1186.55    |     1181.93     |

### Rate class analyses summary
*  1 branches with **2** rate classes
*  23 branches with **1** rate classes

### Improving parameter estimates of the adaptive rate class model
* Log(L) =  -521.46, AIC-c =  1180.49 (64 estimated parameters)

### Testing selected branches for selection

|              Branch               |  Rates   |     Max. dN/dS     | Sites @ EBF>=100 |      Test LRT      |Uncorrected p-value |
|-----------------------------------|----------|--------------------|------------------|--------------------|--------------------|
|         mlXP_023610053_1          |     2    |   >1000 ( 9.47%)   |          5       |       31.67        |       0.00000      |
|         moXP_036104371_1          |     1    |   0.17 (100.00%)   |       N/A        |        0.00        |       1.00000      |
|           Pipistrellus            |     1    |   0.15 (100.00%)   |       N/A        |        0.00        |       1.00000      |
|         sbXP_066109090_1          |     1    |   0.25 (100.00%)   |       N/A        |        0.00        |       1.00000      |
|         rfXP_032959283_1          |     1    |   0.38 (100.00%)   |       N/A        |        0.00        |       1.00000      |
|          Phyllostomidae           |     1    |   0.13 (100.00%)   |       N/A        |        0.00        |       1.00000      |
|         raXP_015997171_2          |     1    |   0.73 (100.00%)   |       N/A        |        0.00        |       1.00000      |
|          pnCAK6446828_1           |     1    |   0.00 (100.00%)   |       N/A        |        0.00        |       1.00000      |
|         Vespertilionidae          |     1    |  >1000 (100.00%)   |       N/A        |        1.16        |       0.22424      |
|         drXP_024432385_1          |     1    |  >1000 (100.00%)   |       N/A        |        1.35        |       0.20205      |
|              Myotis               |     1    |   0.38 (100.00%)   |       N/A        |        0.00        |       1.00000      |
|           Phyllostomus            |     1    |   0.00 (100.00%)   |       N/A        |        0.00        |       1.00000      |
|         pkXP_036269556_1          |     1    |   0.00 (100.00%)   |       N/A        |        0.00        |       1.00000      |
|         phXP_045699851_1          |     1    |  >1000 (100.00%)   |       N/A        |        0.68        |       0.29483      |
|         paXP_006926438_1          |     1    |  >1000 (100.00%)   |       N/A        |        0.65        |       0.30078      |
|               AjPh                |     1    |  >1000 (100.00%)   |       N/A        |        0.65        |       0.30005      |
|             Pteropus              |     1    |   0.00 (100.00%)   |       N/A        |        0.00        |       1.00000      |
|         mmXP_036173133_1          |     1    |   0.00 (100.00%)   |       N/A        |        0.00        |       1.00000      |
|         ajXP_037003325_1          |     1    |   0.00 (100.00%)   |       N/A        |        0.00        |       1.00000      |
|         mbXP_014391268_1          |     1    |   1.00 (100.00%)   |       N/A        |        0.00        |       1.00000      |
|         pgXP_039709096_1          |     1    |   1.00 (100.00%)   |       N/A        |        0.00        |       1.00000      |
|         pvXP_011381860_1          |     1    |   1.00 (100.00%)   |       N/A        |        0.00        |       1.00000      |
|         pdXP_028364468_1          |     1    |   1.00 (100.00%)   |       N/A        |        0.00        |       1.00000      |
|         mdXP_059557148_1          |     1    |   1.00 (100.00%)   |       N/A        |        0.00        |       1.00000      |
----
### Adaptive branch site random effects likelihood test 
Likelihood ratio test for episodic diversifying positive selection at Holm-Bonferroni corrected _p =   0.0500_ found **1** branches under selection among **24** tested.

* mlXP_023610053_1, p-value =  0.00000
