
Analysis Description
--------------------
aBSREL (Adaptive branch-site random effects likelihood) uses an adaptive
random effects branch-site model framework to test whether each branch
has evolved under positive selection, using a procedure which infers an
optimal number of rate categories per branch. v2.2 adds support for
multiple-hit models. v2.3 adds support for SRV. v2.5 adds support for
ancestral state reconstruction, identification of sites contributing to
selection signal, and some diagnostics. 

- __Requirements__: in-frame codon alignment and a phylogenetic tree

- __Citation__:  Less Is More: An Adaptive Branch-Site Random Effects Model for
Efficient Detection of Episodic Diversifying Selection (2015). Mol Biol
Evol 32 (5): 1342-1353. 

- __Written by__: Sergei L Kosakovsky Pond, Ben Murrell, Steven Weaver and Temple iGEM /
UCSD viral evolution group

- __Contact Information__: spond@temple.edu

- __Analysis Version__: 2.5

[Advanced option] Bag of little bootstrap alignment resampling rate (permissible range = [0.01,1], default value = 1): blb: 1

>code => Universal
/home/malaevleo/mitimpair_trees_noen/P56181.2_bat_only_aligned_nucleotide_codon_aligned.fasta_pruned.nwk
mitimpair_trees_noen/P56181.2_bat_only_aligned_nucleotide_codon_aligned.fasta_pruned.nwk

>Loaded a multiple sequence alignment with **15** sequences, **91** codons, and **1** partitions from `/home/malaevleo/mitimpair_pal2nal_noen/P56181.2_bat_only_aligned_nucleotide_codon_aligned.fasta`

>branches => All

>multiple-hits => None

>srv => No


### * Selected 29 branches for testing: `rfXP_032990117_1, paXP_015451928_1, pgXP_039713713_1, pvXP_023388450_1, Pteropusgv, Pteropus, raXP_015998959_2, Pteropodidae, sbXP_066115386_1, ajXP_037000473_1, phXP_045708549_1, pdXP_028360769_1, Phyllostomus, AjPh, drXP_024417714_1, Phyllostomidae, moXP_036099642_1, mlXP_006103960_1, Myobl, mdXP_059542548_1, mmXP_036207362_1, Myodm, Myotis, pkXP_036302605_1, Pipistrellus, Vespertilionidae, MolossusPhyllostomus, YangochiropteraAfterSaccopteryx, Yangochiroptera`


### Obtaining branch lengths and nucleotide substitution biases under the nucleotide GTR model

>kill-zero-lengths => Yes

### Deleted 1 zero-length internal branches: `Pteropusgv`
* Log(L) = -1621.41, AIC-c =  3317.52 (37 estimated parameters)
* 1 partition. Total tree length by partition (subs/site)  1.214

### Fitting the baseline model with a single dN/dS class per branch, and no site-to-site variation. 
* Log(L) = -1559.02, AIC-c =  3265.73 (70 estimated parameters)
* Branch-level non-synonymous/synonymous rate ratio distribution has median  0.41, and 95% of the weight in  0.00 - 10000000000.00

### Determining the optimal number of rate classes per branch using a step up procedure

|              Branch               |  Length  |  Rates   |     Max. dN/dS     |    Log(L)     |     AIC-c     |Best AIC-c so far|
|-----------------------------------|----------|----------|--------------------|---------------|---------------|-----------------|
|         mmXP_036207362_1          |   0.50   |    2     |   >1000 (43.30%)   |   -1524.14    |    3200.42    |     3200.42     |
|         mmXP_036207362_1          |   0.50   |    3     |   >1000 (43.34%)   |   -1524.14    |    3204.89    |     3200.42     |
|         pgXP_039713713_1          |   0.10   |    2     |    0.80 (51.56%)   |   -1524.08    |    3204.77    |     3200.42     |
|             Pteropus              |   0.08   |    2     |    2.32 (10.55%)   |   -1524.02    |    3204.64    |     3200.42     |
|          Phyllostomidae           |   0.06   |    2     |    0.28 (74.72%)   |   -1524.14    |    3204.88    |     3200.42     |
|         Vespertilionidae          |   0.05   |    2     |    4.20 (18.42%)   |   -1523.19    |    3202.98    |     3200.42     |
|         sbXP_066115386_1          |   0.05   |    2     |    0.15 (82.17%)   |   -1524.14    |    3204.88    |     3200.42     |
|         rfXP_032990117_1          |   0.05   |    2     |   96.57 ( 3.12%)   |   -1521.70    |    3200.01    |     3200.01     |
|         rfXP_032990117_1          |   0.05   |    3     |   96.58 ( 3.13%)   |   -1521.70    |    3204.49    |     3200.01     |
|         drXP_024417714_1          |   0.05   |    2     |    0.13 (60.18%)   |   -1521.70    |    3204.49    |     3200.01     |
|          Yangochiroptera          |   0.04   |    2     |    0.53 (45.36%)   |   -1521.70    |    3204.49    |     3200.01     |
|           Phyllostomus            |   0.03   |    2     |    0.39 (50.86%)   |   -1521.70    |    3204.49    |     3200.01     |
|           Pipistrellus            |   0.03   |    2     |    0.38 (73.92%)   |   -1521.70    |    3204.49    |     3200.01     |
|         raXP_015998959_2          |   0.03   |    2     |    0.26 (24.38%)   |   -1521.70    |    3204.49    |     3200.01     |
|         moXP_036099642_1          |   0.03   |    2     |   24.95 ( 3.09%)   |   -1519.88    |    3200.84    |     3200.01     |
|       MolossusPhyllostomus        |   0.03   |    2     |    0.18 (76.79%)   |   -1521.70    |    3204.50    |     3200.01     |
|           Pteropodidae            |   0.02   |    2     |   1.00 (100.00%)   |   -1522.51    |    3206.10    |     3200.01     |
|  YangochiropteraAfterSaccopteryx  |   0.01   |    2     |    0.26 (13.57%)   |   -1526.52    |    3214.12    |     3200.01     |
|               Myodm               |   0.01   |    2     |    0.00 ( 5.00%)   |   -1521.70    |    3204.49    |     3200.01     |
|         paXP_015451928_1          |   0.01   |    2     |  >1000 (100.00%)   |   -1521.70    |    3204.49    |     3200.01     |
|         pdXP_028360769_1          |   0.01   |    2     |    0.00 ( 0.00%)   |   -1521.70    |    3204.49    |     3200.01     |
|         ajXP_037000473_1          |   0.01   |    2     |    0.00 ( 0.00%)   |   -1521.70    |    3204.49    |     3200.01     |
|         phXP_045708549_1          |   0.01   |    2     |   1.00 (100.00%)   |   -1522.67    |    3206.42    |     3200.01     |
|         pvXP_023388450_1          |   0.01   |    2     |    0.71 (24.27%)   |   -1521.70    |    3204.49    |     3200.01     |
|               AjPh                |   0.01   |    2     |    0.25 (13.57%)   |   -1526.36    |    3213.80    |     3200.01     |
|              Myotis               |   0.01   |    2     |    0.00 ( 5.00%)   |   -1521.70    |    3204.49    |     3200.01     |
|               Myobl               |   0.00   |    2     |    0.00 ( 5.00%)   |   -1521.70    |    3204.49    |     3200.01     |
|         pkXP_036302605_1          |   0.00   |    2     |    0.26 (13.97%)   |   -1521.71    |    3204.50    |     3200.01     |
|         mlXP_006103960_1          |   0.00   |    2     |    0.00 ( 0.00%)   |   -1521.70    |    3204.49    |     3200.01     |
|         mdXP_059542548_1          |   0.00   |    2     |    0.29 ( 0.00%)   |   -1521.10    |    3203.29    |     3200.01     |

### Rate class analyses summary
*  2 branches with **2** rate classes
*  26 branches with **1** rate classes

### Improving parameter estimates of the adaptive rate class model
* Log(L) = -1519.98, AIC-c =  3196.56 (74 estimated parameters)

### Testing selected branches for selection

|              Branch               |  Rates   |     Max. dN/dS     | Sites @ EBF>=100 |      Test LRT      |Uncorrected p-value |
|-----------------------------------|----------|--------------------|------------------|--------------------|--------------------|
|         mmXP_036207362_1          |     2    |   >1000 (43.52%)   |         37       |       47.97        |       0.00000      |
|         pgXP_039713713_1          |     1    |   0.49 (100.00%)   |       N/A        |        0.00        |       1.00000      |
|             Pteropus              |     1    |   0.57 (100.00%)   |       N/A        |        0.00        |       1.00000      |
|          Phyllostomidae           |     1    |   0.30 (100.00%)   |       N/A        |        0.00        |       1.00000      |
|         Vespertilionidae          |     1    |   0.64 (100.00%)   |       N/A        |        0.00        |       1.00000      |
|         sbXP_066115386_1          |     1    |   0.15 (100.00%)   |       N/A        |        0.00        |       1.00000      |
|         rfXP_032990117_1          |     2    |  105.64 ( 3.32%)   |          2       |        4.68        |       0.03501      |
|         drXP_024417714_1          |     1    |   0.13 (100.00%)   |       N/A        |        0.00        |       1.00000      |
|          Yangochiroptera          |     1    |   0.55 (100.00%)   |       N/A        |        0.00        |       1.00000      |
|           Phyllostomus            |     1    |   0.32 (100.00%)   |       N/A        |        0.00        |       1.00000      |
|           Pipistrellus            |     1    |   0.29 (100.00%)   |       N/A        |        0.00        |       1.00000      |
|         raXP_015998959_2          |     1    |   0.06 (100.00%)   |       N/A        |        0.00        |       1.00000      |
|         moXP_036099642_1          |     1    |   0.27 (100.00%)   |       N/A        |        0.00        |       1.00000      |
|       MolossusPhyllostomus        |     1    |   0.14 (100.00%)   |       N/A        |        0.00        |       1.00000      |
|           Pteropodidae            |     1    |  >1000 (100.00%)   |       N/A        |        1.74        |       0.16303      |
|  YangochiropteraAfterSaccopteryx  |     1    |  >1000 (100.00%)   |       N/A        |        2.15        |       0.13103      |
|               Myodm               |     1    |   0.00 (100.00%)   |       N/A        |        0.00        |       1.00000      |
|         paXP_015451928_1          |     1    |  >1000 (100.00%)   |       N/A        |        2.18        |       0.12873      |
|         pdXP_028360769_1          |     1    |   0.00 (100.00%)   |       N/A        |        0.00        |       1.00000      |
|         ajXP_037000473_1          |     1    |   0.00 (100.00%)   |       N/A        |        0.00        |       1.00000      |
|         phXP_045708549_1          |     1    |  >1000 (100.00%)   |       N/A        |        1.96        |       0.14515      |
|         pvXP_023388450_1          |     1    |   0.50 (100.00%)   |       N/A        |        0.00        |       1.00000      |
|               AjPh                |     1    |  >1000 (100.00%)   |       N/A        |        1.12        |       0.22944      |
|              Myotis               |     1    |   0.00 (100.00%)   |       N/A        |        0.00        |       1.00000      |
|               Myobl               |     1    |   0.00 (100.00%)   |       N/A        |        0.00        |       1.00000      |
|         pkXP_036302605_1          |     1    |  >1000 (100.00%)   |       N/A        |        0.01        |       0.48114      |
|         mlXP_006103960_1          |     1    |   0.00 (100.00%)   |       N/A        |        0.00        |       1.00000      |
|         mdXP_059542548_1          |     1    |   0.00 (100.00%)   |       N/A        |        0.00        |       1.00000      |
----
### Adaptive branch site random effects likelihood test 
Likelihood ratio test for episodic diversifying positive selection at Holm-Bonferroni corrected _p =   0.0500_ found **1** branches under selection among **28** tested.

* mmXP_036207362_1, p-value =  0.00000
