
Analysis Description
--------------------
aBSREL (Adaptive branch-site random effects likelihood) uses an adaptive
random effects branch-site model framework to test whether each branch
has evolved under positive selection, using a procedure which infers an
optimal number of rate categories per branch. v2.2 adds support for
multiple-hit models. v2.3 adds support for SRV. v2.5 adds support for
ancestral state reconstruction, identification of sites contributing to
selection signal, and some diagnostics. 

- __Requirements__: in-frame codon alignment and a phylogenetic tree

- __Citation__:  Less Is More: An Adaptive Branch-Site Random Effects Model for
Efficient Detection of Episodic Diversifying Selection (2015). Mol Biol
Evol 32 (5): 1342-1353. 

- __Written by__: Sergei L Kosakovsky Pond, Ben Murrell, Steven Weaver and Temple iGEM /
UCSD viral evolution group

- __Contact Information__: spond@temple.edu

- __Analysis Version__: 2.5

[Advanced option] Bag of little bootstrap alignment resampling rate (permissible range = [0.01,1], default value = 1): blb: 1

>code => Universal

-------
>[WARNING]
'/home/malaevleo/mitimpair_pal2nal_noen/P82663.1_bat_only_aligned_nucleotide_codon_aligned.fasta'
contains 1 duplicate sequence. Identical sequences do not contribute any
information to the analysis and only slow down computation. Please
consider removing duplicate or 'nearly' duplicate sequences, e.g. using
https://github.com/veg/hyphy-analyses/tree/master/remove-duplicates
prior to running selection analyses
-------
/home/malaevleo/mitimpair_trees_noen/P82663.1_bat_only_aligned_nucleotide_codon_aligned.fasta_pruned.nwk
mitimpair_trees_noen/P82663.1_bat_only_aligned_nucleotide_codon_aligned.fasta_pruned.nwk

>Loaded a multiple sequence alignment with **16** sequences, **139** codons, and **1** partitions from `/home/malaevleo/mitimpair_pal2nal_noen/P82663.1_bat_only_aligned_nucleotide_codon_aligned.fasta`

>branches => All

>multiple-hits => None

>srv => No


### * Selected 30 branches for testing: `rfXP_032988015_1, paXP_006907229_1, pgXP_039693305_1, pvXP_023384844_1, Pteropusgv, Pteropus, raXP_015977530_1, Pteropodidae, sbXP_066101758_1, ajXP_053525066_1, phXP_045687878_1, pdXP_028374310_1, Phyllostomus, AjPh, drXP_024412189_1, Phyllostomidae, moXP_036123219_1, mbXP_005870085_1, mlXP_006083862_1, Myobl, mdXP_059519688_1, Myodm, Myotis, pkXP_036287114_1, pnCAK6435588_1, Pipistrellus, Vespertilionidae, MolossusPhyllostomus, YangochiropteraAfterSaccopteryx, Yangochiroptera`


### Obtaining branch lengths and nucleotide substitution biases under the nucleotide GTR model

>kill-zero-lengths => Yes

### Deleted 4 zero-length internal branches: `Myobl, Myodm, Myotis, Phyllostomus`
* Log(L) = -1450.80, AIC-c =  2978.05 (38 estimated parameters)
* 1 partition. Total tree length by partition (subs/site)  0.390

### Fitting the baseline model with a single dN/dS class per branch, and no site-to-site variation. 
* Log(L) = -1356.14, AIC-c =  2848.38 (66 estimated parameters)
* Branch-level non-synonymous/synonymous rate ratio distribution has median  0.17, and 95% of the weight in  0.00 - 10000000000.00

### Determining the optimal number of rate classes per branch using a step up procedure

|              Branch               |  Length  |  Rates   |     Max. dN/dS     |    Log(L)     |     AIC-c     |Best AIC-c so far|
|-----------------------------------|----------|----------|--------------------|---------------|---------------|-----------------|
|         raXP_015977530_1          |   0.06   |    2     |  142.30 ( 6.28%)   |   -1328.99    |    2798.34    |     2798.34     |
|         raXP_015977530_1          |   0.06   |    3     |  153.74 ( 6.16%)   |   -1328.98    |    2802.57    |     2798.34     |
|            Pteropusgv             |   0.05   |    2     |  870.67 ( 5.21%)   |   -1299.57    |    2743.76    |     2743.76     |
|            Pteropusgv             |   0.05   |    3     |  939.95 ( 4.65%)   |   -1299.92    |    2748.72    |     2743.76     |
|         drXP_024412189_1          |   0.04   |    2     |   52.76 ( 0.95%)   |   -1295.36    |    2739.61    |     2739.61     |
|         drXP_024412189_1          |   0.04   |    3     |   52.09 ( 0.95%)   |   -1295.37    |    2743.90    |     2739.61     |
|         sbXP_066101758_1          |   0.04   |    2     |    0.19 (98.23%)   |   -1295.36    |    2743.89    |     2739.61     |
|          Phyllostomidae           |   0.03   |    2     |    0.09 (51.47%)   |   -1295.36    |    2743.89    |     2739.61     |
|           Pteropodidae            |   0.03   |    2     |    0.11 (38.65%)   |   -1295.29    |    2743.74    |     2739.61     |
|           Pipistrellus            |   0.02   |    2     |    0.10 (82.56%)   |   -1295.36    |    2743.89    |     2739.61     |
|          Yangochiroptera          |   0.02   |    2     |    0.00 ( 3.11%)   |   -1295.36    |    2743.88    |     2739.61     |
|         moXP_036123219_1          |   0.02   |    2     |   0.11 (100.00%)   |   -1295.36    |    2743.89    |     2739.61     |
|         ajXP_053525066_1          |   0.02   |    2     |    0.13 (55.26%)   |   -1295.36    |    2743.89    |     2739.61     |
|         rfXP_032988015_1          |   0.02   |    2     |    0.23 (45.66%)   |   -1295.36    |    2743.89    |     2739.61     |
|          pnCAK6435588_1           |   0.01   |    2     |    0.16 (50.25%)   |   -1295.36    |    2743.89    |     2739.61     |
|         Vespertilionidae          |   0.01   |    2     |    0.20 (53.61%)   |   -1295.36    |    2743.89    |     2739.61     |
|             Pteropus              |   0.01   |    2     |  793.23 (58.94%)   |   -1294.91    |    2742.99    |     2739.61     |
|         pdXP_028374310_1          |   0.01   |    2     |    0.00 ( 5.00%)   |   -1295.36    |    2743.89    |     2739.61     |
|       MolossusPhyllostomus        |   0.01   |    2     |    0.50 (23.48%)   |   -1295.36    |    2743.88    |     2739.61     |
|         mlXP_006083862_1          |   0.00   |    2     |    0.39 (91.65%)   |   -1295.36    |    2743.89    |     2739.61     |
|         pkXP_036287114_1          |   0.00   |    2     |    0.00 ( 5.00%)   |   -1295.36    |    2743.89    |     2739.61     |
|         paXP_006907229_1          |   0.00   |    2     |    0.00 ( 0.00%)   |   -1295.36    |    2743.89    |     2739.61     |
|         mbXP_005870085_1          |   0.00   |    2     |    0.00 ( 0.00%)   |   -1295.36    |    2743.89    |     2739.61     |
|               AjPh                |   0.00   |    2     |    0.30 ( 6.42%)   |   -1298.12    |    2749.40    |     2739.61     |
|  YangochiropteraAfterSaccopteryx  |   0.00   |    2     |    0.00 ( 5.00%)   |   -1295.36    |    2743.89    |     2739.61     |
|         phXP_045687878_1          |   0.00   |    2     |    0.26 ( 3.72%)   |   -1295.36    |    2743.89    |     2739.61     |
|         pvXP_023384844_1          |   0.00   |    2     |    0.27 ( 3.72%)   |   -1295.36    |    2743.89    |     2739.61     |
|         pgXP_039693305_1          |   0.00   |    2     |    0.27 ( 3.72%)   |   -1295.36    |    2743.89    |     2739.61     |
|         mdXP_059519688_1          |   0.00   |    2     |    0.26 (13.82%)   |   -1295.36    |    2743.89    |     2739.61     |

### Rate class analyses summary
*  3 branches with **2** rate classes
*  23 branches with **1** rate classes

### Improving parameter estimates of the adaptive rate class model
* Log(L) = -1292.40, AIC-c =  2733.68 (72 estimated parameters)

### Testing selected branches for selection

|              Branch               |  Rates   |     Max. dN/dS     | Sites @ EBF>=100 |      Test LRT      |Uncorrected p-value |
|-----------------------------------|----------|--------------------|------------------|--------------------|--------------------|
|         raXP_015977530_1          |     2    |   >1000 ( 6.14%)   |          8       |       45.04        |       0.00000      |
|            Pteropusgv             |     2    |  818.57 ( 5.21%)   |          7       |       51.48        |       0.00000      |
|         drXP_024412189_1          |     2    |   55.47 ( 0.96%)   |          1       |        3.88        |       0.05276      |
|         sbXP_066101758_1          |     1    |   0.19 (100.00%)   |       N/A        |        0.00        |       1.00000      |
|          Phyllostomidae           |     1    |   0.09 (100.00%)   |       N/A        |        0.00        |       1.00000      |
|           Pteropodidae            |     1    |   0.11 (100.00%)   |       N/A        |        0.00        |       1.00000      |
|           Pipistrellus            |     1    |   0.10 (100.00%)   |       N/A        |        0.00        |       1.00000      |
|          Yangochiroptera          |     1    |   0.00 (100.00%)   |       N/A        |        0.00        |       1.00000      |
|         moXP_036123219_1          |     1    |   0.12 (100.00%)   |       N/A        |        0.00        |       1.00000      |
|         ajXP_053525066_1          |     1    |   0.12 (100.00%)   |       N/A        |        0.00        |       1.00000      |
|         rfXP_032988015_1          |     1    |   0.22 (100.00%)   |       N/A        |        0.00        |       1.00000      |
|          pnCAK6435588_1           |     1    |   0.09 (100.00%)   |       N/A        |        0.00        |       1.00000      |
|         Vespertilionidae          |     1    |   0.10 (100.00%)   |       N/A        |        0.00        |       1.00000      |
|             Pteropus              |     1    |  >1000 (100.00%)   |       N/A        |        0.32        |       0.36906      |
|         pdXP_028374310_1          |     1    |   0.00 (100.00%)   |       N/A        |        0.00        |       1.00000      |
|       MolossusPhyllostomus        |     1    |   0.33 (100.00%)   |       N/A        |        0.00        |       1.00000      |
|         mlXP_006083862_1          |     1    |   0.39 (100.00%)   |       N/A        |        0.00        |       1.00000      |
|         pkXP_036287114_1          |     1    |   0.00 (100.00%)   |       N/A        |        0.00        |       1.00000      |
|         paXP_006907229_1          |     1    |   0.00 (100.00%)   |       N/A        |        0.00        |       1.00000      |
|         mbXP_005870085_1          |     1    |   0.00 (100.00%)   |       N/A        |        0.00        |       1.00000      |
|               AjPh                |     1    |  >1000 (100.00%)   |       N/A        |        0.56        |       0.31767      |
|  YangochiropteraAfterSaccopteryx  |     1    |   0.00 (100.00%)   |       N/A        |        0.00        |       1.00000      |
|         phXP_045687878_1          |     1    |   1.00 (100.00%)   |       N/A        |        0.00        |       1.00000      |
|         pvXP_023384844_1          |     1    |   1.00 (100.00%)   |       N/A        |        0.00        |       1.00000      |
|         pgXP_039693305_1          |     1    |   1.00 (100.00%)   |       N/A        |        0.00        |       1.00000      |
|         mdXP_059519688_1          |     1    |   1.00 (100.00%)   |       N/A        |        0.00        |       1.00000      |
----
### Adaptive branch site random effects likelihood test 
Likelihood ratio test for episodic diversifying positive selection at Holm-Bonferroni corrected _p =   0.0500_ found **2** branches under selection among **26** tested.

* Pteropusgv, p-value =  0.00000
* raXP_015977530_1, p-value =  0.00000
