
Analysis Description
--------------------
aBSREL (Adaptive branch-site random effects likelihood) uses an adaptive
random effects branch-site model framework to test whether each branch
has evolved under positive selection, using a procedure which infers an
optimal number of rate categories per branch. v2.2 adds support for
multiple-hit models. v2.3 adds support for SRV. v2.5 adds support for
ancestral state reconstruction, identification of sites contributing to
selection signal, and some diagnostics. 

- __Requirements__: in-frame codon alignment and a phylogenetic tree

- __Citation__:  Less Is More: An Adaptive Branch-Site Random Effects Model for
Efficient Detection of Episodic Diversifying Selection (2015). Mol Biol
Evol 32 (5): 1342-1353. 

- __Written by__: Sergei L Kosakovsky Pond, Ben Murrell, Steven Weaver and Temple iGEM /
UCSD viral evolution group

- __Contact Information__: spond@temple.edu

- __Analysis Version__: 2.5

[Advanced option] Bag of little bootstrap alignment resampling rate (permissible range = [0.01,1], default value = 1): blb: 1

>code => Universal

-------
>[WARNING]
'/home/malaevleo/mitimpair_pal2nal_noen/Q9NQ50.1_bat_only_aligned_nucleotide_codon_aligned.fasta'
contains 1 duplicate sequence. Identical sequences do not contribute any
information to the analysis and only slow down computation. Please
consider removing duplicate or 'nearly' duplicate sequences, e.g. using
https://github.com/veg/hyphy-analyses/tree/master/remove-duplicates
prior to running selection analyses
-------
/home/malaevleo/mitimpair_trees_noen/Q9NQ50.1_bat_only_aligned_nucleotide_codon_aligned.fasta_pruned.nwk
mitimpair_trees_noen/Q9NQ50.1_bat_only_aligned_nucleotide_codon_aligned.fasta_pruned.nwk

>Loaded a multiple sequence alignment with **17** sequences, **160** codons, and **1** partitions from `/home/malaevleo/mitimpair_pal2nal_noen/Q9NQ50.1_bat_only_aligned_nucleotide_codon_aligned.fasta`

>branches => All

>multiple-hits => None

>srv => No


### * Selected 31 branches for testing: `rfXP_032953002_1, paXP_015447503_1, pgXP_039728844_1, pvXP_023390497_1, Pteropusgv, Pteropus, raXP_016022400_2, Pteropodidae, sbXP_066115974_1, ajXP_036997486_1, phXP_045675691_1, pdXP_028384167_1, Phyllostomus, AjPh, drXP_045048624_1, Phyllostomidae, moXP_036132036_1, mbXP_005875654_2, mlXP_023604836_1, Myobl, mdXP_059532923_1, mmXP_036209665_1, Myodm, Myotis, pkXP_045441460_1, pnCAK6440273_1, Pipistrellus, Vespertilionidae, MolossusPhyllostomus, YangochiropteraAfterSaccopteryx, Yangochiroptera`


### Obtaining branch lengths and nucleotide substitution biases under the nucleotide GTR model

>kill-zero-lengths => Yes

### Deleted 3 zero-length internal branches: `Myobl, Pteropusgv, YangochiropteraAfterSaccopteryx`
* Log(L) = -1754.18, AIC-c =  3586.73 (39 estimated parameters)
* 1 partition. Total tree length by partition (subs/site)  0.438

### Fitting the baseline model with a single dN/dS class per branch, and no site-to-site variation. 
* Log(L) = -1679.46, AIC-c =  3502.67 (70 estimated parameters)
* Branch-level non-synonymous/synonymous rate ratio distribution has median  0.29, and 95% of the weight in  0.00 - 10000000000.00

### Determining the optimal number of rate classes per branch using a step up procedure

|              Branch               |  Length  |  Rates   |     Max. dN/dS     |    Log(L)     |     AIC-c     |Best AIC-c so far|
|-----------------------------------|----------|----------|--------------------|---------------|---------------|-----------------|
|         sbXP_066115974_1          |   0.06   |    2     |    0.23 (47.67%)   |   -1679.46    |    3506.89    |     3502.67     |
|         moXP_036132036_1          |   0.04   |    2     |   0.20 (100.00%)   |   -1679.46    |    3506.89    |     3502.67     |
|         Vespertilionidae          |   0.04   |    2     |   14.19 ( 2.21%)   |   -1677.64    |    3503.25    |     3502.67     |
|         rfXP_032953002_1          |   0.04   |    2     |    0.29 (25.38%)   |   -1679.46    |    3506.89    |     3502.67     |
|          Phyllostomidae           |   0.03   |    2     |   18.32 ( 2.64%)   |   -1675.64    |    3499.26    |     3499.26     |
|          Phyllostomidae           |   0.03   |    3     |   18.14 ( 2.67%)   |   -1675.64    |    3503.48    |     3499.26     |
|           Pipistrellus            |   0.03   |    2     |   13.11 ( 6.16%)   |   -1674.57    |    3501.35    |     3499.26     |
|           Pteropodidae            |   0.02   |    2     |    0.25 (49.58%)   |   -1675.64    |    3503.48    |     3499.26     |
|         drXP_045048624_1          |   0.02   |    2     |    4.70 (25.05%)   |   -1675.56    |    3503.31    |     3499.26     |
|          Yangochiroptera          |   0.02   |    2     |   27.21 ( 3.93%)   |   -1672.47    |    3497.13    |     3497.13     |
|          Yangochiroptera          |   0.02   |    3     |   27.24 ( 3.90%)   |   -1672.47    |    3501.36    |     3497.13     |
|         pkXP_045441460_1          |   0.02   |    2     |    0.60 (98.00%)   |   -1672.47    |    3501.36    |     3497.13     |
|         mlXP_023604836_1          |   0.01   |    2     |    0.19 (94.66%)   |   -1672.47    |    3501.36    |     3497.13     |
|           Phyllostomus            |   0.01   |    2     |   13.98 ( 2.24%)   |   -1671.82    |    3500.06    |     3497.13     |
|          pnCAK6440273_1           |   0.01   |    2     |    0.39 (90.78%)   |   -1672.47    |    3501.36    |     3497.13     |
|              Myotis               |   0.01   |    2     |    0.60 (91.34%)   |   -1672.47    |    3501.36    |     3497.13     |
|         pdXP_028384167_1          |   0.01   |    2     |   70.92 ( 1.69%)   |   -1670.01    |    3496.44    |     3496.44     |
|         pdXP_028384167_1          |   0.01   |    3     |   91.22 ( 1.41%)   |   -1670.01    |    3500.68    |     3496.44     |
|             Pteropus              |   0.01   |    2     |    0.19 (90.19%)   |   -1669.99    |    3500.66    |     3496.44     |
|         ajXP_036997486_1          |   0.01   |    2     |   22.59 ( 2.86%)   |   -1669.25    |    3499.16    |     3496.44     |
|         mmXP_036209665_1          |   0.01   |    2     |    0.20 (77.68%)   |   -1670.01    |    3500.68    |     3496.44     |
|         raXP_016022400_2          |   0.01   |    2     |   1.53 (100.00%)   |   -1670.00    |    3500.67    |     3496.44     |
|               AjPh                |   0.01   |    2     |    2.06 (66.70%)   |   -1670.00    |    3500.67    |     3496.44     |
|         mdXP_059532923_1          |   0.01   |    2     |    0.52 ( 9.31%)   |   -1670.01    |    3500.68    |     3496.44     |
|               Myodm               |   0.00   |    2     |  >1000 (100.00%)   |   -1670.01    |    3500.68    |     3496.44     |
|       MolossusPhyllostomus        |   0.00   |    2     |    0.00 ( 5.00%)   |   -1670.01    |    3500.68    |     3496.44     |
|         mbXP_005875654_2          |   0.00   |    2     |  >1000 (100.00%)   |   -1670.01    |    3500.68    |     3496.44     |
|         pgXP_039728844_1          |   0.00   |    2     |    0.00 ( 5.00%)   |   -1670.01    |    3500.68    |     3496.44     |
|         phXP_045675691_1          |   0.00   |    2     |    0.27 ( 2.00%)   |   -1670.01    |    3500.68    |     3496.44     |
|         paXP_015447503_1          |   0.00   |    2     |    0.26 ( 3.72%)   |   -1670.01    |    3500.68    |     3496.44     |
|         pvXP_023390497_1          |   0.00   |    2     |    0.27 ( 2.00%)   |   -1670.01    |    3500.68    |     3496.44     |

### Rate class analyses summary
*  25 branches with **1** rate classes
*  3 branches with **2** rate classes

### Improving parameter estimates of the adaptive rate class model
* Log(L) = -1669.55, AIC-c =  3495.52 (76 estimated parameters)

### Testing selected branches for selection

|              Branch               |  Rates   |     Max. dN/dS     | Sites @ EBF>=100 |      Test LRT      |Uncorrected p-value |
|-----------------------------------|----------|--------------------|------------------|--------------------|--------------------|
|         sbXP_066115974_1          |     1    |   0.22 (100.00%)   |       N/A        |        0.00        |       1.00000      |
|         moXP_036132036_1          |     1    |   0.19 (100.00%)   |       N/A        |        0.00        |       1.00000      |
|         Vespertilionidae          |     1    |   0.28 (100.00%)   |       N/A        |        0.00        |       1.00000      |
|         rfXP_032953002_1          |     1    |   0.28 (100.00%)   |       N/A        |        0.00        |       1.00000      |
|          Phyllostomidae           |     2    |   15.97 ( 2.64%)   |          3       |        3.75        |       0.05656      |
|           Pipistrellus            |     1    |   0.37 (100.00%)   |       N/A        |        0.00        |       1.00000      |
|           Pteropodidae            |     1    |   0.25 (100.00%)   |       N/A        |        0.00        |       1.00000      |
|         drXP_045048624_1          |     1    |   1.03 (100.00%)   |       N/A        |        0.00        |       0.49673      |
|          Yangochiroptera          |     2    |   25.56 ( 3.89%)   |          4       |        4.66        |       0.03528      |
|         pkXP_045441460_1          |     1    |   0.58 (100.00%)   |       N/A        |        0.00        |       1.00000      |
|         mlXP_023604836_1          |     1    |   0.18 (100.00%)   |       N/A        |        0.00        |       1.00000      |
|           Phyllostomus            |     1    |   0.18 (100.00%)   |       N/A        |        0.00        |       1.00000      |
|          pnCAK6440273_1           |     1    |   0.37 (100.00%)   |       N/A        |        0.00        |       1.00000      |
|              Myotis               |     1    |   0.56 (100.00%)   |       N/A        |        0.00        |       1.00000      |
|         pdXP_028384167_1          |     2    |   62.15 ( 1.79%)   |          2       |        4.11        |       0.04703      |
|             Pteropus              |     1    |   0.16 (100.00%)   |       N/A        |        0.00        |       1.00000      |
|         ajXP_036997486_1          |     1    |   0.22 (100.00%)   |       N/A        |        0.00        |       1.00000      |
|         mmXP_036209665_1          |     1    |   0.15 (100.00%)   |       N/A        |        0.00        |       1.00000      |
|         raXP_016022400_2          |     1    |   1.49 (100.00%)   |       N/A        |        0.09        |       0.44061      |
|               AjPh                |     1    |   1.50 (100.00%)   |       N/A        |        0.07        |       0.44963      |
|         mdXP_059532923_1          |     1    |   0.23 (100.00%)   |       N/A        |        0.00        |       1.00000      |
|               Myodm               |     1    |  >1000 (100.00%)   |       N/A        |        1.48        |       0.18833      |
|       MolossusPhyllostomus        |     1    |   0.00 (100.00%)   |       N/A        |        0.00        |       1.00000      |
|         mbXP_005875654_2          |     1    |  >1000 (100.00%)   |       N/A        |        0.74        |       0.28491      |
|         pgXP_039728844_1          |     1    |   0.00 (100.00%)   |       N/A        |        0.00        |       1.00000      |
|         phXP_045675691_1          |     1    |   1.00 (100.00%)   |       N/A        |        0.00        |       1.00000      |
|         paXP_015447503_1          |     1    |   1.00 (100.00%)   |       N/A        |        0.00        |       1.00000      |
|         pvXP_023390497_1          |     1    |   1.00 (100.00%)   |       N/A        |        0.00        |       1.00000      |
----
### Adaptive branch site random effects likelihood test 
Likelihood ratio test for episodic diversifying positive selection at Holm-Bonferroni corrected _p =   0.0500_ found **0** branches under selection among **28** tested.

