
Analysis Description
--------------------
aBSREL (Adaptive branch-site random effects likelihood) uses an adaptive
random effects branch-site model framework to test whether each branch
has evolved under positive selection, using a procedure which infers an
optimal number of rate categories per branch. v2.2 adds support for
multiple-hit models. v2.3 adds support for SRV. v2.5 adds support for
ancestral state reconstruction, identification of sites contributing to
selection signal, and some diagnostics. 

- __Requirements__: in-frame codon alignment and a phylogenetic tree

- __Citation__:  Less Is More: An Adaptive Branch-Site Random Effects Model for
Efficient Detection of Episodic Diversifying Selection (2015). Mol Biol
Evol 32 (5): 1342-1353. 

- __Written by__: Sergei L Kosakovsky Pond, Ben Murrell, Steven Weaver and Temple iGEM /
UCSD viral evolution group

- __Contact Information__: spond@temple.edu

- __Analysis Version__: 2.5

[Advanced option] Bag of little bootstrap alignment resampling rate (permissible range = [0.01,1], default value = 1): blb: 1

>code => Universal
/home/malaevleo/mitimpair_trees_noen/Q9NZE8.3_bat_only_aligned_nucleotide_codon_aligned.fasta_pruned.nwk
mitimpair_trees_noen/Q9NZE8.3_bat_only_aligned_nucleotide_codon_aligned.fasta_pruned.nwk

>Loaded a multiple sequence alignment with **17** sequences, **188** codons, and **1** partitions from `/home/malaevleo/mitimpair_pal2nal_noen/Q9NZE8.3_bat_only_aligned_nucleotide_codon_aligned.fasta`

>branches => All

>multiple-hits => None

>srv => No


### * Selected 31 branches for testing: `rfXP_032980992_1, paXP_006917775_1, pgXP_039708302_1, pvXP_011368100_1, Pteropusgv, Pteropus, raXP_015992021_2, Pteropodidae, sbXP_066123738_1, ajXP_037015605_2, phXP_045683361_1, pdXP_028373421_1, Phyllostomus, AjPh, drXP_024414361_1, Phyllostomidae, moXP_036119025_1, mbXP_005885692_1, mlXP_006104060_1, Myobl, mdXP_059515254_1, mmXP_036189797_1, Myodm, Myotis, pkXP_036291846_1, pnCAK6435283_1, Pipistrellus, Vespertilionidae, MolossusPhyllostomus, YangochiropteraAfterSaccopteryx, Yangochiroptera`


### Obtaining branch lengths and nucleotide substitution biases under the nucleotide GTR model

>kill-zero-lengths => Yes

### Deleted 1 zero-length internal branches: `Pteropusgv`
* Log(L) = -2448.31, AIC-c =  4974.94 (39 estimated parameters)
* 1 partition. Total tree length by partition (subs/site)  0.585

### Fitting the baseline model with a single dN/dS class per branch, and no site-to-site variation. 
* Log(L) = -2371.05, AIC-c =  4893.65 (74 estimated parameters)
* Branch-level non-synonymous/synonymous rate ratio distribution has median  0.45, and 95% of the weight in  0.00 - 10000000000.00

### Determining the optimal number of rate classes per branch using a step up procedure

|              Branch               |  Length  |  Rates   |     Max. dN/dS     |    Log(L)     |     AIC-c     |Best AIC-c so far|
|-----------------------------------|----------|----------|--------------------|---------------|---------------|-----------------|
|         sbXP_066123738_1          |   0.06   |    2     |    0.45 (54.39%)   |   -2371.05    |    4897.85    |     4893.65     |
|         moXP_036119025_1          |   0.06   |    2     |    1.58 (28.23%)   |   -2370.67    |    4897.10    |     4893.65     |
|         ajXP_037015605_2          |   0.05   |    2     |    0.57 (26.11%)   |   -2371.05    |    4897.85    |     4893.65     |
|           Pipistrellus            |   0.05   |    2     |   0.14 (100.00%)   |   -2371.05    |    4897.85    |     4893.65     |
|         drXP_024414361_1          |   0.04   |    2     |  345.16 ( 0.60%)   |   -2369.94    |    4895.64    |     4893.65     |
|         rfXP_032980992_1          |   0.04   |    2     |    0.35 (26.68%)   |   -2371.05    |    4897.85    |     4893.65     |
|         Vespertilionidae          |   0.03   |    2     |    0.17 (95.69%)   |   -2371.05    |    4897.85    |     4893.65     |
|          Phyllostomidae           |   0.03   |    2     |    0.32 (52.05%)   |   -2371.05    |    4897.85    |     4893.65     |
|              Myotis               |   0.03   |    2     |    0.38 ( 7.04%)   |   -2371.05    |    4897.85    |     4893.65     |
|       MolossusPhyllostomus        |   0.03   |    2     |    0.57 (50.92%)   |   -2371.05    |    4897.85    |     4893.65     |
|           Pteropodidae            |   0.02   |    2     |    0.50 (18.25%)   |   -2371.05    |    4897.85    |     4893.65     |
|               AjPh                |   0.02   |    2     |    0.25 (23.56%)   |   -2371.05    |    4897.85    |     4893.65     |
|          Yangochiroptera          |   0.02   |    2     |    0.12 (76.64%)   |   -2371.05    |    4897.85    |     4893.65     |
|         phXP_045683361_1          |   0.01   |    2     |   16.32 ( 3.90%)   |   -2369.61    |    4894.97    |     4893.65     |
|           Phyllostomus            |   0.01   |    2     |    0.90 (94.71%)   |   -2371.05    |    4897.85    |     4893.65     |
|         raXP_015992021_2          |   0.01   |    2     |    0.49 (48.22%)   |   -2371.05    |    4897.85    |     4893.65     |
|         pdXP_028373421_1          |   0.01   |    2     |    0.49 (48.12%)   |   -2371.05    |    4897.85    |     4893.65     |
|             Pteropus              |   0.01   |    2     |    1.06 ( 4.58%)   |   -2371.05    |    4897.85    |     4893.65     |
|         mmXP_036189797_1          |   0.01   |    2     |    0.17 (51.52%)   |   -2371.05    |    4897.85    |     4893.65     |
|         pkXP_036291846_1          |   0.01   |    2     |    1.78 (23.52%)   |   -2371.05    |    4897.85    |     4893.65     |
|          pnCAK6435283_1           |   0.01   |    2     |    0.19 (51.23%)   |   -2371.05    |    4897.85    |     4893.65     |
|         mbXP_005885692_1          |   0.01   |    2     |   80.45 ( 2.97%)   |   -2370.65    |    4897.05    |     4893.65     |
|         mdXP_059515254_1          |   0.01   |    2     |    0.51 (49.55%)   |   -2371.05    |    4897.85    |     4893.65     |
|         paXP_006917775_1          |   0.00   |    2     |    0.51 (47.71%)   |   -2371.05    |    4897.85    |     4893.65     |
|         mlXP_006104060_1          |   0.00   |    2     |  187.62 ( 0.70%)   |   -2369.40    |    4894.56    |     4893.65     |
|               Myodm               |   0.00   |    2     |    0.30 (13.57%)   |   -2373.45    |    4902.65    |     4893.65     |
|               Myobl               |   0.00   |    2     |    0.30 ( 2.00%)   |   -2375.16    |    4906.08    |     4893.65     |
|         pvXP_011368100_1          |   0.00   |    2     |   1.00 (100.00%)   |   -2371.42    |    4898.60    |     4893.65     |
|  YangochiropteraAfterSaccopteryx  |   0.00   |    2     |    0.00 ( 3.18%)   |   -2371.05    |    4897.85    |     4893.65     |
|         pgXP_039708302_1          |   0.00   |    2     |    0.26 ( 3.72%)   |   -2371.05    |    4897.85    |     4893.65     |

### Rate class analyses summary
*  30 branches with **1** rate classes

### Improving parameter estimates of the adaptive rate class model
* Log(L) = -2370.02, AIC-c =  4891.60 (74 estimated parameters)

### Testing selected branches for selection

|              Branch               |  Rates   |     Max. dN/dS     | Sites @ EBF>=100 |      Test LRT      |Uncorrected p-value |
|-----------------------------------|----------|--------------------|------------------|--------------------|--------------------|
|         sbXP_066123738_1          |     1    |   0.44 (100.00%)   |       N/A        |        0.00        |       1.00000      |
|         moXP_036119025_1          |     1    |   0.47 (100.00%)   |       N/A        |        0.00        |       1.00000      |
|         ajXP_037015605_2          |     1    |   0.55 (100.00%)   |       N/A        |        0.00        |       1.00000      |
|           Pipistrellus            |     1    |   0.14 (100.00%)   |       N/A        |        0.00        |       1.00000      |
|         drXP_024414361_1          |     1    |   0.27 (100.00%)   |       N/A        |        0.00        |       1.00000      |
|         rfXP_032980992_1          |     1    |   0.34 (100.00%)   |       N/A        |        0.00        |       1.00000      |
|         Vespertilionidae          |     1    |   0.16 (100.00%)   |       N/A        |        0.00        |       1.00000      |
|          Phyllostomidae           |     1    |   0.31 (100.00%)   |       N/A        |        0.00        |       1.00000      |
|              Myotis               |     1    |   0.36 (100.00%)   |       N/A        |        0.00        |       1.00000      |
|       MolossusPhyllostomus        |     1    |   0.53 (100.00%)   |       N/A        |        0.00        |       1.00000      |
|           Pteropodidae            |     1    |   0.48 (100.00%)   |       N/A        |        0.00        |       1.00000      |
|               AjPh                |     1    |   0.21 (100.00%)   |       N/A        |        0.00        |       1.00000      |
|          Yangochiroptera          |     1    |   0.10 (100.00%)   |       N/A        |        0.00        |       1.00000      |
|         phXP_045683361_1          |     1    |   0.39 (100.00%)   |       N/A        |        0.00        |       1.00000      |
|           Phyllostomus            |     1    |   0.86 (100.00%)   |       N/A        |        0.00        |       1.00000      |
|         raXP_015992021_2          |     1    |   0.43 (100.00%)   |       N/A        |        0.00        |       1.00000      |
|         pdXP_028373421_1          |     1    |   0.43 (100.00%)   |       N/A        |        0.00        |       1.00000      |
|             Pteropus              |     1    |   0.90 (100.00%)   |       N/A        |        0.00        |       1.00000      |
|         mmXP_036189797_1          |     1    |   0.09 (100.00%)   |       N/A        |        0.00        |       1.00000      |
|         pkXP_036291846_1          |     1    |   1.01 (100.00%)   |       N/A        |        0.00        |       0.49853      |
|          pnCAK6435283_1           |     1    |   0.10 (100.00%)   |       N/A        |        0.00        |       1.00000      |
|         mbXP_005885692_1          |     1    |   1.38 (100.00%)   |       N/A        |        0.08        |       0.44352      |
|         mdXP_059515254_1          |     1    |   0.46 (100.00%)   |       N/A        |        0.00        |       1.00000      |
|         paXP_006917775_1          |     1    |   0.44 (100.00%)   |       N/A        |        0.00        |       1.00000      |
|         mlXP_006104060_1          |     1    |   0.46 (100.00%)   |       N/A        |        0.00        |       1.00000      |
|               Myodm               |     1    |  >1000 (100.00%)   |       N/A        |        0.75        |       0.28321      |
|               Myobl               |     1    |  >1000 (100.00%)   |       N/A        |        0.74        |       0.28481      |
|         pvXP_011368100_1          |     1    |  >1000 (100.00%)   |       N/A        |        1.24        |       0.21449      |
|  YangochiropteraAfterSaccopteryx  |     1    |   0.00 (100.00%)   |       N/A        |        0.00        |       1.00000      |
|         pgXP_039708302_1          |     1    |   1.00 (100.00%)   |       N/A        |        0.00        |       1.00000      |
----
### Adaptive branch site random effects likelihood test 
Likelihood ratio test for episodic diversifying positive selection at Holm-Bonferroni corrected _p =   0.0500_ found **0** branches under selection among **30** tested.

