
Analysis Description
--------------------
aBSREL (Adaptive branch-site random effects likelihood) uses an adaptive
random effects branch-site model framework to test whether each branch
has evolved under positive selection, using a procedure which infers an
optimal number of rate categories per branch. v2.2 adds support for
multiple-hit models. v2.3 adds support for SRV. v2.5 adds support for
ancestral state reconstruction, identification of sites contributing to
selection signal, and some diagnostics. 

- __Requirements__: in-frame codon alignment and a phylogenetic tree

- __Citation__:  Less Is More: An Adaptive Branch-Site Random Effects Model for
Efficient Detection of Episodic Diversifying Selection (2015). Mol Biol
Evol 32 (5): 1342-1353. 

- __Written by__: Sergei L Kosakovsky Pond, Ben Murrell, Steven Weaver and Temple iGEM /
UCSD viral evolution group

- __Contact Information__: spond@temple.edu

- __Analysis Version__: 2.5

[Advanced option] Bag of little bootstrap alignment resampling rate (permissible range = [0.01,1], default value = 1): blb: 1

>code => Universal
/home/malaevleo/mitimpair_trees_noen/Q9UH62.1_bat_only_aligned_nucleotide_codon_aligned.fasta_pruned.nwk
mitimpair_trees_noen/Q9UH62.1_bat_only_aligned_nucleotide_codon_aligned.fasta_pruned.nwk

>Loaded a multiple sequence alignment with **17** sequences, **378** codons, and **1** partitions from `/home/malaevleo/mitimpair_pal2nal_noen/Q9UH62.1_bat_only_aligned_nucleotide_codon_aligned.fasta`

>branches => All

>multiple-hits => None

>srv => No


### * Selected 31 branches for testing: `rfXP_032959857_1, paXP_006920748_1, pgXP_039729922_1, pvXP_023381010_1, Pteropusgv, Pteropus, raXP_015987668_1, Pteropodidae, sbXP_066105446_1, ajXP_036986886_1, phXP_045673637_1, pdXP_028378265_1, Phyllostomus, AjPh, drXP_024434513_1, Phyllostomidae, moXP_036127428_1, mbXP_005869936_1, mlXP_014307622_1, Myobl, mdXP_059536276_1, mmXP_036160997_1, Myodm, Myotis, pkXP_045438361_1, pnCAK6450405_1, Pipistrellus, Vespertilionidae, MolossusPhyllostomus, YangochiropteraAfterSaccopteryx, Yangochiroptera`


### Obtaining branch lengths and nucleotide substitution biases under the nucleotide GTR model

>kill-zero-lengths => Yes

### Deleted 2 zero-length internal branches: `AjPh, Myodm`
* Log(L) = -3130.47, AIC-c =  6339.10 (39 estimated parameters)
* 1 partition. Total tree length by partition (subs/site)  0.238

### Fitting the baseline model with a single dN/dS class per branch, and no site-to-site variation. 
* Log(L) = -2979.49, AIC-c =  6104.64 (72 estimated parameters)
* Branch-level non-synonymous/synonymous rate ratio distribution has median  0.16, and 95% of the weight in  0.00 - 10000000000.00

### Determining the optimal number of rate classes per branch using a step up procedure

|              Branch               |  Length  |  Rates   |     Max. dN/dS     |    Log(L)     |     AIC-c     |Best AIC-c so far|
|-----------------------------------|----------|----------|--------------------|---------------|---------------|-----------------|
|         sbXP_066105446_1          |   0.05   |    2     |   24.86 ( 1.42%)   |   -2978.51    |    6106.77    |     6104.64     |
|           Pteropodidae            |   0.02   |    2     |   25.85 ( 1.59%)   |   -2975.99    |    6101.72    |     6101.72     |
|           Pteropodidae            |   0.02   |    3     |   39.41 ( 1.15%)   |   -2975.85    |    6105.55    |     6101.72     |
|         raXP_015987668_1          |   0.02   |    2     |   0.12 (100.00%)   |   -2975.99    |    6105.82    |     6101.72     |
|         moXP_036127428_1          |   0.02   |    2     |    0.15 (19.30%)   |   -2975.99    |    6105.82    |     6101.72     |
|         rfXP_032959857_1          |   0.02   |    2     |    0.17 (86.35%)   |   -2975.99    |    6105.82    |     6101.72     |
|         drXP_024434513_1          |   0.01   |    2     |    0.14 (31.47%)   |   -2975.99    |    6105.82    |     6101.72     |
|         ajXP_036986886_1          |   0.01   |    2     |   24.38 ( 0.73%)   |   -2971.37    |    6096.59    |     6096.59     |
|         ajXP_036986886_1          |   0.01   |    3     |   26.28 ( 0.66%)   |   -2971.41    |    6100.75    |     6096.59     |
|          Phyllostomidae           |   0.01   |    2     |    0.08 (83.91%)   |   -2971.37    |    6100.69    |     6096.59     |
|           Phyllostomus            |   0.01   |    2     |    0.14 (84.36%)   |   -2971.37    |    6100.69    |     6096.59     |
|           Pipistrellus            |   0.01   |    2     |    0.31 (48.38%)   |   -2971.37    |    6100.69    |     6096.59     |
|          Yangochiroptera          |   0.01   |    2     |    0.40 (55.00%)   |   -2971.38    |    6100.69    |     6096.59     |
|             Pteropus              |   0.01   |    2     |    0.30 (24.39%)   |   -2971.38    |    6100.71    |     6096.59     |
|         Vespertilionidae          |   0.01   |    2     |    0.27 (48.95%)   |   -2971.38    |    6100.69    |     6096.59     |
|         pdXP_028378265_1          |   0.01   |    2     |    0.59 (51.49%)   |   -2971.37    |    6100.69    |     6096.59     |
|       MolossusPhyllostomus        |   0.01   |    2     |    0.00 ( 0.64%)   |   -2971.37    |    6100.69    |     6096.59     |
|          pnCAK6450405_1           |   0.00   |    2     |    0.18 (49.91%)   |   -2971.38    |    6100.69    |     6096.59     |
|         phXP_045673637_1          |   0.00   |    2     |    0.49 (10.81%)   |   -2971.37    |    6100.69    |     6096.59     |
|              Myotis               |   0.00   |    2     |    0.20 (89.44%)   |   -2971.37    |    6100.69    |     6096.59     |
|         mdXP_059536276_1          |   0.00   |    2     |    0.25 ( 8.48%)   |   -2971.37    |    6100.69    |     6096.59     |
|         mbXP_005869936_1          |   0.00   |    2     |    0.00 ( 1.67%)   |   -2971.37    |    6100.69    |     6096.59     |
|               Myobl               |   0.00   |    2     |    0.75 ( 5.00%)   |   -2971.37    |    6100.69    |     6096.59     |
|         pgXP_039729922_1          |   0.00   |    2     |    0.00 ( 0.00%)   |   -2971.37    |    6100.69    |     6096.59     |
|         pkXP_045438361_1          |   0.00   |    2     |    0.25 ( 2.00%)   |   -2976.24    |    6110.43    |     6096.59     |
|         paXP_006920748_1          |   0.00   |    2     |    0.00 ( 0.64%)   |   -2971.37    |    6100.69    |     6096.59     |
|         mlXP_014307622_1          |   0.00   |    2     |    0.00 ( 5.00%)   |   -2971.37    |    6100.69    |     6096.59     |
|            Pteropusgv             |   0.00   |    2     |    0.00 ( 3.09%)   |   -2971.37    |    6100.69    |     6096.59     |
|  YangochiropteraAfterSaccopteryx  |   0.00   |    2     |    0.00 ( 5.00%)   |   -2971.37    |    6100.69    |     6096.59     |
|         mmXP_036160997_1          |   0.00   |    2     |    0.30 ( 6.51%)   |   -2971.37    |    6100.69    |     6096.59     |
|         pvXP_023381010_1          |   0.00   |    2     |    0.27 ( 3.72%)   |   -2971.37    |    6100.69    |     6096.59     |

### Rate class analyses summary
*  27 branches with **1** rate classes
*  2 branches with **2** rate classes

### Improving parameter estimates of the adaptive rate class model
* Log(L) = -2966.43, AIC-c =  6086.71 (76 estimated parameters)

### Testing selected branches for selection

|              Branch               |  Rates   |     Max. dN/dS     | Sites @ EBF>=100 |      Test LRT      |Uncorrected p-value |
|-----------------------------------|----------|--------------------|------------------|--------------------|--------------------|
|         sbXP_066105446_1          |     1    |   0.92 (100.00%)   |       N/A        |        0.00        |       1.00000      |
|           Pteropodidae            |     2    |   28.42 ( 1.16%)   |          4       |        2.49        |       0.10943      |
|         raXP_015987668_1          |     1    |   0.11 (100.00%)   |       N/A        |        0.00        |       1.00000      |
|         moXP_036127428_1          |     1    |   0.13 (100.00%)   |       N/A        |        0.00        |       1.00000      |
|         rfXP_032959857_1          |     1    |   0.15 (100.00%)   |       N/A        |        0.00        |       1.00000      |
|         drXP_024434513_1          |     1    |   0.12 (100.00%)   |       N/A        |        0.00        |       1.00000      |
|         ajXP_036986886_1          |     2    |   17.71 ( 0.78%)   |          2       |        3.73        |       0.05722      |
|          Phyllostomidae           |     1    |   0.07 (100.00%)   |       N/A        |        0.00        |       1.00000      |
|           Phyllostomus            |     1    |   0.12 (100.00%)   |       N/A        |        0.00        |       1.00000      |
|           Pipistrellus            |     1    |   0.28 (100.00%)   |       N/A        |        0.00        |       1.00000      |
|          Yangochiroptera          |     1    |   0.30 (100.00%)   |       N/A        |        0.00        |       1.00000      |
|             Pteropus              |     1    |   0.06 (100.00%)   |       N/A        |        0.00        |       1.00000      |
|         Vespertilionidae          |     1    |   0.12 (100.00%)   |       N/A        |        0.00        |       1.00000      |
|         pdXP_028378265_1          |     1    |   0.49 (100.00%)   |       N/A        |        0.00        |       1.00000      |
|       MolossusPhyllostomus        |     1    |   0.00 (100.00%)   |       N/A        |        0.00        |       1.00000      |
|          pnCAK6450405_1           |     1    |   0.09 (100.00%)   |       N/A        |        0.00        |       1.00000      |
|         phXP_045673637_1          |     1    |   0.37 (100.00%)   |       N/A        |        0.00        |       1.00000      |
|              Myotis               |     1    |   0.16 (100.00%)   |       N/A        |        0.00        |       1.00000      |
|         mdXP_059536276_1          |     1    |   0.19 (100.00%)   |       N/A        |        0.00        |       1.00000      |
|         mbXP_005869936_1          |     1    |   0.00 (100.00%)   |       N/A        |        0.00        |       1.00000      |
|               Myobl               |     1    |   0.37 (100.00%)   |       N/A        |        0.00        |       1.00000      |
|         pgXP_039729922_1          |     1    |   0.00 (100.00%)   |       N/A        |        0.00        |       1.00000      |
|         pkXP_045438361_1          |     1    |  >1000 (100.00%)   |       N/A        |        0.63        |       0.30402      |
|         paXP_006920748_1          |     1    |   0.00 (100.00%)   |       N/A        |        0.00        |       1.00000      |
|         mlXP_014307622_1          |     1    |   0.00 (100.00%)   |       N/A        |        0.00        |       1.00000      |
|            Pteropusgv             |     1    |   0.00 (100.00%)   |       N/A        |        0.00        |       1.00000      |
|  YangochiropteraAfterSaccopteryx  |     1    |   0.00 (100.00%)   |       N/A        |        0.00        |       1.00000      |
|         mmXP_036160997_1          |     1    |   1.00 (100.00%)   |       N/A        |        0.00        |       1.00000      |
|         pvXP_023381010_1          |     1    |   1.00 (100.00%)   |       N/A        |        0.00        |       1.00000      |
----
### Adaptive branch site random effects likelihood test 
Likelihood ratio test for episodic diversifying positive selection at Holm-Bonferroni corrected _p =   0.0500_ found **0** branches under selection among **29** tested.

