
Analysis Description
--------------------
aBSREL (Adaptive branch-site random effects likelihood) uses an adaptive
random effects branch-site model framework to test whether each branch
has evolved under positive selection, using a procedure which infers an
optimal number of rate categories per branch. v2.2 adds support for
multiple-hit models. v2.3 adds support for SRV. v2.5 adds support for
ancestral state reconstruction, identification of sites contributing to
selection signal, and some diagnostics. 

- __Requirements__: in-frame codon alignment and a phylogenetic tree

- __Citation__:  Less Is More: An Adaptive Branch-Site Random Effects Model for
Efficient Detection of Episodic Diversifying Selection (2015). Mol Biol
Evol 32 (5): 1342-1353. 

- __Written by__: Sergei L Kosakovsky Pond, Ben Murrell, Steven Weaver and Temple iGEM /
UCSD viral evolution group

- __Contact Information__: spond@temple.edu

- __Analysis Version__: 2.5

[Advanced option] Bag of little bootstrap alignment resampling rate (permissible range = [0.01,1], default value = 1): blb: 1

>code => Universal

-------
>[WARNING]
'/home/malaevleo/mitimpair_pal2nal_noen/Q9Y5Z4.1_bat_only_aligned_nucleotide_codon_aligned.fasta'
contains 1 duplicate sequence. Identical sequences do not contribute any
information to the analysis and only slow down computation. Please
consider removing duplicate or 'nearly' duplicate sequences, e.g. using
https://github.com/veg/hyphy-analyses/tree/master/remove-duplicates
prior to running selection analyses
-------
/home/malaevleo/mitimpair_trees_noen/Q9Y5Z4.1_bat_only_aligned_nucleotide_codon_aligned.fasta_pruned.nwk
mitimpair_trees_noen/Q9Y5Z4.1_bat_only_aligned_nucleotide_codon_aligned.fasta_pruned.nwk

>Loaded a multiple sequence alignment with **17** sequences, **125** codons, and **1** partitions from `/home/malaevleo/mitimpair_pal2nal_noen/Q9Y5Z4.1_bat_only_aligned_nucleotide_codon_aligned.fasta`

>branches => All

>multiple-hits => None

>srv => No


### * Selected 31 branches for testing: `rfXP_032953568_1, paXP_006915435_1, pgXP_039725708_1, pvXP_011354456_1, Pteropusgv, Pteropus, raXP_015988170_1, Pteropodidae, sbXP_066103968_1, ajXP_053520706_1, phXP_045699241_1, pdXP_028365410_1, Phyllostomus, AjPh, drXP_024407673_1, Phyllostomidae, moXP_036104795_1, mbXP_014389413_1, mlXP_014307360_1, Myobl, mdXP_059556451_1, mmXP_036172482_1, Myodm, Myotis, pkXP_036271068_1, pnCAK6446635_1, Pipistrellus, Vespertilionidae, MolossusPhyllostomus, YangochiropteraAfterSaccopteryx, Yangochiroptera`


### Obtaining branch lengths and nucleotide substitution biases under the nucleotide GTR model

>kill-zero-lengths => Yes

### Deleted 4 zero-length internal branches: `MolossusPhyllostomus, Myobl, Myodm, YangochiropteraAfterSaccopteryx`
* Log(L) = -1388.24, AIC-c =  2854.98 (39 estimated parameters)
* 1 partition. Total tree length by partition (subs/site)  0.450

### Fitting the baseline model with a single dN/dS class per branch, and no site-to-site variation. 
* Log(L) = -1288.54, AIC-c =  2717.64 (68 estimated parameters)
* Branch-level non-synonymous/synonymous rate ratio distribution has median  0.18, and 95% of the weight in  0.00 -  3.33

### Determining the optimal number of rate classes per branch using a step up procedure

|              Branch               |  Length  |  Rates   |     Max. dN/dS     |    Log(L)     |     AIC-c     |Best AIC-c so far|
|-----------------------------------|----------|----------|--------------------|---------------|---------------|-----------------|
|          Phyllostomidae           |   0.06   |    2     |    0.15 (80.63%)   |   -1288.54    |    2721.91    |     2717.64     |
|         ajXP_053520706_1          |   0.06   |    2     |  865.58 ( 3.69%)   |   -1278.86    |    2702.57    |     2702.57     |
|         ajXP_053520706_1          |   0.06   |    3     |   >1000 ( 4.26%)   |   -1278.80    |    2706.73    |     2702.57     |
|           Pipistrellus            |   0.05   |    2     |    0.21 ( 0.63%)   |   -1278.86    |    2706.85    |     2702.57     |
|         drXP_024407673_1          |   0.05   |    2     |    0.11 ( 0.00%)   |   -1278.86    |    2706.85    |     2702.57     |
|         moXP_036104795_1          |   0.05   |    2     |    0.20 (49.60%)   |   -1278.87    |    2706.86    |     2702.57     |
|         rfXP_032953568_1          |   0.04   |    2     |   35.07 ( 1.74%)   |   -1277.89    |    2704.91    |     2702.57     |
|         sbXP_066103968_1          |   0.02   |    2     |    0.25 (91.73%)   |   -1278.86    |    2706.85    |     2702.57     |
|          Yangochiroptera          |   0.02   |    2     |   0.16 (100.00%)   |   -1278.86    |    2706.85    |     2702.57     |
|         Vespertilionidae          |   0.02   |    2     |    0.19 (98.60%)   |   -1278.86    |    2706.84    |     2702.57     |
|           Phyllostomus            |   0.02   |    2     |    0.51 ( 9.93%)   |   -1278.80    |    2706.72    |     2702.57     |
|           Pteropodidae            |   0.02   |    2     |    9.23 ( 1.52%)   |   -1278.77    |    2706.67    |     2702.57     |
|          pnCAK6446635_1           |   0.02   |    2     |    0.00 ( 0.00%)   |   -1278.86    |    2706.85    |     2702.57     |
|         raXP_015988170_1          |   0.02   |    2     |    0.18 (51.04%)   |   -1278.87    |    2706.85    |     2702.57     |
|         phXP_045699241_1          |   0.01   |    2     |    0.17 (86.33%)   |   -1278.85    |    2706.82    |     2702.57     |
|             Pteropus              |   0.01   |    2     |    0.20 (92.25%)   |   -1278.86    |    2706.85    |     2702.57     |
|              Myotis               |   0.01   |    2     |    0.00 ( 2.80%)   |   -1278.86    |    2706.85    |     2702.57     |
|         mlXP_014307360_1          |   0.01   |    2     |    0.00 ( 5.00%)   |   -1278.86    |    2706.85    |     2702.57     |
|         pdXP_028365410_1          |   0.00   |    2     |    0.00 ( 1.63%)   |   -1278.82    |    2706.75    |     2702.57     |
|               AjPh                |   0.00   |    2     |    9.00 (49.27%)   |   -1278.82    |    2706.77    |     2702.57     |
|         mmXP_036172482_1          |   0.00   |    2     |    0.00 ( 5.00%)   |   -1278.86    |    2706.85    |     2702.57     |
|         pvXP_011354456_1          |   0.00   |    2     |    0.00 ( 0.00%)   |   -1278.86    |    2706.85    |     2702.57     |
|            Pteropusgv             |   0.00   |    2     |    0.00 ( 5.00%)   |   -1278.86    |    2706.85    |     2702.57     |
|         pkXP_036271068_1          |   0.00   |    2     |   1.00 (100.00%)   |   -1279.03    |    2707.19    |     2702.57     |
|         mdXP_059556451_1          |   0.00   |    2     |    0.30 ( 6.51%)   |   -1278.86    |    2706.85    |     2702.57     |
|         paXP_006915435_1          |   0.00   |    2     |    0.27 ( 3.72%)   |   -1278.86    |    2706.85    |     2702.57     |
|         pgXP_039725708_1          |   0.00   |    2     |    0.27 ( 2.00%)   |   -1278.86    |    2706.85    |     2702.57     |
|         mbXP_014389413_1          |   0.00   |    2     |    0.30 (13.82%)   |   -1278.86    |    2706.85    |     2702.57     |

### Rate class analyses summary
*  26 branches with **1** rate classes
*  1 branches with **2** rate classes

### Improving parameter estimates of the adaptive rate class model
* Log(L) = -1274.26, AIC-c =  2693.36 (70 estimated parameters)

### Testing selected branches for selection

|              Branch               |  Rates   |     Max. dN/dS     | Sites @ EBF>=100 |      Test LRT      |Uncorrected p-value |
|-----------------------------------|----------|--------------------|------------------|--------------------|--------------------|
|          Phyllostomidae           |     1    |   0.13 (100.00%)   |       N/A        |        0.00        |       1.00000      |
|         ajXP_053520706_1          |     2    |   >1000 ( 4.70%)   |          5       |       14.10        |       0.00030      |
|           Pipistrellus            |     1    |   0.18 (100.00%)   |       N/A        |        0.00        |       1.00000      |
|         drXP_024407673_1          |     1    |   0.05 (100.00%)   |       N/A        |        0.00        |       1.00000      |
|         moXP_036104795_1          |     1    |   0.09 (100.00%)   |       N/A        |        0.00        |       1.00000      |
|         rfXP_032953568_1          |     1    |   0.49 (100.00%)   |       N/A        |        0.00        |       1.00000      |
|         sbXP_066103968_1          |     1    |   0.22 (100.00%)   |       N/A        |        0.00        |       1.00000      |
|          Yangochiroptera          |     1    |   0.14 (100.00%)   |       N/A        |        0.00        |       1.00000      |
|         Vespertilionidae          |     1    |   0.17 (100.00%)   |       N/A        |        0.00        |       1.00000      |
|           Phyllostomus            |     1    |   0.00 (100.00%)   |       N/A        |        0.00        |       1.00000      |
|           Pteropodidae            |     1    |   0.07 (100.00%)   |       N/A        |        0.00        |       1.00000      |
|          pnCAK6446635_1           |     1    |   0.00 (100.00%)   |       N/A        |        0.00        |       1.00000      |
|         raXP_015988170_1          |     1    |   0.08 (100.00%)   |       N/A        |        0.00        |       1.00000      |
|         phXP_045699241_1          |     1    |   0.10 (100.00%)   |       N/A        |        0.00        |       1.00000      |
|             Pteropus              |     1    |   0.16 (100.00%)   |       N/A        |        0.00        |       1.00000      |
|              Myotis               |     1    |   0.00 (100.00%)   |       N/A        |        0.00        |       1.00000      |
|         mlXP_014307360_1          |     1    |   0.00 (100.00%)   |       N/A        |        0.00        |       1.00000      |
|         pdXP_028365410_1          |     1    |   1.00 (100.00%)   |       N/A        |        0.00        |       1.00000      |
|               AjPh                |     1    |   4.70 (100.00%)   |       N/A        |        0.11        |       0.43054      |
|         mmXP_036172482_1          |     1    |   0.00 (100.00%)   |       N/A        |        0.00        |       1.00000      |
|         pvXP_011354456_1          |     1    |   0.00 (100.00%)   |       N/A        |        0.00        |       1.00000      |
|            Pteropusgv             |     1    |   0.00 (100.00%)   |       N/A        |        0.00        |       1.00000      |
|         pkXP_036271068_1          |     1    |  >1000 (100.00%)   |       N/A        |        0.39        |       0.35294      |
|         mdXP_059556451_1          |     1    |   1.00 (100.00%)   |       N/A        |        0.00        |       1.00000      |
|         paXP_006915435_1          |     1    |   1.00 (100.00%)   |       N/A        |        0.00        |       1.00000      |
|         pgXP_039725708_1          |     1    |   1.00 (100.00%)   |       N/A        |        0.00        |       1.00000      |
|         mbXP_014389413_1          |     1    |   1.00 (100.00%)   |       N/A        |        0.00        |       1.00000      |
----
### Adaptive branch site random effects likelihood test 
Likelihood ratio test for episodic diversifying positive selection at Holm-Bonferroni corrected _p =   0.0500_ found **1** branches under selection among **27** tested.

* ajXP_053520706_1, p-value =  0.00797
