
Analysis Description
--------------------
aBSREL (Adaptive branch-site random effects likelihood) uses an adaptive
random effects branch-site model framework to test whether each branch
has evolved under positive selection, using a procedure which infers an
optimal number of rate categories per branch. v2.2 adds support for
multiple-hit models. v2.3 adds support for SRV. v2.5 adds support for
ancestral state reconstruction, identification of sites contributing to
selection signal, and some diagnostics. 

- __Requirements__: in-frame codon alignment and a phylogenetic tree

- __Citation__:  Less Is More: An Adaptive Branch-Site Random Effects Model for
Efficient Detection of Episodic Diversifying Selection (2015). Mol Biol
Evol 32 (5): 1342-1353. 

- __Written by__: Sergei L Kosakovsky Pond, Ben Murrell, Steven Weaver and Temple iGEM /
UCSD viral evolution group

- __Contact Information__: spond@temple.edu

- __Analysis Version__: 2.5

[Advanced option] Bag of little bootstrap alignment resampling rate (permissible range = [0.01,1], default value = 1): blb: 1

>code => Universal
/home/malaevleo/mitimpair_trees/EAW70196.1_bat_only_aligned_nucleotide_codon_aligned.fasta_pruned.nwk
mitimpair_trees/EAW70196.1_bat_only_aligned_nucleotide_codon_aligned.fasta_pruned.nwk

>Loaded a multiple sequence alignment with **18** sequences, **201** codons, and **1** partitions from `/home/malaevleo/mitimpair_pal2nal/EAW70196.1_bat_only_aligned_nucleotide_codon_aligned.fasta`

>branches => All

>multiple-hits => None

>srv => No


### * Selected 33 branches for testing: `rfXP_032967603_1, paXP_006921389_1, pgXP_039700286_1, pvXP_023391721_1, Pteropusgv, Pteropus, raXP_015986601_1, Pteropodidae, sbXP_066089324_1, ajXP_037023424_2, phXP_045703543_1, pdXP_028365372_1, Phyllostomus, AjPh, drXP_024419726_2, Phyllostomidae, moXP_036110306_1, mbXP_005873631_1, mlXP_006082442_1, Myobl, mdXP_059558664_1, mmXP_036174461_1, Myodm, Myotis, pkXP_036276778_1, pnCAK6448204_1, Pipistrellus, enKAK1336520_1, EpPi, Vespertilionidae, MolossusPhyllostomus, YangochiropteraAfterSaccopteryx, Yangochiroptera`


### Obtaining branch lengths and nucleotide substitution biases under the nucleotide GTR model

>kill-zero-lengths => Yes

### Deleted 1 zero-length internal branches: `Pteropusgv`
* Log(L) = -2339.10, AIC-c =  4760.51 (41 estimated parameters)
* 1 partition. Total tree length by partition (subs/site)  0.448

### Fitting the baseline model with a single dN/dS class per branch, and no site-to-site variation. 
* Log(L) = -2219.80, AIC-c =  4599.09 (78 estimated parameters)
* Branch-level non-synonymous/synonymous rate ratio distribution has median  0.25, and 95% of the weight in  0.00 - 10000000000.00

### Determining the optimal number of rate classes per branch using a step up procedure

|              Branch               |  Length  |  Rates   |     Max. dN/dS     |    Log(L)     |     AIC-c     |Best AIC-c so far|
|-----------------------------------|----------|----------|--------------------|---------------|---------------|-----------------|
|         Vespertilionidae          |   0.05   |    2     |    0.19 (98.00%)   |   -2219.80    |    4603.27    |     4599.09     |
|         sbXP_066089324_1          |   0.04   |    2     |    0.40 (10.86%)   |   -2219.81    |    4603.28    |     4599.09     |
|         mlXP_006082442_1          |   0.04   |    2     |   >1000 ( 4.35%)   |   -2194.85    |    4553.36    |     4553.36     |
|         mlXP_006082442_1          |   0.04   |    3     |   >1000 ( 4.38%)   |   -2194.85    |    4557.55    |     4553.36     |
|          Phyllostomidae           |   0.03   |    2     |    0.34 (47.13%)   |   -2194.85    |    4557.55    |     4553.36     |
|         rfXP_032967603_1          |   0.03   |    2     |   29.42 ( 1.27%)   |   -2192.12    |    4552.08    |     4552.08     |
|         rfXP_032967603_1          |   0.03   |    3     |   29.37 ( 1.26%)   |   -2192.12    |    4556.28    |     4552.08     |
|         ajXP_037023424_2          |   0.03   |    2     |    0.13 (66.51%)   |   -2192.12    |    4556.28    |     4552.08     |
|         raXP_015986601_1          |   0.02   |    2     |    9.26 ( 3.58%)   |   -2189.40    |    4550.85    |     4550.85     |
|         raXP_015986601_1          |   0.02   |    3     |    9.31 ( 3.57%)   |   -2189.40    |    4555.04    |     4550.85     |
|           Pteropodidae            |   0.02   |    2     |    0.24 (48.65%)   |   -2189.40    |    4555.04    |     4550.85     |
|              Myotis               |   0.02   |    2     |    0.16 (68.42%)   |   -2189.40    |    4555.04    |     4550.85     |
|           Pipistrellus            |   0.02   |    2     |    0.17 (71.80%)   |   -2189.40    |    4555.04    |     4550.85     |
|       MolossusPhyllostomus        |   0.02   |    2     |   17.47 ( 2.15%)   |   -2189.25    |    4554.74    |     4550.85     |
|         moXP_036110306_1          |   0.02   |    2     |    0.27 ( 4.84%)   |   -2189.40    |    4555.04    |     4550.85     |
|               AjPh                |   0.01   |    2     |    0.14 (67.29%)   |   -2189.40    |    4555.04    |     4550.85     |
|         drXP_024419726_2          |   0.01   |    2     |    0.15 (59.27%)   |   -2189.40    |    4555.04    |     4550.85     |
|          enKAK1336520_1           |   0.01   |    2     |   26.53 ( 1.66%)   |   -2187.41    |    4551.05    |     4550.85     |
|               EpPi                |   0.01   |    2     |    0.25 (25.95%)   |   -2189.40    |    4555.04    |     4550.85     |
|          Yangochiroptera          |   0.01   |    2     |   41.11 ( 1.46%)   |   -2189.23    |    4554.69    |     4550.85     |
|           Phyllostomus            |   0.01   |    2     |    0.00 ( 0.00%)   |   -2189.40    |    4555.04    |     4550.85     |
|               Myodm               |   0.01   |    2     |    1.41 (33.69%)   |   -2189.40    |    4555.04    |     4550.85     |
|               Myobl               |   0.01   |    2     |    0.18 (73.56%)   |   -2189.40    |    4555.04    |     4550.85     |
|         mdXP_059558664_1          |   0.01   |    2     |    0.50 (25.00%)   |   -2189.40    |    4555.04    |     4550.85     |
|          pnCAK6448204_1           |   0.01   |    2     |    0.15 (74.59%)   |   -2189.40    |    4555.04    |     4550.85     |
|         phXP_045703543_1          |   0.01   |    2     |    0.00 ( 0.00%)   |   -2189.40    |    4555.04    |     4550.85     |
|         pdXP_028365372_1          |   0.01   |    2     |    0.00 ( 5.00%)   |   -2189.40    |    4555.04    |     4550.85     |
|         paXP_006921389_1          |   0.01   |    2     |    1.38 ( 1.91%)   |   -2189.40    |    4555.04    |     4550.85     |
|         mbXP_005873631_1          |   0.00   |    2     |    0.45 (12.37%)   |   -2189.40    |    4555.04    |     4550.85     |
|         pkXP_036276778_1          |   0.00   |    2     |    0.75 ( 5.00%)   |   -2189.40    |    4555.04    |     4550.85     |
|             Pteropus              |   0.00   |    2     |    0.75 (10.00%)   |   -2189.40    |    4555.04    |     4550.85     |
|         pgXP_039700286_1          |   0.00   |    2     |    0.00 ( 5.00%)   |   -2189.40    |    4555.04    |     4550.85     |
|  YangochiropteraAfterSaccopteryx  |   0.00   |    2     |    0.26 (13.82%)   |   -2190.57    |    4557.38    |     4550.85     |
|         mmXP_036174461_1          |   0.00   |    2     |    0.30 ( 6.51%)   |   -2189.40    |    4555.04    |     4550.85     |
|         pvXP_023391721_1          |   0.00   |    2     |    0.27 ( 3.72%)   |   -2189.40    |    4555.04    |     4550.85     |

### Rate class analyses summary
*  29 branches with **1** rate classes
*  3 branches with **2** rate classes

### Improving parameter estimates of the adaptive rate class model
* Log(L) = -2185.47, AIC-c =  4542.98 (84 estimated parameters)

### Testing selected branches for selection

|              Branch               |  Rates   |     Max. dN/dS     | Sites @ EBF>=100 |      Test LRT      |Uncorrected p-value |
|-----------------------------------|----------|--------------------|------------------|--------------------|--------------------|
|         Vespertilionidae          |     1    |   0.17 (100.00%)   |       N/A        |        0.00        |       1.00000      |
|         sbXP_066089324_1          |     1    |   0.24 (100.00%)   |       N/A        |        0.00        |       1.00000      |
|         mlXP_006082442_1          |     2    |   >1000 ( 4.47%)   |          8       |       49.23        |       0.00000      |
|          Phyllostomidae           |     1    |   0.30 (100.00%)   |       N/A        |        0.00        |       1.00000      |
|         rfXP_032967603_1          |     2    |   14.58 ( 1.86%)   |          1       |        2.12        |       0.13302      |
|         ajXP_037023424_2          |     1    |   0.12 (100.00%)   |       N/A        |        0.00        |       1.00000      |
|         raXP_015986601_1          |     2    |    6.73 ( 4.04%)   |          4       |        1.95        |       0.14539      |
|           Pteropodidae            |     1    |   0.21 (100.00%)   |       N/A        |        0.00        |       1.00000      |
|              Myotis               |     1    |   0.14 (100.00%)   |       N/A        |        0.00        |       1.00000      |
|           Pipistrellus            |     1    |   0.15 (100.00%)   |       N/A        |        0.00        |       1.00000      |
|       MolossusPhyllostomus        |     1    |   0.55 (100.00%)   |       N/A        |        0.00        |       1.00000      |
|         moXP_036110306_1          |     1    |   0.18 (100.00%)   |       N/A        |        0.00        |       1.00000      |
|               AjPh                |     1    |   0.12 (100.00%)   |       N/A        |        0.00        |       1.00000      |
|         drXP_024419726_2          |     1    |   0.11 (100.00%)   |       N/A        |        0.00        |       1.00000      |
|          enKAK1336520_1           |     1    |   0.19 (100.00%)   |       N/A        |        0.00        |       1.00000      |
|               EpPi                |     1    |   0.19 (100.00%)   |       N/A        |        0.00        |       1.00000      |
|          Yangochiroptera          |     1    |   0.25 (100.00%)   |       N/A        |        0.00        |       1.00000      |
|           Phyllostomus            |     1    |   0.00 (100.00%)   |       N/A        |        0.00        |       1.00000      |
|               Myodm               |     1    |   0.93 (100.00%)   |       N/A        |        0.00        |       1.00000      |
|               Myobl               |     1    |   0.13 (100.00%)   |       N/A        |        0.00        |       1.00000      |
|         mdXP_059558664_1          |     1    |   0.38 (100.00%)   |       N/A        |        0.00        |       1.00000      |
|          pnCAK6448204_1           |     1    |   0.13 (100.00%)   |       N/A        |        0.00        |       1.00000      |
|         phXP_045703543_1          |     1    |   0.00 (100.00%)   |       N/A        |        0.00        |       1.00000      |
|         pdXP_028365372_1          |     1    |   0.00 (100.00%)   |       N/A        |        0.00        |       1.00000      |
|         paXP_006921389_1          |     1    |   0.77 (100.00%)   |       N/A        |        0.00        |       1.00000      |
|         mbXP_005873631_1          |     1    |   0.36 (100.00%)   |       N/A        |        0.00        |       1.00000      |
|         pkXP_036276778_1          |     1    |   0.38 (100.00%)   |       N/A        |        0.00        |       1.00000      |
|             Pteropus              |     1    |   0.52 (100.00%)   |       N/A        |        0.00        |       1.00000      |
|         pgXP_039700286_1          |     1    |   0.00 (100.00%)   |       N/A        |        0.00        |       1.00000      |
|  YangochiropteraAfterSaccopteryx  |     1    |  >1000 (100.00%)   |       N/A        |        0.48        |       0.33347      |
|         mmXP_036174461_1          |     1    |   1.00 (100.00%)   |       N/A        |        0.00        |       1.00000      |
|         pvXP_023391721_1          |     1    |   1.00 (100.00%)   |       N/A        |        0.00        |       1.00000      |
----
### Adaptive branch site random effects likelihood test 
Likelihood ratio test for episodic diversifying positive selection at Holm-Bonferroni corrected _p =   0.0500_ found **1** branches under selection among **32** tested.

* mlXP_006082442_1, p-value =  0.00000
