
Analysis Description
--------------------
aBSREL (Adaptive branch-site random effects likelihood) uses an adaptive
random effects branch-site model framework to test whether each branch
has evolved under positive selection, using a procedure which infers an
optimal number of rate categories per branch. v2.2 adds support for
multiple-hit models. v2.3 adds support for SRV. v2.5 adds support for
ancestral state reconstruction, identification of sites contributing to
selection signal, and some diagnostics. 

- __Requirements__: in-frame codon alignment and a phylogenetic tree

- __Citation__:  Less Is More: An Adaptive Branch-Site Random Effects Model for
Efficient Detection of Episodic Diversifying Selection (2015). Mol Biol
Evol 32 (5): 1342-1353. 

- __Written by__: Sergei L Kosakovsky Pond, Ben Murrell, Steven Weaver and Temple iGEM /
UCSD viral evolution group

- __Contact Information__: spond@temple.edu

- __Analysis Version__: 2.5

[Advanced option] Bag of little bootstrap alignment resampling rate (permissible range = [0.01,1], default value = 1): blb: 1

>code => Universal

-------
>[WARNING]
'/home/malaevleo/mitimpair_pal2nal/NP_004322.1_bat_only_aligned_nucleotide_codon_aligned.fasta'
contains 2 duplicate sequences. Identical sequences do not contribute
any information to the analysis and only slow down computation. Please
consider removing duplicate or 'nearly' duplicate sequences, e.g. using
https://github.com/veg/hyphy-analyses/tree/master/remove-duplicates
prior to running selection analyses
-------
/home/malaevleo/mitimpair_trees/NP_004322.1_bat_only_aligned_nucleotide_codon_aligned.fasta_pruned.nwk
mitimpair_trees/NP_004322.1_bat_only_aligned_nucleotide_codon_aligned.fasta_pruned.nwk

>Loaded a multiple sequence alignment with **18** sequences, **179** codons, and **1** partitions from `/home/malaevleo/mitimpair_pal2nal/NP_004322.1_bat_only_aligned_nucleotide_codon_aligned.fasta`

>branches => All

>multiple-hits => None

>srv => No


### * Selected 33 branches for testing: `rfXP_032990674_1, paXP_024906169_1, pgXP_039732085_1, pvXP_023386510_1, Pteropusgv, Pteropus, raXP_016009779_1, Pteropodidae, sbXP_066123222_1, ajXP_037023005_2, phXP_045709102_1, pdXP_028375203_1, Phyllostomus, AjPh, drXP_053766978_1, Phyllostomidae, moXP_036137889_1, mbXP_014389106_1, mlXP_006095087_1, Myobl, mdXP_059551924_1, mmXP_036168168_1, Myodm, Myotis, pkXP_045441875_1, pnCAK6445218_1, Pipistrellus, enKAK1342406_1, EpPi, Vespertilionidae, MolossusPhyllostomus, YangochiropteraAfterSaccopteryx, Yangochiroptera`


### Obtaining branch lengths and nucleotide substitution biases under the nucleotide GTR model

>kill-zero-lengths => Yes

### Deleted 5 zero-length internal branches: `AjPh, EpPi, Myobl, Myodm, Pteropusgv`
* Log(L) = -2029.04, AIC-c =  4140.44 (41 estimated parameters)
* 1 partition. Total tree length by partition (subs/site)  0.487

### Fitting the baseline model with a single dN/dS class per branch, and no site-to-site variation. 
* Log(L) = -1889.12, AIC-c =  3921.39 (70 estimated parameters)
* Branch-level non-synonymous/synonymous rate ratio distribution has median  0.42, and 95% of the weight in  0.00 - 10000000000.00

### Determining the optimal number of rate classes per branch using a step up procedure

|              Branch               |  Length  |  Rates   |     Max. dN/dS     |    Log(L)     |     AIC-c     |Best AIC-c so far|
|-----------------------------------|----------|----------|--------------------|---------------|---------------|-----------------|
|          enKAK1342406_1           |   0.13   |    2     |   >1000 (12.71%)   |   -1839.65    |    3826.63    |     3826.63     |
|          enKAK1342406_1           |   0.13   |    3     |   >1000 (12.62%)   |   -1839.70    |    3830.92    |     3826.63     |
|         sbXP_066123222_1          |   0.07   |    2     |    0.34 ( 0.00%)   |   -1839.65    |    3830.82    |     3826.63     |
|         mbXP_014389106_1          |   0.05   |    2     |   68.92 ( 6.28%)   |   -1823.40    |    3798.33    |     3798.33     |
|         mbXP_014389106_1          |   0.05   |    3     |   67.91 ( 6.31%)   |   -1823.40    |    3802.53    |     3798.33     |
|         mmXP_036168168_1          |   0.05   |    2     |   93.60 ( 5.84%)   |   -1804.00    |    3763.72    |     3763.72     |
|         mmXP_036168168_1          |   0.05   |    3     |   99.97 ( 5.72%)   |   -1804.00    |    3767.93    |     3763.72     |
|         ajXP_037023005_2          |   0.03   |    2     |    0.12 (24.67%)   |   -1804.01    |    3767.93    |     3763.72     |
|          Phyllostomidae           |   0.03   |    2     |    0.17 (99.77%)   |   -1804.00    |    3767.92    |     3763.72     |
|         drXP_053766978_1          |   0.02   |    2     |    0.00 ( 0.00%)   |   -1804.00    |    3767.92    |     3763.72     |
|         Vespertilionidae          |   0.02   |    2     |    0.10 (55.07%)   |   -1804.00    |    3767.92    |     3763.72     |
|         rfXP_032990674_1          |   0.02   |    2     |    0.10 (32.12%)   |   -1804.00    |    3767.93    |     3763.72     |
|           Pteropodidae            |   0.02   |    2     |    0.00 ( 5.00%)   |   -1804.00    |    3767.92    |     3763.72     |
|         moXP_036137889_1          |   0.01   |    2     |    0.00 ( 5.00%)   |   -1804.00    |    3767.92    |     3763.72     |
|           Pipistrellus            |   0.01   |    2     |    0.00 ( 0.64%)   |   -1804.00    |    3767.92    |     3763.72     |
|         mlXP_006095087_1          |   0.01   |    2     |    0.41 (20.98%)   |   -1804.00    |    3767.93    |     3763.72     |
|         pkXP_045441875_1          |   0.01   |    2     |    0.70 (10.09%)   |   -1804.00    |    3767.92    |     3763.72     |
|          pnCAK6445218_1           |   0.01   |    2     |    0.00 ( 5.00%)   |   -1804.00    |    3767.92    |     3763.72     |
|  YangochiropteraAfterSaccopteryx  |   0.01   |    2     |    0.00 ( 5.00%)   |   -1804.00    |    3767.92    |     3763.72     |
|           Phyllostomus            |   0.01   |    2     |    0.00 ( 5.00%)   |   -1804.00    |    3767.92    |     3763.72     |
|         raXP_016009779_1          |   0.00   |    2     |    0.64 ( 3.55%)   |   -1804.00    |    3767.92    |     3763.72     |
|             Pteropus              |   0.00   |    2     |    0.50 (50.00%)   |   -1804.00    |    3767.92    |     3763.72     |
|              Myotis               |   0.00   |    2     |    0.00 ( 5.00%)   |   -1804.00    |    3767.92    |     3763.72     |
|         pvXP_023386510_1          |   0.00   |    2     |    0.00 ( 5.00%)   |   -1804.00    |    3767.92    |     3763.72     |
|          Yangochiroptera          |   0.00   |    2     |  >1000 (100.00%)   |   -1804.00    |    3767.92    |     3763.72     |
|       MolossusPhyllostomus        |   0.00   |    2     |    0.00 ( 5.00%)   |   -1804.00    |    3767.92    |     3763.72     |
|         phXP_045709102_1          |   0.00   |    2     |    0.27 ( 3.72%)   |   -1804.00    |    3767.92    |     3763.72     |
|         pgXP_039732085_1          |   0.00   |    2     |    0.27 ( 3.72%)   |   -1804.00    |    3767.92    |     3763.72     |
|         mdXP_059551924_1          |   0.00   |    2     |    0.26 (13.82%)   |   -1804.00    |    3767.92    |     3763.72     |
|         pdXP_028375203_1          |   0.00   |    2     |    0.30 ( 6.51%)   |   -1804.00    |    3767.92    |     3763.72     |
|         paXP_024906169_1          |   0.00   |    2     |    0.27 ( 3.72%)   |   -1804.00    |    3767.92    |     3763.72     |

### Rate class analyses summary
*  3 branches with **2** rate classes
*  25 branches with **1** rate classes

### Improving parameter estimates of the adaptive rate class model
* Log(L) = -1797.18, AIC-c =  3750.09 (76 estimated parameters)

### Testing selected branches for selection

|              Branch               |  Rates   |     Max. dN/dS     | Sites @ EBF>=100 |      Test LRT      |Uncorrected p-value |
|-----------------------------------|----------|--------------------|------------------|--------------------|--------------------|
|          enKAK1342406_1           |     2    |   >1000 (13.01%)   |         20       |       65.48        |       0.00000      |
|         sbXP_066123222_1          |     1    |   0.02 (100.00%)   |       N/A        |        0.00        |       1.00000      |
|         mbXP_014389106_1          |     2    |   66.73 ( 5.84%)   |          7       |       25.02        |       0.00000      |
|         mmXP_036168168_1          |     2    |   73.59 ( 6.01%)   |         10       |       29.84        |       0.00000      |
|         ajXP_037023005_2          |     1    |   0.02 (100.00%)   |       N/A        |        0.00        |       1.00000      |
|          Phyllostomidae           |     1    |   0.14 (100.00%)   |       N/A        |        0.00        |       1.00000      |
|         drXP_053766978_1          |     1    |   0.00 (100.00%)   |       N/A        |        0.00        |       1.00000      |
|         Vespertilionidae          |     1    |   0.08 (100.00%)   |       N/A        |        0.00        |       1.00000      |
|         rfXP_032990674_1          |     1    |   0.04 (100.00%)   |       N/A        |        0.00        |       1.00000      |
|           Pteropodidae            |     1    |   0.00 (100.00%)   |       N/A        |        0.00        |       1.00000      |
|         moXP_036137889_1          |     1    |   0.00 (100.00%)   |       N/A        |        0.00        |       1.00000      |
|           Pipistrellus            |     1    |   0.00 (100.00%)   |       N/A        |        0.00        |       1.00000      |
|         mlXP_006095087_1          |     1    |   0.24 (100.00%)   |       N/A        |        0.00        |       1.00000      |
|         pkXP_045441875_1          |     1    |   0.36 (100.00%)   |       N/A        |        0.00        |       1.00000      |
|          pnCAK6445218_1           |     1    |   0.00 (100.00%)   |       N/A        |        0.00        |       1.00000      |
|  YangochiropteraAfterSaccopteryx  |     1    |   0.00 (100.00%)   |       N/A        |        0.00        |       1.00000      |
|           Phyllostomus            |     1    |   0.00 (100.00%)   |       N/A        |        0.00        |       1.00000      |
|         raXP_016009779_1          |     1    |   0.36 (100.00%)   |       N/A        |        0.00        |       1.00000      |
|             Pteropus              |     1    |   0.36 (100.00%)   |       N/A        |        0.00        |       1.00000      |
|              Myotis               |     1    |   0.00 (100.00%)   |       N/A        |        0.00        |       1.00000      |
|         pvXP_023386510_1          |     1    |   0.00 (100.00%)   |       N/A        |        0.00        |       1.00000      |
|          Yangochiroptera          |     1    |  >1000 (100.00%)   |       N/A        |        0.48        |       0.33393      |
|       MolossusPhyllostomus        |     1    |   0.00 (100.00%)   |       N/A        |        0.00        |       1.00000      |
|         phXP_045709102_1          |     1    |   1.00 (100.00%)   |       N/A        |        0.00        |       1.00000      |
|         pgXP_039732085_1          |     1    |   1.00 (100.00%)   |       N/A        |        0.00        |       1.00000      |
|         mdXP_059551924_1          |     1    |   1.00 (100.00%)   |       N/A        |        0.00        |       1.00000      |
|         pdXP_028375203_1          |     1    |   1.00 (100.00%)   |       N/A        |        0.00        |       1.00000      |
|         paXP_024906169_1          |     1    |   1.00 (100.00%)   |       N/A        |        0.00        |       1.00000      |
----
### Adaptive branch site random effects likelihood test 
Likelihood ratio test for episodic diversifying positive selection at Holm-Bonferroni corrected _p =   0.0500_ found **3** branches under selection among **28** tested.

* enKAK1342406_1, p-value =  0.00000
* mmXP_036168168_1, p-value =  0.00000
* mbXP_014389106_1, p-value =  0.00003
