
Analysis Description
--------------------
aBSREL (Adaptive branch-site random effects likelihood) uses an adaptive
random effects branch-site model framework to test whether each branch
has evolved under positive selection, using a procedure which infers an
optimal number of rate categories per branch. v2.2 adds support for
multiple-hit models. v2.3 adds support for SRV. v2.5 adds support for
ancestral state reconstruction, identification of sites contributing to
selection signal, and some diagnostics. 

- __Requirements__: in-frame codon alignment and a phylogenetic tree

- __Citation__:  Less Is More: An Adaptive Branch-Site Random Effects Model for
Efficient Detection of Episodic Diversifying Selection (2015). Mol Biol
Evol 32 (5): 1342-1353. 

- __Written by__: Sergei L Kosakovsky Pond, Ben Murrell, Steven Weaver and Temple iGEM /
UCSD viral evolution group

- __Contact Information__: spond@temple.edu

- __Analysis Version__: 2.5

[Advanced option] Bag of little bootstrap alignment resampling rate (permissible range = [0.01,1], default value = 1): blb: 1

>code => Universal
/home/malaevleo/mitimpair_trees/NP_001275684.1_bat_only_aligned_nucleotide_codon_aligned.fasta_pruned.nwk
mitimpair_trees/NP_001275684.1_bat_only_aligned_nucleotide_codon_aligned.fasta_pruned.nwk

>Loaded a multiple sequence alignment with **18** sequences, **540** codons, and **1** partitions from `/home/malaevleo/mitimpair_pal2nal/NP_001275684.1_bat_only_aligned_nucleotide_codon_aligned.fasta`

>branches => All

>multiple-hits => None

>srv => No


### * Selected 33 branches for testing: `rfXP_032946005_1, paXP_006925036_1, pgXP_039741955_1, pvXP_011358325_1, Pteropusgv, Pteropus, raXP_016008006_1, Pteropodidae, sbXP_066119409_1, ajXP_036999232_2, phXP_045692135_1, pdXP_028375397_1, Phyllostomus, AjPh, drXP_024420423_2, Phyllostomidae, moXP_036123882_1, mbXP_014404351_1, mlXP_006099930_1, Myobl, mdXP_059525517_1, mmXP_036196431_1, Myodm, Myotis, pkXP_036310153_1, pnCAK6437980_1, Pipistrellus, enKAK1331354_1, EpPi, Vespertilionidae, MolossusPhyllostomus, YangochiropteraAfterSaccopteryx, Yangochiroptera`


### Obtaining branch lengths and nucleotide substitution biases under the nucleotide GTR model

>kill-zero-lengths => Yes

### Deleted 2 zero-length internal branches: `MolossusPhyllostomus, Pteropusgv`
* Log(L) = -4539.61, AIC-c =  9161.34 (41 estimated parameters)
* 1 partition. Total tree length by partition (subs/site)  0.239

### Fitting the baseline model with a single dN/dS class per branch, and no site-to-site variation. 
* Log(L) = -4172.42, AIC-c =  8498.04 (76 estimated parameters)
* Branch-level non-synonymous/synonymous rate ratio distribution has median  0.06, and 95% of the weight in  0.00 -  1.00

### Determining the optimal number of rate classes per branch using a step up procedure

|              Branch               |  Length  |  Rates   |     Max. dN/dS     |    Log(L)     |     AIC-c     |Best AIC-c so far|
|-----------------------------------|----------|----------|--------------------|---------------|---------------|-----------------|
|          enKAK1331354_1           |   0.03   |    2     |   >1000 ( 4.48%)   |   -4094.26    |    8345.79    |     8345.79     |
|          enKAK1331354_1           |   0.03   |    3     |   >1000 ( 3.31%)   |   -4093.61    |    8348.56    |     8345.79     |
|         sbXP_066119409_1          |   0.02   |    2     |    0.05 (23.03%)   |   -4094.26    |    8349.86    |     8345.79     |
|         moXP_036123882_1          |   0.02   |    2     |    0.24 ( 0.00%)   |   -4094.26    |    8349.86    |     8345.79     |
|         drXP_024420423_2          |   0.02   |    2     |    0.79 ( 0.00%)   |   -4094.26    |    8349.86    |     8345.79     |
|          Phyllostomidae           |   0.02   |    2     |    0.12 ( 8.68%)   |   -4094.26    |    8349.86    |     8345.79     |
|         rfXP_032946005_1          |   0.02   |    2     |    0.02 (95.57%)   |   -4094.26    |    8349.86    |     8345.79     |
|           Pteropodidae            |   0.02   |    2     |    0.25 (25.45%)   |   -4094.27    |    8349.89    |     8345.79     |
|           Phyllostomus            |   0.01   |    2     |    0.25 ( 8.43%)   |   -4094.26    |    8349.87    |     8345.79     |
|         Vespertilionidae          |   0.01   |    2     |   0.08 (100.00%)   |   -4094.26    |    8349.86    |     8345.79     |
|         raXP_016008006_1          |   0.01   |    2     |    0.00 ( 1.67%)   |   -4094.26    |    8349.86    |     8345.79     |
|         ajXP_036999232_2          |   0.01   |    2     |    0.05 ( 8.56%)   |   -4094.26    |    8349.86    |     8345.79     |
|               AjPh                |   0.01   |    2     |    0.00 ( 2.62%)   |   -4094.26    |    8349.86    |     8345.79     |
|           Pipistrellus            |   0.01   |    2     |    0.00 ( 5.16%)   |   -4094.25    |    8349.85    |     8345.79     |
|         mmXP_036196431_1          |   0.01   |    2     |    0.00 ( 5.00%)   |   -4094.26    |    8349.86    |     8345.79     |
|         pdXP_028375397_1          |   0.01   |    2     |    0.25 (22.26%)   |   -4094.26    |    8349.87    |     8345.79     |
|          Yangochiroptera          |   0.01   |    2     |    0.25 (25.00%)   |   -4094.26    |    8349.87    |     8345.79     |
|              Myotis               |   0.01   |    2     |  161.02 ( 0.43%)   |   -4093.97    |    8349.29    |     8345.79     |
|         phXP_045692135_1          |   0.00   |    2     |    0.00 ( 5.00%)   |   -4094.26    |    8349.86    |     8345.79     |
|             Pteropus              |   0.00   |    2     |    0.00 ( 5.00%)   |   -4094.26    |    8349.86    |     8345.79     |
|               EpPi                |   0.00   |    2     |    0.00 ( 0.00%)   |   -4094.25    |    8349.84    |     8345.79     |
|          pnCAK6437980_1           |   0.00   |    2     |    0.00 ( 1.80%)   |   -4094.25    |    8349.84    |     8345.79     |
|         pkXP_036310153_1          |   0.00   |    2     |    0.00 ( 2.86%)   |   -4094.25    |    8349.84    |     8345.79     |
|         mlXP_006099930_1          |   0.00   |    2     |    0.00 ( 0.64%)   |   -4094.26    |    8349.86    |     8345.79     |
|         mbXP_014404351_1          |   0.00   |    2     |    0.00 ( 0.64%)   |   -4094.26    |    8349.86    |     8345.79     |
|               Myodm               |   0.00   |    2     |    0.00 ( 2.71%)   |   -4094.26    |    8349.86    |     8345.79     |
|         mdXP_059525517_1          |   0.00   |    2     |    0.00 ( 5.00%)   |   -4094.26    |    8349.86    |     8345.79     |
|  YangochiropteraAfterSaccopteryx  |   0.00   |    2     |    0.00 ( 3.72%)   |   -4094.26    |    8349.86    |     8345.79     |
|               Myobl               |   0.00   |    2     |    0.00 ( 3.07%)   |   -4094.26    |    8349.86    |     8345.79     |
|         paXP_006925036_1          |   0.00   |    2     |    0.00 ( 5.00%)   |   -4094.26    |    8349.86    |     8345.79     |
|         pgXP_039741955_1          |   0.00   |    2     |    0.00 ( 5.00%)   |   -4094.26    |    8349.86    |     8345.79     |
|         pvXP_011358325_1          |   0.00   |    2     |    0.30 (13.82%)   |   -4094.26    |    8349.86    |     8345.79     |

### Rate class analyses summary
*  1 branches with **2** rate classes
*  30 branches with **1** rate classes

### Improving parameter estimates of the adaptive rate class model
* Log(L) = -4083.46, AIC-c =  8324.19 (78 estimated parameters)

### Testing selected branches for selection

|              Branch               |  Rates   |     Max. dN/dS     | Sites @ EBF>=100 |      Test LRT      |Uncorrected p-value |
|-----------------------------------|----------|--------------------|------------------|--------------------|--------------------|
|          enKAK1331354_1           |     2    |   >1000 ( 3.36%)   |         17       |       120.91       |       0.00000      |
|         sbXP_066119409_1          |     1    |   0.04 (100.00%)   |       N/A        |        0.00        |       1.00000      |
|         moXP_036123882_1          |     1    |   0.07 (100.00%)   |       N/A        |        0.00        |       1.00000      |
|         drXP_024420423_2          |     1    |   0.01 (100.00%)   |       N/A        |        0.00        |       1.00000      |
|          Phyllostomidae           |     1    |   0.05 (100.00%)   |       N/A        |        0.00        |       1.00000      |
|         rfXP_032946005_1          |     1    |   0.02 (100.00%)   |       N/A        |        0.00        |       1.00000      |
|           Pteropodidae            |     1    |   0.05 (100.00%)   |       N/A        |        0.00        |       1.00000      |
|           Phyllostomus            |     1    |   0.02 (100.00%)   |       N/A        |        0.00        |       1.00000      |
|         Vespertilionidae          |     1    |   0.07 (100.00%)   |       N/A        |        0.00        |       1.00000      |
|         raXP_016008006_1          |     1    |   0.00 (100.00%)   |       N/A        |        0.00        |       1.00000      |
|         ajXP_036999232_2          |     1    |   0.03 (100.00%)   |       N/A        |        0.00        |       1.00000      |
|               AjPh                |     1    |   0.00 (100.00%)   |       N/A        |        0.00        |       1.00000      |
|           Pipistrellus            |     1    |   0.00 (100.00%)   |       N/A        |        0.00        |       1.00000      |
|         mmXP_036196431_1          |     1    |   0.00 (100.00%)   |       N/A        |        0.00        |       1.00000      |
|         pdXP_028375397_1          |     1    |   0.05 (100.00%)   |       N/A        |        0.00        |       1.00000      |
|          Yangochiroptera          |     1    |   0.05 (100.00%)   |       N/A        |        0.00        |       1.00000      |
|              Myotis               |     1    |   0.13 (100.00%)   |       N/A        |        0.00        |       1.00000      |
|         phXP_045692135_1          |     1    |   0.00 (100.00%)   |       N/A        |        0.00        |       1.00000      |
|             Pteropus              |     1    |   0.00 (100.00%)   |       N/A        |        0.00        |       1.00000      |
|               EpPi                |     1    |   0.00 (100.00%)   |       N/A        |        0.00        |       1.00000      |
|          pnCAK6437980_1           |     1    |   0.00 (100.00%)   |       N/A        |        0.00        |       1.00000      |
|         pkXP_036310153_1          |     1    |   0.00 (100.00%)   |       N/A        |        0.00        |       1.00000      |
|         mlXP_006099930_1          |     1    |   0.00 (100.00%)   |       N/A        |        0.00        |       1.00000      |
|         mbXP_014404351_1          |     1    |   0.00 (100.00%)   |       N/A        |        0.00        |       1.00000      |
|               Myodm               |     1    |   0.00 (100.00%)   |       N/A        |        0.00        |       1.00000      |
|         mdXP_059525517_1          |     1    |   0.00 (100.00%)   |       N/A        |        0.00        |       1.00000      |
|  YangochiropteraAfterSaccopteryx  |     1    |   0.00 (100.00%)   |       N/A        |        0.00        |       1.00000      |
|               Myobl               |     1    |   0.00 (100.00%)   |       N/A        |        0.00        |       1.00000      |
|         paXP_006925036_1          |     1    |   0.00 (100.00%)   |       N/A        |        0.00        |       1.00000      |
|         pgXP_039741955_1          |     1    |   0.00 (100.00%)   |       N/A        |        0.00        |       1.00000      |
|         pvXP_011358325_1          |     1    |   1.00 (100.00%)   |       N/A        |        0.00        |       1.00000      |
----
### Adaptive branch site random effects likelihood test 
Likelihood ratio test for episodic diversifying positive selection at Holm-Bonferroni corrected _p =   0.0500_ found **1** branches under selection among **31** tested.

* enKAK1331354_1, p-value =  0.00000
