
Analysis Description
--------------------
aBSREL (Adaptive branch-site random effects likelihood) uses an adaptive
random effects branch-site model framework to test whether each branch
has evolved under positive selection, using a procedure which infers an
optimal number of rate categories per branch. v2.2 adds support for
multiple-hit models. v2.3 adds support for SRV. v2.5 adds support for
ancestral state reconstruction, identification of sites contributing to
selection signal, and some diagnostics. 

- __Requirements__: in-frame codon alignment and a phylogenetic tree

- __Citation__:  Less Is More: An Adaptive Branch-Site Random Effects Model for
Efficient Detection of Episodic Diversifying Selection (2015). Mol Biol
Evol 32 (5): 1342-1353. 

- __Written by__: Sergei L Kosakovsky Pond, Ben Murrell, Steven Weaver and Temple iGEM /
UCSD viral evolution group

- __Contact Information__: spond@temple.edu

- __Analysis Version__: 2.5

[Advanced option] Bag of little bootstrap alignment resampling rate (permissible range = [0.01,1], default value = 1): blb: 1

>code => Universal

-------
>[WARNING]
'/home/malaevleo/mitimpair_pal2nal/NP_001186768.2_bat_only_aligned_nucleotide_codon_aligned.fasta'
contains 4 duplicate sequences. Identical sequences do not contribute
any information to the analysis and only slow down computation. Please
consider removing duplicate or 'nearly' duplicate sequences, e.g. using
https://github.com/veg/hyphy-analyses/tree/master/remove-duplicates
prior to running selection analyses
-------
/home/malaevleo/mitimpair_trees/NP_001186768.2_bat_only_aligned_nucleotide_codon_aligned.fasta_pruned.nwk
mitimpair_trees/NP_001186768.2_bat_only_aligned_nucleotide_codon_aligned.fasta_pruned.nwk

>Loaded a multiple sequence alignment with **18** sequences, **193** codons, and **1** partitions from `/home/malaevleo/mitimpair_pal2nal/NP_001186768.2_bat_only_aligned_nucleotide_codon_aligned.fasta`

>branches => All

>multiple-hits => None

>srv => No


### * Selected 33 branches for testing: `rfXP_032965006_1, paXP_006913650_1, pgXP_039707385_1, pvXP_011371114_1, Pteropusgv, Pteropus, raXP_015975977_1, Pteropodidae, sbXP_066133569_1, ajXP_053510820_1, phXP_045697253_1, pdXP_035886126_1, Phyllostomus, AjPh, drXP_024412574_1, Phyllostomidae, moXP_036122826_1, mbXP_014385438_1, mlXP_023619475_1, Myobl, mdXP_059564106_1, mmXP_036211327_1, Myodm, Myotis, pkXP_036304910_2, pnCAK6432506_1, Pipistrellus, enKAK1338789_1, EpPi, Vespertilionidae, MolossusPhyllostomus, YangochiropteraAfterSaccopteryx, Yangochiroptera`


### Obtaining branch lengths and nucleotide substitution biases under the nucleotide GTR model

>kill-zero-lengths => Yes

### Deleted 6 zero-length internal branches: `Myobl, Myodm, Myotis, Phyllostomus, Pteropusgv, YangochiropteraAfterSaccopteryx`
* Log(L) = -1417.18, AIC-c =  2916.69 (41 estimated parameters)
* 1 partition. Total tree length by partition (subs/site)  0.189

### Fitting the baseline model with a single dN/dS class per branch, and no site-to-site variation. 
* Log(L) = -1284.19, AIC-c =  2707.14 (68 estimated parameters)
* Branch-level non-synonymous/synonymous rate ratio distribution has median  0.12, and 95% of the weight in  0.00 -  1.00

### Determining the optimal number of rate classes per branch using a step up procedure

|              Branch               |  Length  |  Rates   |     Max. dN/dS     |    Log(L)     |     AIC-c     |Best AIC-c so far|
|-----------------------------------|----------|----------|--------------------|---------------|---------------|-----------------|
|         Vespertilionidae          |   0.03   |    2     |    0.00 ( 0.64%)   |   -1284.19    |    2711.31    |     2707.14     |
|         rfXP_032965006_1          |   0.03   |    2     |    0.00 ( 0.00%)   |   -1284.19    |    2711.31    |     2707.14     |
|           Pipistrellus            |   0.02   |    2     |    0.00 ( 5.00%)   |   -1284.19    |    2711.31    |     2707.14     |
|           Pteropodidae            |   0.02   |    2     |    0.25 (22.46%)   |   -1284.20    |    2711.32    |     2707.14     |
|         sbXP_066133569_1          |   0.02   |    2     |    0.00 ( 0.00%)   |   -1284.19    |    2711.31    |     2707.14     |
|       MolossusPhyllostomus        |   0.01   |    2     |    0.00 ( 0.00%)   |   -1284.19    |    2711.31    |     2707.14     |
|          enKAK1338789_1           |   0.01   |    2     |    0.00 ( 0.00%)   |   -1284.19    |    2711.31    |     2707.14     |
|         drXP_024412574_1          |   0.01   |    2     |    0.00 ( 5.00%)   |   -1284.19    |    2711.31    |     2707.14     |
|         ajXP_053510820_1          |   0.01   |    2     |    0.00 ( 5.00%)   |   -1284.19    |    2711.31    |     2707.14     |
|          Yangochiroptera          |   0.01   |    2     |    0.00 ( 0.00%)   |   -1284.19    |    2711.31    |     2707.14     |
|         moXP_036122826_1          |   0.01   |    2     |    0.24 (50.61%)   |   -1284.20    |    2711.31    |     2707.14     |
|          pnCAK6432506_1           |   0.01   |    2     |    0.60 (77.62%)   |   -1284.19    |    2711.31    |     2707.14     |
|         raXP_015975977_1          |   0.00   |    2     |    0.00 ( 0.00%)   |   -1284.19    |    2711.31    |     2707.14     |
|               EpPi                |   0.00   |    2     |    0.00 ( 5.00%)   |   -1284.19    |    2711.31    |     2707.14     |
|         mdXP_059564106_1          |   0.00   |    2     |    0.00 ( 0.00%)   |   -1284.19    |    2711.31    |     2707.14     |
|          Phyllostomidae           |   0.00   |    2     |    0.00 ( 5.00%)   |   -1284.19    |    2711.31    |     2707.14     |
|         pkXP_036304910_2          |   0.00   |    2     |    0.00 ( 0.64%)   |   -1284.19    |    2711.31    |     2707.14     |
|             Pteropus              |   0.00   |    2     |    0.00 ( 0.00%)   |   -1284.19    |    2711.31    |     2707.14     |
|         mbXP_014385438_1          |   0.00   |    2     |    0.00 ( 0.00%)   |   -1284.19    |    2711.31    |     2707.14     |
|               AjPh                |   0.00   |    2     |    0.00 ( 3.33%)   |   -1284.19    |    2711.31    |     2707.14     |
|         mmXP_036211327_1          |   0.00   |    2     |    0.26 (13.82%)   |   -1284.19    |    2711.31    |     2707.14     |
|         mlXP_023619475_1          |   0.00   |    2     |    0.30 ( 6.51%)   |   -1284.19    |    2711.31    |     2707.14     |
|         pgXP_039707385_1          |   0.00   |    2     |    0.27 ( 3.72%)   |   -1284.19    |    2711.31    |     2707.14     |
|         pvXP_011371114_1          |   0.00   |    2     |    0.27 ( 2.00%)   |   -1284.19    |    2711.31    |     2707.14     |
|         pdXP_035886126_1          |   0.00   |    2     |    0.30 (13.82%)   |   -1284.19    |    2711.31    |     2707.14     |
|         phXP_045697253_1          |   0.00   |    2     |    0.30 ( 6.51%)   |   -1284.19    |    2711.31    |     2707.14     |
|         paXP_006913650_1          |   0.00   |    2     |    0.27 ( 3.72%)   |   -1284.19    |    2711.31    |     2707.14     |

### Rate class analyses summary
*  27 branches with **1** rate classes

### Improving parameter estimates of the adaptive rate class model
* Log(L) = -1282.60, AIC-c =  2703.96 (68 estimated parameters)

### Testing selected branches for selection

|              Branch               |  Rates   |     Max. dN/dS     | Sites @ EBF>=100 |      Test LRT      |Uncorrected p-value |
|-----------------------------------|----------|--------------------|------------------|--------------------|--------------------|
|         Vespertilionidae          |     1    |   0.00 (100.00%)   |       N/A        |        0.00        |       1.00000      |
|         rfXP_032965006_1          |     1    |   0.00 (100.00%)   |       N/A        |        0.00        |       1.00000      |
|           Pipistrellus            |     1    |   0.00 (100.00%)   |       N/A        |        0.00        |       1.00000      |
|           Pteropodidae            |     1    |   0.05 (100.00%)   |       N/A        |        0.00        |       1.00000      |
|         sbXP_066133569_1          |     1    |   0.00 (100.00%)   |       N/A        |        0.00        |       1.00000      |
|       MolossusPhyllostomus        |     1    |   0.00 (100.00%)   |       N/A        |        0.00        |       1.00000      |
|          enKAK1338789_1           |     1    |   0.00 (100.00%)   |       N/A        |        0.00        |       1.00000      |
|         drXP_024412574_1          |     1    |   0.00 (100.00%)   |       N/A        |        0.00        |       1.00000      |
|         ajXP_053510820_1          |     1    |   0.00 (100.00%)   |       N/A        |        0.00        |       1.00000      |
|          Yangochiroptera          |     1    |   0.00 (100.00%)   |       N/A        |        0.00        |       1.00000      |
|         moXP_036122826_1          |     1    |   0.12 (100.00%)   |       N/A        |        0.00        |       1.00000      |
|          pnCAK6432506_1           |     1    |   0.55 (100.00%)   |       N/A        |        0.00        |       1.00000      |
|         raXP_015975977_1          |     1    |   0.00 (100.00%)   |       N/A        |        0.00        |       1.00000      |
|               EpPi                |     1    |   0.00 (100.00%)   |       N/A        |        0.00        |       1.00000      |
|         mdXP_059564106_1          |     1    |   0.00 (100.00%)   |       N/A        |        0.00        |       1.00000      |
|          Phyllostomidae           |     1    |   0.00 (100.00%)   |       N/A        |        0.00        |       1.00000      |
|         pkXP_036304910_2          |     1    |   0.00 (100.00%)   |       N/A        |        0.00        |       1.00000      |
|             Pteropus              |     1    |   0.00 (100.00%)   |       N/A        |        0.00        |       1.00000      |
|         mbXP_014385438_1          |     1    |   0.00 (100.00%)   |       N/A        |        0.00        |       1.00000      |
|               AjPh                |     1    |   0.00 (100.00%)   |       N/A        |        0.00        |       1.00000      |
|         mmXP_036211327_1          |     1    |   1.00 (100.00%)   |       N/A        |        0.00        |       1.00000      |
|         mlXP_023619475_1          |     1    |   1.00 (100.00%)   |       N/A        |        0.00        |       1.00000      |
|         pgXP_039707385_1          |     1    |   1.00 (100.00%)   |       N/A        |        0.00        |       1.00000      |
|         pvXP_011371114_1          |     1    |   1.00 (100.00%)   |       N/A        |        0.00        |       1.00000      |
|         pdXP_035886126_1          |     1    |   1.00 (100.00%)   |       N/A        |        0.00        |       1.00000      |
|         phXP_045697253_1          |     1    |   1.00 (100.00%)   |       N/A        |        0.00        |       1.00000      |
|         paXP_006913650_1          |     1    |   1.00 (100.00%)   |       N/A        |        0.00        |       1.00000      |
----
### Adaptive branch site random effects likelihood test 
Likelihood ratio test for episodic diversifying positive selection at Holm-Bonferroni corrected _p =   0.0500_ found **0** branches under selection among **27** tested.

