
Analysis Description
--------------------
aBSREL (Adaptive branch-site random effects likelihood) uses an adaptive
random effects branch-site model framework to test whether each branch
has evolved under positive selection, using a procedure which infers an
optimal number of rate categories per branch. v2.2 adds support for
multiple-hit models. v2.3 adds support for SRV. v2.5 adds support for
ancestral state reconstruction, identification of sites contributing to
selection signal, and some diagnostics. 

- __Requirements__: in-frame codon alignment and a phylogenetic tree

- __Citation__:  Less Is More: An Adaptive Branch-Site Random Effects Model for
Efficient Detection of Episodic Diversifying Selection (2015). Mol Biol
Evol 32 (5): 1342-1353. 

- __Written by__: Sergei L Kosakovsky Pond, Ben Murrell, Steven Weaver and Temple iGEM /
UCSD viral evolution group

- __Contact Information__: spond@temple.edu

- __Analysis Version__: 2.5

[Advanced option] Bag of little bootstrap alignment resampling rate (permissible range = [0.01,1], default value = 1): blb: 1

>code => Universal

-------
>[WARNING]
'/home/malaevleo/mitimpair_pal2nal/NP_001179.1_bat_only_aligned_nucleotide_codon_aligned.fasta'
contains 1 duplicate sequence. Identical sequences do not contribute any
information to the analysis and only slow down computation. Please
consider removing duplicate or 'nearly' duplicate sequences, e.g. using
https://github.com/veg/hyphy-analyses/tree/master/remove-duplicates
prior to running selection analyses
-------
/home/malaevleo/mitimpair_trees/NP_001179.1_bat_only_aligned_nucleotide_codon_aligned.fasta_pruned.nwk
mitimpair_trees/NP_001179.1_bat_only_aligned_nucleotide_codon_aligned.fasta_pruned.nwk

>Loaded a multiple sequence alignment with **18** sequences, **94** codons, and **1** partitions from `/home/malaevleo/mitimpair_pal2nal/NP_001179.1_bat_only_aligned_nucleotide_codon_aligned.fasta`

>branches => All

>multiple-hits => None

>srv => No


### * Selected 33 branches for testing: `rfXP_032959238_1, paXP_006907426_1, pgXP_039712235_1, pvXP_023394266_1, Pteropusgv, Pteropus, raXP_016002456_2, Pteropodidae, sbXP_066133924_1, ajXP_036990341_2, phXP_045691039_1, pdXP_028365967_2, Phyllostomus, AjPh, drXP_024413611_2, Phyllostomidae, moXP_036105141_1, mbXP_005878084_1, mlXP_014322089_1, Myobl, mdXP_059557951_1, mmXP_036212503_1, Myodm, Myotis, pkXP_036270610_1, pnCAK6447098_1, Pipistrellus, enKAK1338532_1, EpPi, Vespertilionidae, MolossusPhyllostomus, YangochiropteraAfterSaccopteryx, Yangochiroptera`


### Obtaining branch lengths and nucleotide substitution biases under the nucleotide GTR model

>kill-zero-lengths => Yes

### Deleted 4 zero-length internal branches: `Myobl, Myodm, Pteropusgv, YangochiropteraAfterSaccopteryx`
* Log(L) = -1266.46, AIC-c =  2615.61 (41 estimated parameters)
* 1 partition. Total tree length by partition (subs/site)  0.688

### Fitting the baseline model with a single dN/dS class per branch, and no site-to-site variation. 
* Log(L) = -1176.30, AIC-c =  2503.10 (72 estimated parameters)
* Branch-level non-synonymous/synonymous rate ratio distribution has median  0.31, and 95% of the weight in  0.00 - 10000000000.00

### Determining the optimal number of rate classes per branch using a step up procedure

|              Branch               |  Length  |  Rates   |     Max. dN/dS     |    Log(L)     |     AIC-c     |Best AIC-c so far|
|-----------------------------------|----------|----------|--------------------|---------------|---------------|-----------------|
|         mlXP_014322089_1          |   0.18   |    2     |    2.11 (36.02%)   |   -1173.67    |    2502.21    |     2502.21     |
|         mlXP_014322089_1          |   0.18   |    3     |    2.09 (36.14%)   |   -1173.67    |    2506.59    |     2502.21     |
|         sbXP_066133924_1          |   0.09   |    2     |    2.31 (17.39%)   |   -1172.05    |    2503.35    |     2502.21     |
|           Phyllostomus            |   0.05   |    2     |    0.16 (50.45%)   |   -1173.68    |    2506.60    |     2502.21     |
|          Phyllostomidae           |   0.05   |    2     |    0.22 (14.97%)   |   -1173.67    |    2506.59    |     2502.21     |
|         rfXP_032959238_1          |   0.04   |    2     |    0.23 (48.94%)   |   -1173.68    |    2506.60    |     2502.21     |
|         pvXP_023394266_1          |   0.04   |    2     |   >1000 ( 4.54%)   |   -1162.70    |    2484.66    |     2484.66     |
|         pvXP_023394266_1          |   0.04   |    3     |   >1000 ( 4.48%)   |   -1162.74    |    2489.12    |     2484.66     |
|         raXP_016002456_2          |   0.03   |    2     |    0.00 ( 0.00%)   |   -1162.70    |    2489.05    |     2484.66     |
|         drXP_024413611_2          |   0.03   |    2     |    0.25 (49.89%)   |   -1162.70    |    2489.05    |     2484.66     |
|         Vespertilionidae          |   0.03   |    2     |    0.32 (50.13%)   |   -1162.70    |    2489.05    |     2484.66     |
|         pkXP_036270610_1          |   0.02   |    2     |    0.39 (96.58%)   |   -1162.70    |    2489.05    |     2484.66     |
|           Pteropodidae            |   0.02   |    2     |    0.29 (76.70%)   |   -1162.70    |    2489.05    |     2484.66     |
|       MolossusPhyllostomus        |   0.02   |    2     |    0.00 ( 1.67%)   |   -1162.70    |    2489.05    |     2484.66     |
|         moXP_036105141_1          |   0.02   |    2     |    0.80 (51.68%)   |   -1162.70    |    2489.05    |     2484.66     |
|          pnCAK6447098_1           |   0.02   |    2     |   32.92 ( 1.44%)   |   -1160.55    |    2484.74    |     2484.66     |
|           Pipistrellus            |   0.01   |    2     |    0.00 ( 5.00%)   |   -1162.70    |    2489.05    |     2484.66     |
|             Pteropus              |   0.01   |    2     |    0.00 ( 5.00%)   |   -1162.70    |    2489.05    |     2484.66     |
|               AjPh                |   0.01   |    2     |    0.00 ( 5.00%)   |   -1162.70    |    2489.05    |     2484.66     |
|         ajXP_036990341_2          |   0.01   |    2     |    0.00 ( 0.00%)   |   -1162.70    |    2489.05    |     2484.66     |
|          Yangochiroptera          |   0.01   |    2     |  >1000 (100.00%)   |   -1162.70    |    2489.05    |     2484.66     |
|              Myotis               |   0.01   |    2     |    0.50 (10.00%)   |   -1162.70    |    2489.05    |     2484.66     |
|         mdXP_059557951_1          |   0.01   |    2     |    0.57 ( 2.90%)   |   -1162.70    |    2489.05    |     2484.66     |
|         pdXP_028365967_2          |   0.01   |    2     |    0.00 ( 0.00%)   |   -1162.70    |    2489.05    |     2484.66     |
|         phXP_045691039_1          |   0.00   |    2     |    0.00 ( 0.00%)   |   -1162.70    |    2489.05    |     2484.66     |
|               EpPi                |   0.00   |    2     |    0.00 ( 0.00%)   |   -1162.70    |    2489.05    |     2484.66     |
|         mmXP_036212503_1          |   0.00   |    2     |    0.00 ( 5.00%)   |   -1162.70    |    2489.05    |     2484.66     |
|         mbXP_005878084_1          |   0.00   |    2     |    0.27 ( 3.72%)   |   -1162.70    |    2489.05    |     2484.66     |
|         paXP_006907426_1          |   0.00   |    2     |    0.27 ( 3.72%)   |   -1162.70    |    2489.05    |     2484.66     |
|         pgXP_039712235_1          |   0.00   |    2     |    0.27 ( 2.00%)   |   -1162.70    |    2489.05    |     2484.66     |
|          enKAK1338532_1           |   0.00   |    2     |    0.30 (13.82%)   |   -1162.70    |    2489.05    |     2484.66     |

### Rate class analyses summary
*  2 branches with **2** rate classes
*  27 branches with **1** rate classes

### Improving parameter estimates of the adaptive rate class model
* Log(L) = -1161.46, AIC-c =  2482.17 (76 estimated parameters)

### Testing selected branches for selection

|              Branch               |  Rates   |     Max. dN/dS     | Sites @ EBF>=100 |      Test LRT      |Uncorrected p-value |
|-----------------------------------|----------|--------------------|------------------|--------------------|--------------------|
|         mlXP_014322089_1          |     2    |    2.10 (35.30%)   |         19       |        1.29        |       0.20873      |
|         sbXP_066133924_1          |     1    |   0.28 (100.00%)   |       N/A        |        0.00        |       1.00000      |
|           Phyllostomus            |     1    |   0.08 (100.00%)   |       N/A        |        0.00        |       1.00000      |
|          Phyllostomidae           |     1    |   0.21 (100.00%)   |       N/A        |        0.00        |       1.00000      |
|         rfXP_032959238_1          |     1    |   0.11 (100.00%)   |       N/A        |        0.00        |       1.00000      |
|         pvXP_023394266_1          |     2    |   >1000 ( 4.52%)   |          4       |       19.48        |       0.00002      |
|         raXP_016002456_2          |     1    |   0.00 (100.00%)   |       N/A        |        0.00        |       1.00000      |
|         drXP_024413611_2          |     1    |   0.24 (100.00%)   |       N/A        |        0.00        |       1.00000      |
|         Vespertilionidae          |     1    |   0.31 (100.00%)   |       N/A        |        0.00        |       1.00000      |
|         pkXP_036270610_1          |     1    |   0.37 (100.00%)   |       N/A        |        0.00        |       1.00000      |
|           Pteropodidae            |     1    |   0.29 (100.00%)   |       N/A        |        0.00        |       1.00000      |
|       MolossusPhyllostomus        |     1    |   0.00 (100.00%)   |       N/A        |        0.00        |       1.00000      |
|         moXP_036105141_1          |     1    |   0.73 (100.00%)   |       N/A        |        0.00        |       1.00000      |
|          pnCAK6447098_1           |     1    |   0.14 (100.00%)   |       N/A        |        0.00        |       1.00000      |
|           Pipistrellus            |     1    |   0.00 (100.00%)   |       N/A        |        0.00        |       1.00000      |
|             Pteropus              |     1    |   0.00 (100.00%)   |       N/A        |        0.00        |       1.00000      |
|               AjPh                |     1    |   0.00 (100.00%)   |       N/A        |        0.00        |       1.00000      |
|         ajXP_036990341_2          |     1    |   0.00 (100.00%)   |       N/A        |        0.00        |       1.00000      |
|          Yangochiroptera          |     1    |  >1000 (100.00%)   |       N/A        |        1.02        |       0.24265      |
|              Myotis               |     1    |   0.40 (100.00%)   |       N/A        |        0.00        |       1.00000      |
|         mdXP_059557951_1          |     1    |   0.41 (100.00%)   |       N/A        |        0.00        |       1.00000      |
|         pdXP_028365967_2          |     1    |   0.00 (100.00%)   |       N/A        |        0.00        |       1.00000      |
|         phXP_045691039_1          |     1    |   0.00 (100.00%)   |       N/A        |        0.00        |       1.00000      |
|               EpPi                |     1    |   0.00 (100.00%)   |       N/A        |        0.00        |       1.00000      |
|         mmXP_036212503_1          |     1    |   0.00 (100.00%)   |       N/A        |        0.00        |       1.00000      |
|         mbXP_005878084_1          |     1    |   1.00 (100.00%)   |       N/A        |        0.00        |       1.00000      |
|         paXP_006907426_1          |     1    |   1.00 (100.00%)   |       N/A        |        0.00        |       1.00000      |
|         pgXP_039712235_1          |     1    |   1.00 (100.00%)   |       N/A        |        0.00        |       1.00000      |
|          enKAK1338532_1           |     1    |   1.00 (100.00%)   |       N/A        |        0.00        |       1.00000      |
----
### Adaptive branch site random effects likelihood test 
Likelihood ratio test for episodic diversifying positive selection at Holm-Bonferroni corrected _p =   0.0500_ found **1** branches under selection among **29** tested.

* pvXP_023394266_1, p-value =  0.00057
