
Analysis Description
--------------------
aBSREL (Adaptive branch-site random effects likelihood) uses an adaptive
random effects branch-site model framework to test whether each branch
has evolved under positive selection, using a procedure which infers an
optimal number of rate categories per branch. v2.2 adds support for
multiple-hit models. v2.3 adds support for SRV. v2.5 adds support for
ancestral state reconstruction, identification of sites contributing to
selection signal, and some diagnostics. 

- __Requirements__: in-frame codon alignment and a phylogenetic tree

- __Citation__:  Less Is More: An Adaptive Branch-Site Random Effects Model for
Efficient Detection of Episodic Diversifying Selection (2015). Mol Biol
Evol 32 (5): 1342-1353. 

- __Written by__: Sergei L Kosakovsky Pond, Ben Murrell, Steven Weaver and Temple iGEM /
UCSD viral evolution group

- __Contact Information__: spond@temple.edu

- __Analysis Version__: 2.5

[Advanced option] Bag of little bootstrap alignment resampling rate (permissible range = [0.01,1], default value = 1): blb: 1

>code => Universal
/home/malaevleo/mitimpair_trees/NP_001352690.1_bat_only_aligned_nucleotide_codon_aligned.fasta_pruned.nwk
mitimpair_trees/NP_001352690.1_bat_only_aligned_nucleotide_codon_aligned.fasta_pruned.nwk

>Loaded a multiple sequence alignment with **18** sequences, **110** codons, and **1** partitions from `/home/malaevleo/mitimpair_pal2nal/NP_001352690.1_bat_only_aligned_nucleotide_codon_aligned.fasta`

>branches => All

>multiple-hits => None

>srv => No


### * Selected 33 branches for testing: `rfXP_032989728_1, paXP_006904188_1, pgXP_039734389_1, pvXP_023394345_1, Pteropusgv, Pteropus, raXP_016000430_1, Pteropodidae, sbXP_066130946_1, ajXP_037021151_2, phXP_045686737_1, pdXP_028377339_1, Phyllostomus, AjPh, drXP_024424753_1, Phyllostomidae, moXP_036096596_1, mbXP_005884449_1, mlXP_006101152_1, Myobl, mdXP_059553032_1, mmXP_036170407_1, Myodm, Myotis, pkXP_036315412_1, pnCAK6445594_1, Pipistrellus, enKAK1342850_1, EpPi, Vespertilionidae, MolossusPhyllostomus, YangochiropteraAfterSaccopteryx, Yangochiroptera`


### Obtaining branch lengths and nucleotide substitution biases under the nucleotide GTR model

>kill-zero-lengths => Yes

### Deleted 1 zero-length internal branches: `Myodm`
* Log(L) = -1416.88, AIC-c =  2916.34 (41 estimated parameters)
* 1 partition. Total tree length by partition (subs/site)  0.624

### Fitting the baseline model with a single dN/dS class per branch, and no site-to-site variation. 
* Log(L) = -1347.95, AIC-c =  2858.38 (78 estimated parameters)
* Branch-level non-synonymous/synonymous rate ratio distribution has median  0.31, and 95% of the weight in  0.00 - 10000000000.00

### Determining the optimal number of rate classes per branch using a step up procedure

|              Branch               |  Length  |  Rates   |     Max. dN/dS     |    Log(L)     |     AIC-c     |Best AIC-c so far|
|-----------------------------------|----------|----------|--------------------|---------------|---------------|-----------------|
|            Pteropusgv             |   0.22   |    2     |  541.47 (24.69%)   |   -1321.99    |    2810.81    |     2810.81     |
|            Pteropusgv             |   0.22   |    3     |  541.58 (24.69%)   |   -1321.99    |    2815.16    |     2810.81     |
|         sbXP_066130946_1          |   0.09   |    2     |    0.89 (20.84%)   |   -1321.06    |    2813.29    |     2810.81     |
|           Pteropodidae            |   0.04   |    2     |    0.28 (75.46%)   |   -1321.99    |    2815.16    |     2810.81     |
|          Yangochiroptera          |   0.04   |    2     |    0.03 (92.28%)   |   -1321.99    |    2815.16    |     2810.81     |
|         ajXP_037021151_2          |   0.03   |    2     |    0.43 (73.92%)   |   -1321.99    |    2815.16    |     2810.81     |
|         rfXP_032989728_1          |   0.03   |    2     |    0.19 (78.75%)   |   -1322.00    |    2815.17    |     2810.81     |
|          Phyllostomidae           |   0.03   |    2     |    6.50 ( 3.96%)   |   -1319.52    |    2810.21    |     2810.21     |
|          Phyllostomidae           |   0.03   |    3     |    6.51 ( 3.95%)   |   -1319.52    |    2814.57    |     2810.21     |
|         raXP_016000430_1          |   0.02   |    2     |   0.39 (100.00%)   |   -1319.52    |    2814.57    |     2810.21     |
|         moXP_036096596_1          |   0.02   |    2     |    0.49 (52.02%)   |   -1319.52    |    2814.57    |     2810.21     |
|         drXP_024424753_1          |   0.02   |    2     |    0.13 (47.48%)   |   -1319.51    |    2814.55    |     2810.21     |
|           Phyllostomus            |   0.02   |    2     |    0.49 (25.14%)   |   -1319.51    |    2814.56    |     2810.21     |
|         pdXP_028377339_1          |   0.01   |    2     |    0.20 (55.00%)   |   -1319.52    |    2814.57    |     2810.21     |
|         phXP_045686737_1          |   0.01   |    2     |  >1000 (100.00%)   |   -1319.52    |    2814.57    |     2810.21     |
|         Vespertilionidae          |   0.01   |    2     |    0.13 (61.10%)   |   -1319.52    |    2814.57    |     2810.21     |
|               EpPi                |   0.01   |    2     |    0.19 (78.49%)   |   -1319.52    |    2814.57    |     2810.21     |
|         mmXP_036170407_1          |   0.01   |    2     |    0.41 (51.43%)   |   -1319.52    |    2814.57    |     2810.21     |
|               Myobl               |   0.01   |    2     |    0.38 (52.13%)   |   -1319.52    |    2814.57    |     2810.21     |
|         pkXP_036315412_1          |   0.01   |    2     |    0.40 (50.00%)   |   -1319.52    |    2814.57    |     2810.21     |
|           Pipistrellus            |   0.01   |    2     |    0.40 (55.00%)   |   -1319.52    |    2814.57    |     2810.21     |
|              Myotis               |   0.01   |    2     |   1.00 (100.00%)   |   -1320.04    |    2815.62    |     2810.21     |
|          pnCAK6445594_1           |   0.01   |    2     |   1.00 (100.00%)   |   -1320.08    |    2815.69    |     2810.21     |
|         pgXP_039734389_1          |   0.01   |    2     |    0.51 (51.05%)   |   -1319.52    |    2814.57    |     2810.21     |
|  YangochiropteraAfterSaccopteryx  |   0.00   |    2     |    0.00 ( 0.64%)   |   -1319.52    |    2814.57    |     2810.21     |
|          enKAK1342850_1           |   0.00   |    2     |    0.00 ( 5.00%)   |   -1319.52    |    2814.57    |     2810.21     |
|             Pteropus              |   0.00   |    2     |    0.00 ( 3.19%)   |   -1319.48    |    2814.49    |     2810.21     |
|               AjPh                |   0.00   |    2     |    0.25 ( 2.00%)   |   -1323.01    |    2821.56    |     2810.21     |
|         mbXP_005884449_1          |   0.00   |    2     |   1.00 (100.00%)   |   -1319.80    |    2815.14    |     2810.21     |
|       MolossusPhyllostomus        |   0.00   |    2     |    0.00 ( 0.64%)   |   -1319.52    |    2814.57    |     2810.21     |
|         paXP_006904188_1          |   0.00   |    2     |    0.00 ( 0.00%)   |   -1319.38    |    2814.30    |     2810.21     |
|         pvXP_023394345_1          |   0.00   |    2     |    0.27 ( 2.00%)   |   -1319.52    |    2814.57    |     2810.21     |
|         mdXP_059553032_1          |   0.00   |    2     |    0.30 (13.82%)   |   -1319.52    |    2814.57    |     2810.21     |
|         mlXP_006101152_1          |   0.00   |    2     |    0.30 ( 6.51%)   |   -1319.52    |    2814.57    |     2810.21     |

### Rate class analyses summary
*  2 branches with **2** rate classes
*  30 branches with **1** rate classes

### Improving parameter estimates of the adaptive rate class model
* Log(L) = -1315.31, AIC-c =  2801.79 (82 estimated parameters)

### Testing selected branches for selection

|              Branch               |  Rates   |     Max. dN/dS     | Sites @ EBF>=100 |      Test LRT      |Uncorrected p-value |
|-----------------------------------|----------|--------------------|------------------|--------------------|--------------------|
|            Pteropusgv             |     2    |   >1000 (24.76%)   |         22       |       42.27        |       0.00000      |
|         sbXP_066130946_1          |     1    |   0.15 (100.00%)   |       N/A        |        0.00        |       1.00000      |
|           Pteropodidae            |     1    |   0.26 (100.00%)   |       N/A        |        0.00        |       1.00000      |
|          Yangochiroptera          |     1    |   0.03 (100.00%)   |       N/A        |        0.00        |       1.00000      |
|         ajXP_037021151_2          |     1    |   0.40 (100.00%)   |       N/A        |        0.00        |       1.00000      |
|         rfXP_032989728_1          |     1    |   0.14 (100.00%)   |       N/A        |        0.00        |       1.00000      |
|          Phyllostomidae           |     2    |    5.59 ( 4.06%)   |          2       |        1.59        |       0.17716      |
|         raXP_016000430_1          |     1    |   0.35 (100.00%)   |       N/A        |        0.00        |       1.00000      |
|         moXP_036096596_1          |     1    |   0.43 (100.00%)   |       N/A        |        0.00        |       1.00000      |
|         drXP_024424753_1          |     1    |   0.12 (100.00%)   |       N/A        |        0.00        |       1.00000      |
|           Phyllostomus            |     1    |   0.25 (100.00%)   |       N/A        |        0.00        |       1.00000      |
|         pdXP_028377339_1          |     1    |   0.10 (100.00%)   |       N/A        |        0.00        |       1.00000      |
|         phXP_045686737_1          |     1    |  >1000 (100.00%)   |       N/A        |        1.86        |       0.15285      |
|         Vespertilionidae          |     1    |   0.12 (100.00%)   |       N/A        |        0.00        |       1.00000      |
|               EpPi                |     1    |   0.15 (100.00%)   |       N/A        |        0.00        |       1.00000      |
|         mmXP_036170407_1          |     1    |   0.31 (100.00%)   |       N/A        |        0.00        |       1.00000      |
|               Myobl               |     1    |   0.31 (100.00%)   |       N/A        |        0.00        |       1.00000      |
|         pkXP_036315412_1          |     1    |   0.31 (100.00%)   |       N/A        |        0.00        |       1.00000      |
|           Pipistrellus            |     1    |   0.31 (100.00%)   |       N/A        |        0.00        |       1.00000      |
|              Myotis               |     1    |  >1000 (100.00%)   |       N/A        |        0.97        |       0.25010      |
|          pnCAK6445594_1           |     1    |  >1000 (100.00%)   |       N/A        |        1.06        |       0.23696      |
|         pgXP_039734389_1          |     1    |   0.33 (100.00%)   |       N/A        |        0.00        |       1.00000      |
|  YangochiropteraAfterSaccopteryx  |     1    |   0.00 (100.00%)   |       N/A        |        0.00        |       1.00000      |
|          enKAK1342850_1           |     1    |   0.00 (100.00%)   |       N/A        |        0.00        |       1.00000      |
|             Pteropus              |     1    |   0.00 (100.00%)   |       N/A        |        0.00        |       1.00000      |
|               AjPh                |     1    |  >1000 (100.00%)   |       N/A        |        0.47        |       0.33565      |
|         mbXP_005884449_1          |     1    |  >1000 (100.00%)   |       N/A        |        0.55        |       0.32034      |
|       MolossusPhyllostomus        |     1    |   0.00 (100.00%)   |       N/A        |        0.00        |       1.00000      |
|         paXP_006904188_1          |     1    |   0.00 (100.00%)   |       N/A        |        0.00        |       1.00000      |
|         pvXP_023394345_1          |     1    |   1.00 (100.00%)   |       N/A        |        0.00        |       1.00000      |
|         mdXP_059553032_1          |     1    |   1.00 (100.00%)   |       N/A        |        0.00        |       1.00000      |
|         mlXP_006101152_1          |     1    |   1.00 (100.00%)   |       N/A        |        0.00        |       1.00000      |
----
### Adaptive branch site random effects likelihood test 
Likelihood ratio test for episodic diversifying positive selection at Holm-Bonferroni corrected _p =   0.0500_ found **1** branches under selection among **32** tested.

* Pteropusgv, p-value =  0.00000
