
Analysis Description
--------------------
aBSREL (Adaptive branch-site random effects likelihood) uses an adaptive
random effects branch-site model framework to test whether each branch
has evolved under positive selection, using a procedure which infers an
optimal number of rate categories per branch. v2.2 adds support for
multiple-hit models. v2.3 adds support for SRV. v2.5 adds support for
ancestral state reconstruction, identification of sites contributing to
selection signal, and some diagnostics. 

- __Requirements__: in-frame codon alignment and a phylogenetic tree

- __Citation__:  Less Is More: An Adaptive Branch-Site Random Effects Model for
Efficient Detection of Episodic Diversifying Selection (2015). Mol Biol
Evol 32 (5): 1342-1353. 

- __Written by__: Sergei L Kosakovsky Pond, Ben Murrell, Steven Weaver and Temple iGEM /
UCSD viral evolution group

- __Contact Information__: spond@temple.edu

- __Analysis Version__: 2.5

[Advanced option] Bag of little bootstrap alignment resampling rate (permissible range = [0.01,1], default value = 1): blb: 1

>code => Universal

-------
>[WARNING]
'/home/malaevleo/mitimpair_pal2nal/NP_001362219.1_bat_only_aligned_nucleotide_codon_aligned.fasta'
contains 1 duplicate sequence. Identical sequences do not contribute any
information to the analysis and only slow down computation. Please
consider removing duplicate or 'nearly' duplicate sequences, e.g. using
https://github.com/veg/hyphy-analyses/tree/master/remove-duplicates
prior to running selection analyses
-------
/home/malaevleo/mitimpair_trees/NP_001362219.1_bat_only_aligned_nucleotide_codon_aligned.fasta_pruned.nwk
mitimpair_trees/NP_001362219.1_bat_only_aligned_nucleotide_codon_aligned.fasta_pruned.nwk

>Loaded a multiple sequence alignment with **17** sequences, **136** codons, and **1** partitions from `/home/malaevleo/mitimpair_pal2nal/NP_001362219.1_bat_only_aligned_nucleotide_codon_aligned.fasta`

>branches => All

>multiple-hits => None

>srv => No


### * Selected 32 branches for testing: `rfXP_032961694_1, paXP_006910792_1, pgXP_039701645_1, pvXP_011354591_1, Pteropusgv, Pteropus, raXP_016016562_2, Pteropodidae, sbXP_066135802_1, ajXP_037019156_1, phXP_045676240_1, pdXP_035882366_1, Phyllostomus, AjPh, drXP_024430551_1, Phyllostomidae, moXP_036116129_1, mbXP_014385763_1, mlXP_014307571_1, Myobl, mdXP_059521457_1, mmXP_036195554_1, Myodm, Myotis, pkXP_036267349_1, pnCAK6432973_1, Pipistrellus, EpPi, Vespertilionidae, MolossusPhyllostomus, YangochiropteraAfterSaccopteryx, Yangochiroptera`


### Obtaining branch lengths and nucleotide substitution biases under the nucleotide GTR model

>kill-zero-lengths => Yes

### Deleted 4 zero-length internal branches: `MolossusPhyllostomus, Myobl, Pipistrellus, Pteropusgv`
* Log(L) = -1241.26, AIC-c =  2562.99 (40 estimated parameters)
* 1 partition. Total tree length by partition (subs/site)  0.305

### Fitting the baseline model with a single dN/dS class per branch, and no site-to-site variation. 
* Log(L) = -1138.01, AIC-c =  2420.45 (70 estimated parameters)
* Branch-level non-synonymous/synonymous rate ratio distribution has median  0.18, and 95% of the weight in  0.00 -  1.84

### Determining the optimal number of rate classes per branch using a step up procedure

|              Branch               |  Length  |  Rates   |     Max. dN/dS     |    Log(L)     |     AIC-c     |Best AIC-c so far|
|-----------------------------------|----------|----------|--------------------|---------------|---------------|-----------------|
|         moXP_036116129_1          |   0.05   |    2     |    0.16 (74.52%)   |   -1138.01    |    2424.71    |     2420.45     |
|               EpPi                |   0.04   |    2     |   15.30 ( 1.82%)   |   -1137.28    |    2423.25    |     2420.45     |
|         sbXP_066135802_1          |   0.03   |    2     |   0.15 (100.00%)   |   -1138.01    |    2424.71    |     2420.45     |
|           Pteropodidae            |   0.02   |    2     |    0.06 (25.50%)   |   -1138.01    |    2424.71    |     2420.45     |
|              Myotis               |   0.02   |    2     |    0.13 (52.98%)   |   -1138.01    |    2424.71    |     2420.45     |
|          Phyllostomidae           |   0.02   |    2     |    0.11 (15.70%)   |   -1138.01    |    2424.71    |     2420.45     |
|         rfXP_032961694_1          |   0.02   |    2     |    0.18 (99.24%)   |   -1138.01    |    2424.71    |     2420.45     |
|         Vespertilionidae          |   0.02   |    2     |   1.78 (100.00%)   |   -1138.01    |    2424.71    |     2420.45     |
|         ajXP_037019156_1          |   0.02   |    2     |    0.00 ( 5.00%)   |   -1138.01    |    2424.71    |     2420.45     |
|         pkXP_036267349_1          |   0.01   |    2     |    0.00 ( 5.00%)   |   -1138.01    |    2424.71    |     2420.45     |
|         drXP_024430551_1          |   0.01   |    2     |    0.00 ( 5.00%)   |   -1138.01    |    2424.71    |     2420.45     |
|         raXP_016016562_2          |   0.01   |    2     |    0.20 (90.00%)   |   -1138.01    |    2424.71    |     2420.45     |
|           Phyllostomus            |   0.01   |    2     |    0.86 (98.71%)   |   -1138.01    |    2424.71    |     2420.45     |
|             Pteropus              |   0.01   |    2     |    0.83 ( 9.73%)   |   -1138.01    |    2424.71    |     2420.45     |
|          Yangochiroptera          |   0.01   |    2     |   97.00 ( 3.11%)   |   -1137.79    |    2424.28    |     2420.45     |
|         pgXP_039701645_1          |   0.01   |    2     |    0.00 ( 5.00%)   |   -1138.01    |    2424.71    |     2420.45     |
|         mmXP_036195554_1          |   0.00   |    2     |    0.59 (76.35%)   |   -1138.01    |    2424.71    |     2420.45     |
|         mdXP_059521457_1          |   0.00   |    2     |    0.00 ( 5.00%)   |   -1138.01    |    2424.71    |     2420.45     |
|               AjPh                |   0.00   |    2     |    0.74 (23.96%)   |   -1138.01    |    2424.71    |     2420.45     |
|         mlXP_014307571_1          |   0.00   |    2     |    0.00 ( 5.00%)   |   -1138.01    |    2424.71    |     2420.45     |
|          pnCAK6432973_1           |   0.00   |    2     |    0.00 ( 5.00%)   |   -1138.01    |    2424.71    |     2420.45     |
|         mbXP_014385763_1          |   0.00   |    2     |    0.00 ( 0.00%)   |   -1138.01    |    2424.71    |     2420.45     |
|               Myodm               |   0.00   |    2     |    0.00 ( 1.67%)   |   -1138.01    |    2424.71    |     2420.45     |
|         pvXP_011354591_1          |   0.00   |    2     |    0.00 ( 5.00%)   |   -1138.01    |    2424.71    |     2420.45     |
|  YangochiropteraAfterSaccopteryx  |   0.00   |    2     |    0.00 ( 3.73%)   |   -1138.01    |    2424.71    |     2420.45     |
|         pdXP_035882366_1          |   0.00   |    2     |    0.30 ( 6.51%)   |   -1138.01    |    2424.71    |     2420.45     |
|         paXP_006910792_1          |   0.00   |    2     |    0.27 ( 3.72%)   |   -1138.01    |    2424.71    |     2420.45     |
|         phXP_045676240_1          |   0.00   |    2     |    0.27 ( 2.00%)   |   -1138.01    |    2424.71    |     2420.45     |

### Rate class analyses summary
*  28 branches with **1** rate classes

### Improving parameter estimates of the adaptive rate class model
* Log(L) = -1136.27, AIC-c =  2416.97 (70 estimated parameters)

### Testing selected branches for selection

|              Branch               |  Rates   |     Max. dN/dS     | Sites @ EBF>=100 |      Test LRT      |Uncorrected p-value |
|-----------------------------------|----------|--------------------|------------------|--------------------|--------------------|
|         moXP_036116129_1          |     1    |   0.15 (100.00%)   |       N/A        |        0.00        |       1.00000      |
|               EpPi                |     1    |   0.07 (100.00%)   |       N/A        |        0.00        |       1.00000      |
|         sbXP_066135802_1          |     1    |   0.14 (100.00%)   |       N/A        |        0.00        |       1.00000      |
|           Pteropodidae            |     1    |   0.05 (100.00%)   |       N/A        |        0.00        |       1.00000      |
|              Myotis               |     1    |   0.12 (100.00%)   |       N/A        |        0.00        |       1.00000      |
|          Phyllostomidae           |     1    |   0.07 (100.00%)   |       N/A        |        0.00        |       1.00000      |
|         rfXP_032961694_1          |     1    |   0.18 (100.00%)   |       N/A        |        0.00        |       1.00000      |
|         Vespertilionidae          |     1    |   1.77 (100.00%)   |       N/A        |        0.25        |       0.38720      |
|         ajXP_037019156_1          |     1    |   0.00 (100.00%)   |       N/A        |        0.00        |       1.00000      |
|         pkXP_036267349_1          |     1    |   0.00 (100.00%)   |       N/A        |        0.00        |       1.00000      |
|         drXP_024430551_1          |     1    |   0.00 (100.00%)   |       N/A        |        0.00        |       1.00000      |
|         raXP_016016562_2          |     1    |   0.18 (100.00%)   |       N/A        |        0.00        |       1.00000      |
|           Phyllostomus            |     1    |   0.84 (100.00%)   |       N/A        |        0.00        |       1.00000      |
|             Pteropus              |     1    |   0.26 (100.00%)   |       N/A        |        0.00        |       1.00000      |
|          Yangochiroptera          |     1    |   1.42 (100.00%)   |       N/A        |        0.04        |       0.46494      |
|         pgXP_039701645_1          |     1    |   0.00 (100.00%)   |       N/A        |        0.00        |       1.00000      |
|         mmXP_036195554_1          |     1    |   0.44 (100.00%)   |       N/A        |        0.00        |       1.00000      |
|         mdXP_059521457_1          |     1    |   0.00 (100.00%)   |       N/A        |        0.00        |       1.00000      |
|               AjPh                |     1    |   0.48 (100.00%)   |       N/A        |        0.00        |       1.00000      |
|         mlXP_014307571_1          |     1    |   0.00 (100.00%)   |       N/A        |        0.00        |       1.00000      |
|          pnCAK6432973_1           |     1    |   0.00 (100.00%)   |       N/A        |        0.00        |       1.00000      |
|         mbXP_014385763_1          |     1    |   0.00 (100.00%)   |       N/A        |        0.00        |       1.00000      |
|               Myodm               |     1    |   0.00 (100.00%)   |       N/A        |        0.00        |       1.00000      |
|         pvXP_011354591_1          |     1    |   0.00 (100.00%)   |       N/A        |        0.00        |       1.00000      |
|  YangochiropteraAfterSaccopteryx  |     1    |   0.00 (100.00%)   |       N/A        |        0.00        |       1.00000      |
|         pdXP_035882366_1          |     1    |   1.00 (100.00%)   |       N/A        |        0.00        |       1.00000      |
|         paXP_006910792_1          |     1    |   1.00 (100.00%)   |       N/A        |        0.00        |       1.00000      |
|         phXP_045676240_1          |     1    |   1.00 (100.00%)   |       N/A        |        0.00        |       1.00000      |
----
### Adaptive branch site random effects likelihood test 
Likelihood ratio test for episodic diversifying positive selection at Holm-Bonferroni corrected _p =   0.0500_ found **0** branches under selection among **28** tested.

