
Analysis Description
--------------------
aBSREL (Adaptive branch-site random effects likelihood) uses an adaptive
random effects branch-site model framework to test whether each branch
has evolved under positive selection, using a procedure which infers an
optimal number of rate categories per branch. v2.2 adds support for
multiple-hit models. v2.3 adds support for SRV. v2.5 adds support for
ancestral state reconstruction, identification of sites contributing to
selection signal, and some diagnostics. 

- __Requirements__: in-frame codon alignment and a phylogenetic tree

- __Citation__:  Less Is More: An Adaptive Branch-Site Random Effects Model for
Efficient Detection of Episodic Diversifying Selection (2015). Mol Biol
Evol 32 (5): 1342-1353. 

- __Written by__: Sergei L Kosakovsky Pond, Ben Murrell, Steven Weaver and Temple iGEM /
UCSD viral evolution group

- __Contact Information__: spond@temple.edu

- __Analysis Version__: 2.5

[Advanced option] Bag of little bootstrap alignment resampling rate (permissible range = [0.01,1], default value = 1): blb: 1

>code => Universal
/home/malaevleo/mitimpair_trees/NP_001289201.1_bat_only_aligned_nucleotide_codon_aligned.fasta_pruned.nwk
mitimpair_trees/NP_001289201.1_bat_only_aligned_nucleotide_codon_aligned.fasta_pruned.nwk

>Loaded a multiple sequence alignment with **18** sequences, **250** codons, and **1** partitions from `/home/malaevleo/mitimpair_pal2nal/NP_001289201.1_bat_only_aligned_nucleotide_codon_aligned.fasta`

>branches => All

>multiple-hits => None

>srv => No


### * Selected 33 branches for testing: `rfXP_032987136_1, paXP_006920881_1, pgXP_039726811_1, pvXP_011357535_1, Pteropusgv, Pteropus, raXP_015998015_2, Pteropodidae, sbXP_066095962_1, ajXP_036988784_2, phXP_045710067_1, pdXP_028368309_1, Phyllostomus, AjPh, drXP_024411127_2, Phyllostomidae, moXP_036120894_1, mbXP_005879735_1, mlXP_006101274_1, Myobl, mdXP_059540436_1, mmXP_036191702_1, Myodm, Myotis, pkXP_036295110_1, pnCAK6436054_1, Pipistrellus, enKAK1346989_1, EpPi, Vespertilionidae, MolossusPhyllostomus, YangochiropteraAfterSaccopteryx, Yangochiroptera`


### Obtaining branch lengths and nucleotide substitution biases under the nucleotide GTR model

>kill-zero-lengths => Yes

### Deleted 3 zero-length internal branches: `Myobl, Pipistrellus, YangochiropteraAfterSaccopteryx`
* Log(L) = -4245.88, AIC-c =  8574.01 (41 estimated parameters)
* 1 partition. Total tree length by partition (subs/site) 4103.112

### Fitting the baseline model with a single dN/dS class per branch, and no site-to-site variation. 
* Log(L) = -4015.93, AIC-c =  8182.37 (74 estimated parameters)
* Branch-level non-synonymous/synonymous rate ratio distribution has median  0.18, and 95% of the weight in  0.00 - 9962091.99

### Determining the optimal number of rate classes per branch using a step up procedure

|              Branch               |  Length  |  Rates   |     Max. dN/dS     |    Log(L)     |     AIC-c     |Best AIC-c so far|
|-----------------------------------|----------|----------|--------------------|---------------|---------------|-----------------|
|          enKAK1346989_1           |2732.71...|    2     |    7.69 (35.13%)   |   -3772.46    |    7699.56    |     7699.56     |
|          enKAK1346989_1           |2732.71...|    3     |    0.80 (10.35%)   |   -3771.63    |    7702.05    |     7699.56     |
|         sbXP_066095962_1          |   0.09   |    2     |    0.09 (50.78%)   |   -3772.46    |    7703.70    |     7699.56     |
|         rfXP_032987136_1          |   0.05   |    2     |   0.15 (100.00%)   |   -3772.46    |    7703.70    |     7699.56     |
|          Phyllostomidae           |   0.04   |    2     |    0.08 (53.90%)   |   -3772.46    |    7703.70    |     7699.56     |
|           Phyllostomus            |   0.04   |    2     |   0.16 (100.00%)   |   -3772.46    |    7703.70    |     7699.56     |
|               EpPi                |   0.04   |    2     |    7.36 ( 4.81%)   |   -3767.91    |    7694.61    |     7694.61     |
|               EpPi                |   0.04   |    3     |    9.21 ( 3.62%)   |   -3767.91    |    7698.75    |     7694.61     |
|         moXP_036120894_1          |   0.04   |    2     |    2.35 (19.72%)   |   -3767.01    |    7696.95    |     7694.61     |
|         Vespertilionidae          |   0.04   |    2     |    0.06 (80.49%)   |   -3767.91    |    7698.75    |     7694.61     |
|         ajXP_036988784_2          |   0.03   |    2     |    3.03 ( 5.39%)   |   -3767.42    |    7697.78    |     7694.61     |
|           Pteropodidae            |   0.03   |    2     |    0.17 (20.82%)   |   -3767.91    |    7698.75    |     7694.61     |
|         raXP_015998015_2          |   0.03   |    2     |    7.42 ( 1.93%)   |   -3764.45    |    7691.83    |     7691.83     |
|         raXP_015998015_2          |   0.03   |    3     |    8.75 ( 1.50%)   |   -3764.47    |    7696.02    |     7691.83     |
|               AjPh                |   0.03   |    2     |    0.26 ( 9.53%)   |   -3764.46    |    7696.00    |     7691.83     |
|         drXP_024411127_2          |   0.02   |    2     |    0.18 (95.86%)   |   -3764.45    |    7695.98    |     7691.83     |
|         pdXP_028368309_1          |   0.02   |    2     |    0.47 (25.81%)   |   -3764.45    |    7695.98    |     7691.83     |
|         mdXP_059540436_1          |   0.02   |    2     |    0.49 (51.83%)   |   -3764.45    |    7695.98    |     7691.83     |
|          Yangochiroptera          |   0.01   |    2     |   39.61 ( 1.08%)   |   -3764.00    |    7695.09    |     7691.83     |
|              Myotis               |   0.01   |    2     |    0.71 ( 7.57%)   |   -3764.45    |    7695.98    |     7691.83     |
|         mlXP_006101274_1          |   0.01   |    2     |    0.40 (42.25%)   |   -3764.45    |    7695.98    |     7691.83     |
|         phXP_045710067_1          |   0.01   |    2     |    0.20 (94.81%)   |   -3764.45    |    7695.98    |     7691.83     |
|               Myodm               |   0.01   |    2     |    0.25 (48.92%)   |   -3764.45    |    7695.98    |     7691.83     |
|             Pteropus              |   0.01   |    2     |    0.75 (10.00%)   |   -3764.45    |    7695.98    |     7691.83     |
|         pkXP_036295110_1          |   0.01   |    2     |    0.00 ( 0.64%)   |   -3764.45    |    7695.98    |     7691.83     |
|          pnCAK6436054_1           |   0.01   |    2     |    0.22 (51.81%)   |   -3764.45    |    7695.99    |     7691.83     |
|       MolossusPhyllostomus        |   0.00   |    2     |    0.00 ( 3.09%)   |   -3764.45    |    7695.98    |     7691.83     |
|         mmXP_036191702_1          |   0.00   |    2     |  >1000 (100.00%)   |   -3764.45    |    7695.98    |     7691.83     |
|         mbXP_005879735_1          |   0.00   |    2     |    0.00 ( 5.00%)   |   -3764.45    |    7695.98    |     7691.83     |
|            Pteropusgv             |   0.00   |    2     |   1.00 (100.00%)   |   -3764.83    |    7696.74    |     7691.83     |
|         pvXP_011357535_1          |   0.00   |    2     |    0.00 ( 1.67%)   |   -3764.45    |    7695.98    |     7691.83     |
|         pgXP_039726811_1          |   0.00   |    2     |    0.00 ( 5.00%)   |   -3764.45    |    7695.98    |     7691.83     |
|         paXP_006920881_1          |   0.00   |    2     |    0.27 ( 3.72%)   |   -3764.45    |    7695.98    |     7691.83     |

### Rate class analyses summary
*  3 branches with **2** rate classes
*  27 branches with **1** rate classes

### Improving parameter estimates of the adaptive rate class model
* Log(L) = -3751.20, AIC-c =  7665.33 (80 estimated parameters)

### Testing selected branches for selection

|              Branch               |  Rates   |     Max. dN/dS     | Sites @ EBF>=100 |      Test LRT      |Uncorrected p-value |
|-----------------------------------|----------|--------------------|------------------|--------------------|--------------------|
|          enKAK1346989_1           |     2    |    0.61 (37.48%)   |       N/A        |        0.00        |       1.00000      |
|         sbXP_066095962_1          |     1    |   0.08 (100.00%)   |       N/A        |        0.00        |       1.00000      |
|         rfXP_032987136_1          |     1    |   0.13 (100.00%)   |       N/A        |        0.00        |       1.00000      |
|          Phyllostomidae           |     1    |   0.07 (100.00%)   |       N/A        |        0.00        |       1.00000      |
|           Phyllostomus            |     1    |   0.15 (100.00%)   |       N/A        |        0.00        |       1.00000      |
|               EpPi                |     2    |    5.57 ( 5.60%)   |          8       |        3.30        |       0.07132      |
|         moXP_036120894_1          |     1    |   0.37 (100.00%)   |       N/A        |        0.00        |       1.00000      |
|         Vespertilionidae          |     1    |   0.05 (100.00%)   |       N/A        |        0.00        |       1.00000      |
|         ajXP_036988784_2          |     1    |   0.11 (100.00%)   |       N/A        |        0.00        |       1.00000      |
|           Pteropodidae            |     1    |   0.14 (100.00%)   |       N/A        |        0.00        |       1.00000      |
|         raXP_015998015_2          |     2    |    5.70 ( 2.01%)   |          3       |        1.79        |       0.15835      |
|               AjPh                |     1    |   0.02 (100.00%)   |       N/A        |        0.00        |       1.00000      |
|         drXP_024411127_2          |     1    |   0.16 (100.00%)   |       N/A        |        0.00        |       1.00000      |
|         pdXP_028368309_1          |     1    |   0.38 (100.00%)   |       N/A        |        0.00        |       1.00000      |
|         mdXP_059540436_1          |     1    |   0.41 (100.00%)   |       N/A        |        0.00        |       1.00000      |
|          Yangochiroptera          |     1    |   0.13 (100.00%)   |       N/A        |        0.00        |       1.00000      |
|              Myotis               |     1    |   0.58 (100.00%)   |       N/A        |        0.00        |       1.00000      |
|         mlXP_006101274_1          |     1    |   0.30 (100.00%)   |       N/A        |        0.00        |       1.00000      |
|         phXP_045710067_1          |     1    |   0.17 (100.00%)   |       N/A        |        0.00        |       1.00000      |
|               Myodm               |     1    |   0.20 (100.00%)   |       N/A        |        0.00        |       1.00000      |
|             Pteropus              |     1    |   0.21 (100.00%)   |       N/A        |        0.00        |       1.00000      |
|         pkXP_036295110_1          |     1    |   0.00 (100.00%)   |       N/A        |        0.00        |       1.00000      |
|          pnCAK6436054_1           |     1    |   0.10 (100.00%)   |       N/A        |        0.00        |       1.00000      |
|       MolossusPhyllostomus        |     1    |   0.00 (100.00%)   |       N/A        |        0.00        |       1.00000      |
|         mmXP_036191702_1          |     1    |  >1000 (100.00%)   |       N/A        |        1.36        |       0.20014      |
|         mbXP_005879735_1          |     1    |   0.00 (100.00%)   |       N/A        |        0.00        |       1.00000      |
|            Pteropusgv             |     1    |  >1000 (100.00%)   |       N/A        |        0.68        |       0.29550      |
|         pvXP_011357535_1          |     1    |   0.00 (100.00%)   |       N/A        |        0.00        |       1.00000      |
|         pgXP_039726811_1          |     1    |   0.00 (100.00%)   |       N/A        |        0.00        |       1.00000      |
|         paXP_006920881_1          |     1    |   1.00 (100.00%)   |       N/A        |        0.00        |       1.00000      |
----
### Adaptive branch site random effects likelihood test 
Likelihood ratio test for episodic diversifying positive selection at Holm-Bonferroni corrected _p =   0.0500_ found **0** branches under selection among **30** tested.

