
Analysis Description
--------------------
aBSREL (Adaptive branch-site random effects likelihood) uses an adaptive
random effects branch-site model framework to test whether each branch
has evolved under positive selection, using a procedure which infers an
optimal number of rate categories per branch. v2.2 adds support for
multiple-hit models. v2.3 adds support for SRV. v2.5 adds support for
ancestral state reconstruction, identification of sites contributing to
selection signal, and some diagnostics. 

- __Requirements__: in-frame codon alignment and a phylogenetic tree

- __Citation__:  Less Is More: An Adaptive Branch-Site Random Effects Model for
Efficient Detection of Episodic Diversifying Selection (2015). Mol Biol
Evol 32 (5): 1342-1353. 

- __Written by__: Sergei L Kosakovsky Pond, Ben Murrell, Steven Weaver and Temple iGEM /
UCSD viral evolution group

- __Contact Information__: spond@temple.edu

- __Analysis Version__: 2.5

[Advanced option] Bag of little bootstrap alignment resampling rate (permissible range = [0.01,1], default value = 1): blb: 1

>code => Universal

-------
>[WARNING]
'/home/malaevleo/mitimpair_pal2nal/NP_001387053.1_bat_only_aligned_nucleotide_codon_aligned.fasta'
contains 1 duplicate sequence. Identical sequences do not contribute any
information to the analysis and only slow down computation. Please
consider removing duplicate or 'nearly' duplicate sequences, e.g. using
https://github.com/veg/hyphy-analyses/tree/master/remove-duplicates
prior to running selection analyses
-------
/home/malaevleo/mitimpair_trees/NP_001387053.1_bat_only_aligned_nucleotide_codon_aligned.fasta_pruned.nwk
mitimpair_trees/NP_001387053.1_bat_only_aligned_nucleotide_codon_aligned.fasta_pruned.nwk

>Loaded a multiple sequence alignment with **17** sequences, **459** codons, and **1** partitions from `/home/malaevleo/mitimpair_pal2nal/NP_001387053.1_bat_only_aligned_nucleotide_codon_aligned.fasta`

>branches => All

>multiple-hits => None

>srv => No


### * Selected 32 branches for testing: `rfXP_032980988_1, paXP_006917774_1, pgXP_039708298_1, pvXP_011368108_1, Pteropusgv, Pteropus, raXP_036079852_1, Pteropodidae, sbXP_066123720_1, ajXP_037015603_2, phXP_045683354_1, pdXP_028371051_1, Phyllostomus, AjPh, drXP_024414288_1, Phyllostomidae, moXP_036119000_1, mbXP_005885697_1, mlXP_023601054_1, Myobl, mdXP_059515229_1, mmXP_036189808_1, Myodm, Myotis, pkXP_036291813_1, pnCAK6435282_1, Pipistrellus, EpPi, Vespertilionidae, MolossusPhyllostomus, YangochiropteraAfterSaccopteryx, Yangochiroptera`


### Obtaining branch lengths and nucleotide substitution biases under the nucleotide GTR model

>kill-zero-lengths => Yes
* Log(L) = -5031.66, AIC-c = 10143.45 (40 estimated parameters)
* 1 partition. Total tree length by partition (subs/site)  0.426

### Fitting the baseline model with a single dN/dS class per branch, and no site-to-site variation. 
* Log(L) = -4644.95, AIC-c =  9447.49 (78 estimated parameters)
* Branch-level non-synonymous/synonymous rate ratio distribution has median  0.12, and 95% of the weight in  0.00 -  2.87

### Determining the optimal number of rate classes per branch using a step up procedure

|              Branch               |  Length  |  Rates   |     Max. dN/dS     |    Log(L)     |     AIC-c     |Best AIC-c so far|
|-----------------------------------|----------|----------|--------------------|---------------|---------------|-----------------|
|         sbXP_066123720_1          |   0.07   |    2     |    0.29 ( 0.02%)   |   -4644.95    |    9451.57    |     9447.49     |
|         rfXP_032980988_1          |   0.05   |    2     |    2.05 ( 9.33%)   |   -4642.85    |    9447.38    |     9447.38     |
|         rfXP_032980988_1          |   0.05   |    3     |    2.57 ( 5.73%)   |   -4642.86    |    9451.48    |     9447.38     |
|          Phyllostomidae           |   0.04   |    2     |    0.10 (37.72%)   |   -4642.85    |    9451.47    |     9447.38     |
|         drXP_024414288_1          |   0.03   |    2     |    0.09 (55.05%)   |   -4642.85    |    9451.47    |     9447.38     |
|         ajXP_037015603_2          |   0.03   |    2     |    0.22 (28.49%)   |   -4642.85    |    9451.47    |     9447.38     |
|         moXP_036119000_1          |   0.02   |    2     |    0.17 (50.69%)   |   -4642.87    |    9451.50    |     9447.38     |
|           Pteropodidae            |   0.02   |    2     |   0.14 (100.00%)   |   -4642.85    |    9451.47    |     9447.38     |
|         Vespertilionidae          |   0.02   |    2     |    0.20 (89.53%)   |   -4642.85    |    9451.47    |     9447.38     |
|           Pipistrellus            |   0.02   |    2     |  107.07 ( 0.30%)   |   -4639.32    |    9444.40    |     9444.40     |
|           Pipistrellus            |   0.02   |    3     |  109.33 ( 0.31%)   |   -4639.33    |    9448.51    |     9444.40     |
|         raXP_036079852_1          |   0.02   |    2     |    0.11 (71.99%)   |   -4639.32    |    9448.48    |     9444.40     |
|              Myotis               |   0.01   |    2     |    0.11 (46.21%)   |   -4639.31    |    9448.48    |     9444.40     |
|           Phyllostomus            |   0.01   |    2     |    0.13 (46.61%)   |   -4639.32    |    9448.48    |     9444.40     |
|         pkXP_036291813_1          |   0.01   |    2     |    0.13 (45.00%)   |   -4639.32    |    9448.48    |     9444.40     |
|       MolossusPhyllostomus        |   0.01   |    2     |    3.08 ( 7.85%)   |   -4639.28    |    9448.41    |     9444.40     |
|         mdXP_059515229_1          |   0.01   |    2     |  780.69 ( 0.48%)   |   -4622.72    |    9415.29    |     9415.29     |
|         mdXP_059515229_1          |   0.01   |    3     |  792.16 ( 0.47%)   |   -4622.77    |    9419.48    |     9415.29     |
|         mmXP_036189808_1          |   0.01   |    2     |    0.12 (98.96%)   |   -4622.65    |    9419.24    |     9415.29     |
|             Pteropus              |   0.01   |    2     |    0.20 (53.11%)   |   -4622.72    |    9419.39    |     9415.29     |
|               EpPi                |   0.01   |    2     |    2.15 (95.50%)   |   -4622.44    |    9418.82    |     9415.29     |
|         pdXP_028371051_1          |   0.01   |    2     |    0.25 (22.71%)   |   -4622.72    |    9419.38    |     9415.29     |
|         mlXP_023601054_1          |   0.01   |    2     |    0.27 (24.48%)   |   -4622.72    |    9419.38    |     9415.29     |
|               AjPh                |   0.01   |    2     |    0.26 (24.77%)   |   -4622.72    |    9419.38    |     9415.29     |
|          pnCAK6435282_1           |   0.00   |    2     |    0.17 (49.75%)   |   -4622.72    |    9419.38    |     9415.29     |
|               Myobl               |   0.00   |    2     |    0.21 (52.71%)   |   -4622.59    |    9419.12    |     9415.29     |
|         phXP_045683354_1          |   0.00   |    2     |    0.00 ( 5.00%)   |   -4622.72    |    9419.38    |     9415.29     |
|         mbXP_005885697_1          |   0.00   |    2     |  210.35 ( 0.25%)   |   -4622.13    |    9418.20    |     9415.29     |
|          Yangochiroptera          |   0.00   |    2     |    0.00 ( 5.00%)   |   -4622.72    |    9419.38    |     9415.29     |
|               Myodm               |   0.00   |    2     |    0.00 ( 5.00%)   |   -4622.72    |    9419.38    |     9415.29     |
|  YangochiropteraAfterSaccopteryx  |   0.00   |    2     |    2.00 (50.00%)   |   -4622.71    |    9419.35    |     9415.29     |
|            Pteropusgv             |   0.00   |    2     |    0.00 ( 5.00%)   |   -4622.72    |    9419.38    |     9415.29     |
|         paXP_006917774_1          |   0.00   |    2     |    0.00 ( 3.82%)   |   -4622.72    |    9419.38    |     9415.29     |
|         pgXP_039708298_1          |   0.00   |    2     |    0.27 ( 2.00%)   |   -4622.72    |    9419.38    |     9415.29     |
|         pvXP_011368108_1          |   0.00   |    2     |    0.30 (13.82%)   |   -4622.72    |    9419.38    |     9415.29     |

### Rate class analyses summary
*  29 branches with **1** rate classes
*  3 branches with **2** rate classes

### Improving parameter estimates of the adaptive rate class model
* Log(L) = -4612.55, AIC-c =  9394.95 (84 estimated parameters)

### Testing selected branches for selection

|              Branch               |  Rates   |     Max. dN/dS     | Sites @ EBF>=100 |      Test LRT      |Uncorrected p-value |
|-----------------------------------|----------|--------------------|------------------|--------------------|--------------------|
|         sbXP_066123720_1          |     1    |   0.06 (100.00%)   |       N/A        |        0.00        |       1.00000      |
|         rfXP_032980988_1          |     2    |    1.51 (10.94%)   |         13       |        0.19        |       0.40675      |
|          Phyllostomidae           |     1    |   0.09 (100.00%)   |       N/A        |        0.00        |       1.00000      |
|         drXP_024414288_1          |     1    |   0.08 (100.00%)   |       N/A        |        0.00        |       1.00000      |
|         ajXP_037015603_2          |     1    |   0.20 (100.00%)   |       N/A        |        0.00        |       1.00000      |
|         moXP_036119000_1          |     1    |   0.08 (100.00%)   |       N/A        |        0.00        |       1.00000      |
|           Pteropodidae            |     1    |   0.13 (100.00%)   |       N/A        |        0.00        |       1.00000      |
|         Vespertilionidae          |     1    |   0.16 (100.00%)   |       N/A        |        0.00        |       1.00000      |
|           Pipistrellus            |     2    |   73.90 ( 0.32%)   |          1       |        3.58        |       0.06177      |
|         raXP_036079852_1          |     1    |   0.10 (100.00%)   |       N/A        |        0.00        |       1.00000      |
|              Myotis               |     1    |   0.12 (100.00%)   |       N/A        |        0.00        |       1.00000      |
|           Phyllostomus            |     1    |   0.12 (100.00%)   |       N/A        |        0.00        |       1.00000      |
|         pkXP_036291813_1          |     1    |   0.12 (100.00%)   |       N/A        |        0.00        |       1.00000      |
|       MolossusPhyllostomus        |     1    |   0.18 (100.00%)   |       N/A        |        0.00        |       1.00000      |
|         mdXP_059515229_1          |     2    |  586.40 ( 0.47%)   |          2       |       24.13        |       0.00000      |
|         mmXP_036189808_1          |     1    |   0.11 (100.00%)   |       N/A        |        0.00        |       1.00000      |
|             Pteropus              |     1    |   0.10 (100.00%)   |       N/A        |        0.00        |       1.00000      |
|               EpPi                |     1    |   4.99 (100.00%)   |       N/A        |        0.06        |       0.45168      |
|         pdXP_028371051_1          |     1    |   0.05 (100.00%)   |       N/A        |        0.00        |       1.00000      |
|         mlXP_023601054_1          |     1    |   0.06 (100.00%)   |       N/A        |        0.00        |       1.00000      |
|               AjPh                |     1    |   0.06 (100.00%)   |       N/A        |        0.00        |       1.00000      |
|          pnCAK6435282_1           |     1    |   0.08 (100.00%)   |       N/A        |        0.00        |       1.00000      |
|               Myobl               |     1    |   0.10 (100.00%)   |       N/A        |        0.00        |       1.00000      |
|         phXP_045683354_1          |     1    |   0.00 (100.00%)   |       N/A        |        0.00        |       1.00000      |
|         mbXP_005885697_1          |     1    |   0.11 (100.00%)   |       N/A        |        0.00        |       1.00000      |
|          Yangochiroptera          |     1    |   0.00 (100.00%)   |       N/A        |        0.00        |       1.00000      |
|               Myodm               |     1    |   0.00 (100.00%)   |       N/A        |        0.00        |       1.00000      |
|  YangochiropteraAfterSaccopteryx  |     1    |   0.71 (100.00%)   |       N/A        |        0.00        |       1.00000      |
|            Pteropusgv             |     1    |   0.00 (100.00%)   |       N/A        |        0.00        |       1.00000      |
|         paXP_006917774_1          |     1    |   0.00 (100.00%)   |       N/A        |        0.00        |       1.00000      |
|         pgXP_039708298_1          |     1    |   1.00 (100.00%)   |       N/A        |        0.00        |       1.00000      |
|         pvXP_011368108_1          |     1    |   1.00 (100.00%)   |       N/A        |        0.00        |       1.00000      |
----
### Adaptive branch site random effects likelihood test 
Likelihood ratio test for episodic diversifying positive selection at Holm-Bonferroni corrected _p =   0.0500_ found **1** branches under selection among **32** tested.

* mdXP_059515229_1, p-value =  0.00006
