
Analysis Description
--------------------
aBSREL (Adaptive branch-site random effects likelihood) uses an adaptive
random effects branch-site model framework to test whether each branch
has evolved under positive selection, using a procedure which infers an
optimal number of rate categories per branch. v2.2 adds support for
multiple-hit models. v2.3 adds support for SRV. v2.5 adds support for
ancestral state reconstruction, identification of sites contributing to
selection signal, and some diagnostics. 

- __Requirements__: in-frame codon alignment and a phylogenetic tree

- __Citation__:  Less Is More: An Adaptive Branch-Site Random Effects Model for
Efficient Detection of Episodic Diversifying Selection (2015). Mol Biol
Evol 32 (5): 1342-1353. 

- __Written by__: Sergei L Kosakovsky Pond, Ben Murrell, Steven Weaver and Temple iGEM /
UCSD viral evolution group

- __Contact Information__: spond@temple.edu

- __Analysis Version__: 2.5

[Advanced option] Bag of little bootstrap alignment resampling rate (permissible range = [0.01,1], default value = 1): blb: 1

>code => Universal

-------
>[WARNING]
'/home/malaevleo/mitimpair_pal2nal/NP_001372664.1_bat_only_aligned_nucleotide_codon_aligned.fasta'
contains 2 duplicate sequences. Identical sequences do not contribute
any information to the analysis and only slow down computation. Please
consider removing duplicate or 'nearly' duplicate sequences, e.g. using
https://github.com/veg/hyphy-analyses/tree/master/remove-duplicates
prior to running selection analyses
-------
/home/malaevleo/mitimpair_trees/NP_001372664.1_bat_only_aligned_nucleotide_codon_aligned.fasta_pruned.nwk
mitimpair_trees/NP_001372664.1_bat_only_aligned_nucleotide_codon_aligned.fasta_pruned.nwk

>Loaded a multiple sequence alignment with **18** sequences, **22** codons, and **1** partitions from `/home/malaevleo/mitimpair_pal2nal/NP_001372664.1_bat_only_aligned_nucleotide_codon_aligned.fasta`

>branches => All

>multiple-hits => None

>srv => No


### * Selected 33 branches for testing: `rfXP_032953043_1, paXP_006908671_1, pgXP_039724247_1, pvXP_011354168_1, Pteropusgv, Pteropus, raXP_015982727_1, Pteropodidae, sbXP_066111151_1, ajXP_037012159_2, phXP_045699511_1, pdXP_028384273_1, Phyllostomus, AjPh, drXP_024422916_3, Phyllostomidae, moXP_036132595_1, mbXP_005852962_2, mlXP_023616180_1, Myobl, mdXP_059531872_1, mmXP_036210376_1, Myodm, Myotis, pkXP_036305478_1, pnCAK6440419_1, Pipistrellus, enKAK1328701_1, EpPi, Vespertilionidae, MolossusPhyllostomus, YangochiropteraAfterSaccopteryx, Yangochiroptera`


### Obtaining branch lengths and nucleotide substitution biases under the nucleotide GTR model

>kill-zero-lengths => Yes

### Deleted 5 zero-length internal branches: `AjPh, MolossusPhyllostomus, Myotis, Pteropus, Pteropusgv`
* Log(L) =  -375.70, AIC-c =   836.41 (41 estimated parameters)
* 1 partition. Total tree length by partition (subs/site) 358.892

### Fitting the baseline model with a single dN/dS class per branch, and no site-to-site variation. 
* Log(L) =  -335.84, AIC-c =   842.27 (70 estimated parameters)
* Branch-level non-synonymous/synonymous rate ratio distribution has median  0.44, and 95% of the weight in  0.00 - 10000000000.00

### Determining the optimal number of rate classes per branch using a step up procedure

|              Branch               |  Length  |  Rates   |     Max. dN/dS     |    Log(L)     |     AIC-c     |Best AIC-c so far|
|-----------------------------------|----------|----------|--------------------|---------------|---------------|-----------------|
|         mlXP_023616180_1          |   1.68   |    2     |   27.70 (34.40%)   |    -331.49    |    839.53     |     839.53      |
|         mlXP_023616180_1          |   1.68   |    3     |   27.47 (34.53%)   |    -331.49    |    845.56     |     839.53      |
|           Pteropodidae            |   0.08   |    2     |   15.94 (11.87%)   |    -329.28    |    841.15     |     839.53      |
|               EpPi                |   0.06   |    2     |    0.00 ( 0.00%)   |    -331.49    |    845.56     |     839.53      |
|         rfXP_032953043_1          |   0.06   |    2     |    0.20 (95.91%)   |    -331.49    |    845.56     |     839.53      |
|         ajXP_037012159_2          |   0.06   |    2     |    0.00 ( 5.00%)   |    -331.49    |    845.56     |     839.53      |
|         moXP_036132595_1          |   0.05   |    2     |    0.29 ( 5.10%)   |    -331.49    |    845.56     |     839.53      |
|           Pipistrellus            |   0.04   |    2     |    0.45 (48.90%)   |    -331.49    |    845.56     |     839.53      |
|          pnCAK6440419_1           |   0.03   |    2     |   1.00 (100.00%)   |    -332.14    |    846.85     |     839.53      |
|          enKAK1328701_1           |   0.03   |    2     |  >1000 (100.00%)   |    -331.49    |    845.56     |     839.53      |
|         sbXP_066111151_1          |   0.03   |    2     |   1.00 (100.00%)   |    -332.18    |    846.94     |     839.53      |
|  YangochiropteraAfterSaccopteryx  |   0.03   |    2     |    0.00 ( 5.00%)   |    -331.49    |    845.56     |     839.53      |
|           Phyllostomus            |   0.03   |    2     |    0.60 (47.58%)   |    -331.49    |    845.56     |     839.53      |
|         pkXP_036305478_1          |   0.02   |    2     |    0.00 ( 0.00%)   |    -331.49    |    845.56     |     839.53      |
|          Yangochiroptera          |   0.02   |    2     |    0.00 ( 0.00%)   |    -331.49    |    845.56     |     839.53      |
|               Myobl               |   0.02   |    2     |    0.00 ( 5.00%)   |    -331.49    |    845.56     |     839.53      |
|         Vespertilionidae          |   0.02   |    2     |    0.00 ( 5.00%)   |    -331.49    |    845.56     |     839.53      |
|         mmXP_036210376_1          |   0.02   |    2     |    0.00 ( 5.00%)   |    -331.49    |    845.56     |     839.53      |
|         raXP_015982727_1          |   0.02   |    2     |   1.00 (100.00%)   |    -331.99    |    846.57     |     839.53      |
|         mbXP_005852962_2          |   0.02   |    2     |   1.00 (100.00%)   |    -331.57    |    845.72     |     839.53      |
|               Myodm               |   0.02   |    2     |  >1000 (100.00%)   |    -331.49    |    845.56     |     839.53      |
|          Phyllostomidae           |   0.02   |    2     |   1.00 (100.00%)   |    -331.76    |    846.09     |     839.53      |
|         drXP_024422916_3          |   0.02   |    2     |    0.00 ( 5.00%)   |    -331.49    |    845.56     |     839.53      |
|         phXP_045699511_1          |   0.01   |    2     |    0.00 ( 1.67%)   |    -331.49    |    845.56     |     839.53      |
|         pdXP_028384273_1          |   0.00   |    2     |    0.30 (13.82%)   |    -331.49    |    845.56     |     839.53      |
|         pvXP_011354168_1          |   0.00   |    2     |    0.26 ( 3.72%)   |    -331.49    |    845.56     |     839.53      |
|         paXP_006908671_1          |   0.00   |    2     |    0.27 ( 3.72%)   |    -331.49    |    845.56     |     839.53      |
|         pgXP_039724247_1          |   0.00   |    2     |    0.27 ( 2.00%)   |    -331.49    |    845.56     |     839.53      |
|         mdXP_059531872_1          |   0.00   |    2     |    0.30 (13.82%)   |    -331.49    |    845.56     |     839.53      |

### Rate class analyses summary
*  1 branches with **2** rate classes
*  27 branches with **1** rate classes

### Improving parameter estimates of the adaptive rate class model
* Log(L) =  -329.82, AIC-c =   836.19 (72 estimated parameters)

### Testing selected branches for selection

|              Branch               |  Rates   |     Max. dN/dS     | Sites @ EBF>=100 |      Test LRT      |Uncorrected p-value |
|-----------------------------------|----------|--------------------|------------------|--------------------|--------------------|
|         mlXP_023616180_1          |     2    |   16.94 (29.47%)   |          2       |        0.99        |       0.24615      |
|           Pteropodidae            |     1    |   0.52 (100.00%)   |       N/A        |        0.00        |       1.00000      |
|               EpPi                |     1    |   0.00 (100.00%)   |       N/A        |        0.00        |       1.00000      |
|         rfXP_032953043_1          |     1    |   0.17 (100.00%)   |       N/A        |        0.00        |       1.00000      |
|         ajXP_037012159_2          |     1    |   0.00 (100.00%)   |       N/A        |        0.00        |       1.00000      |
|         moXP_036132595_1          |     1    |   0.21 (100.00%)   |       N/A        |        0.00        |       1.00000      |
|           Pipistrellus            |     1    |   0.38 (100.00%)   |       N/A        |        0.00        |       1.00000      |
|          pnCAK6440419_1           |     1    |  >1000 (100.00%)   |       N/A        |        1.19        |       0.22049      |
|          enKAK1328701_1           |     1    |  >1000 (100.00%)   |       N/A        |        1.15        |       0.22545      |
|         sbXP_066111151_1          |     1    |  >1000 (100.00%)   |       N/A        |        1.11        |       0.23038      |
|  YangochiropteraAfterSaccopteryx  |     1    |   0.00 (100.00%)   |       N/A        |        0.00        |       1.00000      |
|           Phyllostomus            |     1    |   0.45 (100.00%)   |       N/A        |        0.00        |       1.00000      |
|         pkXP_036305478_1          |     1    |   0.00 (100.00%)   |       N/A        |        0.00        |       1.00000      |
|          Yangochiroptera          |     1    |   0.00 (100.00%)   |       N/A        |        0.00        |       1.00000      |
|               Myobl               |     1    |   0.00 (100.00%)   |       N/A        |        0.00        |       1.00000      |
|         Vespertilionidae          |     1    |   0.00 (100.00%)   |       N/A        |        0.00        |       1.00000      |
|         mmXP_036210376_1          |     1    |   0.00 (100.00%)   |       N/A        |        0.00        |       1.00000      |
|         raXP_015982727_1          |     1    |  >1000 (100.00%)   |       N/A        |        0.81        |       0.27344      |
|         mbXP_005852962_2          |     1    |  >1000 (100.00%)   |       N/A        |        0.06        |       0.45224      |
|               Myodm               |     1    |  >1000 (100.00%)   |       N/A        |        0.69        |       0.29290      |
|          Phyllostomidae           |     1    |  >1000 (100.00%)   |       N/A        |        0.35        |       0.36213      |
|         drXP_024422916_3          |     1    |   0.00 (100.00%)   |       N/A        |        0.00        |       1.00000      |
|         phXP_045699511_1          |     1    |   0.00 (100.00%)   |       N/A        |        0.00        |       1.00000      |
|         pdXP_028384273_1          |     1    |   1.00 (100.00%)   |       N/A        |        0.00        |       1.00000      |
|         pvXP_011354168_1          |     1    |   1.00 (100.00%)   |       N/A        |        0.00        |       1.00000      |
|         paXP_006908671_1          |     1    |   1.00 (100.00%)   |       N/A        |        0.00        |       1.00000      |
|         pgXP_039724247_1          |     1    |   1.00 (100.00%)   |       N/A        |        0.00        |       1.00000      |
|         mdXP_059531872_1          |     1    |   1.00 (100.00%)   |       N/A        |        0.00        |       1.00000      |
----
### Adaptive branch site random effects likelihood test 
Likelihood ratio test for episodic diversifying positive selection at Holm-Bonferroni corrected _p =   0.0500_ found **0** branches under selection among **28** tested.

