
Analysis Description
--------------------
aBSREL (Adaptive branch-site random effects likelihood) uses an adaptive
random effects branch-site model framework to test whether each branch
has evolved under positive selection, using a procedure which infers an
optimal number of rate categories per branch. v2.2 adds support for
multiple-hit models. v2.3 adds support for SRV. v2.5 adds support for
ancestral state reconstruction, identification of sites contributing to
selection signal, and some diagnostics. 

- __Requirements__: in-frame codon alignment and a phylogenetic tree

- __Citation__:  Less Is More: An Adaptive Branch-Site Random Effects Model for
Efficient Detection of Episodic Diversifying Selection (2015). Mol Biol
Evol 32 (5): 1342-1353. 

- __Written by__: Sergei L Kosakovsky Pond, Ben Murrell, Steven Weaver and Temple iGEM /
UCSD viral evolution group

- __Contact Information__: spond@temple.edu

- __Analysis Version__: 2.5

[Advanced option] Bag of little bootstrap alignment resampling rate (permissible range = [0.01,1], default value = 1): blb: 1

>code => Universal
/home/malaevleo/mitimpair_trees/NP_001361015.1_bat_only_aligned_nucleotide_codon_aligned.fasta_pruned.nwk
mitimpair_trees/NP_001361015.1_bat_only_aligned_nucleotide_codon_aligned.fasta_pruned.nwk

>Loaded a multiple sequence alignment with **18** sequences, **298** codons, and **1** partitions from `/home/malaevleo/mitimpair_pal2nal/NP_001361015.1_bat_only_aligned_nucleotide_codon_aligned.fasta`

>branches => All

>multiple-hits => None

>srv => No


### * Selected 33 branches for testing: `rfXP_032967775_1, paXP_006906778_1, pgXP_039700718_1, pvXP_023385543_1, Pteropusgv, Pteropus, raXP_036092068_1, Pteropodidae, sbXP_066088703_1, ajXP_036988144_2, phXP_045710005_1, pdXP_035878748_1, Phyllostomus, AjPh, drXP_045054127_1, Phyllostomidae, moXP_036110135_1, mbXP_014386638_1, mlXP_006082826_2, Myobl, mdXP_059559155_1, mmXP_036174895_1, Myodm, Myotis, pkXP_045436392_1, pnCAK6448090_1, Pipistrellus, enKAK1336642_1, EpPi, Vespertilionidae, MolossusPhyllostomus, YangochiropteraAfterSaccopteryx, Yangochiroptera`


### Obtaining branch lengths and nucleotide substitution biases under the nucleotide GTR model

>kill-zero-lengths => Yes
* Log(L) = -3160.29, AIC-c =  6402.80 (41 estimated parameters)
* 1 partition. Total tree length by partition (subs/site)  0.383

### Fitting the baseline model with a single dN/dS class per branch, and no site-to-site variation. 
* Log(L) = -2970.85, AIC-c =  6104.15 (80 estimated parameters)
* Branch-level non-synonymous/synonymous rate ratio distribution has median  0.20, and 95% of the weight in  0.00 - 10000000000.00

### Determining the optimal number of rate classes per branch using a step up procedure

|              Branch               |  Length  |  Rates   |     Max. dN/dS     |    Log(L)     |     AIC-c     |Best AIC-c so far|
|-----------------------------------|----------|----------|--------------------|---------------|---------------|-----------------|
|         sbXP_066088703_1          |   0.04   |    2     |    2.14 ( 6.81%)   |   -2970.44    |    6107.45    |     6104.15     |
|         rfXP_032967775_1          |   0.04   |    2     |    0.23 (58.65%)   |   -2970.85    |    6108.27    |     6104.15     |
|           Pipistrellus            |   0.03   |    2     |    0.23 (50.60%)   |   -2970.85    |    6108.27    |     6104.15     |
|         Vespertilionidae          |   0.03   |    2     |    0.52 (60.45%)   |   -2970.85    |    6108.27    |     6104.15     |
|          Phyllostomidae           |   0.02   |    2     |   0.20 (100.00%)   |   -2970.85    |    6108.27    |     6104.15     |
|         moXP_036110135_1          |   0.02   |    2     |    0.00 ( 5.00%)   |   -2970.85    |    6108.27    |     6104.15     |
|           Pteropodidae            |   0.02   |    2     |    0.29 (30.05%)   |   -2970.85    |    6108.27    |     6104.15     |
|         pkXP_045436392_1          |   0.02   |    2     |    0.12 (45.03%)   |   -2970.85    |    6108.27    |     6104.15     |
|         drXP_045054127_1          |   0.02   |    2     |    0.30 (25.15%)   |   -2970.86    |    6108.30    |     6104.15     |
|         ajXP_036988144_2          |   0.02   |    2     |   >1000 ( 0.66%)   |   -2967.26    |    6101.09    |     6101.09     |
|         ajXP_036988144_2          |   0.02   |    3     |   >1000 ( 0.74%)   |   -2967.28    |    6105.27    |     6101.09     |
|           Phyllostomus            |   0.01   |    2     |    0.22 ( 7.37%)   |   -2967.25    |    6105.21    |     6101.09     |
|         raXP_036092068_1          |   0.01   |    2     |    0.50 ( 9.11%)   |   -2967.27    |    6105.24    |     6101.09     |
|         mlXP_006082826_2          |   0.01   |    2     |   >1000 ( 1.11%)   |   -2949.90    |    6070.50    |     6070.50     |
|         mlXP_006082826_2          |   0.01   |    3     |   >1000 ( 1.11%)   |   -2949.90    |    6074.64    |     6070.50     |
|          Yangochiroptera          |   0.01   |    2     |    0.34 ( 5.79%)   |   -2949.90    |    6074.63    |     6070.50     |
|             Pteropus              |   0.01   |    2     |    0.26 (25.28%)   |   -2949.90    |    6074.64    |     6070.50     |
|         phXP_045710005_1          |   0.01   |    2     |    0.00 ( 5.00%)   |   -2949.90    |    6074.63    |     6070.50     |
|          enKAK1336642_1           |   0.01   |    2     |    2.08 ( 4.95%)   |   -2949.89    |    6074.62    |     6070.50     |
|         pdXP_035878748_1          |   0.01   |    2     |    0.00 ( 5.00%)   |   -2949.90    |    6074.63    |     6070.50     |
|               EpPi                |   0.01   |    2     |    0.20 (90.00%)   |   -2949.90    |    6074.63    |     6070.50     |
|          pnCAK6448090_1           |   0.01   |    2     |   25.36 ( 1.14%)   |   -2949.82    |    6074.48    |     6070.50     |
|         paXP_006906778_1          |   0.00   |    2     |    0.00 ( 0.00%)   |   -2949.90    |    6074.63    |     6070.50     |
|              Myotis               |   0.00   |    2     |    0.19 (91.58%)   |   -2949.90    |    6074.63    |     6070.50     |
|       MolossusPhyllostomus        |   0.00   |    2     |    0.18 (75.64%)   |   -2949.90    |    6074.63    |     6070.50     |
|  YangochiropteraAfterSaccopteryx  |   0.00   |    2     |    0.30 (13.57%)   |   -2955.75    |    6086.34    |     6070.50     |
|         mmXP_036174895_1          |   0.00   |    2     |    0.00 ( 0.00%)   |   -2949.90    |    6074.63    |     6070.50     |
|               AjPh                |   0.00   |    2     |    0.48 (49.28%)   |   -2949.90    |    6074.63    |     6070.50     |
|            Pteropusgv             |   0.00   |    2     |    0.00 ( 5.00%)   |   -2949.90    |    6074.63    |     6070.50     |
|         pgXP_039700718_1          |   0.00   |    2     |   1.00 (100.00%)   |   -2950.68    |    6076.20    |     6070.50     |
|               Myodm               |   0.00   |    2     |    0.00 ( 1.67%)   |   -2949.90    |    6074.63    |     6070.50     |
|               Myobl               |   0.00   |    2     |    0.00 ( 0.00%)   |   -2949.90    |    6074.63    |     6070.50     |
|         mdXP_059559155_1          |   0.00   |    2     |    0.00 ( 5.00%)   |   -2949.90    |    6074.63    |     6070.50     |
|         mbXP_014386638_1          |   0.00   |    2     |    0.00 ( 5.00%)   |   -2949.90    |    6074.63    |     6070.50     |
|         pvXP_023385543_1          |   0.00   |    2     |    0.27 ( 3.72%)   |   -2949.90    |    6074.63    |     6070.50     |

### Rate class analyses summary
*  31 branches with **1** rate classes
*  2 branches with **2** rate classes

### Improving parameter estimates of the adaptive rate class model
* Log(L) = -2944.60, AIC-c =  6059.90 (84 estimated parameters)

### Testing selected branches for selection

|              Branch               |  Rates   |     Max. dN/dS     | Sites @ EBF>=100 |      Test LRT      |Uncorrected p-value |
|-----------------------------------|----------|--------------------|------------------|--------------------|--------------------|
|         sbXP_066088703_1          |     1    |   0.10 (100.00%)   |       N/A        |        0.00        |       1.00000      |
|         rfXP_032967775_1          |     1    |   0.20 (100.00%)   |       N/A        |        0.00        |       1.00000      |
|           Pipistrellus            |     1    |   0.21 (100.00%)   |       N/A        |        0.00        |       1.00000      |
|         Vespertilionidae          |     1    |   0.49 (100.00%)   |       N/A        |        0.00        |       1.00000      |
|          Phyllostomidae           |     1    |   0.18 (100.00%)   |       N/A        |        0.00        |       1.00000      |
|         moXP_036110135_1          |     1    |   0.00 (100.00%)   |       N/A        |        0.00        |       1.00000      |
|           Pteropodidae            |     1    |   0.26 (100.00%)   |       N/A        |        0.00        |       1.00000      |
|         pkXP_045436392_1          |     1    |   0.12 (100.00%)   |       N/A        |        0.00        |       1.00000      |
|         drXP_045054127_1          |     1    |   0.07 (100.00%)   |       N/A        |        0.00        |       1.00000      |
|         ajXP_036988144_2          |     2    |   >1000 ( 0.67%)   |          2       |        5.95        |       0.01824      |
|           Phyllostomus            |     1    |   0.19 (100.00%)   |       N/A        |        0.00        |       1.00000      |
|         raXP_036092068_1          |     1    |   0.04 (100.00%)   |       N/A        |        0.00        |       1.00000      |
|         mlXP_006082826_2          |     2    |   >1000 ( 1.12%)   |          3       |       33.46        |       0.00000      |
|          Yangochiroptera          |     1    |   0.21 (100.00%)   |       N/A        |        0.00        |       1.00000      |
|             Pteropus              |     1    |   0.06 (100.00%)   |       N/A        |        0.00        |       1.00000      |
|         phXP_045710005_1          |     1    |   0.00 (100.00%)   |       N/A        |        0.00        |       1.00000      |
|          enKAK1336642_1           |     1    |   0.08 (100.00%)   |       N/A        |        0.00        |       1.00000      |
|         pdXP_035878748_1          |     1    |   0.00 (100.00%)   |       N/A        |        0.00        |       1.00000      |
|               EpPi                |     1    |   0.18 (100.00%)   |       N/A        |        0.00        |       1.00000      |
|          pnCAK6448090_1           |     1    |   0.16 (100.00%)   |       N/A        |        0.00        |       1.00000      |
|         paXP_006906778_1          |     1    |   0.00 (100.00%)   |       N/A        |        0.00        |       1.00000      |
|              Myotis               |     1    |   0.16 (100.00%)   |       N/A        |        0.00        |       1.00000      |
|       MolossusPhyllostomus        |     1    |   0.12 (100.00%)   |       N/A        |        0.00        |       1.00000      |
|  YangochiropteraAfterSaccopteryx  |     1    |  >1000 (100.00%)   |       N/A        |        1.80        |       0.15806      |
|         mmXP_036174895_1          |     1    |   0.00 (100.00%)   |       N/A        |        0.00        |       1.00000      |
|               AjPh                |     1    |   0.19 (100.00%)   |       N/A        |        0.00        |       1.00000      |
|            Pteropusgv             |     1    |   0.00 (100.00%)   |       N/A        |        0.00        |       1.00000      |
|         pgXP_039700718_1          |     1    |  >1000 (100.00%)   |       N/A        |        1.45        |       0.19079      |
|               Myodm               |     1    |   0.00 (100.00%)   |       N/A        |        0.00        |       1.00000      |
|               Myobl               |     1    |   0.00 (100.00%)   |       N/A        |        0.00        |       1.00000      |
|         mdXP_059559155_1          |     1    |   0.00 (100.00%)   |       N/A        |        0.00        |       1.00000      |
|         mbXP_014386638_1          |     1    |   0.00 (100.00%)   |       N/A        |        0.00        |       1.00000      |
|         pvXP_023385543_1          |     1    |   1.00 (100.00%)   |       N/A        |        0.00        |       1.00000      |
----
### Adaptive branch site random effects likelihood test 
Likelihood ratio test for episodic diversifying positive selection at Holm-Bonferroni corrected _p =   0.0500_ found **1** branches under selection among **33** tested.

* mlXP_006082826_2, p-value =  0.00000
