
Analysis Description
--------------------
aBSREL (Adaptive branch-site random effects likelihood) uses an adaptive
random effects branch-site model framework to test whether each branch
has evolved under positive selection, using a procedure which infers an
optimal number of rate categories per branch. v2.2 adds support for
multiple-hit models. v2.3 adds support for SRV. v2.5 adds support for
ancestral state reconstruction, identification of sites contributing to
selection signal, and some diagnostics. 

- __Requirements__: in-frame codon alignment and a phylogenetic tree

- __Citation__:  Less Is More: An Adaptive Branch-Site Random Effects Model for
Efficient Detection of Episodic Diversifying Selection (2015). Mol Biol
Evol 32 (5): 1342-1353. 

- __Written by__: Sergei L Kosakovsky Pond, Ben Murrell, Steven Weaver and Temple iGEM /
UCSD viral evolution group

- __Contact Information__: spond@temple.edu

- __Analysis Version__: 2.5

[Advanced option] Bag of little bootstrap alignment resampling rate (permissible range = [0.01,1], default value = 1): blb: 1

>code => Universal
/home/malaevleo/mitimpair_trees/NP_001397864.1_bat_only_aligned_nucleotide_codon_aligned.fasta_pruned.nwk
mitimpair_trees/NP_001397864.1_bat_only_aligned_nucleotide_codon_aligned.fasta_pruned.nwk

>Loaded a multiple sequence alignment with **18** sequences, **130** codons, and **1** partitions from `/home/malaevleo/mitimpair_pal2nal/NP_001397864.1_bat_only_aligned_nucleotide_codon_aligned.fasta`

>branches => All

>multiple-hits => None

>srv => No


### * Selected 33 branches for testing: `rfXP_032986715_1, paXP_006915581_1, pgXP_039728041_1, pvXP_011353529_1, Pteropusgv, Pteropus, raXP_016012424_1, Pteropodidae, sbXP_066098750_1, ajXP_036986420_1, phXP_045697809_1, pdXP_035882699_1, Phyllostomus, AjPh, drXP_024416795_1, Phyllostomidae, moXP_036121254_1, mbXP_014393896_1, mlXP_014312624_1, Myobl, mdXP_059518380_1, mmXP_036192970_1, Myodm, Myotis, pkXP_036293711_1, pnCAK6436409_1, Pipistrellus, enKAK1333777_1, EpPi, Vespertilionidae, MolossusPhyllostomus, YangochiropteraAfterSaccopteryx, Yangochiroptera`


### Obtaining branch lengths and nucleotide substitution biases under the nucleotide GTR model

>kill-zero-lengths => Yes

### Deleted 3 zero-length internal branches: `AjPh, Myobl, YangochiropteraAfterSaccopteryx`
* Log(L) = -1756.23, AIC-c =  3594.94 (41 estimated parameters)
* 1 partition. Total tree length by partition (subs/site)  0.607

### Fitting the baseline model with a single dN/dS class per branch, and no site-to-site variation. 
* Log(L) = -1656.82, AIC-c =  3466.55 (74 estimated parameters)
* Branch-level non-synonymous/synonymous rate ratio distribution has median  0.24, and 95% of the weight in  0.00 - 10000000000.00

### Determining the optimal number of rate classes per branch using a step up procedure

|              Branch               |  Length  |  Rates   |     Max. dN/dS     |    Log(L)     |     AIC-c     |Best AIC-c so far|
|-----------------------------------|----------|----------|--------------------|---------------|---------------|-----------------|
|           Pipistrellus            |   0.06   |    2     |    0.36 ( 0.00%)   |   -1656.83    |    3470.82    |     3466.55     |
|         sbXP_066098750_1          |   0.06   |    2     |    0.95 (19.85%)   |   -1656.71    |    3470.59    |     3466.55     |
|              Myotis               |   0.06   |    2     |    0.09 (54.49%)   |   -1656.82    |    3470.82    |     3466.55     |
|         drXP_024416795_1          |   0.05   |    2     |    0.45 ( 9.95%)   |   -1656.82    |    3470.82    |     3466.55     |
|           Pteropodidae            |   0.04   |    2     |    0.25 (51.39%)   |   -1656.82    |    3470.82    |     3466.55     |
|         rfXP_032986715_1          |   0.04   |    2     |    0.25 ( 4.32%)   |   -1656.82    |    3470.82    |     3466.55     |
|         Vespertilionidae          |   0.04   |    2     |    0.48 ( 0.00%)   |   -1656.82    |    3470.82    |     3466.55     |
|         moXP_036121254_1          |   0.03   |    2     |    0.17 (91.69%)   |   -1656.82    |    3470.82    |     3466.55     |
|          enKAK1333777_1           |   0.03   |    2     |  102.09 ( 2.47%)   |   -1648.89    |    3454.95    |     3454.95     |
|          enKAK1333777_1           |   0.03   |    3     |  108.34 ( 2.30%)   |   -1648.95    |    3459.35    |     3454.95     |
|         pkXP_036293711_1          |   0.03   |    2     |   0.20 (100.00%)   |   -1648.89    |    3459.23    |     3454.95     |
|          Phyllostomidae           |   0.02   |    2     |    0.24 (50.84%)   |   -1648.89    |    3459.23    |     3454.95     |
|         raXP_016012424_1          |   0.02   |    2     |    0.14 (42.04%)   |   -1648.89    |    3459.23    |     3454.95     |
|         ajXP_036986420_1          |   0.02   |    2     |   29.43 ( 1.16%)   |   -1646.84    |    3455.13    |     3454.95     |
|         mmXP_036192970_1          |   0.02   |    2     |    0.25 (23.64%)   |   -1648.89    |    3459.23    |     3454.95     |
|               Myodm               |   0.02   |    2     |   37.66 ( 2.07%)   |   -1646.64    |    3454.74    |     3454.74     |
|               Myodm               |   0.02   |    3     |   38.71 ( 1.96%)   |   -1646.69    |    3459.11    |     3454.74     |
|         mdXP_059518380_1          |   0.01   |    2     |    0.14 (66.88%)   |   -1646.64    |    3459.02    |     3454.74     |
|           Phyllostomus            |   0.01   |    2     |    0.24 (94.13%)   |   -1646.64    |    3459.02    |     3454.74     |
|          pnCAK6436409_1           |   0.01   |    2     |    0.00 ( 5.00%)   |   -1646.64    |    3459.02    |     3454.74     |
|         mlXP_014312624_1          |   0.01   |    2     |    0.41 (92.30%)   |   -1646.64    |    3459.02    |     3454.74     |
|       MolossusPhyllostomus        |   0.01   |    2     |    0.19 (93.42%)   |   -1646.64    |    3459.02    |     3454.74     |
|               EpPi                |   0.01   |    2     |    0.36 (85.03%)   |   -1646.64    |    3459.02    |     3454.74     |
|         mbXP_014393896_1          |   0.01   |    2     |    0.00 ( 1.18%)   |   -1646.64    |    3459.02    |     3454.74     |
|         pdXP_035882699_1          |   0.01   |    2     |    0.61 ( 7.33%)   |   -1646.64    |    3459.03    |     3454.74     |
|          Yangochiroptera          |   0.01   |    2     |    0.40 (75.00%)   |   -1646.64    |    3459.03    |     3454.74     |
|         phXP_045697809_1          |   0.00   |    2     |   1.00 (100.00%)   |   -1647.36    |    3460.45    |     3454.74     |
|             Pteropus              |   0.00   |    2     |    0.80 (76.91%)   |   -1646.64    |    3459.02    |     3454.74     |
|         pgXP_039728041_1          |   0.00   |    2     |   1.00 (100.00%)   |   -1647.02    |    3459.78    |     3454.74     |
|         paXP_006915581_1          |   0.00   |    2     |    0.00 ( 5.00%)   |   -1646.64    |    3459.02    |     3454.74     |
|            Pteropusgv             |   0.00   |    2     |    0.00 ( 1.67%)   |   -1646.64    |    3459.02    |     3454.74     |
|         pvXP_011353529_1          |   0.00   |    2     |    0.30 ( 6.51%)   |   -1646.64    |    3459.02    |     3454.74     |

### Rate class analyses summary
*  28 branches with **1** rate classes
*  2 branches with **2** rate classes

### Improving parameter estimates of the adaptive rate class model
* Log(L) = -1642.00, AIC-c =  3445.46 (78 estimated parameters)

### Testing selected branches for selection

|              Branch               |  Rates   |     Max. dN/dS     | Sites @ EBF>=100 |      Test LRT      |Uncorrected p-value |
|-----------------------------------|----------|--------------------|------------------|--------------------|--------------------|
|           Pipistrellus            |     1    |   0.04 (100.00%)   |       N/A        |        0.00        |       1.00000      |
|         sbXP_066098750_1          |     1    |   0.14 (100.00%)   |       N/A        |        0.00        |       1.00000      |
|              Myotis               |     1    |   0.08 (100.00%)   |       N/A        |        0.00        |       1.00000      |
|         drXP_024416795_1          |     1    |   0.37 (100.00%)   |       N/A        |        0.00        |       1.00000      |
|           Pteropodidae            |     1    |   0.22 (100.00%)   |       N/A        |        0.00        |       1.00000      |
|         rfXP_032986715_1          |     1    |   0.18 (100.00%)   |       N/A        |        0.00        |       1.00000      |
|         Vespertilionidae          |     1    |   0.36 (100.00%)   |       N/A        |        0.00        |       1.00000      |
|         moXP_036121254_1          |     1    |   0.15 (100.00%)   |       N/A        |        0.00        |       1.00000      |
|          enKAK1333777_1           |     2    |   80.18 ( 2.49%)   |          3       |       11.76        |       0.00096      |
|         pkXP_036293711_1          |     1    |   0.17 (100.00%)   |       N/A        |        0.00        |       1.00000      |
|          Phyllostomidae           |     1    |   0.21 (100.00%)   |       N/A        |        0.00        |       1.00000      |
|         raXP_016012424_1          |     1    |   0.12 (100.00%)   |       N/A        |        0.00        |       1.00000      |
|         ajXP_036986420_1          |     1    |   0.12 (100.00%)   |       N/A        |        0.00        |       1.00000      |
|         mmXP_036192970_1          |     1    |   0.20 (100.00%)   |       N/A        |        0.00        |       1.00000      |
|               Myodm               |     2    |   29.93 ( 2.16%)   |          2       |        3.38        |       0.06873      |
|         mdXP_059518380_1          |     1    |   0.10 (100.00%)   |       N/A        |        0.00        |       1.00000      |
|           Phyllostomus            |     1    |   0.22 (100.00%)   |       N/A        |        0.00        |       1.00000      |
|          pnCAK6436409_1           |     1    |   0.00 (100.00%)   |       N/A        |        0.00        |       1.00000      |
|         mlXP_014312624_1          |     1    |   0.36 (100.00%)   |       N/A        |        0.00        |       1.00000      |
|       MolossusPhyllostomus        |     1    |   0.16 (100.00%)   |       N/A        |        0.00        |       1.00000      |
|               EpPi                |     1    |   0.30 (100.00%)   |       N/A        |        0.00        |       1.00000      |
|         mbXP_014393896_1          |     1    |   0.00 (100.00%)   |       N/A        |        0.00        |       1.00000      |
|         pdXP_035882699_1          |     1    |   0.22 (100.00%)   |       N/A        |        0.00        |       1.00000      |
|          Yangochiroptera          |     1    |   0.28 (100.00%)   |       N/A        |        0.00        |       1.00000      |
|         phXP_045697809_1          |     1    |  >1000 (100.00%)   |       N/A        |        1.30        |       0.20771      |
|             Pteropus              |     1    |   0.77 (100.00%)   |       N/A        |        0.00        |       1.00000      |
|         pgXP_039728041_1          |     1    |  >1000 (100.00%)   |       N/A        |        0.68        |       0.29504      |
|         paXP_006915581_1          |     1    |   0.00 (100.00%)   |       N/A        |        0.00        |       1.00000      |
|            Pteropusgv             |     1    |   0.00 (100.00%)   |       N/A        |        0.00        |       1.00000      |
|         pvXP_011353529_1          |     1    |   1.00 (100.00%)   |       N/A        |        0.00        |       1.00000      |
----
### Adaptive branch site random effects likelihood test 
Likelihood ratio test for episodic diversifying positive selection at Holm-Bonferroni corrected _p =   0.0500_ found **1** branches under selection among **30** tested.

* enKAK1333777_1, p-value =  0.02875
