
Analysis Description
--------------------
aBSREL (Adaptive branch-site random effects likelihood) uses an adaptive
random effects branch-site model framework to test whether each branch
has evolved under positive selection, using a procedure which infers an
optimal number of rate categories per branch. v2.2 adds support for
multiple-hit models. v2.3 adds support for SRV. v2.5 adds support for
ancestral state reconstruction, identification of sites contributing to
selection signal, and some diagnostics. 

- __Requirements__: in-frame codon alignment and a phylogenetic tree

- __Citation__:  Less Is More: An Adaptive Branch-Site Random Effects Model for
Efficient Detection of Episodic Diversifying Selection (2015). Mol Biol
Evol 32 (5): 1342-1353. 

- __Written by__: Sergei L Kosakovsky Pond, Ben Murrell, Steven Weaver and Temple iGEM /
UCSD viral evolution group

- __Contact Information__: spond@temple.edu

- __Analysis Version__: 2.5

[Advanced option] Bag of little bootstrap alignment resampling rate (permissible range = [0.01,1], default value = 1): blb: 1

>code => Universal
/home/malaevleo/mitimpair_trees/NP_116784.1_bat_only_aligned_nucleotide_codon_aligned.fasta_pruned.nwk
mitimpair_trees/NP_116784.1_bat_only_aligned_nucleotide_codon_aligned.fasta_pruned.nwk

>Loaded a multiple sequence alignment with **18** sequences, **156** codons, and **1** partitions from `/home/malaevleo/mitimpair_pal2nal/NP_116784.1_bat_only_aligned_nucleotide_codon_aligned.fasta`

>branches => All

>multiple-hits => None

>srv => No


### * Selected 33 branches for testing: `rfXP_032975623_1, paXP_006911212_1, pgXP_039716040_1, pvXP_011367031_1, Pteropusgv, Pteropus, raXP_015974042_1, Pteropodidae, sbXP_066107988_1, ajXP_036996060_2, phXP_045710874_1, pdXP_028371570_1, Phyllostomus, AjPh, drXP_045039185_1, Phyllostomidae, moXP_036114491_1, mbXP_005864251_1, mlXP_006106608_1, Myobl, mdXP_059566254_1, mmXP_036182701_1, Myodm, Myotis, pkXP_036273266_1, pnCAK6449680_1, Pipistrellus, enKAK1335500_1, EpPi, Vespertilionidae, MolossusPhyllostomus, YangochiropteraAfterSaccopteryx, Yangochiroptera`


### Obtaining branch lengths and nucleotide substitution biases under the nucleotide GTR model

>kill-zero-lengths => Yes

### Deleted 2 zero-length internal branches: `Myobl, YangochiropteraAfterSaccopteryx`
* Log(L) = -1871.41, AIC-c =  3825.22 (41 estimated parameters)
* 1 partition. Total tree length by partition (subs/site)  0.501

### Fitting the baseline model with a single dN/dS class per branch, and no site-to-site variation. 
* Log(L) = -1787.74, AIC-c =  3731.77 (76 estimated parameters)
* Branch-level non-synonymous/synonymous rate ratio distribution has median  0.24, and 95% of the weight in  0.00 - 10000000000.00

### Determining the optimal number of rate classes per branch using a step up procedure

|              Branch               |  Length  |  Rates   |     Max. dN/dS     |    Log(L)     |     AIC-c     |Best AIC-c so far|
|-----------------------------------|----------|----------|--------------------|---------------|---------------|-----------------|
|         moXP_036114491_1          |   0.08   |    2     |    1.17 (15.32%)   |   -1786.51    |    3733.54    |     3731.77     |
|         sbXP_066107988_1          |   0.07   |    2     |    0.33 (52.86%)   |   -1787.74    |    3736.00    |     3731.77     |
|         raXP_015974042_1          |   0.05   |    2     |    0.48 (10.94%)   |   -1787.74    |    3736.00    |     3731.77     |
|         Vespertilionidae          |   0.04   |    2     |   0.13 (100.00%)   |   -1787.74    |    3736.00    |     3731.77     |
|         rfXP_032975623_1          |   0.03   |    2     |    3.70 ( 7.41%)   |   -1787.32    |    3735.15    |     3731.77     |
|          Phyllostomidae           |   0.03   |    2     |    0.27 (79.56%)   |   -1787.74    |    3736.00    |     3731.77     |
|           Pteropodidae            |   0.02   |    2     |    0.23 ( 9.65%)   |   -1787.74    |    3736.00    |     3731.77     |
|         drXP_045039185_1          |   0.02   |    2     |   15.77 ( 1.60%)   |   -1787.42    |    3735.35    |     3731.77     |
|          pnCAK6449680_1           |   0.02   |    2     |   1.40 (100.00%)   |   -1787.74    |    3736.00    |     3731.77     |
|              Myotis               |   0.02   |    2     |    8.07 ( 3.76%)   |   -1786.66    |    3733.84    |     3731.77     |
|         ajXP_036996060_2          |   0.02   |    2     |    0.31 (27.43%)   |   -1787.74    |    3736.00    |     3731.77     |
|           Pipistrellus            |   0.02   |    2     |  >1000 (100.00%)   |   -1787.74    |    3736.00    |     3731.77     |
|             Pteropus              |   0.01   |    2     |    0.83 (10.08%)   |   -1787.74    |    3736.00    |     3731.77     |
|          Yangochiroptera          |   0.01   |    2     |    0.19 (50.70%)   |   -1787.74    |    3736.00    |     3731.77     |
|           Phyllostomus            |   0.01   |    2     |  >1000 (100.00%)   |   -1787.74    |    3736.00    |     3731.77     |
|               Myodm               |   0.01   |    2     |    0.12 (54.35%)   |   -1787.74    |    3736.00    |     3731.77     |
|       MolossusPhyllostomus        |   0.01   |    2     |    1.70 (51.45%)   |   -1787.74    |    3736.00    |     3731.77     |
|         mbXP_005864251_1          |   0.01   |    2     |    0.00 ( 5.00%)   |   -1787.74    |    3736.00    |     3731.77     |
|         pkXP_036273266_1          |   0.01   |    2     |    0.00 ( 1.67%)   |   -1787.74    |    3736.00    |     3731.77     |
|         pvXP_011367031_1          |   0.01   |    2     |   >1000 ( 1.32%)   |   -1783.02    |    3726.55    |     3726.55     |
|         pvXP_011367031_1          |   0.01   |    3     |   >1000 ( 1.36%)   |   -1783.02    |    3730.78    |     3726.55     |
|         phXP_045710874_1          |   0.01   |    2     |   1.00 (100.00%)   |   -1783.97    |    3732.69    |     3726.55     |
|          enKAK1335500_1           |   0.01   |    2     |   1.00 (100.00%)   |   -1783.89    |    3732.54    |     3726.55     |
|         mdXP_059566254_1          |   0.00   |    2     |    0.49 (48.78%)   |   -1783.02    |    3730.78    |     3726.55     |
|         pdXP_028371570_1          |   0.00   |    2     |    0.25 ( 2.00%)   |   -1790.20    |    3745.16    |     3726.55     |
|         paXP_006911212_1          |   0.00   |    2     |   1.00 (100.00%)   |   -1783.61    |    3731.98    |     3726.55     |
|         mmXP_036182701_1          |   0.00   |    2     |    0.00 ( 0.00%)   |   -1783.02    |    3730.78    |     3726.55     |
|            Pteropusgv             |   0.00   |    2     |    0.00 ( 5.00%)   |   -1783.02    |    3730.78    |     3726.55     |
|         mlXP_006106608_1          |   0.00   |    2     |   1.00 (100.00%)   |   -1783.24    |    3731.24    |     3726.55     |
|               AjPh                |   0.00   |    2     |    0.00 ( 5.00%)   |   -1783.02    |    3730.78    |     3726.55     |
|         pgXP_039716040_1          |   0.00   |    2     |    0.27 ( 3.72%)   |   -1783.02    |    3730.78    |     3726.55     |
|               EpPi                |   0.00   |    2     |    0.26 (13.82%)   |   -1783.02    |    3730.78    |     3726.55     |

### Rate class analyses summary
*  30 branches with **1** rate classes
*  1 branches with **2** rate classes

### Improving parameter estimates of the adaptive rate class model
* Log(L) = -1781.31, AIC-c =  3723.13 (78 estimated parameters)

### Testing selected branches for selection

|              Branch               |  Rates   |     Max. dN/dS     | Sites @ EBF>=100 |      Test LRT      |Uncorrected p-value |
|-----------------------------------|----------|--------------------|------------------|--------------------|--------------------|
|         moXP_036114491_1          |     1    |   0.14 (100.00%)   |       N/A        |        0.00        |       1.00000      |
|         sbXP_066107988_1          |     1    |   0.31 (100.00%)   |       N/A        |        0.00        |       1.00000      |
|         raXP_015974042_1          |     1    |   0.46 (100.00%)   |       N/A        |        0.00        |       1.00000      |
|         Vespertilionidae          |     1    |   0.13 (100.00%)   |       N/A        |        0.00        |       1.00000      |
|         rfXP_032975623_1          |     1    |   0.18 (100.00%)   |       N/A        |        0.00        |       1.00000      |
|          Phyllostomidae           |     1    |   0.25 (100.00%)   |       N/A        |        0.00        |       1.00000      |
|           Pteropodidae            |     1    |   0.20 (100.00%)   |       N/A        |        0.00        |       1.00000      |
|         drXP_045039185_1          |     1    |   0.08 (100.00%)   |       N/A        |        0.00        |       1.00000      |
|          pnCAK6449680_1           |     1    |   1.30 (100.00%)   |       N/A        |        0.12        |       0.42915      |
|              Myotis               |     1    |   0.16 (100.00%)   |       N/A        |        0.00        |       1.00000      |
|         ajXP_036996060_2          |     1    |   0.28 (100.00%)   |       N/A        |        0.00        |       1.00000      |
|           Pipistrellus            |     1    |  >1000 (100.00%)   |       N/A        |        5.03        |       0.02927      |
|             Pteropus              |     1    |   0.07 (100.00%)   |       N/A        |        0.00        |       1.00000      |
|          Yangochiroptera          |     1    |   0.09 (100.00%)   |       N/A        |        0.00        |       1.00000      |
|           Phyllostomus            |     1    |  >1000 (100.00%)   |       N/A        |        2.75        |       0.09525      |
|               Myodm               |     1    |   0.10 (100.00%)   |       N/A        |        0.00        |       1.00000      |
|       MolossusPhyllostomus        |     1    |   0.81 (100.00%)   |       N/A        |        0.00        |       1.00000      |
|         mbXP_005864251_1          |     1    |   0.00 (100.00%)   |       N/A        |        0.00        |       1.00000      |
|         pkXP_036273266_1          |     1    |   0.00 (100.00%)   |       N/A        |        0.00        |       1.00000      |
|         pvXP_011367031_1          |     2    |   >1000 ( 1.32%)   |          2       |        8.98        |       0.00392      |
|         phXP_045710874_1          |     1    |  >1000 (100.00%)   |       N/A        |        1.79        |       0.15858      |
|          enKAK1335500_1           |     1    |  >1000 (100.00%)   |       N/A        |        1.67        |       0.16980      |
|         mdXP_059566254_1          |     1    |   0.32 (100.00%)   |       N/A        |        0.00        |       1.00000      |
|         pdXP_028371570_1          |     1    |  >1000 (100.00%)   |       N/A        |        1.20        |       0.21932      |
|         paXP_006911212_1          |     1    |  >1000 (100.00%)   |       N/A        |        1.13        |       0.22868      |
|         mmXP_036182701_1          |     1    |   0.00 (100.00%)   |       N/A        |        0.00        |       1.00000      |
|            Pteropusgv             |     1    |   0.00 (100.00%)   |       N/A        |        0.00        |       1.00000      |
|         mlXP_006106608_1          |     1    |  >1000 (100.00%)   |       N/A        |        0.42        |       0.34582      |
|               AjPh                |     1    |   0.00 (100.00%)   |       N/A        |        0.00        |       1.00000      |
|         pgXP_039716040_1          |     1    |   1.00 (100.00%)   |       N/A        |        0.00        |       1.00000      |
|               EpPi                |     1    |   1.00 (100.00%)   |       N/A        |        0.00        |       1.00000      |
----
### Adaptive branch site random effects likelihood test 
Likelihood ratio test for episodic diversifying positive selection at Holm-Bonferroni corrected _p =   0.0500_ found **0** branches under selection among **31** tested.

