
Analysis Description
--------------------
aBSREL (Adaptive branch-site random effects likelihood) uses an adaptive
random effects branch-site model framework to test whether each branch
has evolved under positive selection, using a procedure which infers an
optimal number of rate categories per branch. v2.2 adds support for
multiple-hit models. v2.3 adds support for SRV. v2.5 adds support for
ancestral state reconstruction, identification of sites contributing to
selection signal, and some diagnostics. 

- __Requirements__: in-frame codon alignment and a phylogenetic tree

- __Citation__:  Less Is More: An Adaptive Branch-Site Random Effects Model for
Efficient Detection of Episodic Diversifying Selection (2015). Mol Biol
Evol 32 (5): 1342-1353. 

- __Written by__: Sergei L Kosakovsky Pond, Ben Murrell, Steven Weaver and Temple iGEM /
UCSD viral evolution group

- __Contact Information__: spond@temple.edu

- __Analysis Version__: 2.5

[Advanced option] Bag of little bootstrap alignment resampling rate (permissible range = [0.01,1], default value = 1): blb: 1

>code => Universal
/home/malaevleo/mitimpair_trees/P49406.2_bat_only_aligned_nucleotide_codon_aligned.fasta_pruned.nwk
mitimpair_trees/P49406.2_bat_only_aligned_nucleotide_codon_aligned.fasta_pruned.nwk

>Loaded a multiple sequence alignment with **18** sequences, **259** codons, and **1** partitions from `/home/malaevleo/mitimpair_pal2nal/P49406.2_bat_only_aligned_nucleotide_codon_aligned.fasta`

>branches => All

>multiple-hits => None

>srv => No


### * Selected 33 branches for testing: `rfXP_032981246_1, paXP_006905289_1, pgXP_039708333_1, pvXP_011356384_1, Pteropusgv, Pteropus, raXP_015986126_2, Pteropodidae, sbXP_066123581_1, ajXP_036986716_2, phXP_045684853_1, pdXP_028372310_1, Phyllostomus, AjPh, drXP_024414295_2, Phyllostomidae, moXP_036118868_1, mbXP_005853174_1, mlXP_006102991_1, Myobl, mdXP_059515306_1, mmXP_036189903_1, Myodm, Myotis, pkXP_036291740_1, pnCAK6435242_1, Pipistrellus, enKAK1332925_1, EpPi, Vespertilionidae, MolossusPhyllostomus, YangochiropteraAfterSaccopteryx, Yangochiroptera`


### Obtaining branch lengths and nucleotide substitution biases under the nucleotide GTR model

>kill-zero-lengths => Yes

### Deleted 1 zero-length internal branches: `Pteropusgv`
* Log(L) = -3734.25, AIC-c =  7550.75 (41 estimated parameters)
* 1 partition. Total tree length by partition (subs/site)  0.675

### Fitting the baseline model with a single dN/dS class per branch, and no site-to-site variation. 
* Log(L) = -3567.71, AIC-c =  7294.11 (78 estimated parameters)
* Branch-level non-synonymous/synonymous rate ratio distribution has median  0.28, and 95% of the weight in  0.00 - 10000000000.00

### Determining the optimal number of rate classes per branch using a step up procedure

|              Branch               |  Length  |  Rates   |     Max. dN/dS     |    Log(L)     |     AIC-c     |Best AIC-c so far|
|-----------------------------------|----------|----------|--------------------|---------------|---------------|-----------------|
|         moXP_036118868_1          |   0.08   |    2     |    0.30 (45.14%)   |   -3567.69    |    7298.21    |     7294.11     |
|         sbXP_066123581_1          |   0.07   |    2     |    2.32 (20.83%)   |   -3565.39    |    7293.61    |     7293.61     |
|         sbXP_066123581_1          |   0.07   |    3     |    2.32 (20.79%)   |   -3565.39    |    7297.76    |     7293.61     |
|         ajXP_036986716_2          |   0.06   |    2     |    5.70 ( 3.65%)   |   -3563.65    |    7294.27    |     7293.61     |
|         rfXP_032981246_1          |   0.05   |    2     |    7.54 ( 7.09%)   |   -3555.60    |    7278.17    |     7278.17     |
|         rfXP_032981246_1          |   0.05   |    3     |    7.52 ( 7.11%)   |   -3555.60    |    7282.32    |     7278.17     |
|         drXP_024414295_2          |   0.05   |    2     |    0.21 (21.75%)   |   -3555.60    |    7282.31    |     7278.17     |
|           Pteropodidae            |   0.04   |    2     |    0.46 ( 0.00%)   |   -3555.52    |    7282.17    |     7278.17     |
|          Phyllostomidae           |   0.04   |    2     |   25.83 ( 1.63%)   |   -3551.56    |    7274.24    |     7274.24     |
|          Phyllostomidae           |   0.04   |    3     |   25.99 ( 1.61%)   |   -3551.56    |    7278.38    |     7274.24     |
|         Vespertilionidae          |   0.04   |    2     |    0.24 (50.15%)   |   -3551.55    |    7278.36    |     7274.24     |
|           Phyllostomus            |   0.03   |    2     |    2.02 ( 8.92%)   |   -3551.51    |    7278.28    |     7274.24     |
|         raXP_015986126_2          |   0.02   |    2     |   60.44 ( 0.66%)   |   -3547.84    |    7270.95    |     7270.95     |
|         raXP_015986126_2          |   0.02   |    3     |   60.81 ( 0.65%)   |   -3547.84    |    7275.11    |     7270.95     |
|          Yangochiroptera          |   0.02   |    2     |    0.25 ( 8.01%)   |   -3547.74    |    7274.90    |     7270.95     |
|          pnCAK6435242_1           |   0.02   |    2     |   18.49 ( 1.63%)   |   -3544.06    |    7267.55    |     7267.55     |
|          pnCAK6435242_1           |   0.02   |    3     |   84.05 ( 0.51%)   |   -3543.55    |    7270.69    |     7267.55     |
|           Pipistrellus            |   0.02   |    2     |    0.18 (93.98%)   |   -3544.06    |    7271.70    |     7267.55     |
|         mdXP_059515306_1          |   0.02   |    2     |   14.74 ( 1.46%)   |   -3540.54    |    7264.66    |     7264.66     |
|         mdXP_059515306_1          |   0.02   |    3     |   15.78 ( 1.29%)   |   -3540.56    |    7268.86    |     7264.66     |
|               EpPi                |   0.02   |    2     |   17.96 ( 3.88%)   |   -3538.25    |    7264.24    |     7264.24     |
|               EpPi                |   0.02   |    3     |   21.51 ( 2.98%)   |   -3538.25    |    7268.41    |     7264.24     |
|         mlXP_006102991_1          |   0.02   |    2     |    0.40 (67.56%)   |   -3538.25    |    7268.41    |     7264.24     |
|         mmXP_036189903_1          |   0.01   |    2     |    0.49 (18.66%)   |   -3538.24    |    7268.39    |     7264.24     |
|         pkXP_036291740_1          |   0.01   |    2     |    0.39 (53.10%)   |   -3538.25    |    7268.41    |     7264.24     |
|               Myodm               |   0.01   |    2     |    0.00 ( 5.00%)   |   -3538.25    |    7268.41    |     7264.24     |
|              Myotis               |   0.01   |    2     |    0.59 (91.51%)   |   -3538.24    |    7268.40    |     7264.24     |
|         mbXP_005853174_1          |   0.01   |    2     |    0.87 (93.89%)   |   -3538.25    |    7268.41    |     7264.24     |
|             Pteropus              |   0.01   |    2     |    0.81 (51.63%)   |   -3538.25    |    7268.40    |     7264.24     |
|         paXP_006905289_1          |   0.01   |    2     |    0.18 (50.22%)   |   -3538.25    |    7268.41    |     7264.24     |
|         pdXP_028372310_1          |   0.01   |    2     |    0.74 (23.54%)   |   -3538.25    |    7268.41    |     7264.24     |
|               AjPh                |   0.01   |    2     |    3.00 (55.69%)   |   -3538.22    |    7268.36    |     7264.24     |
|         pvXP_011356384_1          |   0.01   |    2     |    0.40 (52.26%)   |   -3538.25    |    7268.41    |     7264.24     |
|       MolossusPhyllostomus        |   0.01   |    2     |    0.25 (13.57%)   |   -3546.80    |    7285.50    |     7264.24     |
|          enKAK1332925_1           |   0.00   |    2     |    1.96 (49.42%)   |   -3538.24    |    7268.40    |     7264.24     |
|               Myobl               |   0.00   |    2     |    0.25 ( 2.00%)   |   -3546.78    |    7285.46    |     7264.24     |
|         phXP_045684853_1          |   0.00   |    2     |    0.00 ( 5.00%)   |   -3538.25    |    7268.41    |     7264.24     |
|         pgXP_039708333_1          |   0.00   |    2     |    0.00 ( 5.00%)   |   -3538.25    |    7268.41    |     7264.24     |
|  YangochiropteraAfterSaccopteryx  |   0.00   |    2     |    0.00 ( 4.78%)   |   -3538.25    |    7268.40    |     7264.24     |

### Rate class analyses summary
*  25 branches with **1** rate classes
*  7 branches with **2** rate classes

### Improving parameter estimates of the adaptive rate class model
* Log(L) = -3534.31, AIC-c =  7256.36 (92 estimated parameters)

### Testing selected branches for selection

|              Branch               |  Rates   |     Max. dN/dS     | Sites @ EBF>=100 |      Test LRT      |Uncorrected p-value |
|-----------------------------------|----------|--------------------|------------------|--------------------|--------------------|
|         moXP_036118868_1          |     1    |   0.12 (100.00%)   |       N/A        |        0.00        |       1.00000      |
|         sbXP_066123581_1          |     2    |    2.36 (18.01%)   |         18       |        1.29        |       0.20854      |
|         ajXP_036986716_2          |     1    |   0.22 (100.00%)   |       N/A        |        0.00        |       1.00000      |
|         rfXP_032981246_1          |     2    |    7.39 ( 7.08%)   |         12       |       10.27        |       0.00204      |
|         drXP_024414295_2          |     1    |   0.20 (100.00%)   |       N/A        |        0.00        |       1.00000      |
|           Pteropodidae            |     1    |   0.24 (100.00%)   |       N/A        |        0.00        |       1.00000      |
|          Phyllostomidae           |     2    |   15.09 ( 2.27%)   |          3       |        3.83        |       0.05414      |
|         Vespertilionidae          |     1    |   0.23 (100.00%)   |       N/A        |        0.00        |       1.00000      |
|           Phyllostomus            |     1    |   0.14 (100.00%)   |       N/A        |        0.00        |       1.00000      |
|         raXP_015986126_2          |     2    |   51.38 ( 0.65%)   |          1       |        3.97        |       0.05036      |
|          Yangochiroptera          |     1    |   0.23 (100.00%)   |       N/A        |        0.00        |       1.00000      |
|          pnCAK6435242_1           |     2    |   60.44 ( 0.56%)   |          1       |        4.18        |       0.04527      |
|           Pipistrellus            |     1    |   0.17 (100.00%)   |       N/A        |        0.00        |       1.00000      |
|         mdXP_059515306_1          |     2    |   14.04 ( 1.41%)   |          2       |        3.22        |       0.07460      |
|               EpPi                |     2    |   16.46 ( 3.80%)   |          1       |        3.06        |       0.08117      |
|         mlXP_006102991_1          |     1    |   0.29 (100.00%)   |       N/A        |        0.00        |       1.00000      |
|         mmXP_036189903_1          |     1    |   0.46 (100.00%)   |       N/A        |        0.00        |       1.00000      |
|         pkXP_036291740_1          |     1    |   0.29 (100.00%)   |       N/A        |        0.00        |       1.00000      |
|               Myodm               |     1    |   0.00 (100.00%)   |       N/A        |        0.00        |       1.00000      |
|              Myotis               |     1    |   0.55 (100.00%)   |       N/A        |        0.00        |       1.00000      |
|         mbXP_005853174_1          |     1    |   0.83 (100.00%)   |       N/A        |        0.00        |       1.00000      |
|             Pteropus              |     1    |   0.69 (100.00%)   |       N/A        |        0.00        |       1.00000      |
|         paXP_006905289_1          |     1    |   0.08 (100.00%)   |       N/A        |        0.00        |       1.00000      |
|         pdXP_028372310_1          |     1    |   0.61 (100.00%)   |       N/A        |        0.00        |       1.00000      |
|               AjPh                |     1    |   2.53 (100.00%)   |       N/A        |        0.08        |       0.44239      |
|         pvXP_011356384_1          |     1    |   0.30 (100.00%)   |       N/A        |        0.00        |       1.00000      |
|       MolossusPhyllostomus        |     1    |  >1000 (100.00%)   |       N/A        |        1.99        |       0.14274      |
|          enKAK1332925_1           |     1    |   1.14 (100.00%)   |       N/A        |        0.01        |       0.48332      |
|               Myobl               |     1    |  >1000 (100.00%)   |       N/A        |        1.70        |       0.16673      |
|         phXP_045684853_1          |     1    |   0.00 (100.00%)   |       N/A        |        0.00        |       1.00000      |
|         pgXP_039708333_1          |     1    |   0.00 (100.00%)   |       N/A        |        0.00        |       1.00000      |
|  YangochiropteraAfterSaccopteryx  |     1    |   0.00 (100.00%)   |       N/A        |        0.00        |       1.00000      |
----
### Adaptive branch site random effects likelihood test 
Likelihood ratio test for episodic diversifying positive selection at Holm-Bonferroni corrected _p =   0.0500_ found **0** branches under selection among **32** tested.

