
Analysis Description
--------------------
aBSREL (Adaptive branch-site random effects likelihood) uses an adaptive
random effects branch-site model framework to test whether each branch
has evolved under positive selection, using a procedure which infers an
optimal number of rate categories per branch. v2.2 adds support for
multiple-hit models. v2.3 adds support for SRV. v2.5 adds support for
ancestral state reconstruction, identification of sites contributing to
selection signal, and some diagnostics. 

- __Requirements__: in-frame codon alignment and a phylogenetic tree

- __Citation__:  Less Is More: An Adaptive Branch-Site Random Effects Model for
Efficient Detection of Episodic Diversifying Selection (2015). Mol Biol
Evol 32 (5): 1342-1353. 

- __Written by__: Sergei L Kosakovsky Pond, Ben Murrell, Steven Weaver and Temple iGEM /
UCSD viral evolution group

- __Contact Information__: spond@temple.edu

- __Analysis Version__: 2.5

[Advanced option] Bag of little bootstrap alignment resampling rate (permissible range = [0.01,1], default value = 1): blb: 1

>code => Universal
/home/malaevleo/mitimpair_trees/P52815.2_bat_only_aligned_nucleotide_codon_aligned.fasta_pruned.nwk
mitimpair_trees/P52815.2_bat_only_aligned_nucleotide_codon_aligned.fasta_pruned.nwk

>Loaded a multiple sequence alignment with **18** sequences, **140** codons, and **1** partitions from `/home/malaevleo/mitimpair_pal2nal/P52815.2_bat_only_aligned_nucleotide_codon_aligned.fasta`

>branches => All

>multiple-hits => None

>srv => No


### * Selected 33 branches for testing: `rfXP_032944932_1, paXP_015445049_1, pgXP_039715790_1, pvXP_011371998_1, Pteropusgv, Pteropus, raXP_016019355_1, Pteropodidae, sbXP_066090953_1, ajXP_037013594_2, phXP_045692109_1, pdXP_028376576_1, Phyllostomus, AjPh, drXP_024409693_2, Phyllostomidae, moXP_036124947_1, mbXP_014386752_1, mlXP_006109297_1, Myobl, mdXP_059527509_1, mmXP_036198054_1, Myodm, Myotis, pkXP_036268269_1, pnCAK6438618_1, Pipistrellus, enKAK1330724_1, EpPi, Vespertilionidae, MolossusPhyllostomus, YangochiropteraAfterSaccopteryx, Yangochiroptera`


### Obtaining branch lengths and nucleotide substitution biases under the nucleotide GTR model

>kill-zero-lengths => Yes

### Deleted 4 zero-length internal branches: `AjPh, MolossusPhyllostomus, Myodm, YangochiropteraAfterSaccopteryx`
* Log(L) = -2316.03, AIC-c =  4714.53 (41 estimated parameters)
* 1 partition. Total tree length by partition (subs/site) 104.004

### Fitting the baseline model with a single dN/dS class per branch, and no site-to-site variation. 
* Log(L) = -1976.25, AIC-c =  4100.79 (72 estimated parameters)
* Branch-level non-synonymous/synonymous rate ratio distribution has median  0.12, and 95% of the weight in  0.00 -  0.00

### Determining the optimal number of rate classes per branch using a step up procedure

|              Branch               |  Length  |  Rates   |     Max. dN/dS     |    Log(L)     |     AIC-c     |Best AIC-c so far|
|-----------------------------------|----------|----------|--------------------|---------------|---------------|-----------------|
|         mlXP_006109297_1          |  920.00  |    2     |    1.00 (46.99%)   |   -1933.43    |    4019.40    |     4019.40     |
|         mlXP_006109297_1          |  920.00  |    3     |  365.09 (42.74%)   |   -1904.77    |    3966.33    |     3966.33     |
|         mlXP_006109297_1          |  920.00  |    4     |  345.87 (42.90%)   |   -1904.77    |    3970.59    |     3966.33     |
|         Vespertilionidae          |   0.09   |    2     |    2.00 ( 2.00%)   |   -1901.25    |    3963.54    |     3963.54     |
|         Vespertilionidae          |   0.09   |    3     |    2.01 ( 2.00%)   |   -1901.24    |    3967.80    |     3963.54     |
|         pgXP_039715790_1          |   0.07   |    2     |  357.05 ( 9.06%)   |   -1868.32    |    3901.95    |     3901.95     |
|         pgXP_039715790_1          |   0.07   |    3     |  361.34 ( 9.05%)   |   -1868.32    |    3906.23    |     3901.95     |
|           Pteropodidae            |   0.06   |    2     |    0.19 ( 0.00%)   |   -1868.32    |    3906.23    |     3901.95     |
|         sbXP_066090953_1          |   0.06   |    2     |    0.12 (42.10%)   |   -1868.32    |    3906.23    |     3901.95     |
|          Phyllostomidae           |   0.04   |    2     |    0.02 (75.63%)   |   -1868.32    |    3906.23    |     3901.95     |
|         rfXP_032944932_1          |   0.03   |    2     |   0.12 (100.00%)   |   -1868.32    |    3906.23    |     3901.95     |
|           Phyllostomus            |   0.03   |    2     |    0.00 ( 5.00%)   |   -1868.32    |    3906.23    |     3901.95     |
|             Pteropus              |   0.02   |    2     |    0.04 (39.92%)   |   -1868.32    |    3906.23    |     3901.95     |
|         ajXP_037013594_2          |   0.02   |    2     |    0.00 ( 0.00%)   |   -1868.32    |    3906.23    |     3901.95     |
|          Yangochiroptera          |   0.02   |    2     |    0.00 ( 0.00%)   |   -1868.32    |    3906.23    |     3901.95     |
|          enKAK1330724_1           |   0.02   |    2     |    0.00 ( 5.00%)   |   -1868.32    |    3906.23    |     3901.95     |
|         moXP_036124947_1          |   0.02   |    2     |    0.25 (21.10%)   |   -1868.32    |    3906.23    |     3901.95     |
|           Pipistrellus            |   0.02   |    2     |    0.00 ( 0.00%)   |   -1868.32    |    3906.23    |     3901.95     |
|         pdXP_028376576_1          |   0.01   |    2     |    0.00 ( 5.00%)   |   -1868.32    |    3906.23    |     3901.95     |
|         raXP_016019355_1          |   0.01   |    2     |    0.19 (91.58%)   |   -1868.32    |    3906.23    |     3901.95     |
|               EpPi                |   0.01   |    2     |    0.00 ( 5.00%)   |   -1868.32    |    3906.23    |     3901.95     |
|         phXP_045692109_1          |   0.01   |    2     |    7.45 ( 1.87%)   |   -1868.31    |    3906.20    |     3901.95     |
|         drXP_024409693_2          |   0.01   |    2     |    0.11 (83.84%)   |   -1868.32    |    3906.23    |     3901.95     |
|          pnCAK6438618_1           |   0.01   |    2     |    0.00 ( 5.00%)   |   -1868.32    |    3906.23    |     3901.95     |
|         mmXP_036198054_1          |   0.01   |    2     |    0.00 ( 0.00%)   |   -1868.32    |    3906.23    |     3901.95     |
|               Myobl               |   0.01   |    2     |    0.00 ( 2.35%)   |   -1868.19    |    3905.97    |     3901.95     |
|         pkXP_036268269_1          |   0.01   |    2     |    0.51 (24.25%)   |   -1868.32    |    3906.23    |     3901.95     |
|            Pteropusgv             |   0.00   |    2     |    0.00 ( 0.00%)   |   -1868.32    |    3906.23    |     3901.95     |
|              Myotis               |   0.00   |    2     |    0.79 (77.67%)   |   -1868.32    |    3906.23    |     3901.95     |
|         paXP_015445049_1          |   0.00   |    2     |   1.00 (100.00%)   |   -1868.53    |    3906.65    |     3901.95     |
|         mdXP_059527509_1          |   0.00   |    2     |    0.00 ( 5.00%)   |   -1868.32    |    3906.23    |     3901.95     |
|         mbXP_014386752_1          |   0.00   |    2     |    0.00 ( 3.71%)   |   -1867.53    |    3904.65    |     3901.95     |
|         pvXP_011371998_1          |   0.00   |    2     |    0.27 ( 3.72%)   |   -1868.32    |    3906.23    |     3901.95     |

### Rate class analyses summary
*  1 branches with **3** rate classes
*  2 branches with **2** rate classes
*  26 branches with **1** rate classes

### Improving parameter estimates of the adaptive rate class model
* Log(L) = -1858.04, AIC-c =  3881.39 (80 estimated parameters)

### Testing selected branches for selection

|              Branch               |  Rates   |     Max. dN/dS     | Sites @ EBF>=100 |      Test LRT      |Uncorrected p-value |
|-----------------------------------|----------|--------------------|------------------|--------------------|--------------------|
|         mlXP_006109297_1          |     3    |   89.13 (42.97%)   |         23       |       56.38        |       0.00000      |
|         Vespertilionidae          |     2    |    2.35 ( 1.80%)   |          2       |        0.61        |       0.30762      |
|         pgXP_039715790_1          |     2    |   >1000 ( 9.05%)   |         12       |       45.86        |       0.00000      |
|           Pteropodidae            |     1    |   0.05 (100.00%)   |       N/A        |        0.00        |       1.00000      |
|         sbXP_066090953_1          |     1    |   0.12 (100.00%)   |       N/A        |        0.00        |       1.00000      |
|          Phyllostomidae           |     1    |   0.02 (100.00%)   |       N/A        |        0.00        |       1.00000      |
|         rfXP_032944932_1          |     1    |   0.10 (100.00%)   |       N/A        |        0.00        |       1.00000      |
|           Phyllostomus            |     1    |   0.00 (100.00%)   |       N/A        |        0.00        |       1.00000      |
|             Pteropus              |     1    |   0.03 (100.00%)   |       N/A        |        0.00        |       1.00000      |
|         ajXP_037013594_2          |     1    |   0.00 (100.00%)   |       N/A        |        0.00        |       1.00000      |
|          Yangochiroptera          |     1    |   0.00 (100.00%)   |       N/A        |        0.00        |       1.00000      |
|          enKAK1330724_1           |     1    |   0.00 (100.00%)   |       N/A        |        0.00        |       1.00000      |
|         moXP_036124947_1          |     1    |   0.20 (100.00%)   |       N/A        |        0.00        |       1.00000      |
|           Pipistrellus            |     1    |   0.00 (100.00%)   |       N/A        |        0.00        |       1.00000      |
|         pdXP_028376576_1          |     1    |   0.00 (100.00%)   |       N/A        |        0.00        |       1.00000      |
|         raXP_016019355_1          |     1    |   0.14 (100.00%)   |       N/A        |        0.00        |       1.00000      |
|               EpPi                |     1    |   0.00 (100.00%)   |       N/A        |        0.00        |       1.00000      |
|         phXP_045692109_1          |     1    |   0.09 (100.00%)   |       N/A        |        0.00        |       1.00000      |
|         drXP_024409693_2          |     1    |   0.08 (100.00%)   |       N/A        |        0.00        |       1.00000      |
|          pnCAK6438618_1           |     1    |   0.00 (100.00%)   |       N/A        |        0.00        |       1.00000      |
|         mmXP_036198054_1          |     1    |   0.00 (100.00%)   |       N/A        |        0.00        |       1.00000      |
|               Myobl               |     1    |   1.00 (100.00%)   |       N/A        |        0.00        |       1.00000      |
|         pkXP_036268269_1          |     1    |   0.22 (100.00%)   |       N/A        |        0.00        |       1.00000      |
|            Pteropusgv             |     1    |   0.00 (100.00%)   |       N/A        |        0.00        |       1.00000      |
|              Myotis               |     1    |   2.41 (100.00%)   |       N/A        |        0.01        |       0.48781      |
|         paXP_015445049_1          |     1    |  >1000 (100.00%)   |       N/A        |        0.38        |       0.35564      |
|         mdXP_059527509_1          |     1    |   0.00 (100.00%)   |       N/A        |        0.00        |       1.00000      |
|         mbXP_014386752_1          |     1    |   0.00 (100.00%)   |       N/A        |        0.00        |       1.00000      |
|         pvXP_011371998_1          |     1    |   1.00 (100.00%)   |       N/A        |        0.00        |       1.00000      |
----
### Adaptive branch site random effects likelihood test 
Likelihood ratio test for episodic diversifying positive selection at Holm-Bonferroni corrected _p =   0.0500_ found **2** branches under selection among **29** tested.

* mlXP_006109297_1, p-value =  0.00000
* pgXP_039715790_1, p-value =  0.00000
