
Analysis Description
--------------------
aBSREL (Adaptive branch-site random effects likelihood) uses an adaptive
random effects branch-site model framework to test whether each branch
has evolved under positive selection, using a procedure which infers an
optimal number of rate categories per branch. v2.2 adds support for
multiple-hit models. v2.3 adds support for SRV. v2.5 adds support for
ancestral state reconstruction, identification of sites contributing to
selection signal, and some diagnostics. 

- __Requirements__: in-frame codon alignment and a phylogenetic tree

- __Citation__:  Less Is More: An Adaptive Branch-Site Random Effects Model for
Efficient Detection of Episodic Diversifying Selection (2015). Mol Biol
Evol 32 (5): 1342-1353. 

- __Written by__: Sergei L Kosakovsky Pond, Ben Murrell, Steven Weaver and Temple iGEM /
UCSD viral evolution group

- __Contact Information__: spond@temple.edu

- __Analysis Version__: 2.5

[Advanced option] Bag of little bootstrap alignment resampling rate (permissible range = [0.01,1], default value = 1): blb: 1

>code => Universal

-------
>[WARNING]
'/home/malaevleo/mitimpair_pal2nal/Q13405.1_bat_only_aligned_nucleotide_codon_aligned.fasta'
contains 2 duplicate sequences. Identical sequences do not contribute
any information to the analysis and only slow down computation. Please
consider removing duplicate or 'nearly' duplicate sequences, e.g. using
https://github.com/veg/hyphy-analyses/tree/master/remove-duplicates
prior to running selection analyses
-------
/home/malaevleo/mitimpair_trees/Q13405.1_bat_only_aligned_nucleotide_codon_aligned.fasta_pruned.nwk
mitimpair_trees/Q13405.1_bat_only_aligned_nucleotide_codon_aligned.fasta_pruned.nwk

>Loaded a multiple sequence alignment with **17** sequences, **76** codons, and **1** partitions from `/home/malaevleo/mitimpair_pal2nal/Q13405.1_bat_only_aligned_nucleotide_codon_aligned.fasta`

>branches => All

>multiple-hits => None

>srv => No


### * Selected 32 branches for testing: `rfXP_032975975_1, paXP_015444351_1, pgXP_039696915_1, pvXP_011367097_1, Pteropusgv, Pteropus, raXP_015974879_1, Pteropodidae, sbXP_066108100_1, ajXP_037002415_1, phXP_045710918_1, pdXP_028371204_1, Phyllostomus, AjPh, drXP_024429971_2, Phyllostomidae, moXP_036114614_1, mbXP_005864283_1, mlXP_006104412_1, Myobl, mdXP_059566145_1, mmXP_036182605_1, Myodm, Myotis, pkXP_036286346_1, pnCAK6449716_1, Pipistrellus, EpPi, Vespertilionidae, MolossusPhyllostomus, YangochiropteraAfterSaccopteryx, Yangochiroptera`


### Obtaining branch lengths and nucleotide substitution biases under the nucleotide GTR model

>kill-zero-lengths => Yes

### Deleted 6 zero-length internal branches: `Myobl, Myotis, Pipistrellus, Pteropus, Pteropusgv, YangochiropteraAfterSaccopteryx`
* Log(L) =  -697.54, AIC-c =  1475.94 (40 estimated parameters)
* 1 partition. Total tree length by partition (subs/site)  0.301

### Fitting the baseline model with a single dN/dS class per branch, and no site-to-site variation. 
* Log(L) =  -630.90, AIC-c =  1401.02 (66 estimated parameters)
* Branch-level non-synonymous/synonymous rate ratio distribution has median  0.21, and 95% of the weight in  0.00 - 10000000000.00

### Determining the optimal number of rate classes per branch using a step up procedure

|              Branch               |  Length  |  Rates   |     Max. dN/dS     |    Log(L)     |     AIC-c     |Best AIC-c so far|
|-----------------------------------|----------|----------|--------------------|---------------|---------------|-----------------|
|               EpPi                |   0.04   |    2     |   66.79 ( 1.42%)   |    -630.35    |    1404.37    |     1401.02     |
|         rfXP_032975975_1          |   0.03   |    2     |    1.07 (33.23%)   |    -630.90    |    1405.48    |     1401.02     |
|         raXP_015974879_1          |   0.03   |    2     |    0.08 (25.06%)   |    -630.90    |    1405.47    |     1401.02     |
|         Vespertilionidae          |   0.03   |    2     |    0.08 (46.76%)   |    -630.90    |    1405.47    |     1401.02     |
|         sbXP_066108100_1          |   0.02   |    2     |    0.15 (68.78%)   |    -630.90    |    1405.48    |     1401.02     |
|          Yangochiroptera          |   0.02   |    2     |    0.00 ( 0.00%)   |    -630.90    |    1405.47    |     1401.02     |
|         ajXP_037002415_1          |   0.02   |    2     |   27.18 ( 3.56%)   |    -630.60    |    1404.87    |     1401.02     |
|         drXP_024429971_2          |   0.02   |    2     |   13.08 ( 4.97%)   |    -630.76    |    1405.19    |     1401.02     |
|           Pteropodidae            |   0.01   |    2     |    0.17 (92.64%)   |    -630.90    |    1405.48    |     1401.02     |
|         pkXP_036286346_1          |   0.01   |    2     |    0.19 (98.44%)   |    -630.90    |    1405.47    |     1401.02     |
|         paXP_015444351_1          |   0.01   |    2     |    0.00 ( 5.00%)   |    -630.90    |    1405.47    |     1401.02     |
|          Phyllostomidae           |   0.01   |    2     |    0.00 ( 5.00%)   |    -630.90    |    1405.47    |     1401.02     |
|         moXP_036114614_1          |   0.01   |    2     |    0.00 ( 5.00%)   |    -630.90    |    1405.47    |     1401.02     |
|           Phyllostomus            |   0.01   |    2     |    0.40 (95.00%)   |    -630.90    |    1405.47    |     1401.02     |
|               AjPh                |   0.00   |    2     |    0.00 ( 5.00%)   |    -630.90    |    1405.47    |     1401.02     |
|       MolossusPhyllostomus        |   0.00   |    2     |  >1000 (100.00%)   |    -630.90    |    1405.47    |     1401.02     |
|          pnCAK6449716_1           |   0.00   |    2     |    0.30 ( 6.42%)   |    -633.98    |    1411.63    |     1401.02     |
|         pdXP_028371204_1          |   0.00   |    2     |    0.00 ( 5.00%)   |    -630.90    |    1405.47    |     1401.02     |
|         mmXP_036182605_1          |   0.00   |    2     |    0.00 ( 5.00%)   |    -630.90    |    1405.47    |     1401.02     |
|               Myodm               |   0.00   |    2     |    0.00 ( 5.00%)   |    -630.90    |    1405.47    |     1401.02     |
|         mlXP_006104412_1          |   0.00   |    2     |    0.30 (13.82%)   |    -630.90    |    1405.47    |     1401.02     |
|         mdXP_059566145_1          |   0.00   |    2     |    0.26 ( 3.72%)   |    -630.90    |    1405.47    |     1401.02     |
|         phXP_045710918_1          |   0.00   |    2     |    0.27 ( 3.72%)   |    -630.90    |    1405.47    |     1401.02     |
|         pvXP_011367097_1          |   0.00   |    2     |    0.27 ( 3.72%)   |    -630.90    |    1405.47    |     1401.02     |
|         pgXP_039696915_1          |   0.00   |    2     |    0.27 ( 3.72%)   |    -630.90    |    1405.47    |     1401.02     |
|         mbXP_005864283_1          |   0.00   |    2     |    0.26 (13.82%)   |    -630.90    |    1405.47    |     1401.02     |

### Rate class analyses summary
*  26 branches with **1** rate classes

### Improving parameter estimates of the adaptive rate class model
* Log(L) =  -628.78, AIC-c =  1396.78 (66 estimated parameters)

### Testing selected branches for selection

|              Branch               |  Rates   |     Max. dN/dS     | Sites @ EBF>=100 |      Test LRT      |Uncorrected p-value |
|-----------------------------------|----------|--------------------|------------------|--------------------|--------------------|
|               EpPi                |     1    |   0.18 (100.00%)   |       N/A        |        0.00        |       1.00000      |
|         rfXP_032975975_1          |     1    |   0.86 (100.00%)   |       N/A        |        0.00        |       1.00000      |
|         raXP_015974879_1          |     1    |   0.06 (100.00%)   |       N/A        |        0.00        |       1.00000      |
|         Vespertilionidae          |     1    |   0.07 (100.00%)   |       N/A        |        0.00        |       1.00000      |
|         sbXP_066108100_1          |     1    |   0.10 (100.00%)   |       N/A        |        0.00        |       1.00000      |
|          Yangochiroptera          |     1    |   0.00 (100.00%)   |       N/A        |        0.00        |       1.00000      |
|         ajXP_037002415_1          |     1    |   0.33 (100.00%)   |       N/A        |        0.00        |       1.00000      |
|         drXP_024429971_2          |     1    |   0.35 (100.00%)   |       N/A        |        0.00        |       1.00000      |
|           Pteropodidae            |     1    |   0.15 (100.00%)   |       N/A        |        0.00        |       1.00000      |
|         pkXP_036286346_1          |     1    |   0.16 (100.00%)   |       N/A        |        0.00        |       1.00000      |
|         paXP_015444351_1          |     1    |   0.00 (100.00%)   |       N/A        |        0.00        |       1.00000      |
|          Phyllostomidae           |     1    |   0.00 (100.00%)   |       N/A        |        0.00        |       1.00000      |
|         moXP_036114614_1          |     1    |   0.00 (100.00%)   |       N/A        |        0.00        |       1.00000      |
|           Phyllostomus            |     1    |   0.33 (100.00%)   |       N/A        |        0.00        |       1.00000      |
|               AjPh                |     1    |   0.00 (100.00%)   |       N/A        |        0.00        |       1.00000      |
|       MolossusPhyllostomus        |     1    |  >1000 (100.00%)   |       N/A        |        0.57        |       0.31516      |
|          pnCAK6449716_1           |     1    |  >1000 (100.00%)   |       N/A        |        0.53        |       0.32254      |
|         pdXP_028371204_1          |     1    |   0.00 (100.00%)   |       N/A        |        0.00        |       1.00000      |
|         mmXP_036182605_1          |     1    |   0.00 (100.00%)   |       N/A        |        0.00        |       1.00000      |
|               Myodm               |     1    |   0.00 (100.00%)   |       N/A        |        0.00        |       1.00000      |
|         mlXP_006104412_1          |     1    |   1.00 (100.00%)   |       N/A        |        0.00        |       1.00000      |
|         mdXP_059566145_1          |     1    |   1.00 (100.00%)   |       N/A        |        0.00        |       1.00000      |
|         phXP_045710918_1          |     1    |   1.00 (100.00%)   |       N/A        |        0.00        |       1.00000      |
|         pvXP_011367097_1          |     1    |   1.00 (100.00%)   |       N/A        |        0.00        |       1.00000      |
|         pgXP_039696915_1          |     1    |   1.00 (100.00%)   |       N/A        |        0.00        |       1.00000      |
|         mbXP_005864283_1          |     1    |   1.00 (100.00%)   |       N/A        |        0.00        |       1.00000      |
----
### Adaptive branch site random effects likelihood test 
Likelihood ratio test for episodic diversifying positive selection at Holm-Bonferroni corrected _p =   0.0500_ found **0** branches under selection among **26** tested.

