
Analysis Description
--------------------
aBSREL (Adaptive branch-site random effects likelihood) uses an adaptive
random effects branch-site model framework to test whether each branch
has evolved under positive selection, using a procedure which infers an
optimal number of rate categories per branch. v2.2 adds support for
multiple-hit models. v2.3 adds support for SRV. v2.5 adds support for
ancestral state reconstruction, identification of sites contributing to
selection signal, and some diagnostics. 

- __Requirements__: in-frame codon alignment and a phylogenetic tree

- __Citation__:  Less Is More: An Adaptive Branch-Site Random Effects Model for
Efficient Detection of Episodic Diversifying Selection (2015). Mol Biol
Evol 32 (5): 1342-1353. 

- __Written by__: Sergei L Kosakovsky Pond, Ben Murrell, Steven Weaver and Temple iGEM /
UCSD viral evolution group

- __Contact Information__: spond@temple.edu

- __Analysis Version__: 2.5

[Advanced option] Bag of little bootstrap alignment resampling rate (permissible range = [0.01,1], default value = 1): blb: 1

>code => Universal

-------
>[WARNING]
'/home/malaevleo/mitimpair_pal2nal/Q13794.1_bat_only_aligned_nucleotide_codon_aligned.fasta'
contains 2 duplicate sequences. Identical sequences do not contribute
any information to the analysis and only slow down computation. Please
consider removing duplicate or 'nearly' duplicate sequences, e.g. using
https://github.com/veg/hyphy-analyses/tree/master/remove-duplicates
prior to running selection analyses
-------
/home/malaevleo/mitimpair_trees/Q13794.1_bat_only_aligned_nucleotide_codon_aligned.fasta_pruned.nwk
mitimpair_trees/Q13794.1_bat_only_aligned_nucleotide_codon_aligned.fasta_pruned.nwk

>Loaded a multiple sequence alignment with **17** sequences, **54** codons, and **1** partitions from `/home/malaevleo/mitimpair_pal2nal/Q13794.1_bat_only_aligned_nucleotide_codon_aligned.fasta`

>branches => All

>multiple-hits => None

>srv => No


### * Selected 32 branches for testing: `rfXP_032943375_1, paXP_006913772_1, pgXP_039696298_1, pvXP_011359378_1, Pteropusgv, Pteropus, raXP_016011221_1, Pteropodidae, sbXP_066102731_1, ajXP_037007897_1, phXP_045706068_1, pdXP_028380811_1, Phyllostomus, AjPh, drXP_053769378_1, Phyllostomidae, moXP_036100831_1, mbXP_005881863_1, mlXP_006087212_1, Myobl, mdXP_059562222_1, mmXP_036179003_1, Myodm, Myotis, pkXP_036274910_1, pnCAK6447693_1, Pipistrellus, EpPi, Vespertilionidae, MolossusPhyllostomus, YangochiropteraAfterSaccopteryx, Yangochiroptera`


### Obtaining branch lengths and nucleotide substitution biases under the nucleotide GTR model

>kill-zero-lengths => Yes

### Deleted 4 zero-length internal branches: `Myobl, Myodm, Pteropusgv, YangochiropteraAfterSaccopteryx`
* Log(L) =  -585.79, AIC-c =  1252.79 (40 estimated parameters)
* 1 partition. Total tree length by partition (subs/site)  0.429

### Fitting the baseline model with a single dN/dS class per branch, and no site-to-site variation. 
* Log(L) =  -554.57, AIC-c =  1260.88 (70 estimated parameters)
* Branch-level non-synonymous/synonymous rate ratio distribution has median  0.43, and 95% of the weight in  0.00 -  2.13

### Determining the optimal number of rate classes per branch using a step up procedure

|              Branch               |  Length  |  Rates   |     Max. dN/dS     |    Log(L)     |     AIC-c     |Best AIC-c so far|
|-----------------------------------|----------|----------|--------------------|---------------|---------------|-----------------|
|          Phyllostomidae           |   0.06   |    2     |    3.41 (16.57%)   |    -554.13    |    1264.71    |     1260.88     |
|         Vespertilionidae          |   0.04   |    2     |   2.12 (100.00%)   |    -554.57    |    1265.59    |     1260.88     |
|         moXP_036100831_1          |   0.04   |    2     |    0.62 (51.78%)   |    -554.57    |    1265.59    |     1260.88     |
|           Pteropodidae            |   0.03   |    2     |    0.27 (12.50%)   |    -554.57    |    1265.59    |     1260.88     |
|         ajXP_037007897_1          |   0.03   |    2     |    0.28 (28.24%)   |    -554.57    |    1265.59    |     1260.88     |
|         rfXP_032943375_1          |   0.03   |    2     |    0.00 ( 1.67%)   |    -554.57    |    1265.59    |     1260.88     |
|               EpPi                |   0.03   |    2     |   1.33 (100.00%)   |    -554.57    |    1265.59    |     1260.88     |
|         sbXP_066102731_1          |   0.03   |    2     |   12.17 ( 6.35%)   |    -554.48    |    1265.40    |     1260.88     |
|          Yangochiroptera          |   0.02   |    2     |  >1000 (100.00%)   |    -554.58    |    1265.59    |     1260.88     |
|           Pipistrellus            |   0.02   |    2     |    0.85 ( 0.00%)   |    -554.57    |    1265.59    |     1260.88     |
|              Myotis               |   0.01   |    2     |    0.00 ( 5.00%)   |    -554.57    |    1265.59    |     1260.88     |
|         mlXP_006087212_1          |   0.01   |    2     |    0.00 ( 5.00%)   |    -554.57    |    1265.59    |     1260.88     |
|         pdXP_028380811_1          |   0.01   |    2     |    0.00 ( 5.00%)   |    -554.57    |    1265.59    |     1260.88     |
|             Pteropus              |   0.01   |    2     |  >1000 (100.00%)   |    -554.57    |    1265.59    |     1260.88     |
|         mmXP_036179003_1          |   0.01   |    2     |    0.45 (22.90%)   |    -554.57    |    1265.59    |     1260.88     |
|         mbXP_005881863_1          |   0.01   |    2     |    0.00 ( 0.00%)   |    -554.57    |    1265.59    |     1260.88     |
|         phXP_045706068_1          |   0.01   |    2     |    0.00 ( 0.00%)   |    -554.57    |    1265.59    |     1260.88     |
|         pkXP_036274910_1          |   0.01   |    2     |    0.00 ( 5.00%)   |    -554.57    |    1265.59    |     1260.88     |
|               AjPh                |   0.01   |    2     |    0.00 ( 0.64%)   |    -554.57    |    1265.59    |     1260.88     |
|         drXP_053769378_1          |   0.01   |    2     |    0.00 ( 1.67%)   |    -554.57    |    1265.59    |     1260.88     |
|       MolossusPhyllostomus        |   0.01   |    2     |    0.30 (13.57%)   |    -556.63    |    1269.71    |     1260.88     |
|         raXP_016011221_1          |   0.01   |    2     |    0.25 ( 2.00%)   |    -557.00    |    1270.45    |     1260.88     |
|           Phyllostomus            |   0.01   |    2     |    0.00 ( 0.64%)   |    -554.57    |    1265.59    |     1260.88     |
|          pnCAK6447693_1           |   0.00   |    2     |    0.30 (13.82%)   |    -554.57    |    1265.59    |     1260.88     |
|         pvXP_011359378_1          |   0.00   |    2     |    0.26 ( 3.72%)   |    -554.57    |    1265.59    |     1260.88     |
|         pgXP_039696298_1          |   0.00   |    2     |    0.27 ( 3.72%)   |    -554.57    |    1265.59    |     1260.88     |
|         paXP_006913772_1          |   0.00   |    2     |    0.27 ( 3.72%)   |    -554.57    |    1265.59    |     1260.88     |
|         mdXP_059562222_1          |   0.00   |    2     |    0.26 (13.82%)   |    -554.57    |    1265.59    |     1260.88     |

### Rate class analyses summary
*  28 branches with **1** rate classes

### Improving parameter estimates of the adaptive rate class model
* Log(L) =  -554.34, AIC-c =  1260.41 (70 estimated parameters)

### Testing selected branches for selection

|              Branch               |  Rates   |     Max. dN/dS     | Sites @ EBF>=100 |      Test LRT      |Uncorrected p-value |
|-----------------------------------|----------|--------------------|------------------|--------------------|--------------------|
|          Phyllostomidae           |     1    |   0.36 (100.00%)   |       N/A        |        0.00        |       1.00000      |
|         Vespertilionidae          |     1    |   2.06 (100.00%)   |       N/A        |        0.49        |       0.33173      |
|         moXP_036100831_1          |     1    |   0.41 (100.00%)   |       N/A        |        0.00        |       1.00000      |
|           Pteropodidae            |     1    |   0.26 (100.00%)   |       N/A        |        0.00        |       1.00000      |
|         ajXP_037007897_1          |     1    |   0.27 (100.00%)   |       N/A        |        0.00        |       1.00000      |
|         rfXP_032943375_1          |     1    |   0.00 (100.00%)   |       N/A        |        0.00        |       1.00000      |
|               EpPi                |     1    |   1.35 (100.00%)   |       N/A        |        0.00        |       0.49278      |
|         sbXP_066102731_1          |     1    |   0.43 (100.00%)   |       N/A        |        0.00        |       1.00000      |
|          Yangochiroptera          |     1    |  >1000 (100.00%)   |       N/A        |        1.87        |       0.15185      |
|           Pipistrellus            |     1    |   0.74 (100.00%)   |       N/A        |        0.00        |       1.00000      |
|              Myotis               |     1    |   0.00 (100.00%)   |       N/A        |        0.00        |       1.00000      |
|         mlXP_006087212_1          |     1    |   0.00 (100.00%)   |       N/A        |        0.00        |       1.00000      |
|         pdXP_028380811_1          |     1    |   0.00 (100.00%)   |       N/A        |        0.00        |       1.00000      |
|             Pteropus              |     1    |  >1000 (100.00%)   |       N/A        |        1.38        |       0.19822      |
|         mmXP_036179003_1          |     1    |   0.41 (100.00%)   |       N/A        |        0.00        |       1.00000      |
|         mbXP_005881863_1          |     1    |   0.00 (100.00%)   |       N/A        |        0.00        |       1.00000      |
|         phXP_045706068_1          |     1    |   0.00 (100.00%)   |       N/A        |        0.00        |       1.00000      |
|         pkXP_036274910_1          |     1    |   0.00 (100.00%)   |       N/A        |        0.00        |       1.00000      |
|               AjPh                |     1    |   0.00 (100.00%)   |       N/A        |        0.00        |       1.00000      |
|         drXP_053769378_1          |     1    |   0.00 (100.00%)   |       N/A        |        0.00        |       1.00000      |
|       MolossusPhyllostomus        |     1    |  >1000 (100.00%)   |       N/A        |        0.62        |       0.30711      |
|         raXP_016011221_1          |     1    |  >1000 (100.00%)   |       N/A        |        0.66        |       0.29841      |
|           Phyllostomus            |     1    |   0.00 (100.00%)   |       N/A        |        0.00        |       1.00000      |
|          pnCAK6447693_1           |     1    |   1.00 (100.00%)   |       N/A        |        0.00        |       1.00000      |
|         pvXP_011359378_1          |     1    |   1.00 (100.00%)   |       N/A        |        0.00        |       1.00000      |
|         pgXP_039696298_1          |     1    |   1.00 (100.00%)   |       N/A        |        0.00        |       1.00000      |
|         paXP_006913772_1          |     1    |   1.00 (100.00%)   |       N/A        |        0.00        |       1.00000      |
|         mdXP_059562222_1          |     1    |   1.00 (100.00%)   |       N/A        |        0.00        |       1.00000      |
----
### Adaptive branch site random effects likelihood test 
Likelihood ratio test for episodic diversifying positive selection at Holm-Bonferroni corrected _p =   0.0500_ found **0** branches under selection among **28** tested.

