
Analysis Description
--------------------
aBSREL (Adaptive branch-site random effects likelihood) uses an adaptive
random effects branch-site model framework to test whether each branch
has evolved under positive selection, using a procedure which infers an
optimal number of rate categories per branch. v2.2 adds support for
multiple-hit models. v2.3 adds support for SRV. v2.5 adds support for
ancestral state reconstruction, identification of sites contributing to
selection signal, and some diagnostics. 

- __Requirements__: in-frame codon alignment and a phylogenetic tree

- __Citation__:  Less Is More: An Adaptive Branch-Site Random Effects Model for
Efficient Detection of Episodic Diversifying Selection (2015). Mol Biol
Evol 32 (5): 1342-1353. 

- __Written by__: Sergei L Kosakovsky Pond, Ben Murrell, Steven Weaver and Temple iGEM /
UCSD viral evolution group

- __Contact Information__: spond@temple.edu

- __Analysis Version__: 2.5

[Advanced option] Bag of little bootstrap alignment resampling rate (permissible range = [0.01,1], default value = 1): blb: 1

>code => Universal
/home/malaevleo/mitimpair_trees/Q96GC5.2_bat_only_aligned_nucleotide_codon_aligned.fasta_pruned.nwk
mitimpair_trees/Q96GC5.2_bat_only_aligned_nucleotide_codon_aligned.fasta_pruned.nwk

>Loaded a multiple sequence alignment with **18** sequences, **211** codons, and **1** partitions from `/home/malaevleo/mitimpair_pal2nal/Q96GC5.2_bat_only_aligned_nucleotide_codon_aligned.fasta`

>branches => All

>multiple-hits => None

>srv => No


### * Selected 33 branches for testing: `rfXP_032977595_1, paXP_006926663_1, pgXP_039703956_1, pvXP_011375679_1, Pteropusgv, Pteropus, raXP_016016906_1, Pteropodidae, sbXP_066106295_1, ajXP_037004595_2, phXP_045673718_1, pdXP_035885884_1, Phyllostomus, AjPh, drXP_024428346_2, Phyllostomidae, moXP_036114287_1, mbXP_005867152_1, mlXP_006100523_1, Myobl, mdXP_059564472_1, mmXP_036180917_1, Myodm, Myotis, pkXP_036282555_1, pnCAK6448996_1, Pipistrellus, enKAK1336102_1, EpPi, Vespertilionidae, MolossusPhyllostomus, YangochiropteraAfterSaccopteryx, Yangochiroptera`


### Obtaining branch lengths and nucleotide substitution biases under the nucleotide GTR model

>kill-zero-lengths => Yes
* Log(L) = -2476.69, AIC-c =  5035.68 (41 estimated parameters)
* 1 partition. Total tree length by partition (subs/site)  0.498

### Fitting the baseline model with a single dN/dS class per branch, and no site-to-site variation. 
* Log(L) = -2385.18, AIC-c =  4933.84 (80 estimated parameters)
* Branch-level non-synonymous/synonymous rate ratio distribution has median  0.34, and 95% of the weight in  0.00 -  2.24

### Determining the optimal number of rate classes per branch using a step up procedure

|              Branch               |  Length  |  Rates   |     Max. dN/dS     |    Log(L)     |     AIC-c     |Best AIC-c so far|
|-----------------------------------|----------|----------|--------------------|---------------|---------------|-----------------|
|          enKAK1336102_1           |   0.12   |    2     |   >1000 (14.03%)   |   -2319.33    |    4806.32    |     4806.32     |
|          enKAK1336102_1           |   0.12   |    3     |   >1000 (14.04%)   |   -2319.33    |    4810.51    |     4806.32     |
|         sbXP_066106295_1          |   0.07   |    2     |   12.19 ( 2.30%)   |   -2315.41    |    4802.66    |     4802.66     |
|         sbXP_066106295_1          |   0.07   |    3     |   12.31 ( 2.26%)   |   -2315.42    |    4806.87    |     4802.66     |
|         rfXP_032977595_1          |   0.04   |    2     |  719.29 ( 0.57%)   |   -2313.39    |    4802.82    |     4802.66     |
|         Vespertilionidae          |   0.03   |    2     |    0.51 (76.95%)   |   -2315.41    |    4806.85    |     4802.66     |
|         moXP_036114287_1          |   0.03   |    2     |  113.91 ( 0.60%)   |   -2309.54    |    4795.12    |     4795.12     |
|         moXP_036114287_1          |   0.03   |    3     |  112.36 ( 0.58%)   |   -2309.54    |    4799.31    |     4795.12     |
|         ajXP_037004595_2          |   0.02   |    2     |    0.31 (43.20%)   |   -2309.54    |    4799.31    |     4795.12     |
|         drXP_024428346_2          |   0.02   |    2     |    0.51 (29.35%)   |   -2309.54    |    4799.30    |     4795.12     |
|              Myotis               |   0.01   |    2     |    0.42 (51.30%)   |   -2309.54    |    4799.30    |     4795.12     |
|               AjPh                |   0.01   |    2     |    0.24 (23.46%)   |   -2309.54    |    4799.31    |     4795.12     |
|          Yangochiroptera          |   0.01   |    2     |    0.16 (26.83%)   |   -2309.54    |    4799.31    |     4795.12     |
|           Phyllostomus            |   0.01   |    2     |   0.15 (100.00%)   |   -2309.54    |    4799.31    |     4795.12     |
|           Pteropodidae            |   0.01   |    2     |    0.47 (24.24%)   |   -2309.54    |    4799.31    |     4795.12     |
|          Phyllostomidae           |   0.01   |    2     |    0.20 (81.13%)   |   -2309.54    |    4799.31    |     4795.12     |
|         raXP_016016906_1          |   0.01   |    2     |    0.18 (90.93%)   |   -2309.54    |    4799.31    |     4795.12     |
|         mdXP_059564472_1          |   0.01   |    2     |    0.49 (50.88%)   |   -2309.54    |    4799.31    |     4795.12     |
|           Pipistrellus            |   0.01   |    2     |    0.78 (76.77%)   |   -2309.52    |    4799.27    |     4795.12     |
|               EpPi                |   0.01   |    2     |    0.30 ( 2.00%)   |   -2328.02    |    4836.26    |     4795.12     |
|         pkXP_036282555_1          |   0.01   |    2     |    0.00 ( 1.75%)   |   -2309.54    |    4799.30    |     4795.12     |
|             Pteropus              |   0.01   |    2     |    0.20 (75.00%)   |   -2309.54    |    4799.31    |     4795.12     |
|       MolossusPhyllostomus        |   0.01   |    2     |    9.13 (25.52%)   |   -2309.55    |    4799.32    |     4795.12     |
|         pdXP_035885884_1          |   0.00   |    2     |    0.00 ( 5.00%)   |   -2309.54    |    4799.31    |     4795.12     |
|         mmXP_036180917_1          |   0.00   |    2     |    0.40 (92.62%)   |   -2309.54    |    4799.31    |     4795.12     |
|               Myobl               |   0.00   |    2     |    0.00 ( 5.00%)   |   -2309.54    |    4799.31    |     4795.12     |
|         phXP_045673718_1          |   0.00   |    2     |   1.00 (100.00%)   |   -2310.10    |    4800.42    |     4795.12     |
|         mbXP_005867152_1          |   0.00   |    2     |    0.00 ( 5.00%)   |   -2309.54    |    4799.31    |     4795.12     |
|         pvXP_011375679_1          |   0.00   |    2     |    0.50 (49.04%)   |   -2309.54    |    4799.31    |     4795.12     |
|          pnCAK6448996_1           |   0.00   |    2     |    0.00 ( 0.76%)   |   -2309.53    |    4799.29    |     4795.12     |
|  YangochiropteraAfterSaccopteryx  |   0.00   |    2     |    0.30 (13.57%)   |   -2311.70    |    4803.63    |     4795.12     |
|               Myodm               |   0.00   |    2     |    0.25 ( 2.00%)   |   -2313.99    |    4808.21    |     4795.12     |
|         mlXP_006100523_1          |   0.00   |    2     |   1.00 (100.00%)   |   -2309.90    |    4800.02    |     4795.12     |
|            Pteropusgv             |   0.00   |    2     |    0.00 ( 5.00%)   |   -2309.54    |    4799.31    |     4795.12     |
|         paXP_006926663_1          |   0.00   |    2     |    0.27 ( 3.72%)   |   -2309.54    |    4799.31    |     4795.12     |
|         pgXP_039703956_1          |   0.00   |    2     |    0.27 ( 2.00%)   |   -2309.54    |    4799.31    |     4795.12     |

### Rate class analyses summary
*  3 branches with **2** rate classes
*  30 branches with **1** rate classes

### Improving parameter estimates of the adaptive rate class model
* Log(L) = -2308.56, AIC-c =  4793.14 (86 estimated parameters)

### Testing selected branches for selection

|              Branch               |  Rates   |     Max. dN/dS     | Sites @ EBF>=100 |      Test LRT      |Uncorrected p-value |
|-----------------------------------|----------|--------------------|------------------|--------------------|--------------------|
|          enKAK1336102_1           |     2    |   >1000 (14.03%)   |         24       |       105.81       |       0.00000      |
|         sbXP_066106295_1          |     2    |   11.14 ( 2.38%)   |          2       |        3.58        |       0.06172      |
|         rfXP_032977595_1          |     1    |   0.18 (100.00%)   |       N/A        |        0.00        |       1.00000      |
|         Vespertilionidae          |     1    |   0.49 (100.00%)   |       N/A        |        0.00        |       1.00000      |
|         moXP_036114287_1          |     2    |  107.43 ( 0.61%)   |          1       |        7.50        |       0.00828      |
|         ajXP_037004595_2          |     1    |   0.30 (100.00%)   |       N/A        |        0.00        |       1.00000      |
|         drXP_024428346_2          |     1    |   0.48 (100.00%)   |       N/A        |        0.00        |       1.00000      |
|              Myotis               |     1    |   0.34 (100.00%)   |       N/A        |        0.00        |       1.00000      |
|               AjPh                |     1    |   0.05 (100.00%)   |       N/A        |        0.00        |       1.00000      |
|          Yangochiroptera          |     1    |   0.12 (100.00%)   |       N/A        |        0.00        |       1.00000      |
|           Phyllostomus            |     1    |   0.15 (100.00%)   |       N/A        |        0.00        |       1.00000      |
|           Pteropodidae            |     1    |   0.27 (100.00%)   |       N/A        |        0.00        |       1.00000      |
|          Phyllostomidae           |     1    |   0.15 (100.00%)   |       N/A        |        0.00        |       1.00000      |
|         raXP_016016906_1          |     1    |   0.17 (100.00%)   |       N/A        |        0.00        |       1.00000      |
|         mdXP_059564472_1          |     1    |   0.44 (100.00%)   |       N/A        |        0.00        |       1.00000      |
|           Pipistrellus            |     1    |   0.70 (100.00%)   |       N/A        |        0.00        |       1.00000      |
|               EpPi                |     1    |  >1000 (100.00%)   |       N/A        |        3.71        |       0.05767      |
|         pkXP_036282555_1          |     1    |   0.00 (100.00%)   |       N/A        |        0.00        |       1.00000      |
|             Pteropus              |     1    |   0.15 (100.00%)   |       N/A        |        0.00        |       1.00000      |
|       MolossusPhyllostomus        |     1    |   2.03 (100.00%)   |       N/A        |        0.19        |       0.40663      |
|         pdXP_035885884_1          |     1    |   0.00 (100.00%)   |       N/A        |        0.00        |       1.00000      |
|         mmXP_036180917_1          |     1    |   0.37 (100.00%)   |       N/A        |        0.00        |       1.00000      |
|               Myobl               |     1    |   0.00 (100.00%)   |       N/A        |        0.00        |       1.00000      |
|         phXP_045673718_1          |     1    |  >1000 (100.00%)   |       N/A        |        1.07        |       0.23611      |
|         mbXP_005867152_1          |     1    |   0.00 (100.00%)   |       N/A        |        0.00        |       1.00000      |
|         pvXP_011375679_1          |     1    |   0.44 (100.00%)   |       N/A        |        0.00        |       1.00000      |
|          pnCAK6448996_1           |     1    |   0.00 (100.00%)   |       N/A        |        0.00        |       1.00000      |
|  YangochiropteraAfterSaccopteryx  |     1    |  >1000 (100.00%)   |       N/A        |        0.52        |       0.32598      |
|               Myodm               |     1    |  >1000 (100.00%)   |       N/A        |        0.68        |       0.29525      |
|         mlXP_006100523_1          |     1    |  >1000 (100.00%)   |       N/A        |        0.70        |       0.29278      |
|            Pteropusgv             |     1    |   0.00 (100.00%)   |       N/A        |        0.00        |       1.00000      |
|         paXP_006926663_1          |     1    |   1.00 (100.00%)   |       N/A        |        0.00        |       1.00000      |
|         pgXP_039703956_1          |     1    |   1.00 (100.00%)   |       N/A        |        0.00        |       1.00000      |
----
### Adaptive branch site random effects likelihood test 
Likelihood ratio test for episodic diversifying positive selection at Holm-Bonferroni corrected _p =   0.0500_ found **1** branches under selection among **33** tested.

* enKAK1336102_1, p-value =  0.00000
