
Analysis Description
--------------------
aBSREL (Adaptive branch-site random effects likelihood) uses an adaptive
random effects branch-site model framework to test whether each branch
has evolved under positive selection, using a procedure which infers an
optimal number of rate categories per branch. v2.2 adds support for
multiple-hit models. v2.3 adds support for SRV. v2.5 adds support for
ancestral state reconstruction, identification of sites contributing to
selection signal, and some diagnostics. 

- __Requirements__: in-frame codon alignment and a phylogenetic tree

- __Citation__:  Less Is More: An Adaptive Branch-Site Random Effects Model for
Efficient Detection of Episodic Diversifying Selection (2015). Mol Biol
Evol 32 (5): 1342-1353. 

- __Written by__: Sergei L Kosakovsky Pond, Ben Murrell, Steven Weaver and Temple iGEM /
UCSD viral evolution group

- __Contact Information__: spond@temple.edu

- __Analysis Version__: 2.5

[Advanced option] Bag of little bootstrap alignment resampling rate (permissible range = [0.01,1], default value = 1): blb: 1

>code => Universal

-------
>[WARNING]
'/home/malaevleo/mitimpair_pal2nal/Q9BQ48.1_bat_only_aligned_nucleotide_codon_aligned.fasta'
contains 1 duplicate sequence. Identical sequences do not contribute any
information to the analysis and only slow down computation. Please
consider removing duplicate or 'nearly' duplicate sequences, e.g. using
https://github.com/veg/hyphy-analyses/tree/master/remove-duplicates
prior to running selection analyses
-------
/home/malaevleo/mitimpair_trees/Q9BQ48.1_bat_only_aligned_nucleotide_codon_aligned.fasta_pruned.nwk
mitimpair_trees/Q9BQ48.1_bat_only_aligned_nucleotide_codon_aligned.fasta_pruned.nwk

>Loaded a multiple sequence alignment with **18** sequences, **92** codons, and **1** partitions from `/home/malaevleo/mitimpair_pal2nal/Q9BQ48.1_bat_only_aligned_nucleotide_codon_aligned.fasta`

>branches => All

>multiple-hits => None

>srv => No


### * Selected 33 branches for testing: `rfXP_032989423_1, paXP_006904336_1, pgXP_039723720_1, pvXP_011365145_1, Pteropusgv, Pteropus, raXP_016013160_1, Pteropodidae, sbXP_066126453_1, ajXP_036997868_1, phXP_045709196_1, pdXP_028376635_1, Phyllostomus, AjPh, drXP_024416618_1, Phyllostomidae, moXP_036097123_1, mbXP_005856762_1, mlXP_006099732_1, Myobl, mdXP_059552288_1, mmXP_036158569_1, Myodm, Myotis, pkXP_036271959_1, pnCAK6445350_1, Pipistrellus, enKAK1342540_1, EpPi, Vespertilionidae, MolossusPhyllostomus, YangochiropteraAfterSaccopteryx, Yangochiroptera`


### Obtaining branch lengths and nucleotide substitution biases under the nucleotide GTR model

>kill-zero-lengths => Yes

### Deleted 1 zero-length internal branches: `Myodm`
* Log(L) = -1275.73, AIC-c =  2634.16 (41 estimated parameters)
* 1 partition. Total tree length by partition (subs/site)  0.647

### Fitting the baseline model with a single dN/dS class per branch, and no site-to-site variation. 
* Log(L) = -1219.32, AIC-c =  2602.45 (78 estimated parameters)
* Branch-level non-synonymous/synonymous rate ratio distribution has median  0.27, and 95% of the weight in  0.00 - 10000000000.00

### Determining the optimal number of rate classes per branch using a step up procedure

|              Branch               |  Length  |  Rates   |     Max. dN/dS     |    Log(L)     |     AIC-c     |Best AIC-c so far|
|-----------------------------------|----------|----------|--------------------|---------------|---------------|-----------------|
|           Pteropodidae            |   0.10   |    2     |    0.10 (64.16%)   |   -1219.32    |    2606.86    |     2602.45     |
|         sbXP_066126453_1          |   0.08   |    2     |    0.40 (72.52%)   |   -1219.30    |    2606.84    |     2602.45     |
|         moXP_036097123_1          |   0.06   |    2     |    0.77 (50.74%)   |   -1219.32    |    2606.86    |     2602.45     |
|         drXP_024416618_1          |   0.05   |    2     |    0.40 (99.60%)   |   -1219.32    |    2606.86    |     2602.45     |
|         rfXP_032989423_1          |   0.04   |    2     |    0.50 (49.01%)   |   -1219.32    |    2606.87    |     2602.45     |
|          Phyllostomidae           |   0.04   |    2     |    7.42 ( 4.64%)   |   -1218.31    |    2604.85    |     2602.45     |
|         ajXP_036997868_1          |   0.04   |    2     |    2.17 ( 9.61%)   |   -1219.13    |    2606.49    |     2602.45     |
|              Myotis               |   0.03   |    2     |  943.35 ( 1.23%)   |   -1216.73    |    2601.68    |     2601.68     |
|              Myotis               |   0.03   |    3     |   >1000 ( 1.12%)   |   -1216.80    |    2606.26    |     2601.68     |
|         Vespertilionidae          |   0.02   |    2     |    0.30 (30.65%)   |   -1216.71    |    2606.07    |     2601.68     |
|         mlXP_006099732_1          |   0.02   |    2     |    0.17 (76.81%)   |   -1216.73    |    2606.11    |     2601.68     |
|           Pipistrellus            |   0.02   |    2     |    0.32 (44.48%)   |   -1216.73    |    2606.11    |     2601.68     |
|           Phyllostomus            |   0.02   |    2     |    0.70 ( 8.82%)   |   -1216.73    |    2606.11    |     2601.68     |
|          Yangochiroptera          |   0.02   |    2     |    1.08 ( 0.00%)   |   -1216.73    |    2606.11    |     2601.68     |
|               EpPi                |   0.02   |    2     |   10.27 ( 7.20%)   |   -1216.66    |    2605.98    |     2601.68     |
|         pdXP_028376635_1          |   0.01   |    2     |    1.30 (32.95%)   |   -1216.73    |    2606.11    |     2601.68     |
|         raXP_016013160_1          |   0.01   |    2     |    0.26 (49.14%)   |   -1216.73    |    2606.11    |     2601.68     |
|         pkXP_036271959_1          |   0.01   |    2     |   14.19 ( 1.97%)   |   -1216.64    |    2605.92    |     2601.68     |
|          enKAK1342540_1           |   0.01   |    2     |    0.19 (88.60%)   |   -1216.73    |    2606.11    |     2601.68     |
|         phXP_045709196_1          |   0.01   |    2     |    0.80 (76.04%)   |   -1216.73    |    2606.11    |     2601.68     |
|       MolossusPhyllostomus        |   0.01   |    2     |    0.50 (48.96%)   |   -1216.73    |    2606.11    |     2601.68     |
|             Pteropus              |   0.01   |    2     |    0.50 (20.00%)   |   -1216.73    |    2606.11    |     2601.68     |
|         mmXP_036158569_1          |   0.01   |    2     |    0.00 ( 0.64%)   |   -1216.73    |    2606.11    |     2601.68     |
|  YangochiropteraAfterSaccopteryx  |   0.00   |    2     |    0.30 (13.57%)   |   -1218.11    |    2608.87    |     2601.68     |
|         mdXP_059552288_1          |   0.00   |    2     |    0.00 ( 5.00%)   |   -1216.73    |    2606.11    |     2601.68     |
|               Myobl               |   0.00   |    2     |    0.00 ( 5.00%)   |   -1216.73    |    2606.11    |     2601.68     |
|         mbXP_005856762_1          |   0.00   |    2     |   1.00 (100.00%)   |   -1216.99    |    2606.64    |     2601.68     |
|               AjPh                |   0.00   |    2     |    0.00 ( 3.09%)   |   -1216.73    |    2606.11    |     2601.68     |
|         paXP_006904336_1          |   0.00   |    2     |    0.00 ( 5.00%)   |   -1216.73    |    2606.11    |     2601.68     |
|            Pteropusgv             |   0.00   |    2     |    0.00 ( 5.00%)   |   -1216.73    |    2606.11    |     2601.68     |
|         pgXP_039723720_1          |   0.00   |    2     |    0.30 ( 6.51%)   |   -1216.73    |    2606.11    |     2601.68     |
|          pnCAK6445350_1           |   0.00   |    2     |    0.26 (13.82%)   |   -1216.73    |    2606.11    |     2601.68     |
|         pvXP_011365145_1          |   0.00   |    2     |    0.30 ( 6.51%)   |   -1216.73    |    2606.11    |     2601.68     |

### Rate class analyses summary
*  31 branches with **1** rate classes
*  1 branches with **2** rate classes

### Improving parameter estimates of the adaptive rate class model
* Log(L) = -1214.63, AIC-c =  2597.49 (80 estimated parameters)

### Testing selected branches for selection

|              Branch               |  Rates   |     Max. dN/dS     | Sites @ EBF>=100 |      Test LRT      |Uncorrected p-value |
|-----------------------------------|----------|--------------------|------------------|--------------------|--------------------|
|           Pteropodidae            |     1    |   0.09 (100.00%)   |       N/A        |        0.00        |       1.00000      |
|         sbXP_066126453_1          |     1    |   0.25 (100.00%)   |       N/A        |        0.00        |       1.00000      |
|         moXP_036097123_1          |     1    |   0.70 (100.00%)   |       N/A        |        0.00        |       1.00000      |
|         drXP_024416618_1          |     1    |   0.35 (100.00%)   |       N/A        |        0.00        |       1.00000      |
|         rfXP_032989423_1          |     1    |   0.41 (100.00%)   |       N/A        |        0.00        |       1.00000      |
|          Phyllostomidae           |     1    |   0.14 (100.00%)   |       N/A        |        0.00        |       1.00000      |
|         ajXP_036997868_1          |     1    |   0.14 (100.00%)   |       N/A        |        0.00        |       1.00000      |
|              Myotis               |     2    |   >1000 ( 1.27%)   |          1       |        4.85        |       0.03207      |
|         Vespertilionidae          |     1    |   0.26 (100.00%)   |       N/A        |        0.00        |       1.00000      |
|         mlXP_006099732_1          |     1    |   0.15 (100.00%)   |       N/A        |        0.00        |       1.00000      |
|           Pipistrellus            |     1    |   0.29 (100.00%)   |       N/A        |        0.00        |       1.00000      |
|           Phyllostomus            |     1    |   0.54 (100.00%)   |       N/A        |        0.00        |       1.00000      |
|          Yangochiroptera          |     1    |   1.08 (100.00%)   |       N/A        |        0.00        |       0.49476      |
|               EpPi                |     1    |   0.44 (100.00%)   |       N/A        |        0.00        |       1.00000      |
|         pdXP_028376635_1          |     1    |   1.00 (100.00%)   |       N/A        |        0.00        |       1.00000      |
|         raXP_016013160_1          |     1    |   0.11 (100.00%)   |       N/A        |        0.00        |       1.00000      |
|         pkXP_036271959_1          |     1    |   0.15 (100.00%)   |       N/A        |        0.00        |       1.00000      |
|          enKAK1342540_1           |     1    |   0.16 (100.00%)   |       N/A        |        0.00        |       1.00000      |
|         phXP_045709196_1          |     1    |   0.65 (100.00%)   |       N/A        |        0.00        |       1.00000      |
|       MolossusPhyllostomus        |     1    |   0.22 (100.00%)   |       N/A        |        0.00        |       1.00000      |
|             Pteropus              |     1    |   0.27 (100.00%)   |       N/A        |        0.00        |       1.00000      |
|         mmXP_036158569_1          |     1    |   0.00 (100.00%)   |       N/A        |        0.00        |       1.00000      |
|  YangochiropteraAfterSaccopteryx  |     1    |  >1000 (100.00%)   |       N/A        |        0.46        |       0.33862      |
|         mdXP_059552288_1          |     1    |   0.00 (100.00%)   |       N/A        |        0.00        |       1.00000      |
|               Myobl               |     1    |   0.00 (100.00%)   |       N/A        |        0.00        |       1.00000      |
|         mbXP_005856762_1          |     1    |  >1000 (100.00%)   |       N/A        |        0.49        |       0.33087      |
|               AjPh                |     1    |   0.00 (100.00%)   |       N/A        |        0.00        |       1.00000      |
|         paXP_006904336_1          |     1    |   0.00 (100.00%)   |       N/A        |        0.00        |       1.00000      |
|            Pteropusgv             |     1    |   0.00 (100.00%)   |       N/A        |        0.00        |       1.00000      |
|         pgXP_039723720_1          |     1    |   1.00 (100.00%)   |       N/A        |        0.00        |       1.00000      |
|          pnCAK6445350_1           |     1    |   1.00 (100.00%)   |       N/A        |        0.00        |       1.00000      |
|         pvXP_011365145_1          |     1    |   1.00 (100.00%)   |       N/A        |        0.00        |       1.00000      |
----
### Adaptive branch site random effects likelihood test 
Likelihood ratio test for episodic diversifying positive selection at Holm-Bonferroni corrected _p =   0.0500_ found **0** branches under selection among **32** tested.

