
Analysis Description
--------------------
aBSREL (Adaptive branch-site random effects likelihood) uses an adaptive
random effects branch-site model framework to test whether each branch
has evolved under positive selection, using a procedure which infers an
optimal number of rate categories per branch. v2.2 adds support for
multiple-hit models. v2.3 adds support for SRV. v2.5 adds support for
ancestral state reconstruction, identification of sites contributing to
selection signal, and some diagnostics. 

- __Requirements__: in-frame codon alignment and a phylogenetic tree

- __Citation__:  Less Is More: An Adaptive Branch-Site Random Effects Model for
Efficient Detection of Episodic Diversifying Selection (2015). Mol Biol
Evol 32 (5): 1342-1353. 

- __Written by__: Sergei L Kosakovsky Pond, Ben Murrell, Steven Weaver and Temple iGEM /
UCSD viral evolution group

- __Contact Information__: spond@temple.edu

- __Analysis Version__: 2.5

[Advanced option] Bag of little bootstrap alignment resampling rate (permissible range = [0.01,1], default value = 1): blb: 1

>code => Universal
/home/malaevleo/mitimpair_trees/Q9BYD1.1_bat_only_aligned_nucleotide_codon_aligned.fasta_pruned.nwk
mitimpair_trees/Q9BYD1.1_bat_only_aligned_nucleotide_codon_aligned.fasta_pruned.nwk

>Loaded a multiple sequence alignment with **18** sequences, **125** codons, and **1** partitions from `/home/malaevleo/mitimpair_pal2nal/Q9BYD1.1_bat_only_aligned_nucleotide_codon_aligned.fasta`

>branches => All

>multiple-hits => None

>srv => No


### * Selected 33 branches for testing: `rfXP_032981769_1, paXP_024905865_1, pgXP_039709638_1, pvXP_023386732_1, Pteropusgv, Pteropus, raXP_016012082_1, Pteropodidae, sbXP_066121846_1, ajXP_037022588_1, phXP_045717556_1, pdXP_028389747_1, Phyllostomus, AjPh, drXP_024428054_2, Phyllostomidae, moXP_036119903_1, mbXP_005885928_1, mlXP_014308169_1, Myobl, mdXP_059527789_1, mmXP_036194069_1, Myodm, Myotis, pkXP_036292778_1, pnCAK6438836_1, Pipistrellus, enKAK1332011_1, EpPi, Vespertilionidae, MolossusPhyllostomus, YangochiropteraAfterSaccopteryx, Yangochiroptera`


### Obtaining branch lengths and nucleotide substitution biases under the nucleotide GTR model

>kill-zero-lengths => Yes

### Deleted 3 zero-length internal branches: `Myobl, Myodm, Pteropusgv`
* Log(L) = -1646.83, AIC-c =  3376.18 (41 estimated parameters)
* 1 partition. Total tree length by partition (subs/site)  0.608

### Fitting the baseline model with a single dN/dS class per branch, and no site-to-site variation. 
* Log(L) = -1480.27, AIC-c =  3113.64 (74 estimated parameters)
* Branch-level non-synonymous/synonymous rate ratio distribution has median  0.15, and 95% of the weight in  0.00 - 10000000000.00

### Determining the optimal number of rate classes per branch using a step up procedure

|              Branch               |  Length  |  Rates   |     Max. dN/dS     |    Log(L)     |     AIC-c     |Best AIC-c so far|
|-----------------------------------|----------|----------|--------------------|---------------|---------------|-----------------|
|          Phyllostomidae           |   0.11   |    2     |    2.41 ( 6.95%)   |   -1476.94    |    3111.27    |     3111.27     |
|          Phyllostomidae           |   0.11   |    3     |    2.41 ( 6.95%)   |   -1476.94    |    3115.56    |     3111.27     |
|         sbXP_066121846_1          |   0.10   |    2     |    0.49 ( 9.44%)   |   -1476.95    |    3115.58    |     3111.27     |
|         ajXP_037022588_1          |   0.08   |    2     |    1.42 ( 3.41%)   |   -1476.67    |    3115.01    |     3111.27     |
|         drXP_024428054_2          |   0.06   |    2     |    0.50 ( 7.82%)   |   -1477.00    |    3115.68    |     3111.27     |
|         moXP_036119903_1          |   0.06   |    2     |    0.07 (68.39%)   |   -1476.94    |    3115.57    |     3111.27     |
|           Pteropodidae            |   0.04   |    2     |    0.00 ( 5.00%)   |   -1476.94    |    3115.56    |     3111.27     |
|         Vespertilionidae          |   0.03   |    2     |    2.25 ( 7.39%)   |   -1476.89    |    3115.45    |     3111.27     |
|         rfXP_032981769_1          |   0.03   |    2     |    0.04 (17.00%)   |   -1476.94    |    3115.56    |     3111.27     |
|           Phyllostomus            |   0.03   |    2     |    0.31 (55.53%)   |   -1476.94    |    3115.56    |     3111.27     |
|         paXP_024905865_1          |   0.02   |    2     |   52.16 ( 3.11%)   |   -1472.34    |    3106.35    |     3106.35     |
|         paXP_024905865_1          |   0.02   |    3     |   85.20 ( 2.24%)   |   -1472.25    |    3110.47    |     3106.35     |
|         raXP_016012082_1          |   0.02   |    2     |    0.28 (25.34%)   |   -1472.34    |    3110.66    |     3106.35     |
|         pdXP_028389747_1          |   0.02   |    2     |   14.21 ( 2.48%)   |   -1472.02    |    3110.02    |     3106.35     |
|         phXP_045717556_1          |   0.02   |    2     |    0.09 (18.68%)   |   -1472.34    |    3110.65    |     3106.35     |
|         pvXP_023386732_1          |   0.02   |    2     |  101.62 ( 3.08%)   |   -1467.12    |    3100.22    |     3100.22     |
|         pvXP_023386732_1          |   0.02   |    3     |  171.60 ( 2.21%)   |   -1467.04    |    3104.35    |     3100.22     |
|          pnCAK6438836_1           |   0.01   |    2     |    0.10 (48.13%)   |   -1467.12    |    3104.53    |     3100.22     |
|       MolossusPhyllostomus        |   0.01   |    2     |    0.00 ( 5.00%)   |   -1467.12    |    3104.53    |     3100.22     |
|             Pteropus              |   0.01   |    2     |    0.20 (98.00%)   |   -1467.12    |    3104.53    |     3100.22     |
|              Myotis               |   0.01   |    2     |   41.62 ( 3.01%)   |   -1467.03    |    3104.34    |     3100.22     |
|          Yangochiroptera          |   0.01   |    2     |    0.00 ( 0.72%)   |   -1467.12    |    3104.53    |     3100.22     |
|         mlXP_014308169_1          |   0.01   |    2     |    0.00 ( 0.00%)   |   -1467.12    |    3104.53    |     3100.22     |
|               EpPi                |   0.01   |    2     |    0.40 (80.00%)   |   -1467.12    |    3104.53    |     3100.22     |
|          enKAK1332011_1           |   0.01   |    2     |    0.39 (96.11%)   |   -1467.12    |    3104.53    |     3100.22     |
|         mbXP_005885928_1          |   0.01   |    2     |    0.41 (93.01%)   |   -1467.12    |    3104.53    |     3100.22     |
|           Pipistrellus            |   0.00   |    2     |    0.00 ( 5.00%)   |   -1467.12    |    3104.53    |     3100.22     |
|         mmXP_036194069_1          |   0.00   |    2     |    0.00 ( 5.00%)   |   -1467.12    |    3104.53    |     3100.22     |
|               AjPh                |   0.00   |    2     |  897.88 (100.00%)  |   -1467.11    |    3104.51    |     3100.22     |
|         mdXP_059527789_1          |   0.00   |    2     |   1.00 (100.00%)   |   -1467.45    |    3105.17    |     3100.22     |
|  YangochiropteraAfterSaccopteryx  |   0.00   |    2     |    0.00 ( 0.26%)   |   -1467.12    |    3104.53    |     3100.22     |
|         pgXP_039709638_1          |   0.00   |    2     |    0.25 ( 2.00%)   |   -1467.10    |    3104.48    |     3100.22     |
|         pkXP_036292778_1          |   0.00   |    2     |    0.27 ( 2.00%)   |   -1467.12    |    3104.53    |     3100.22     |

### Rate class analyses summary
*  3 branches with **2** rate classes
*  27 branches with **1** rate classes

### Improving parameter estimates of the adaptive rate class model
* Log(L) = -1460.87, AIC-c =  3087.72 (80 estimated parameters)

### Testing selected branches for selection

|              Branch               |  Rates   |     Max. dN/dS     | Sites @ EBF>=100 |      Test LRT      |Uncorrected p-value |
|-----------------------------------|----------|--------------------|------------------|--------------------|--------------------|
|          Phyllostomidae           |     2    |    1.97 ( 7.07%)   |          6       |        0.60        |       0.30933      |
|         sbXP_066121846_1          |     1    |   0.03 (100.00%)   |       N/A        |        0.00        |       1.00000      |
|         ajXP_037022588_1          |     1    |   0.03 (100.00%)   |       N/A        |        0.00        |       1.00000      |
|         drXP_024428054_2          |     1    |   0.03 (100.00%)   |       N/A        |        0.00        |       1.00000      |
|         moXP_036119903_1          |     1    |   0.06 (100.00%)   |       N/A        |        0.00        |       1.00000      |
|           Pteropodidae            |     1    |   0.00 (100.00%)   |       N/A        |        0.00        |       1.00000      |
|         Vespertilionidae          |     1    |   0.11 (100.00%)   |       N/A        |        0.00        |       1.00000      |
|         rfXP_032981769_1          |     1    |   0.04 (100.00%)   |       N/A        |        0.00        |       1.00000      |
|           Phyllostomus            |     1    |   0.27 (100.00%)   |       N/A        |        0.00        |       1.00000      |
|         paXP_024905865_1          |     2    |  176.68 ( 1.88%)   |          2       |        7.05        |       0.01044      |
|         raXP_016012082_1          |     1    |   0.06 (100.00%)   |       N/A        |        0.00        |       1.00000      |
|         pdXP_028389747_1          |     1    |   0.16 (100.00%)   |       N/A        |        0.00        |       1.00000      |
|         phXP_045717556_1          |     1    |   0.07 (100.00%)   |       N/A        |        0.00        |       1.00000      |
|         pvXP_023386732_1          |     2    |  456.19 ( 1.87%)   |          2       |        7.05        |       0.01044      |
|          pnCAK6438836_1           |     1    |   0.08 (100.00%)   |       N/A        |        0.00        |       1.00000      |
|       MolossusPhyllostomus        |     1    |   0.00 (100.00%)   |       N/A        |        0.00        |       1.00000      |
|             Pteropus              |     1    |   0.20 (100.00%)   |       N/A        |        0.00        |       1.00000      |
|              Myotis               |     1    |   0.67 (100.00%)   |       N/A        |        0.00        |       1.00000      |
|          Yangochiroptera          |     1    |   0.00 (100.00%)   |       N/A        |        0.00        |       1.00000      |
|         mlXP_014308169_1          |     1    |   0.00 (100.00%)   |       N/A        |        0.00        |       1.00000      |
|               EpPi                |     1    |   0.33 (100.00%)   |       N/A        |        0.00        |       1.00000      |
|          enKAK1332011_1           |     1    |   0.33 (100.00%)   |       N/A        |        0.00        |       1.00000      |
|         mbXP_005885928_1          |     1    |   0.34 (100.00%)   |       N/A        |        0.00        |       1.00000      |
|           Pipistrellus            |     1    |   0.00 (100.00%)   |       N/A        |        0.00        |       1.00000      |
|         mmXP_036194069_1          |     1    |   0.00 (100.00%)   |       N/A        |        0.00        |       1.00000      |
|               AjPh                |     1    |  >1000 (100.00%)   |       N/A        |       -0.05        |       0.50000      |
|         mdXP_059527789_1          |     1    |  >1000 (100.00%)   |       N/A        |        0.42        |       0.34691      |
|  YangochiropteraAfterSaccopteryx  |     1    |   0.00 (100.00%)   |       N/A        |        0.00        |       1.00000      |
|         pgXP_039709638_1          |     1    |   0.35 (100.00%)   |       N/A        |        0.00        |       1.00000      |
|         pkXP_036292778_1          |     1    |   1.00 (100.00%)   |       N/A        |        0.00        |       1.00000      |
----
### Adaptive branch site random effects likelihood test 
Likelihood ratio test for episodic diversifying positive selection at Holm-Bonferroni corrected _p =   0.0500_ found **0** branches under selection among **30** tested.

