
Analysis Description
--------------------
aBSREL (Adaptive branch-site random effects likelihood) uses an adaptive
random effects branch-site model framework to test whether each branch
has evolved under positive selection, using a procedure which infers an
optimal number of rate categories per branch. v2.2 adds support for
multiple-hit models. v2.3 adds support for SRV. v2.5 adds support for
ancestral state reconstruction, identification of sites contributing to
selection signal, and some diagnostics. 

- __Requirements__: in-frame codon alignment and a phylogenetic tree

- __Citation__:  Less Is More: An Adaptive Branch-Site Random Effects Model for
Efficient Detection of Episodic Diversifying Selection (2015). Mol Biol
Evol 32 (5): 1342-1353. 

- __Written by__: Sergei L Kosakovsky Pond, Ben Murrell, Steven Weaver and Temple iGEM /
UCSD viral evolution group

- __Contact Information__: spond@temple.edu

- __Analysis Version__: 2.5

[Advanced option] Bag of little bootstrap alignment resampling rate (permissible range = [0.01,1], default value = 1): blb: 1

>code => Universal
/home/malaevleo/mitimpair_trees/Q9NZE8.3_bat_only_aligned_nucleotide_codon_aligned.fasta_pruned.nwk
mitimpair_trees/Q9NZE8.3_bat_only_aligned_nucleotide_codon_aligned.fasta_pruned.nwk

>Loaded a multiple sequence alignment with **18** sequences, **188** codons, and **1** partitions from `/home/malaevleo/mitimpair_pal2nal/Q9NZE8.3_bat_only_aligned_nucleotide_codon_aligned.fasta`

>branches => All

>multiple-hits => None

>srv => No


### * Selected 33 branches for testing: `rfXP_032980992_1, paXP_006917775_1, pgXP_039708302_1, pvXP_011368100_1, Pteropusgv, Pteropus, raXP_015992021_2, Pteropodidae, sbXP_066123738_1, ajXP_037015605_2, phXP_045683361_1, pdXP_028373421_1, Phyllostomus, AjPh, drXP_024414361_1, Phyllostomidae, moXP_036119025_1, mbXP_005885692_1, mlXP_006104060_1, Myobl, mdXP_059515254_1, mmXP_036189797_1, Myodm, Myotis, pkXP_036291846_1, pnCAK6435283_1, Pipistrellus, enKAK1332884_1, EpPi, Vespertilionidae, MolossusPhyllostomus, YangochiropteraAfterSaccopteryx, Yangochiroptera`


### Obtaining branch lengths and nucleotide substitution biases under the nucleotide GTR model

>kill-zero-lengths => Yes

### Deleted 1 zero-length internal branches: `Pteropusgv`
* Log(L) = -2550.82, AIC-c =  5183.97 (41 estimated parameters)
* 1 partition. Total tree length by partition (subs/site)  0.611

### Fitting the baseline model with a single dN/dS class per branch, and no site-to-site variation. 
* Log(L) = -2470.48, AIC-c =  5100.69 (78 estimated parameters)
* Branch-level non-synonymous/synonymous rate ratio distribution has median  0.43, and 95% of the weight in  0.00 - 10000000000.00

### Determining the optimal number of rate classes per branch using a step up procedure

|              Branch               |  Length  |  Rates   |     Max. dN/dS     |    Log(L)     |     AIC-c     |Best AIC-c so far|
|-----------------------------------|----------|----------|--------------------|---------------|---------------|-----------------|
|         sbXP_066123738_1          |   0.06   |    2     |    0.45 (55.60%)   |   -2470.48    |    5104.89    |     5100.69     |
|         moXP_036119025_1          |   0.06   |    2     |    1.00 (43.41%)   |   -2470.09    |    5104.11    |     5100.69     |
|         ajXP_037015605_2          |   0.05   |    2     |    0.56 (52.08%)   |   -2470.48    |    5104.89    |     5100.69     |
|         drXP_024414361_1          |   0.04   |    2     |  375.68 ( 0.59%)   |   -2469.48    |    5102.88    |     5100.69     |
|         rfXP_032980992_1          |   0.04   |    2     |    0.34 (48.18%)   |   -2470.48    |    5104.89    |     5100.69     |
|           Pipistrellus            |   0.03   |    2     |    0.76 (22.82%)   |   -2470.47    |    5104.86    |     5100.69     |
|         Vespertilionidae          |   0.03   |    2     |    0.17 (99.23%)   |   -2470.48    |    5104.89    |     5100.69     |
|          Phyllostomidae           |   0.03   |    2     |    0.33 (46.94%)   |   -2470.48    |    5104.89    |     5100.69     |
|              Myotis               |   0.03   |    2     |    0.30 (23.01%)   |   -2470.48    |    5104.89    |     5100.69     |
|          enKAK1332884_1           |   0.03   |    2     |  264.94 ( 0.69%)   |   -2466.74    |    5097.41    |     5097.41     |
|          enKAK1332884_1           |   0.03   |    3     |  280.61 ( 0.67%)   |   -2466.74    |    5101.60    |     5097.41     |
|           Pteropodidae            |   0.02   |    2     |    0.50 (15.78%)   |   -2466.74    |    5101.61    |     5097.41     |
|       MolossusPhyllostomus        |   0.02   |    2     |    0.77 (54.16%)   |   -2466.74    |    5101.61    |     5097.41     |
|               AjPh                |   0.02   |    2     |    0.24 (25.96%)   |   -2466.74    |    5101.61    |     5097.41     |
|          Yangochiroptera          |   0.02   |    2     |    0.13 (46.53%)   |   -2466.74    |    5101.61    |     5097.41     |
|         phXP_045683361_1          |   0.01   |    2     |   16.13 ( 3.88%)   |   -2465.31    |    5098.74    |     5097.41     |
|           Phyllostomus            |   0.01   |    2     |    0.98 ( 3.16%)   |   -2466.74    |    5101.61    |     5097.41     |
|         pkXP_036291846_1          |   0.01   |    2     |    2.00 ( 0.00%)   |   -2466.74    |    5101.61    |     5097.41     |
|         raXP_015992021_2          |   0.01   |    2     |    0.47 (47.56%)   |   -2466.74    |    5101.61    |     5097.41     |
|         pdXP_028373421_1          |   0.01   |    2     |    0.43 (89.36%)   |   -2466.74    |    5101.61    |     5097.41     |
|             Pteropus              |   0.01   |    2     |    1.24 ( 0.01%)   |   -2466.74    |    5101.61    |     5097.41     |
|         mmXP_036189797_1          |   0.01   |    2     |    0.18 (50.83%)   |   -2466.74    |    5101.61    |     5097.41     |
|               EpPi                |   0.01   |    2     |    0.50 ( 0.00%)   |   -2466.74    |    5101.61    |     5097.41     |
|          pnCAK6435283_1           |   0.01   |    2     |    0.48 (23.85%)   |   -2466.74    |    5101.61    |     5097.41     |
|         mbXP_005885692_1          |   0.01   |    2     |   40.67 ( 4.85%)   |   -2466.51    |    5101.14    |     5097.41     |
|         mdXP_059515254_1          |   0.01   |    2     |    0.51 (50.90%)   |   -2466.74    |    5101.61    |     5097.41     |
|         paXP_006917775_1          |   0.00   |    2     |    0.50 (50.00%)   |   -2466.74    |    5101.61    |     5097.41     |
|         mlXP_006104060_1          |   0.00   |    2     |  182.22 ( 0.70%)   |   -2464.94    |    5098.00    |     5097.41     |
|               Myodm               |   0.00   |    2     |    0.30 (13.57%)   |   -2469.18    |    5106.48    |     5097.41     |
|               Myobl               |   0.00   |    2     |    0.30 ( 2.00%)   |   -2470.87    |    5109.87    |     5097.41     |
|         pvXP_011368100_1          |   0.00   |    2     |    3.96 ( 0.00%)   |   -2467.11    |    5102.35    |     5097.41     |
|  YangochiropteraAfterSaccopteryx  |   0.00   |    2     |    0.00 ( 5.00%)   |   -2466.74    |    5101.61    |     5097.41     |
|         pgXP_039708302_1          |   0.00   |    2     |    0.26 ( 3.72%)   |   -2466.74    |    5101.61    |     5097.41     |

### Rate class analyses summary
*  31 branches with **1** rate classes
*  1 branches with **2** rate classes

### Improving parameter estimates of the adaptive rate class model
* Log(L) = -2465.79, AIC-c =  5095.49 (80 estimated parameters)

### Testing selected branches for selection

|              Branch               |  Rates   |     Max. dN/dS     | Sites @ EBF>=100 |      Test LRT      |Uncorrected p-value |
|-----------------------------------|----------|--------------------|------------------|--------------------|--------------------|
|         sbXP_066123738_1          |     1    |   0.44 (100.00%)   |       N/A        |        0.00        |       1.00000      |
|         moXP_036119025_1          |     1    |   0.41 (100.00%)   |       N/A        |        0.00        |       1.00000      |
|         ajXP_037015605_2          |     1    |   0.54 (100.00%)   |       N/A        |        0.00        |       1.00000      |
|         drXP_024414361_1          |     1    |   0.27 (100.00%)   |       N/A        |        0.00        |       1.00000      |
|         rfXP_032980992_1          |     1    |   0.33 (100.00%)   |       N/A        |        0.00        |       1.00000      |
|           Pipistrellus            |     1    |   0.16 (100.00%)   |       N/A        |        0.00        |       1.00000      |
|         Vespertilionidae          |     1    |   0.17 (100.00%)   |       N/A        |        0.00        |       1.00000      |
|          Phyllostomidae           |     1    |   0.31 (100.00%)   |       N/A        |        0.00        |       1.00000      |
|              Myotis               |     1    |   0.26 (100.00%)   |       N/A        |        0.00        |       1.00000      |
|          enKAK1332884_1           |     2    |  279.98 ( 0.67%)   |          1       |        4.55        |       0.03733      |
|           Pteropodidae            |     1    |   0.47 (100.00%)   |       N/A        |        0.00        |       1.00000      |
|       MolossusPhyllostomus        |     1    |   0.74 (100.00%)   |       N/A        |        0.00        |       1.00000      |
|               AjPh                |     1    |   0.21 (100.00%)   |       N/A        |        0.00        |       1.00000      |
|          Yangochiroptera          |     1    |   0.10 (100.00%)   |       N/A        |        0.00        |       1.00000      |
|         phXP_045683361_1          |     1    |   0.39 (100.00%)   |       N/A        |        0.00        |       1.00000      |
|           Phyllostomus            |     1    |   0.86 (100.00%)   |       N/A        |        0.00        |       1.00000      |
|         pkXP_036291846_1          |     1    |   0.79 (100.00%)   |       N/A        |        0.00        |       1.00000      |
|         raXP_015992021_2          |     1    |   0.43 (100.00%)   |       N/A        |        0.00        |       1.00000      |
|         pdXP_028373421_1          |     1    |   0.43 (100.00%)   |       N/A        |        0.00        |       1.00000      |
|             Pteropus              |     1    |   0.89 (100.00%)   |       N/A        |        0.00        |       1.00000      |
|         mmXP_036189797_1          |     1    |   0.09 (100.00%)   |       N/A        |        0.00        |       1.00000      |
|               EpPi                |     1    |   0.24 (100.00%)   |       N/A        |        0.00        |       1.00000      |
|          pnCAK6435283_1           |     1    |   0.11 (100.00%)   |       N/A        |        0.00        |       1.00000      |
|         mbXP_005885692_1          |     1    |   1.36 (100.00%)   |       N/A        |        0.07        |       0.44634      |
|         mdXP_059515254_1          |     1    |   0.45 (100.00%)   |       N/A        |        0.00        |       1.00000      |
|         paXP_006917775_1          |     1    |   0.44 (100.00%)   |       N/A        |        0.00        |       1.00000      |
|         mlXP_006104060_1          |     1    |   0.46 (100.00%)   |       N/A        |        0.00        |       1.00000      |
|               Myodm               |     1    |  >1000 (100.00%)   |       N/A        |        0.75        |       0.28316      |
|               Myobl               |     1    |  >1000 (100.00%)   |       N/A        |        0.74        |       0.28580      |
|         pvXP_011368100_1          |     1    |  >1000 (100.00%)   |       N/A        |        1.25        |       0.21335      |
|  YangochiropteraAfterSaccopteryx  |     1    |   0.00 (100.00%)   |       N/A        |        0.00        |       1.00000      |
|         pgXP_039708302_1          |     1    |   1.00 (100.00%)   |       N/A        |        0.00        |       1.00000      |
----
### Adaptive branch site random effects likelihood test 
Likelihood ratio test for episodic diversifying positive selection at Holm-Bonferroni corrected _p =   0.0500_ found **0** branches under selection among **32** tested.

