
Analysis Description
--------------------
aBSREL (Adaptive branch-site random effects likelihood) uses an adaptive
random effects branch-site model framework to test whether each branch
has evolved under positive selection, using a procedure which infers an
optimal number of rate categories per branch. v2.2 adds support for
multiple-hit models. v2.3 adds support for SRV. v2.5 adds support for
ancestral state reconstruction, identification of sites contributing to
selection signal, and some diagnostics. 

- __Requirements__: in-frame codon alignment and a phylogenetic tree

- __Citation__:  Less Is More: An Adaptive Branch-Site Random Effects Model for
Efficient Detection of Episodic Diversifying Selection (2015). Mol Biol
Evol 32 (5): 1342-1353. 

- __Written by__: Sergei L Kosakovsky Pond, Ben Murrell, Steven Weaver and Temple iGEM /
UCSD viral evolution group

- __Contact Information__: spond@temple.edu

- __Analysis Version__: 2.5

[Advanced option] Bag of little bootstrap alignment resampling rate (permissible range = [0.01,1], default value = 1): blb: 1

>code => Universal

-------
>[WARNING]
'/home/malaevleo/housekeeping_pal2nal/P04406_bat_only_aligned_nucleotide_codon_aligned.fasta'
contains 1 duplicate sequence. Identical sequences do not contribute any
information to the analysis and only slow down computation. Please
consider removing duplicate or 'nearly' duplicate sequences, e.g. using
https://github.com/veg/hyphy-analyses/tree/master/remove-duplicates
prior to running selection analyses
-------
/home/malaevleo/housekeeping_trees/P04406_bat_only_aligned_nucleotide_codon_aligned.fasta_pruned.nwk
housekeeping_trees/P04406_bat_only_aligned_nucleotide_codon_aligned.fasta_pruned.nwk

>Loaded a multiple sequence alignment with **18** sequences, **333** codons, and **1** partitions from `/home/malaevleo/housekeeping_pal2nal/P04406_bat_only_aligned_nucleotide_codon_aligned.fasta`

>branches => All

>multiple-hits => None

>srv => No


### * Selected 33 branches for testing: `rfXP_032974615_1, paXP_006914684_1, pgXP_039730098_1, pvXP_011364174_1, Pteropusgv, Pteropus, raXP_016018329_1, Pteropodidae, sbXP_066117173_1, ajXP_037016013_2, phXP_045682553_1, pdXP_035873248_1, Phyllostomus, AjPh, drXP_024435284_1, Phyllostomidae, moXP_036107271_1, mbXP_005873775_1, mlXP_006084210_1, Myobl, mdXP_059538009_1, mmXP_036152530_1, Myodm, Myotis, pkXP_036311376_1, pnCAK6443759_1, Pipistrellus, enKAK1346704_1, EpPi, Vespertilionidae, MolossusPhyllostomus, YangochiropteraAfterSaccopteryx, Yangochiroptera`


### Obtaining branch lengths and nucleotide substitution biases under the nucleotide GTR model

>kill-zero-lengths => Yes

### Deleted 1 zero-length internal branches: `Pteropusgv`
* Log(L) = -3714.31, AIC-c =  7510.80 (41 estimated parameters)
* 1 partition. Total tree length by partition (subs/site)  0.615

### Fitting the baseline model with a single dN/dS class per branch, and no site-to-site variation. 
* Log(L) = -3433.37, AIC-c =  7024.81 (78 estimated parameters)
* Branch-level non-synonymous/synonymous rate ratio distribution has median  0.11, and 95% of the weight in  0.00 - 10000000000.00

### Determining the optimal number of rate classes per branch using a step up procedure

|              Branch               |  Length  |  Rates   |     Max. dN/dS     |    Log(L)     |     AIC-c     |Best AIC-c so far|
|-----------------------------------|----------|----------|--------------------|---------------|---------------|-----------------|
|          enKAK1346704_1           |   0.50   |    2     |   98.76 (31.66%)   |   -3319.61    |    6801.42    |     6801.42     |
|          enKAK1346704_1           |   0.50   |    3     |  101.47 (31.78%)   |   -3320.04    |    6806.38    |     6801.42     |
|         rfXP_032974615_1          |   0.03   |    2     |    0.29 (25.18%)   |   -3319.65    |    6805.61    |     6801.42     |
|         moXP_036107271_1          |   0.02   |    2     |    0.00 ( 2.97%)   |   -3319.61    |    6805.53    |     6801.42     |
|         sbXP_066117173_1          |   0.02   |    2     |    0.23 (10.29%)   |   -3319.62    |    6805.54    |     6801.42     |
|               EpPi                |   0.02   |    2     |   23.40 ( 1.53%)   |   -3315.08    |    6796.47    |     6796.47     |
|               EpPi                |   0.02   |    3     |   25.11 ( 1.40%)   |   -3315.13    |    6800.67    |     6796.47     |
|          Phyllostomidae           |   0.02   |    2     |   11.12 ( 3.16%)   |   -3313.79    |    6797.99    |     6796.47     |
|           Pipistrellus            |   0.02   |    2     |   62.91 ( 4.05%)   |   -3311.71    |    6793.83    |     6793.83     |
|           Pipistrellus            |   0.02   |    3     |   67.46 ( 3.75%)   |   -3311.71    |    6797.96    |     6793.83     |
|           Pteropodidae            |   0.02   |    2     |    0.08 (26.70%)   |   -3311.71    |    6797.95    |     6793.83     |
|          Yangochiroptera          |   0.01   |    2     |    0.09 (48.08%)   |   -3311.71    |    6797.95    |     6793.83     |
|         raXP_016018329_1          |   0.01   |    2     |    0.54 ( 0.00%)   |   -3311.71    |    6797.95    |     6793.83     |
|           Phyllostomus            |   0.01   |    2     |    0.00 ( 0.64%)   |   -3311.71    |    6797.95    |     6793.83     |
|         drXP_024435284_1          |   0.01   |    2     |    0.00 ( 1.67%)   |   -3311.71    |    6797.95    |     6793.83     |
|              Myotis               |   0.01   |    2     |    0.00 ( 6.39%)   |   -3311.71    |    6797.95    |     6793.83     |
|         ajXP_037016013_2          |   0.01   |    2     |    0.00 ( 5.00%)   |   -3311.71    |    6797.95    |     6793.83     |
|               Myodm               |   0.01   |    2     |    0.00 ( 5.00%)   |   -3311.71    |    6797.95    |     6793.83     |
|             Pteropus              |   0.01   |    2     |    0.00 ( 0.00%)   |   -3311.71    |    6797.95    |     6793.83     |
|       MolossusPhyllostomus        |   0.01   |    2     |    0.21 (52.61%)   |   -3311.71    |    6797.95    |     6793.83     |
|         pkXP_036311376_1          |   0.00   |    2     |    0.00 ( 1.17%)   |   -3311.70    |    6797.93    |     6793.83     |
|         Vespertilionidae          |   0.00   |    2     |    0.00 ( 2.81%)   |   -3311.71    |    6797.94    |     6793.83     |
|          pnCAK6443759_1           |   0.00   |    2     |    0.00 ( 4.02%)   |   -3311.70    |    6797.93    |     6793.83     |
|         pdXP_035873248_1          |   0.00   |    2     |    0.20 (76.70%)   |   -3311.71    |    6797.95    |     6793.83     |
|         mbXP_005873775_1          |   0.00   |    2     |    0.00 ( 0.00%)   |   -3311.71    |    6797.95    |     6793.83     |
|         mlXP_006084210_1          |   0.00   |    2     |    0.00 ( 5.00%)   |   -3311.71    |    6797.95    |     6793.83     |
|         phXP_045682553_1          |   0.00   |    2     |    0.00 ( 5.00%)   |   -3311.71    |    6797.95    |     6793.83     |
|               AjPh                |   0.00   |    2     |    0.50 (49.75%)   |   -3311.71    |    6797.95    |     6793.83     |
|         paXP_006914684_1          |   0.00   |    2     |    0.00 ( 5.00%)   |   -3311.71    |    6797.95    |     6793.83     |
|         mdXP_059538009_1          |   0.00   |    2     |    0.00 ( 3.33%)   |   -3311.71    |    6797.95    |     6793.83     |
|         mmXP_036152530_1          |   0.00   |    2     |    0.00 ( 3.09%)   |   -3311.71    |    6797.95    |     6793.83     |
|  YangochiropteraAfterSaccopteryx  |   0.00   |    2     |    0.30 ( 2.00%)   |   -3316.35    |    6807.24    |     6793.83     |
|               Myobl               |   0.00   |    2     |    0.00 ( 5.00%)   |   -3311.71    |    6797.95    |     6793.83     |
|         pvXP_011364174_1          |   0.00   |    2     |    0.27 ( 3.72%)   |   -3311.71    |    6797.95    |     6793.83     |
|         pgXP_039730098_1          |   0.00   |    2     |    0.27 ( 3.72%)   |   -3311.71    |    6797.95    |     6793.83     |

### Rate class analyses summary
*  3 branches with **2** rate classes
*  29 branches with **1** rate classes

### Improving parameter estimates of the adaptive rate class model
* Log(L) = -3285.73, AIC-c =  6741.87 (84 estimated parameters)

### Testing selected branches for selection

|              Branch               |  Rates   |     Max. dN/dS     | Sites @ EBF>=100 |      Test LRT      |Uncorrected p-value |
|-----------------------------------|----------|--------------------|------------------|--------------------|--------------------|
|          enKAK1346704_1           |     2    |   80.53 (30.45%)   |         59       |       85.16        |       0.00000      |
|         rfXP_032974615_1          |     1    |   0.05 (100.00%)   |       N/A        |        0.00        |       1.00000      |
|         moXP_036107271_1          |     1    |   0.00 (100.00%)   |       N/A        |        0.00        |       1.00000      |
|         sbXP_066117173_1          |     1    |   0.02 (100.00%)   |       N/A        |        0.00        |       1.00000      |
|               EpPi                |     2    |    9.04 ( 1.77%)   |          3       |        2.41        |       0.11385      |
|          Phyllostomidae           |     1    |   0.13 (100.00%)   |       N/A        |        0.00        |       1.00000      |
|           Pipistrellus            |     2    |   53.91 ( 3.79%)   |          4       |        5.76        |       0.02016      |
|           Pteropodidae            |     1    |   0.05 (100.00%)   |       N/A        |        0.00        |       1.00000      |
|          Yangochiroptera          |     1    |   0.05 (100.00%)   |       N/A        |        0.00        |       1.00000      |
|         raXP_016018329_1          |     1    |   0.02 (100.00%)   |       N/A        |        0.00        |       1.00000      |
|           Phyllostomus            |     1    |   0.00 (100.00%)   |       N/A        |        0.00        |       1.00000      |
|         drXP_024435284_1          |     1    |   0.00 (100.00%)   |       N/A        |        0.00        |       1.00000      |
|              Myotis               |     1    |   0.00 (100.00%)   |       N/A        |        0.00        |       1.00000      |
|         ajXP_037016013_2          |     1    |   0.00 (100.00%)   |       N/A        |        0.00        |       1.00000      |
|               Myodm               |     1    |   0.00 (100.00%)   |       N/A        |        0.00        |       1.00000      |
|             Pteropus              |     1    |   0.00 (100.00%)   |       N/A        |        0.00        |       1.00000      |
|       MolossusPhyllostomus        |     1    |   0.07 (100.00%)   |       N/A        |        0.00        |       1.00000      |
|         pkXP_036311376_1          |     1    |   0.00 (100.00%)   |       N/A        |        0.00        |       1.00000      |
|         Vespertilionidae          |     1    |   0.00 (100.00%)   |       N/A        |        0.00        |       1.00000      |
|          pnCAK6443759_1           |     1    |   0.00 (100.00%)   |       N/A        |        0.00        |       1.00000      |
|         pdXP_035873248_1          |     1    |   0.09 (100.00%)   |       N/A        |        0.00        |       1.00000      |
|         mbXP_005873775_1          |     1    |   0.00 (100.00%)   |       N/A        |        0.00        |       1.00000      |
|         mlXP_006084210_1          |     1    |   0.00 (100.00%)   |       N/A        |        0.00        |       1.00000      |
|         phXP_045682553_1          |     1    |   0.00 (100.00%)   |       N/A        |        0.00        |       1.00000      |
|               AjPh                |     1    |   0.25 (100.00%)   |       N/A        |        0.00        |       1.00000      |
|         paXP_006914684_1          |     1    |   0.00 (100.00%)   |       N/A        |        0.00        |       1.00000      |
|         mdXP_059538009_1          |     1    |   0.00 (100.00%)   |       N/A        |        0.00        |       1.00000      |
|         mmXP_036152530_1          |     1    |   0.00 (100.00%)   |       N/A        |        0.00        |       1.00000      |
|  YangochiropteraAfterSaccopteryx  |     1    |  >1000 (100.00%)   |       N/A        |        0.35        |       0.36300      |
|               Myobl               |     1    |   0.00 (100.00%)   |       N/A        |        0.00        |       1.00000      |
|         pvXP_011364174_1          |     1    |   1.00 (100.00%)   |       N/A        |        0.00        |       1.00000      |
|         pgXP_039730098_1          |     1    |   1.00 (100.00%)   |       N/A        |        0.00        |       1.00000      |
----
### Adaptive branch site random effects likelihood test 
Likelihood ratio test for episodic diversifying positive selection at Holm-Bonferroni corrected _p =   0.0500_ found **1** branches under selection among **32** tested.

* enKAK1346704_1, p-value =  0.00000
