
Analysis Description
--------------------
aBSREL (Adaptive branch-site random effects likelihood) uses an adaptive
random effects branch-site model framework to test whether each branch
has evolved under positive selection, using a procedure which infers an
optimal number of rate categories per branch. v2.2 adds support for
multiple-hit models. v2.3 adds support for SRV. v2.5 adds support for
ancestral state reconstruction, identification of sites contributing to
selection signal, and some diagnostics. 

- __Requirements__: in-frame codon alignment and a phylogenetic tree

- __Citation__:  Less Is More: An Adaptive Branch-Site Random Effects Model for
Efficient Detection of Episodic Diversifying Selection (2015). Mol Biol
Evol 32 (5): 1342-1353. 

- __Written by__: Sergei L Kosakovsky Pond, Ben Murrell, Steven Weaver and Temple iGEM /
UCSD viral evolution group

- __Contact Information__: spond@temple.edu

- __Analysis Version__: 2.5

[Advanced option] Bag of little bootstrap alignment resampling rate (permissible range = [0.01,1], default value = 1): blb: 1

>code => Universal
/home/malaevleo/housekeeping_trees_noen/P05388_bat_only_aligned_nucleotide_codon_aligned.fasta_pruned.nwk
housekeeping_trees_noen/P05388_bat_only_aligned_nucleotide_codon_aligned.fasta_pruned.nwk

>Loaded a multiple sequence alignment with **17** sequences, **316** codons, and **1** partitions from `/home/malaevleo/housekeeping_pal2nal_noen/P05388_bat_only_aligned_nucleotide_codon_aligned.fasta`

>branches => All

>multiple-hits => None

>srv => No


### * Selected 31 branches for testing: `rfXP_032954439_1, paXP_006908670_1, pgXP_039724234_1, pvXP_011354164_1, Pteropusgv, Pteropus, raXP_015982649_1, Pteropodidae, sbXP_066116544_1, ajXP_037012157_1, phXP_045698853_1, pdXP_028383995_1, Phyllostomus, AjPh, drXP_024422812_2, Phyllostomidae, moXP_036132925_1, mbXP_005876332_1, mlXP_006096614_1, Myobl, mdXP_059533013_1, mmXP_036209888_1, Myodm, Myotis, pkXP_036305077_1, pnCAK6440417_1, Pipistrellus, Vespertilionidae, MolossusPhyllostomus, YangochiropteraAfterSaccopteryx, Yangochiroptera`


### Obtaining branch lengths and nucleotide substitution biases under the nucleotide GTR model

>kill-zero-lengths => Yes

### Deleted 1 zero-length internal branches: `Myobl`
* Log(L) = -2791.28, AIC-c =  5660.75 (39 estimated parameters)
* 1 partition. Total tree length by partition (subs/site)  0.265

### Fitting the baseline model with a single dN/dS class per branch, and no site-to-site variation. 
* Log(L) = -2486.13, AIC-c =  5122.35 (74 estimated parameters)
* Branch-level non-synonymous/synonymous rate ratio distribution has median  0.06, and 95% of the weight in  0.00 -  1.00

### Determining the optimal number of rate classes per branch using a step up procedure

|              Branch               |  Length  |  Rates   |     Max. dN/dS     |    Log(L)     |     AIC-c     |Best AIC-c so far|
|-----------------------------------|----------|----------|--------------------|---------------|---------------|-----------------|
|         rfXP_032954439_1          |   0.03   |    2     |    0.00 ( 5.00%)   |   -2486.13    |    5126.46    |     5122.35     |
|         sbXP_066116544_1          |   0.02   |    2     |    0.52 ( 4.73%)   |   -2486.13    |    5126.46    |     5122.35     |
|         ajXP_037012157_1          |   0.02   |    2     |    0.06 (46.57%)   |   -2486.13    |    5126.46    |     5122.35     |
|           Pipistrellus            |   0.02   |    2     |    0.25 (23.69%)   |   -2486.13    |    5126.48    |     5122.35     |
|         raXP_015982649_1          |   0.02   |    2     |    0.00 ( 5.00%)   |   -2486.13    |    5126.46    |     5122.35     |
|           Phyllostomus            |   0.02   |    2     |    0.12 (25.58%)   |   -2486.13    |    5126.47    |     5122.35     |
|          Phyllostomidae           |   0.02   |    2     |    0.00 ( 5.00%)   |   -2486.13    |    5126.46    |     5122.35     |
|         mdXP_059533013_1          |   0.01   |    2     |    0.00 ( 5.00%)   |   -2486.13    |    5126.46    |     5122.35     |
|         moXP_036132925_1          |   0.01   |    2     |    0.19 (21.52%)   |   -2486.13    |    5126.47    |     5122.35     |
|           Pteropodidae            |   0.01   |    2     |    0.00 ( 5.00%)   |   -2486.13    |    5126.46    |     5122.35     |
|          pnCAK6440417_1           |   0.01   |    2     |    0.00 ( 5.00%)   |   -2486.13    |    5126.46    |     5122.35     |
|         pkXP_036305077_1          |   0.01   |    2     |    0.00 ( 0.64%)   |   -2486.13    |    5126.46    |     5122.35     |
|         drXP_024422812_2          |   0.01   |    2     |    0.24 (25.41%)   |   -2486.13    |    5126.47    |     5122.35     |
|         phXP_045698853_1          |   0.01   |    2     |    0.19 (79.09%)   |   -2486.13    |    5126.46    |     5122.35     |
|         Vespertilionidae          |   0.01   |    2     |    0.00 ( 5.00%)   |   -2486.13    |    5126.46    |     5122.35     |
|         pdXP_028383995_1          |   0.01   |    2     |    0.00 ( 0.64%)   |   -2486.13    |    5126.46    |     5122.35     |
|             Pteropus              |   0.01   |    2     |    0.00 ( 5.00%)   |   -2486.13    |    5126.46    |     5122.35     |
|              Myotis               |   0.01   |    2     |    0.20 (50.85%)   |   -2486.13    |    5126.46    |     5122.35     |
|               Myodm               |   0.01   |    2     |    0.00 ( 0.64%)   |   -2486.13    |    5126.46    |     5122.35     |
|            Pteropusgv             |   0.00   |    2     |    0.00 ( 5.00%)   |   -2486.13    |    5126.46    |     5122.35     |
|               AjPh                |   0.00   |    2     |    0.00 ( 0.64%)   |   -2486.13    |    5126.46    |     5122.35     |
|         mlXP_006096614_1          |   0.00   |    2     |    0.00 ( 5.00%)   |   -2486.13    |    5126.46    |     5122.35     |
|         mbXP_005876332_1          |   0.00   |    2     |    0.00 ( 5.00%)   |   -2486.13    |    5126.46    |     5122.35     |
|       MolossusPhyllostomus        |   0.00   |    2     |    0.00 ( 5.00%)   |   -2486.13    |    5126.46    |     5122.35     |
|          Yangochiroptera          |   0.00   |    2     |    0.00 ( 3.82%)   |   -2486.13    |    5126.46    |     5122.35     |
|  YangochiropteraAfterSaccopteryx  |   0.00   |    2     |    0.00 ( 3.82%)   |   -2486.13    |    5126.46    |     5122.35     |
|         pgXP_039724234_1          |   0.00   |    2     |    0.00 ( 5.00%)   |   -2486.13    |    5126.46    |     5122.35     |
|         mmXP_036209888_1          |   0.00   |    2     |    0.00 ( 3.82%)   |   -2486.13    |    5126.46    |     5122.35     |
|         paXP_006908670_1          |   0.00   |    2     |    0.26 ( 3.72%)   |   -2486.13    |    5126.46    |     5122.35     |
|         pvXP_011354164_1          |   0.00   |    2     |    0.27 ( 2.00%)   |   -2486.13    |    5126.46    |     5122.35     |

### Rate class analyses summary
*  30 branches with **1** rate classes

### Improving parameter estimates of the adaptive rate class model
* Log(L) = -2466.68, AIC-c =  5083.46 (74 estimated parameters)

### Testing selected branches for selection

|              Branch               |  Rates   |     Max. dN/dS     | Sites @ EBF>=100 |      Test LRT      |Uncorrected p-value |
|-----------------------------------|----------|--------------------|------------------|--------------------|--------------------|
|         rfXP_032954439_1          |     1    |   0.00 (100.00%)   |       N/A        |        0.00        |       1.00000      |
|         sbXP_066116544_1          |     1    |   0.02 (100.00%)   |       N/A        |        0.00        |       1.00000      |
|         ajXP_037012157_1          |     1    |   0.04 (100.00%)   |       N/A        |        0.00        |       1.00000      |
|           Pipistrellus            |     1    |   0.05 (100.00%)   |       N/A        |        0.00        |       1.00000      |
|         raXP_015982649_1          |     1    |   0.00 (100.00%)   |       N/A        |        0.00        |       1.00000      |
|           Phyllostomus            |     1    |   0.02 (100.00%)   |       N/A        |        0.00        |       1.00000      |
|          Phyllostomidae           |     1    |   0.00 (100.00%)   |       N/A        |        0.00        |       1.00000      |
|         mdXP_059533013_1          |     1    |   0.00 (100.00%)   |       N/A        |        0.00        |       1.00000      |
|         moXP_036132925_1          |     1    |   0.03 (100.00%)   |       N/A        |        0.00        |       1.00000      |
|           Pteropodidae            |     1    |   0.00 (100.00%)   |       N/A        |        0.00        |       1.00000      |
|          pnCAK6440417_1           |     1    |   0.00 (100.00%)   |       N/A        |        0.00        |       1.00000      |
|         pkXP_036305077_1          |     1    |   0.00 (100.00%)   |       N/A        |        0.00        |       1.00000      |
|         drXP_024422812_2          |     1    |   0.05 (100.00%)   |       N/A        |        0.00        |       1.00000      |
|         phXP_045698853_1          |     1    |   0.11 (100.00%)   |       N/A        |        0.00        |       1.00000      |
|         Vespertilionidae          |     1    |   0.00 (100.00%)   |       N/A        |        0.00        |       1.00000      |
|         pdXP_028383995_1          |     1    |   0.00 (100.00%)   |       N/A        |        0.00        |       1.00000      |
|             Pteropus              |     1    |   0.00 (100.00%)   |       N/A        |        0.00        |       1.00000      |
|              Myotis               |     1    |   0.08 (100.00%)   |       N/A        |        0.00        |       1.00000      |
|               Myodm               |     1    |   0.00 (100.00%)   |       N/A        |        0.00        |       1.00000      |
|            Pteropusgv             |     1    |   0.00 (100.00%)   |       N/A        |        0.00        |       1.00000      |
|               AjPh                |     1    |   0.00 (100.00%)   |       N/A        |        0.00        |       1.00000      |
|         mlXP_006096614_1          |     1    |   0.00 (100.00%)   |       N/A        |        0.00        |       1.00000      |
|         mbXP_005876332_1          |     1    |   0.00 (100.00%)   |       N/A        |        0.00        |       1.00000      |
|       MolossusPhyllostomus        |     1    |   0.00 (100.00%)   |       N/A        |        0.00        |       1.00000      |
|          Yangochiroptera          |     1    |   0.00 (100.00%)   |       N/A        |        0.00        |       1.00000      |
|  YangochiropteraAfterSaccopteryx  |     1    |   0.00 (100.00%)   |       N/A        |        0.00        |       1.00000      |
|         pgXP_039724234_1          |     1    |   0.00 (100.00%)   |       N/A        |        0.00        |       1.00000      |
|         mmXP_036209888_1          |     1    |   0.00 (100.00%)   |       N/A        |        0.00        |       1.00000      |
|         paXP_006908670_1          |     1    |   1.00 (100.00%)   |       N/A        |        0.00        |       1.00000      |
|         pvXP_011354164_1          |     1    |   1.00 (100.00%)   |       N/A        |        0.00        |       1.00000      |
----
### Adaptive branch site random effects likelihood test 
Likelihood ratio test for episodic diversifying positive selection at Holm-Bonferroni corrected _p =   0.0500_ found **0** branches under selection among **30** tested.

