
Analysis Description
--------------------
aBSREL (Adaptive branch-site random effects likelihood) uses an adaptive
random effects branch-site model framework to test whether each branch
has evolved under positive selection, using a procedure which infers an
optimal number of rate categories per branch. v2.2 adds support for
multiple-hit models. v2.3 adds support for SRV. v2.5 adds support for
ancestral state reconstruction, identification of sites contributing to
selection signal, and some diagnostics. 

- __Requirements__: in-frame codon alignment and a phylogenetic tree

- __Citation__:  Less Is More: An Adaptive Branch-Site Random Effects Model for
Efficient Detection of Episodic Diversifying Selection (2015). Mol Biol
Evol 32 (5): 1342-1353. 

- __Written by__: Sergei L Kosakovsky Pond, Ben Murrell, Steven Weaver and Temple iGEM /
UCSD viral evolution group

- __Contact Information__: spond@temple.edu

- __Analysis Version__: 2.5

[Advanced option] Bag of little bootstrap alignment resampling rate (permissible range = [0.01,1], default value = 1): blb: 1

>code => Universal
/home/malaevleo/housekeeping_trees_noen/P60709_bat_only_aligned_nucleotide_codon_aligned.fasta_pruned.nwk
housekeeping_trees_noen/P60709_bat_only_aligned_nucleotide_codon_aligned.fasta_pruned.nwk

>Loaded a multiple sequence alignment with **17** sequences, **332** codons, and **1** partitions from `/home/malaevleo/housekeeping_pal2nal_noen/P60709_bat_only_aligned_nucleotide_codon_aligned.fasta`

>branches => All

>multiple-hits => None

>srv => No


### * Selected 31 branches for testing: `rfXP_032952418_1, paXP_006906625_1, pgXP_039734552_1, pvXP_011362131_1, Pteropusgv, Pteropus, raXP_016010695_1, Pteropodidae, sbXP_066129537_1, ajXP_036990721_1, phXP_045677214_1, pdXP_028383088_1, Phyllostomus, AjPh, drXP_024432502_1, Phyllostomidae, moXP_036097233_1, mbXP_005870268_1, mlXP_006107764_1, Myobl, mdXP_059555344_1, mmXP_036171604_1, Myodm, Myotis, pkXP_036279354_1, pnCAK6446397_1, Pipistrellus, Vespertilionidae, MolossusPhyllostomus, YangochiropteraAfterSaccopteryx, Yangochiroptera`


### Obtaining branch lengths and nucleotide substitution biases under the nucleotide GTR model

>kill-zero-lengths => Yes

### Deleted 1 zero-length internal branches: `Myobl`
* Log(L) = -3067.41, AIC-c =  6213.00 (39 estimated parameters)
* 1 partition. Total tree length by partition (subs/site)  0.315

### Fitting the baseline model with a single dN/dS class per branch, and no site-to-site variation. 
* Log(L) = -2610.77, AIC-c =  5371.53 (74 estimated parameters)
* Branch-level non-synonymous/synonymous rate ratio distribution has median  0.12, and 95% of the weight in  0.00 -  1.00

### Determining the optimal number of rate classes per branch using a step up procedure

|              Branch               |  Length  |  Rates   |     Max. dN/dS     |    Log(L)     |     AIC-c     |Best AIC-c so far|
|-----------------------------------|----------|----------|--------------------|---------------|---------------|-----------------|
|           Pteropodidae            |   0.04   |    2     |    0.00 ( 0.00%)   |   -2610.77    |    5375.64    |     5371.53     |
|         sbXP_066129537_1          |   0.03   |    2     |    0.00 ( 5.00%)   |   -2610.77    |    5375.64    |     5371.53     |
|         rfXP_032952418_1          |   0.03   |    2     |    0.00 ( 0.00%)   |   -2610.77    |    5375.64    |     5371.53     |
|          Phyllostomidae           |   0.02   |    2     |  143.61 ( 0.32%)   |   -2602.77    |    5359.64    |     5359.64     |
|          Phyllostomidae           |   0.02   |    3     |  143.09 ( 0.33%)   |   -2602.77    |    5363.75    |     5359.64     |
|         Vespertilionidae          |   0.02   |    2     |    0.00 ( 0.00%)   |   -2602.77    |    5363.75    |     5359.64     |
|         drXP_024432502_1          |   0.02   |    2     |    0.00 ( 2.63%)   |   -2602.77    |    5363.75    |     5359.64     |
|           Phyllostomus            |   0.02   |    2     |    0.00 ( 3.04%)   |   -2602.77    |    5363.75    |     5359.64     |
|         moXP_036097233_1          |   0.02   |    2     |    0.00 ( 5.00%)   |   -2602.77    |    5363.75    |     5359.64     |
|           Pipistrellus            |   0.02   |    2     |    0.00 ( 5.00%)   |   -2602.77    |    5363.75    |     5359.64     |
|         ajXP_036990721_1          |   0.01   |    2     |    0.00 ( 3.13%)   |   -2602.77    |    5363.75    |     5359.64     |
|       MolossusPhyllostomus        |   0.01   |    2     |    0.00 ( 5.00%)   |   -2602.77    |    5363.75    |     5359.64     |
|               AjPh                |   0.01   |    2     |    0.00 ( 5.00%)   |   -2602.77    |    5363.75    |     5359.64     |
|         pkXP_036279354_1          |   0.01   |    2     |    0.00 ( 5.00%)   |   -2602.77    |    5363.75    |     5359.64     |
|         phXP_045677214_1          |   0.01   |    2     |    0.00 ( 1.67%)   |   -2602.77    |    5363.75    |     5359.64     |
|              Myotis               |   0.01   |    2     |    0.00 ( 5.00%)   |   -2602.77    |    5363.75    |     5359.64     |
|          Yangochiroptera          |   0.01   |    2     |    0.00 ( 0.64%)   |   -2602.77    |    5363.75    |     5359.64     |
|         raXP_016010695_1          |   0.01   |    2     |    0.00 ( 0.64%)   |   -2602.77    |    5363.75    |     5359.64     |
|         mbXP_005870268_1          |   0.01   |    2     |    0.20 (99.36%)   |   -2602.77    |    5363.75    |     5359.64     |
|             Pteropus              |   0.01   |    2     |    0.00 ( 0.64%)   |   -2602.77    |    5363.75    |     5359.64     |
|         mdXP_059555344_1          |   0.01   |    2     |    0.00 ( 5.00%)   |   -2602.77    |    5363.75    |     5359.64     |
|         pdXP_028383088_1          |   0.01   |    2     |    0.00 ( 5.00%)   |   -2602.77    |    5363.75    |     5359.64     |
|  YangochiropteraAfterSaccopteryx  |   0.00   |    2     |    0.00 ( 3.33%)   |   -2602.77    |    5363.75    |     5359.64     |
|         mmXP_036171604_1          |   0.00   |    2     |    0.00 ( 1.67%)   |   -2602.77    |    5363.75    |     5359.64     |
|         mlXP_006107764_1          |   0.00   |    2     |    0.00 ( 0.64%)   |   -2602.77    |    5363.75    |     5359.64     |
|         pgXP_039734552_1          |   0.00   |    2     |    0.00 ( 0.00%)   |   -2602.77    |    5363.75    |     5359.64     |
|               Myodm               |   0.00   |    2     |    0.00 ( 5.00%)   |   -2602.77    |    5363.75    |     5359.64     |
|          pnCAK6446397_1           |   0.00   |    2     |    0.00 ( 3.82%)   |   -2602.77    |    5363.75    |     5359.64     |
|         paXP_006906625_1          |   0.00   |    2     |    0.00 ( 5.00%)   |   -2602.77    |    5363.75    |     5359.64     |
|            Pteropusgv             |   0.00   |    2     |    0.00 ( 3.82%)   |   -2602.77    |    5363.75    |     5359.64     |
|         pvXP_011362131_1          |   0.00   |    2     |    0.30 ( 6.51%)   |   -2602.77    |    5363.75    |     5359.64     |

### Rate class analyses summary
*  29 branches with **1** rate classes
*  1 branches with **2** rate classes

### Improving parameter estimates of the adaptive rate class model
* Log(L) = -2541.84, AIC-c =  5237.79 (76 estimated parameters)

### Testing selected branches for selection

|              Branch               |  Rates   |     Max. dN/dS     | Sites @ EBF>=100 |      Test LRT      |Uncorrected p-value |
|-----------------------------------|----------|--------------------|------------------|--------------------|--------------------|
|           Pteropodidae            |     1    |   0.00 (100.00%)   |       N/A        |        0.00        |       1.00000      |
|         sbXP_066129537_1          |     1    |   0.00 (100.00%)   |       N/A        |        0.00        |       1.00000      |
|         rfXP_032952418_1          |     1    |   0.00 (100.00%)   |       N/A        |        0.00        |       1.00000      |
|          Phyllostomidae           |     2    |   33.49 ( 0.33%)   |          1       |        6.10        |       0.01689      |
|         Vespertilionidae          |     1    |   0.00 (100.00%)   |       N/A        |        0.00        |       1.00000      |
|         drXP_024432502_1          |     1    |   0.00 (100.00%)   |       N/A        |        0.00        |       1.00000      |
|           Phyllostomus            |     1    |   0.00 (100.00%)   |       N/A        |        0.00        |       1.00000      |
|         moXP_036097233_1          |     1    |   0.00 (100.00%)   |       N/A        |        0.00        |       1.00000      |
|           Pipistrellus            |     1    |   0.00 (100.00%)   |       N/A        |        0.00        |       1.00000      |
|         ajXP_036990721_1          |     1    |   0.00 (100.00%)   |       N/A        |        0.00        |       1.00000      |
|       MolossusPhyllostomus        |     1    |   0.00 (100.00%)   |       N/A        |        0.00        |       1.00000      |
|               AjPh                |     1    |   0.00 (100.00%)   |       N/A        |        0.00        |       1.00000      |
|         pkXP_036279354_1          |     1    |   0.00 (100.00%)   |       N/A        |        0.00        |       1.00000      |
|         phXP_045677214_1          |     1    |   0.00 (100.00%)   |       N/A        |        0.00        |       1.00000      |
|              Myotis               |     1    |   0.00 (100.00%)   |       N/A        |        0.00        |       1.00000      |
|          Yangochiroptera          |     1    |   0.00 (100.00%)   |       N/A        |        0.00        |       1.00000      |
|         raXP_016010695_1          |     1    |   0.00 (100.00%)   |       N/A        |        0.00        |       1.00000      |
|         mbXP_005870268_1          |     1    |   0.08 (100.00%)   |       N/A        |        0.00        |       1.00000      |
|             Pteropus              |     1    |   0.00 (100.00%)   |       N/A        |        0.00        |       1.00000      |
|         mdXP_059555344_1          |     1    |   0.00 (100.00%)   |       N/A        |        0.00        |       1.00000      |
|         pdXP_028383088_1          |     1    |   0.00 (100.00%)   |       N/A        |        0.00        |       1.00000      |
|  YangochiropteraAfterSaccopteryx  |     1    |   0.00 (100.00%)   |       N/A        |        0.00        |       1.00000      |
|         mmXP_036171604_1          |     1    |   0.00 (100.00%)   |       N/A        |        0.00        |       1.00000      |
|         mlXP_006107764_1          |     1    |   0.00 (100.00%)   |       N/A        |        0.00        |       1.00000      |
|         pgXP_039734552_1          |     1    |   0.00 (100.00%)   |       N/A        |        0.00        |       1.00000      |
|               Myodm               |     1    |   0.00 (100.00%)   |       N/A        |        0.00        |       1.00000      |
|          pnCAK6446397_1           |     1    |   1.00 (100.00%)   |       N/A        |        0.00        |       1.00000      |
|         paXP_006906625_1          |     1    |   0.00 (100.00%)   |       N/A        |        0.00        |       1.00000      |
|            Pteropusgv             |     1    |   0.00 (100.00%)   |       N/A        |        0.00        |       1.00000      |
|         pvXP_011362131_1          |     1    |   1.00 (100.00%)   |       N/A        |        0.00        |       1.00000      |
----
### Adaptive branch site random effects likelihood test 
Likelihood ratio test for episodic diversifying positive selection at Holm-Bonferroni corrected _p =   0.0500_ found **0** branches under selection among **30** tested.

