
Analysis Description
--------------------
BUSTED (branch-site unrestricted statistical test of episodic
diversification) uses a random effects branch-site model fitted jointly
to all or a subset of tree branches in order to test for alignment-wide
evidence of episodic diversifying selection. Assuming there is evidence
of positive selection (i.e. there is an omega > 1), BUSTED will also
perform a quick evidence-ratio style analysis to explore which
individual sites may have been subject to selection. v2.0 adds support
for synonymous rate variation, and relaxes the test statistic to 0.5
(chi^2_0 + chi^2_2). Version 2.1 adds a grid search for the initial
starting point. Version 2.2 changes the grid search to LHC, and adds an
initial search phase to use adaptive Nedler-Mead. Version 3.0 implements
the option for branch-site variation in synonymous substitution rates.
Version 3.1 adds HMM auto-correlation option for SRV, and binds SRV
distributions for multiple branch sets. Version 4.0 adds support for
multiple hits (MH), ancestral state reconstruction saved to JSON, and
profiling of branch-site level support for selection / multiple hits.
Version 4.2 adds calculation of MH-attributable fractions of
substitutions. Version 4.5 adds an 'error absorption' component
[experimental] 

- __Requirements__: in-frame codon alignment and a phylogenetic tree (optionally annotated
with {})

- __Citation__: *Gene-wide identification of episodic selection*, Mol Biol Evol.
32(5):1365-71, *Synonymous Site-to-Site Substitution Rate Variation
Dramatically Inflates False Positive Rates of Selection Analyses: Ignore
at Your Own Peril*, Mol Biol Evol. 37(8):2430-2439

- __Written by__: Sergei L Kosakovsky Pond

- __Contact Information__: spond@temple.edu

- __Analysis Version__: 4.5


>code => Universal

-------
>[WARNING]
'/home/malaevleo/batsec_pal2nal/XP_005245419.1_bat_only_nucleotide_codon_aligned.fasta'
contains 1 duplicate sequence. Identical sequences do not contribute any
information to the analysis and only slow down computation. Please
consider removing duplicate or 'nearly' duplicate sequences, e.g. using
https://github.com/veg/hyphy-analyses/tree/master/remove-duplicates
prior to running selection analyses
-------
/home/malaevleo/batsec_trees/XP_005245419.1_bat_only_nucleotide_codon_aligned.fasta_pruned.nwk
batsec_trees/XP_005245419.1_bat_only_nucleotide_codon_aligned.fasta_pruned.nwk

>Loaded a multiple sequence alignment with **17** sequences, **104** codons, and **1** partitions from `/home/malaevleo/batsec_pal2nal/XP_005245419.1_bat_only_nucleotide_codon_aligned.fasta`

>branches => Foreground

>srv => Yes
The number omega rate classes to include in the model (permissible range = [1,10], default value = 3, integer): 
>rates => 3

>multiple-hits => None
The number alpha rate classes to include in the model [1-10, default 3] (permissible range = [1,10], default value = 3, integer): 
>syn-rates => 3

>error-sink => Yes
The number of points in the initial distributional guess for likelihood fitting (permissible range = [1,10000], default value = 250, integer): 
>grid-size => 250
The number of initial random guesses to 'seed' rate values optimization (permissible range = [1,25], default value = 1, integer): 
>starting-points => 1


### Branches to test for selection in the BUSTED analysis
* Selected 6 branches to test in the BUSTED analysis: `rfXP_032949717_1, drXP_024428608_1, mbXP_014396229_1, mlXP_014316683_1, mdXP_059529559_1, mmXP_036200276_1`


### Obtaining branch lengths and nucleotide substitution biases under the nucleotide GTR model

>kill-zero-lengths => Yes

### Deleted 1 zero-length internal branches: `Myotis`
* Log(L) = -1130.77, AIC-c =  2340.14 (39 estimated parameters)
* 1 partition. Total tree length by partition (subs/site)  0.424

### Obtaining the global omega estimate based on relative GTR branch lengths and nucleotide substitution biases
* Log(L) = -1051.86, AIC-c =  2198.24 (46 estimated parameters)
* 1 partition. Total tree length by partition (subs/site)  0.443
* non-synonymous/synonymous rate ratio for *background* =   0.1210
* non-synonymous/synonymous rate ratio for *test* =   0.2244

### Improving branch lengths, nucleotide substitution biases, and global dN/dS ratios under a full codon model
* Log(L) = -1047.23, AIC-c =  2188.97 (46 estimated parameters)
* non-synonymous/synonymous rate ratio for *background* =   0.0997
* non-synonymous/synonymous rate ratio for *test* =   0.2516

### Performing the full (dN/dS > 1 allowed) branch-site model fit
Error:
HyPhy killed by signal 2

Function call stack
1 :  [namespace = mpi.oApaycFM] LFCompute(^lf_id, ll);
-------
2 :  [namespace = mpi.KXnsBunO] Call(callback,-1,Call(handler,lf_id,jobs[0],values,&scores),{"0":lf_id,"1":jobs[0],"3":values,"2":&scores});
-------
3 :  [namespace = NHBFxYfz] grid_results=mpi.ComputeOnGridSetValues(&likelihoodFunction,run_options[utility.getGlobalValue("terms.search_grid")],{0:model_objects,1:initial_values,2:run_options[utility.getGlobalValue("terms.run_options.proportional_branch_length_scaler")]},"mpi.ComputeOnGrid.SimpleEvaluatorWithValues","mpi.ComputeOnGrid.ResultHandler");
-------
4 :  busted.grid_search.results=estimators.FitLF(busted.filter_names,busted.trees,busted.model_map,busted.final_partitioned_mg_results,busted.model_object_map,{terms.run_options.retain_lf_object:TRUE,terms.run_options.proportional_branch_length_scaler:busted.global_scaler_list,terms.run_options.optimization_settings:{"OPTIMIZATION_METHOD":"nedler-mead","MAXIMUM_OPTIMIZATION_ITERATIONS":500,"OPTIMIZATION_PRECISION":busted.nm.precision},terms.search_grid:busted.initial_grid,terms.search_restarts:busted.N.initial_guesses});
-------

Check errors.log for execution error details.
