
Analysis Description
--------------------
Fit an MG94xREV model with several selectable options frequency
estimator and report the fit results including dN/dS ratios, and
synonymous and non-synonymous branch lengths. v0.2 adds LRT test for
dN/dS != 1. v0.3 adds LRT test support for dN/dS != 1 for local models.
v0.4 adds the lineage option

- __Requirements__: in-frame codon alignment and a phylogenetic tree

- __Written by__: Sergei L Kosakovsky Pond

- __Contact Information__: spond@temple.edu

- __Analysis Version__: 0.4

rooted: No
type: lineage

>code => Universal

-------
>[WARNING]
'/home/malaevleo/stem_sig_pal2nal/P47974.3_nucleotide.fasta_aligned_codon_alignment.fasta'
contains 2 duplicate sequences. Identical sequences do not contribute
any information to the analysis and only slow down computation. Please
consider removing duplicate or 'nearly' duplicate sequences, e.g. using
https://github.com/veg/hyphy-analyses/tree/master/remove-duplicates
prior to running selection analyses
-------
/home/malaevleo/stem_trees/P47974.3_nucleotide.fasta_aligned_codon_alignment.fasta_pruned.nwk
stem_trees/P47974.3_nucleotide.fasta_aligned_codon_alignment.fasta_pruned.nwk

>Loaded a multiple sequence alignment with **17** sequences, **227** codons, and **1** partitions from `/home/malaevleo/stem_sig_pal2nal/P47974.3_nucleotide.fasta_aligned_codon_alignment.fasta`

>frequencies => CF3x4

>lrt => No


### Obtaining branch lengths and nucleotide substitution biases under the nucleotide GTR model

>kill-zero-lengths => Yes

### Deleted 2 zero-length internal branches: `Myobl, Pteropusgv`
* Log(L) = -2451.95, AIC-c =  4982.17 (39 estimated parameters)
* 1 partition. Total tree length by partition (subs/site)  0.430

### Fitting Standard MG94
* Log(L) = -2239.87, AIC-c =  4626.52 (72 estimated parameters)

### Estimating confidence intervals for dN/dS along each lineage

|                     Lineage                      |  Root-to-tip   |     dN/dS      |Approximate dN/dS CI|
|:------------------------------------------------:|:--------------:|:--------------:|:------------------:|
|                 rfXP_032980923_1                 |     0.030      |     0.077      |   0.027 - 0.165    |
|                 paXP_006909702_1                 |     0.044      |     0.036      |   0.011 - 0.084    |
|                 pgXP_039743223_1                 |     0.043      |     0.038      |   0.012 - 0.088    |
|                 pvXP_011359652_1                 |     0.043      |     0.038      |   0.012 - 0.088    |
|                 raXP_015997721_1                 |     0.049      |     0.042      |   0.015 - 0.091    |
|                 sbXP_066123106_1                 |     0.050      |     0.031      |   0.010 - 0.073    |
|                 ajXP_037017968_2                 |     0.062      |     0.025      |   0.008 - 0.057    |
|                 phXP_045684175_1                 |     0.059      |     0.043      |   0.017 - 0.087    |
|                 pdXP_028370358_1                 |     0.054      |     0.059      |   0.025 - 0.114    |
|                 drXP_024408647_1                 |     0.054      |     0.029      |   0.009 - 0.067    |
|                 moXP_036118962_1                 |     0.078      |     0.019      |   0.006 - 0.045    |
|                 mdXP_059515956_1                 |     0.070      |     0.037      |   0.015 - 0.077    |
|                 mmXP_036190621_1                 |     0.070      |     0.037      |   0.015 - 0.077    |
|                 mbXP_014393980_1                 |     0.070      |     0.037      |   0.015 - 0.077    |
|                 mlXP_006083538_1                 |     0.165      |     0.201      |   0.148 - 0.266    |
|                 pkXP_045436649_1                 |     0.125      |     0.060      |   0.036 - 0.094    |
|                  pnCAK6435041_1                  |     0.131      |     0.049      |   0.028 - 0.078    |

### **Synonymous tree** 
(rfXP_032980923_1:0.02271447337382125,((paXP_006909702_1:0.001517935155887616,pgXP_039743223_1:0,pvXP_011359652_1:0)Pteropus:0.002614351087610165,raXP_015997721_1:0.007559827747168429)Pteropodidae:0.03416072502435823,(sbXP_066123106_1:0.0262180411005941,(((ajXP_037017968_2:0.01755828394235527,(phXP_045684175_1:0.007106529697012095,pdXP_028370358_1:0.001180001563305706)Phyllostomus:0.004444118996171882)AjPh:0.0008966300093017433,drXP_024408647_1:0.01108184929501562)Phyllostomidae:0.01628248268082067,(moXP_036118962_1:0.02977654629126377,(((mdXP_059515956_1:0,mmXP_036190621_1:0)Myodm:0.002988262301083885,mbXP_014393980_1:0.003225887130213133,mlXP_006083538_1:0.0361185643675629)Myotis:0.009313537629456787,(pkXP_045436649_1:0.002809858261372703,pnCAK6435041_1:0.008463275969033525)Pipistrellus:0.0515409439857587)Vespertilionidae:0.005392057609782894)MolossusPhyllostomus:0.02160277688815189)YangochiropteraAfterSaccopteryx:0.003100352100549904)Yangochiroptera:0.01801841119678998)

### **Non-synonymous tree** 
(rfXP_032980923_1:0.007479716977361336,((paXP_006909702_1:0,pgXP_039743223_1:0,pvXP_011359652_1:0)Pteropus:0.002985144921550115,raXP_015997721_1:0.004451175585751247)Pteropodidae:0.002954350182498825,(sbXP_066123106_1:0.004430058389360676,(((ajXP_037017968_2:0,(phXP_045684175_1:0,pdXP_028370358_1:0.001468905635783202)Phyllostomus:0.002941014423950962)AjPh:0.00147700717546972,drXP_024408647_1:0.001468921878810311)Phyllostomidae:0.002943615046581123,(moXP_036118962_1:0.002729461647842044,(((mdXP_059515956_1:0,mmXP_036190621_1:0)Myodm:0.001482863347249078,mbXP_014393980_1:0.001483803819403451,mlXP_006083538_1:0.06324464992329573)Myotis:0.002966509395185217,(pkXP_045436649_1:0.001518831437800809,pnCAK6435041_1:0.001435790384456561)Pipistrellus:0.01641236506646082)Vespertilionidae:0.001692594312860569)MolossusPhyllostomus:0.001693209945663446)YangochiropteraAfterSaccopteryx:0)Yangochiroptera:0.001481973230096704)
**Combined tree** 
(rfXP_032980923_1:0.03019419035118258,((paXP_006909702_1:0.001517935155887616,pgXP_039743223_1:0,pvXP_011359652_1:0)Pteropus:0.005599496009160282,raXP_015997721_1:0.01201100333291967)Pteropodidae:0.03711507520685708,(sbXP_066123106_1:0.03064809948995476,(((ajXP_037017968_2:0.01755828394235527,(phXP_045684175_1:0.007106529697012095,pdXP_028370358_1:0.002648907199088909)Phyllostomus:0.007385133420122834)AjPh:0.002373637184771464,drXP_024408647_1:0.01255077117382593)Phyllostomidae:0.01922609772740178,(moXP_036118962_1:0.03250600793910582,(((mdXP_059515956_1:0,mmXP_036190621_1:0)Myodm:0.004471125648332961,mbXP_014393980_1:0.004709690949616576,mlXP_006083538_1:0.09936321429085891)Myotis:0.01228004702464199,(pkXP_045436649_1:0.004328689699173509,pnCAK6435041_1:0.009899066353490095)Pipistrellus:0.06795330905221954)Vespertilionidae:0.007084651922643463)MolossusPhyllostomus:0.02329598683381537)YangochiropteraAfterSaccopteryx:0.003100352100549904)Yangochiroptera:0.01950038442688668)

### Writing detailed analysis report to `/home/malaevleo/stem_fitmg94/P47974.3_nucleotide.fasta_aligned_codon_alignment.fasta_fitmg94.json'
