
Analysis Description
--------------------
Fit an MG94xREV model with several selectable options frequency
estimator and report the fit results including dN/dS ratios, and
synonymous and non-synonymous branch lengths. v0.2 adds LRT test for
dN/dS != 1. v0.3 adds LRT test support for dN/dS != 1 for local models.
v0.4 adds the lineage option

- __Requirements__: in-frame codon alignment and a phylogenetic tree

- __Written by__: Sergei L Kosakovsky Pond

- __Contact Information__: spond@temple.edu

- __Analysis Version__: 0.4

rooted: No
type: lineage

>code => Universal

-------
>[WARNING]
'/home/malaevleo/stem_sig_pal2nal/Q06945.1_nucleotide.fasta_aligned_codon_alignment.fasta'
contains 2 duplicate sequences. Identical sequences do not contribute
any information to the analysis and only slow down computation. Please
consider removing duplicate or 'nearly' duplicate sequences, e.g. using
https://github.com/veg/hyphy-analyses/tree/master/remove-duplicates
prior to running selection analyses
-------
/home/malaevleo/stem_trees/Q06945.1_nucleotide.fasta_aligned_codon_alignment.fasta_pruned.nwk
stem_trees/Q06945.1_nucleotide.fasta_aligned_codon_alignment.fasta_pruned.nwk

>Loaded a multiple sequence alignment with **17** sequences, **145** codons, and **1** partitions from `/home/malaevleo/stem_sig_pal2nal/Q06945.1_nucleotide.fasta_aligned_codon_alignment.fasta`

>frequencies => CF3x4

>lrt => No


### Obtaining branch lengths and nucleotide substitution biases under the nucleotide GTR model

>kill-zero-lengths => Yes

### Deleted 4 zero-length internal branches: `Myodm, Pteropus, Pteropusgv, YangochiropteraAfterSaccopteryx`
* Log(L) = -1940.38, AIC-c =  3959.19 (39 estimated parameters)
* 1 partition. Total tree length by partition (subs/site)  1.098

### Fitting Standard MG94
* Log(L) = -1795.65, AIC-c =  3731.21 (68 estimated parameters)

### Estimating confidence intervals for dN/dS along each lineage

|                     Lineage                      |  Root-to-tip   |     dN/dS      |Approximate dN/dS CI|
|:------------------------------------------------:|:--------------:|:--------------:|:------------------:|
|                 rfXP_032971451_1                 |     0.007      |     0.000      |   0.000 - 0.114    |
|                 raXP_016018760_2                 |     0.027      |     0.017      |   0.001 - 0.075    |
|                 paXP_015442747_1                 |     0.020      |     0.025      |   0.001 - 0.108    |
|                 pgXP_039722376_1                 |     0.020      |     0.025      |   0.001 - 0.108    |
|                 pvXP_011379840_1                 |     0.160      |     0.184      |   0.126 - 0.259    |
|                 sbXP_066124384_1                 |     0.030      |     0.000      |   0.000 - 0.027    |
|                 ajXP_036987172_1                 |     0.052      |     0.009      |   0.000 - 0.038    |
|                 phXP_045703082_1                 |     0.054      |     0.008      |   0.000 - 0.037    |
|                 pdXP_028368171_1                 |     0.054      |     0.008      |   0.000 - 0.037    |
|                 drXP_053776704_1                 |     0.045      |     0.010      |   0.001 - 0.045    |
|                 moXP_036112604_1                 |     0.031      |     0.000      |   0.000 - 0.027    |
|                 mbXP_014398159_1                 |     0.140      |     0.189      |   0.127 - 0.269    |
|                 mlXP_006082371_1                 |    590.473     |     0.027      |   0.022 - 0.033    |
|                 mdXP_059544744_1                 |     0.037      |     0.012      |   0.001 - 0.055    |
|                 mmXP_036205592_1                 |     0.037      |     0.012      |   0.001 - 0.055    |
|                 pkXP_036301197_1                 |     0.046      |     0.021      |   0.003 - 0.064    |
|                  pnCAK6441367_1                  |     0.043      |     0.022      |   0.004 - 0.069    |

### **Synonymous tree** 
(rfXP_032971451_1:0.007208599811271271,(raXP_016018760_2:0.00744212803705874,paXP_015442747_1:0,pgXP_039722376_1:0,pvXP_011379840_1:0.06152879539100495)Pteropodidae:0.01754046510826708,(sbXP_066124384_1:0.01854577430193619,((ajXP_036987172_1:0.004353166481657313,(phXP_045703082_1:0.002196869875281995,pdXP_028368171_1:0.002056125667099668)Phyllostomus:0.004493764899791259)AjPh:0.009934826742167223,drXP_053776704_1:0.007531082004423492)Phyllostomidae:0.02307776056250059,(moXP_036112604_1:0.01867614000725159,(((mbXP_014398159_1:0.03130265618329153,mlXP_006082371_1:590.0532764339637)Myobl:0,mdXP_059544744_1:0,mmXP_036205592_1:0)Myotis:0.01891883118398469,(pkXP_036301197_1:0.002822691736042588,pnCAK6441367_1:0)Pipistrellus:0.02313565330833586)Vespertilionidae:0.003561632373182888)MolossusPhyllostomus:0)Yangochiroptera:0.01188990404326346)

### **Non-synonymous tree** 
(rfXP_032971451_1:0,(raXP_016018760_2:0,paXP_015442747_1:0,pgXP_039722376_1:0,pvXP_011379840_1:0.07836317232881516)Pteropodidae:0.002309495421089498,(sbXP_066124384_1:0,((ajXP_036987172_1:0,(phXP_045703082_1:0,pdXP_028368171_1:0)Phyllostomus:0)AjPh:0,drXP_053776704_1:0)Phyllostomidae:0.002309392473785316,(moXP_036112604_1:0,(((mbXP_014398159_1:0.05943804119401309,mlXP_006082371_1:0.3706153036109663)Myobl:0.0121941889042177,mdXP_059544744_1:0,mmXP_036205592_1:0)Myotis:0,(pkXP_036301197_1:0,pnCAK6441367_1:0)Pipistrellus:0.002318302581956249)Vespertilionidae:0.002318691362064057)MolossusPhyllostomus:0)Yangochiroptera:0)
**Combined tree** 
(rfXP_032971451_1:0.007208599811271271,(raXP_016018760_2:0.00744212803705874,paXP_015442747_1:0,pgXP_039722376_1:0,pvXP_011379840_1:0.1398919677198201)Pteropodidae:0.01984996052935658,(sbXP_066124384_1:0.01854577430193619,((ajXP_036987172_1:0.004353166481657313,(phXP_045703082_1:0.002196869875281995,pdXP_028368171_1:0.002056125667099668)Phyllostomus:0.004493764899791259)AjPh:0.009934826742167223,drXP_053776704_1:0.007531082004423492)Phyllostomidae:0.0253871530362859,(moXP_036112604_1:0.01867614000725159,(((mbXP_014398159_1:0.09074069737730463,mlXP_006082371_1:590.423891737575)Myobl:0.0121941889042177,mdXP_059544744_1:0,mmXP_036205592_1:0)Myotis:0.01891883118398469,(pkXP_036301197_1:0.002822691736042588,pnCAK6441367_1:0)Pipistrellus:0.0254539558902921)Vespertilionidae:0.005880323735246947)MolossusPhyllostomus:0)Yangochiroptera:0.01188990404326346)

### Writing detailed analysis report to `/home/malaevleo/stem_fitmg94/Q06945.1_nucleotide.fasta_aligned_codon_alignment.fasta_fitmg94.json'
